[2025-09-07 15:31:55,977] INFO: Removed old artifact: data/openalex_all_authors_lifetime.csv
[2025-09-07 15:31:55,977] INFO: Removed old artifact: data/openalex_all_authors_last5y_key_fields.csv
[2025-09-07 15:31:55,978] INFO: Removed old artifact: data/openalex_all_authors_last5y_key_fields_dedup.csv
[2025-09-07 15:31:55,978] INFO: Reading roster from data/roster_with_metrics.csv
[2025-09-07 15:31:55,980] INFO: Processing Janet Hill (https://openalex.org/A5022032110)
[2025-09-07 15:31:55,980] INFO: OpenAlex fetch for https://openalex.org/A5022032110 (last 5 years >= 2021)
[2025-09-07 15:31:55,982] DEBUG: Starting new HTTPS connection (1): api.openalex.org:443
[2025-09-07 15:31:56,600] DEBUG: https://api.openalex.org:443 "GET /works?filter=author.id%3Ahttps%3A%2F%2Fopenalex.org%2FA5022032110&per-page=200&cursor=%2A HTTP/1.1" 200 571253
[2025-09-07 15:31:56,731] DEBUG: Fetched 200 results at cursor '*'
[2025-09-07 15:31:56,732] DEBUG: Starting new HTTPS connection (1): api.openalex.org:443
[2025-09-07 15:31:57,342] DEBUG: https://api.openalex.org:443 "GET /works?filter=author.id%3Ahttps%3A%2F%2Fopenalex.org%2FA5022032110&per-page=200&cursor=Ils3MC4wLCAwLCAnaHR0cHM6Ly9vcGVuYWxleC5vcmcvVzQzOTE0MDEzOTEnXSI%3D HTTP/1.1" 200 102488
[2025-09-07 15:31:57,368] DEBUG: Fetched 63 results at cursor 'Ils3MC4wLCAwLCAnaHR0cHM6Ly9vcGVuYWxleC5vcmcvVzQzOTE0MDEzOTEnXSI='
[2025-09-07 15:31:57,369] DEBUG: Starting new HTTPS connection (1): api.openalex.org:443
[2025-09-07 15:31:57,746] DEBUG: https://api.openalex.org:443 "GET /works?filter=author.id%3Ahttps%3A%2F%2Fopenalex.org%2FA5022032110&per-page=200&cursor=Ils1My4wLCAwLCAnaHR0cHM6Ly9vcGVuYWxleC5vcmcvVzI5NTMxODg0MzgnXSI%3D HTTP/1.1" 200 141
[2025-09-07 15:31:57,747] DEBUG: Fetched 0 results at cursor 'Ils1My4wLCAwLCAnaHR0cHM6Ly9vcGVuYWxleC5vcmcvVzI5NTMxODg0MzgnXSI='
[2025-09-07 15:31:58,108] DEBUG: Flattened df_all missing expected columns: ['host_venue__display_name', 'author_name', 'author_openalex_id']
[2025-09-07 15:31:58,121] INFO: Appended 263 lifetime works for Janet Hill
[2025-09-07 15:31:58,125] INFO: Appended 57 last-5y works for Janet Hill
[2025-09-07 15:31:58,125] INFO: Processing Kristen Conn (https://openalex.org/A5024161948)
[2025-09-07 15:31:58,125] INFO: OpenAlex fetch for https://openalex.org/A5024161948 (last 5 years >= 2021)
[2025-09-07 15:31:58,126] DEBUG: Starting new HTTPS connection (1): api.openalex.org:443
[2025-09-07 15:31:58,323] DEBUG: https://api.openalex.org:443 "GET /works?filter=author.id%3Ahttps%3A%2F%2Fopenalex.org%2FA5024161948&per-page=200&cursor=%2A HTTP/1.1" 200 64939
[2025-09-07 15:31:58,364] DEBUG: Fetched 18 results at cursor '*'
[2025-09-07 15:31:58,365] DEBUG: Starting new HTTPS connection (1): api.openalex.org:443
[2025-09-07 15:31:58,536] DEBUG: https://api.openalex.org:443 "GET /works?filter=author.id%3Ahttps%3A%2F%2Fopenalex.org%2FA5024161948&per-page=200&cursor=Ils2NC4wLCAwLCAnaHR0cHM6Ly9vcGVuYWxleC5vcmcvVzI4OTY1NDMwMDEnXSI%3D HTTP/1.1" 200 140
[2025-09-07 15:31:58,537] DEBUG: Fetched 0 results at cursor 'Ils2NC4wLCAwLCAnaHR0cHM6Ly9vcGVuYWxleC5vcmcvVzI4OTY1NDMwMDEnXSI='
[2025-09-07 15:31:58,566] DEBUG: Flattened df_all missing expected columns: ['host_venue__display_name', 'author_name', 'author_openalex_id']
[2025-09-07 15:31:58,580] INFO: Appended 18 lifetime works for Kristen Conn
[2025-09-07 15:31:58,582] INFO: Appended 4 last-5y works for Kristen Conn
[2025-09-07 15:31:58,583] INFO: Processing John Ellis (https://openalex.org/A5007566988)
[2025-09-07 15:31:58,583] INFO: OpenAlex fetch for https://openalex.org/A5007566988 (last 5 years >= 2021)
[2025-09-07 15:31:58,584] DEBUG: Starting new HTTPS connection (1): api.openalex.org:443
[2025-09-07 15:31:58,804] DEBUG: https://api.openalex.org:443 "GET /works?filter=author.id%3Ahttps%3A%2F%2Fopenalex.org%2FA5007566988&per-page=200&cursor=%2A HTTP/1.1" 200 548785
[2025-09-07 15:31:58,863] DEBUG: Fetched 200 results at cursor '*'
[2025-09-07 15:31:58,864] DEBUG: Starting new HTTPS connection (1): api.openalex.org:443
[2025-09-07 15:31:59,246] DEBUG: https://api.openalex.org:443 "GET /works?filter=author.id%3Ahttps%3A%2F%2Fopenalex.org%2FA5007566988&per-page=200&cursor=Ils5MS4wLCAxOSwgJ2h0dHBzOi8vb3BlbmFsZXgub3JnL1cyNzYzMjk0NzIxJ10i HTTP/1.1" 200 444800
[2025-09-07 15:31:59,326] DEBUG: Fetched 200 results at cursor 'Ils5MS4wLCAxOSwgJ2h0dHBzOi8vb3BlbmFsZXgub3JnL1cyNzYzMjk0NzIxJ10i'
[2025-09-07 15:31:59,327] DEBUG: Starting new HTTPS connection (1): api.openalex.org:443
[2025-09-07 15:31:59,848] DEBUG: https://api.openalex.org:443 "GET /works?filter=author.id%3Ahttps%3A%2F%2Fopenalex.org%2FA5007566988&per-page=200&cursor=Ils2OS4wLCAxLCAnaHR0cHM6Ly9vcGVuYWxleC5vcmcvVzI5NDQ1MTYwMTMnXSI%3D HTTP/1.1" 200 178300
[2025-09-07 15:31:59,915] DEBUG: Fetched 103 results at cursor 'Ils2OS4wLCAxLCAnaHR0cHM6Ly9vcGVuYWxleC5vcmcvVzI5NDQ1MTYwMTMnXSI='
[2025-09-07 15:31:59,917] DEBUG: Starting new HTTPS connection (1): api.openalex.org:443
[2025-09-07 15:32:00,238] DEBUG: https://api.openalex.org:443 "GET /works?filter=author.id%3Ahttps%3A%2F%2Fopenalex.org%2FA5007566988&per-page=200&cursor=Ils1My4wLCAwLCAnaHR0cHM6Ly9vcGVuYWxleC5vcmcvVzQyNTYzMjc2MzYnXSI%3D HTTP/1.1" 200 141
[2025-09-07 15:32:00,240] DEBUG: Fetched 0 results at cursor 'Ils1My4wLCAwLCAnaHR0cHM6Ly9vcGVuYWxleC5vcmcvVzQyNTYzMjc2MzYnXSI='
[2025-09-07 15:32:00,948] DEBUG: Flattened df_all missing expected columns: ['host_venue__display_name', 'author_name', 'author_openalex_id']
[2025-09-07 15:32:00,970] INFO: Appended 503 lifetime works for John Ellis
[2025-09-07 15:32:00,974] INFO: Appended 47 last-5y works for John Ellis
[2025-09-07 15:32:00,974] INFO: Processing Volker Gerdts (https://openalex.org/A5054537882)
[2025-09-07 15:32:00,974] INFO: OpenAlex fetch for https://openalex.org/A5054537882 (last 5 years >= 2021)
[2025-09-07 15:32:00,975] DEBUG: Starting new HTTPS connection (1): api.openalex.org:443
[2025-09-07 15:32:01,292] DEBUG: https://api.openalex.org:443 "GET /works?filter=author.id%3Ahttps%3A%2F%2Fopenalex.org%2FA5054537882&per-page=200&cursor=%2A HTTP/1.1" 200 598976
[2025-09-07 15:32:01,452] DEBUG: Fetched 200 results at cursor '*'
[2025-09-07 15:32:01,453] DEBUG: Starting new HTTPS connection (1): api.openalex.org:443
[2025-09-07 15:32:01,573] DEBUG: https://api.openalex.org:443 "GET /works?filter=author.id%3Ahttps%3A%2F%2Fopenalex.org%2FA5054537882&per-page=200&cursor=Ils2MC4wLCAwLCAnaHR0cHM6Ly9vcGVuYWxleC5vcmcvVzMwODgwMzcwNjEnXSI%3D HTTP/1.1" 200 10593
[2025-09-07 15:32:01,575] DEBUG: Fetched 6 results at cursor 'Ils2MC4wLCAwLCAnaHR0cHM6Ly9vcGVuYWxleC5vcmcvVzMwODgwMzcwNjEnXSI='
[2025-09-07 15:32:01,576] DEBUG: Starting new HTTPS connection (1): api.openalex.org:443
[2025-09-07 15:32:01,855] DEBUG: https://api.openalex.org:443 "GET /works?filter=author.id%3Ahttps%3A%2F%2Fopenalex.org%2FA5054537882&per-page=200&cursor=Ils1Ni4wLCAwLCAnaHR0cHM6Ly9vcGVuYWxleC5vcmcvVzMyMTcxNTYxODQnXSI%3D HTTP/1.1" 200 141
[2025-09-07 15:32:01,857] DEBUG: Fetched 0 results at cursor 'Ils1Ni4wLCAwLCAnaHR0cHM6Ly9vcGVuYWxleC5vcmcvVzMyMTcxNTYxODQnXSI='
[2025-09-07 15:32:02,075] DEBUG: Flattened df_all missing expected columns: ['host_venue__display_name', 'author_name', 'author_openalex_id']
[2025-09-07 15:32:02,111] INFO: Appended 206 lifetime works for Volker Gerdts
[2025-09-07 15:32:02,115] INFO: Appended 49 last-5y works for Volker Gerdts
[2025-09-07 15:32:02,115] INFO: Processing Emily Jenkins (https://openalex.org/A5075278671)
[2025-09-07 15:32:02,115] INFO: OpenAlex fetch for https://openalex.org/A5075278671 (last 5 years >= 2021)
[2025-09-07 15:32:02,116] DEBUG: Starting new HTTPS connection (1): api.openalex.org:443
[2025-09-07 15:32:02,748] DEBUG: https://api.openalex.org:443 "GET /works?filter=author.id%3Ahttps%3A%2F%2Fopenalex.org%2FA5075278671&per-page=200&cursor=%2A HTTP/1.1" 200 593808
[2025-09-07 15:32:02,815] DEBUG: Fetched 177 results at cursor '*'
[2025-09-07 15:32:02,816] DEBUG: Starting new HTTPS connection (1): api.openalex.org:443
[2025-09-07 15:32:02,948] DEBUG: https://api.openalex.org:443 "GET /works?filter=author.id%3Ahttps%3A%2F%2Fopenalex.org%2FA5075278671&per-page=200&cursor=Ils1Ni4wLCAwLCAnaHR0cHM6Ly9vcGVuYWxleC5vcmcvVzMyMTEwMTg2MzcnXSI%3D HTTP/1.1" 200 141
[2025-09-07 15:32:02,950] DEBUG: Fetched 0 results at cursor 'Ils1Ni4wLCAwLCAnaHR0cHM6Ly9vcGVuYWxleC5vcmcvVzMyMTEwMTg2MzcnXSI='
[2025-09-07 15:32:03,263] DEBUG: Flattened df_all missing expected columns: ['host_venue__display_name', 'author_name', 'author_openalex_id']
[2025-09-07 15:32:03,283] INFO: Appended 177 lifetime works for Emily Jenkins
[2025-09-07 15:32:03,288] INFO: Appended 63 last-5y works for Emily Jenkins
[2025-09-07 15:32:03,288] INFO: Processing Joseph Rubin (https://openalex.org/A5032938268)
[2025-09-07 15:32:03,288] INFO: OpenAlex fetch for https://openalex.org/A5032938268 (last 5 years >= 2021)
[2025-09-07 15:32:03,289] DEBUG: Starting new HTTPS connection (1): api.openalex.org:443
[2025-09-07 15:32:03,530] DEBUG: https://api.openalex.org:443 "GET /works?filter=author.id%3Ahttps%3A%2F%2Fopenalex.org%2FA5032938268&per-page=200&cursor=%2A HTTP/1.1" 200 190719
[2025-09-07 15:32:03,616] DEBUG: Fetched 79 results at cursor '*'
[2025-09-07 15:32:03,617] DEBUG: Starting new HTTPS connection (1): api.openalex.org:443
[2025-09-07 15:32:03,714] DEBUG: https://api.openalex.org:443 "GET /works?filter=author.id%3Ahttps%3A%2F%2Fopenalex.org%2FA5032938268&per-page=200&cursor=Ils1OC4wLCAwLCAnaHR0cHM6Ly9vcGVuYWxleC5vcmcvVzQzMDE4MTkxMTInXSI%3D HTTP/1.1" 200 141
[2025-09-07 15:32:03,716] DEBUG: Fetched 0 results at cursor 'Ils1OC4wLCAwLCAnaHR0cHM6Ly9vcGVuYWxleC5vcmcvVzQzMDE4MTkxMTInXSI='
[2025-09-07 15:32:03,795] DEBUG: Flattened df_all missing expected columns: ['host_venue__display_name', 'author_name', 'author_openalex_id']
[2025-09-07 15:32:03,815] INFO: Appended 79 lifetime works for Joseph Rubin
[2025-09-07 15:32:03,818] INFO: Appended 18 last-5y works for Joseph Rubin
[2025-09-07 15:32:03,818] INFO: Processing Tony Ruzzini (https://openalex.org/A5016372093)
[2025-09-07 15:32:03,818] INFO: OpenAlex fetch for https://openalex.org/A5016372093 (last 5 years >= 2021)
[2025-09-07 15:32:03,819] DEBUG: Starting new HTTPS connection (1): api.openalex.org:443
[2025-09-07 15:32:03,960] DEBUG: https://api.openalex.org:443 "GET /works?filter=author.id%3Ahttps%3A%2F%2Fopenalex.org%2FA5016372093&per-page=200&cursor=%2A HTTP/1.1" 200 103230
[2025-09-07 15:32:03,986] DEBUG: Fetched 37 results at cursor '*'
[2025-09-07 15:32:03,987] DEBUG: Starting new HTTPS connection (1): api.openalex.org:443
[2025-09-07 15:32:04,106] DEBUG: https://api.openalex.org:443 "GET /works?filter=author.id%3Ahttps%3A%2F%2Fopenalex.org%2FA5016372093&per-page=200&cursor=Ils2MS4wLCAwLCAnaHR0cHM6Ly9vcGVuYWxleC5vcmcvVzI5NzA5NjgzMTYnXSI%3D HTTP/1.1" 200 140
[2025-09-07 15:32:04,107] DEBUG: Fetched 0 results at cursor 'Ils2MS4wLCAwLCAnaHR0cHM6Ly9vcGVuYWxleC5vcmcvVzI5NzA5NjgzMTYnXSI='
[2025-09-07 15:32:04,153] DEBUG: Flattened df_all missing expected columns: ['host_venue__display_name', 'author_name', 'author_openalex_id']
[2025-09-07 15:32:04,161] INFO: Appended 37 lifetime works for Tony Ruzzini
[2025-09-07 15:32:04,164] INFO: Appended 12 last-5y works for Tony Ruzzini
[2025-09-07 15:32:04,164] INFO: Processing Maarten Voordouw (https://openalex.org/A5026690931)
[2025-09-07 15:32:04,164] INFO: OpenAlex fetch for https://openalex.org/A5026690931 (last 5 years >= 2021)
[2025-09-07 15:32:04,165] DEBUG: Starting new HTTPS connection (1): api.openalex.org:443
[2025-09-07 15:32:04,451] DEBUG: https://api.openalex.org:443 "GET /works?filter=author.id%3Ahttps%3A%2F%2Fopenalex.org%2FA5026690931&per-page=200&cursor=%2A HTTP/1.1" 200 295698
[2025-09-07 15:32:04,540] DEBUG: Fetched 96 results at cursor '*'
[2025-09-07 15:32:04,541] DEBUG: Starting new HTTPS connection (1): api.openalex.org:443
[2025-09-07 15:32:04,666] DEBUG: https://api.openalex.org:443 "GET /works?filter=author.id%3Ahttps%3A%2F%2Fopenalex.org%2FA5026690931&per-page=200&cursor=Ils1Ni4wLCAwLCAnaHR0cHM6Ly9vcGVuYWxleC5vcmcvVzQzOTQwODAwNzgnXSI%3D HTTP/1.1" 200 140
[2025-09-07 15:32:04,668] DEBUG: Fetched 0 results at cursor 'Ils1Ni4wLCAwLCAnaHR0cHM6Ly9vcGVuYWxleC5vcmcvVzQzOTQwODAwNzgnXSI='
[2025-09-07 15:32:04,756] DEBUG: Flattened df_all missing expected columns: ['host_venue__display_name', 'author_name', 'author_openalex_id']
[2025-09-07 15:32:04,765] INFO: Appended 96 lifetime works for Maarten Voordouw
[2025-09-07 15:32:04,768] INFO: Appended 26 last-5y works for Maarten Voordouw
[2025-09-07 15:32:04,768] INFO: Processing Arinjay Banerjee (https://openalex.org/A5050567215)
[2025-09-07 15:32:04,768] INFO: OpenAlex fetch for https://openalex.org/A5050567215 (last 5 years >= 2021)
[2025-09-07 15:32:04,769] DEBUG: Starting new HTTPS connection (1): api.openalex.org:443
[2025-09-07 15:32:04,989] DEBUG: https://api.openalex.org:443 "GET /works?filter=author.id%3Ahttps%3A%2F%2Fopenalex.org%2FA5050567215&per-page=200&cursor=%2A HTTP/1.1" 200 429731
[2025-09-07 15:32:05,062] DEBUG: Fetched 110 results at cursor '*'
[2025-09-07 15:32:05,063] DEBUG: Starting new HTTPS connection (1): api.openalex.org:443
[2025-09-07 15:32:05,158] DEBUG: https://api.openalex.org:443 "GET /works?filter=author.id%3Ahttps%3A%2F%2Fopenalex.org%2FA5050567215&per-page=200&cursor=Ils1Ni4wLCAwLCAnaHR0cHM6Ly9vcGVuYWxleC5vcmcvVzMxNzYwNDkxMTYnXSI%3D HTTP/1.1" 200 141
[2025-09-07 15:32:05,159] DEBUG: Fetched 0 results at cursor 'Ils1Ni4wLCAwLCAnaHR0cHM6Ly9vcGVuYWxleC5vcmcvVzMxNzYwNDkxMTYnXSI='
[2025-09-07 15:32:05,302] DEBUG: Flattened df_all missing expected columns: ['host_venue__display_name', 'author_name', 'author_openalex_id']
[2025-09-07 15:32:05,315] INFO: Appended 110 lifetime works for Arinjay Banerjee
[2025-09-07 15:32:05,320] INFO: Appended 72 last-5y works for Arinjay Banerjee
[2025-09-07 15:32:05,320] INFO: Processing Jeffrey Chen (https://openalex.org/A5000375230)
[2025-09-07 15:32:05,320] INFO: OpenAlex fetch for https://openalex.org/A5000375230 (last 5 years >= 2021)
[2025-09-07 15:32:05,321] DEBUG: Starting new HTTPS connection (1): api.openalex.org:443
[2025-09-07 15:32:05,443] DEBUG: https://api.openalex.org:443 "GET /works?filter=author.id%3Ahttps%3A%2F%2Fopenalex.org%2FA5000375230&per-page=200&cursor=%2A HTTP/1.1" 200 86508
[2025-09-07 15:32:05,461] DEBUG: Fetched 30 results at cursor '*'
[2025-09-07 15:32:05,462] DEBUG: Starting new HTTPS connection (1): api.openalex.org:443
[2025-09-07 15:32:05,743] DEBUG: https://api.openalex.org:443 "GET /works?filter=author.id%3Ahttps%3A%2F%2Fopenalex.org%2FA5000375230&per-page=200&cursor=Ils1Ni4wLCAwLCAnaHR0cHM6Ly9vcGVuYWxleC5vcmcvVzMyMDg4MDU3MjQnXSI%3D HTTP/1.1" 200 140
[2025-09-07 15:32:05,745] DEBUG: Fetched 0 results at cursor 'Ils1Ni4wLCAwLCAnaHR0cHM6Ly9vcGVuYWxleC5vcmcvVzMyMDg4MDU3MjQnXSI='
[2025-09-07 15:32:05,785] DEBUG: Flattened df_all missing expected columns: ['host_venue__display_name', 'author_name', 'author_openalex_id']
[2025-09-07 15:32:05,796] INFO: Appended 30 lifetime works for Jeffrey Chen
[2025-09-07 15:32:05,798] INFO: Appended 9 last-5y works for Jeffrey Chen
[2025-09-07 15:32:05,799] INFO: Processing Antonio Facciuolo (https://openalex.org/A5088785492)
[2025-09-07 15:32:05,799] INFO: OpenAlex fetch for https://openalex.org/A5088785492 (last 5 years >= 2021)
[2025-09-07 15:32:05,800] DEBUG: Starting new HTTPS connection (1): api.openalex.org:443
[2025-09-07 15:32:05,949] DEBUG: https://api.openalex.org:443 "GET /works?filter=author.id%3Ahttps%3A%2F%2Fopenalex.org%2FA5088785492&per-page=200&cursor=%2A HTTP/1.1" 200 91139
[2025-09-07 15:32:05,973] DEBUG: Fetched 28 results at cursor '*'
[2025-09-07 15:32:05,974] DEBUG: Starting new HTTPS connection (1): api.openalex.org:443
[2025-09-07 15:32:06,263] DEBUG: https://api.openalex.org:443 "GET /works?filter=author.id%3Ahttps%3A%2F%2Fopenalex.org%2FA5088785492&per-page=200&cursor=Ils2My4wLCAwLCAnaHR0cHM6Ly9vcGVuYWxleC5vcmcvVzQzODczNzY0NDgnXSI%3D HTTP/1.1" 200 140
[2025-09-07 15:32:06,265] DEBUG: Fetched 0 results at cursor 'Ils2My4wLCAwLCAnaHR0cHM6Ly9vcGVuYWxleC5vcmcvVzQzODczNzY0NDgnXSI='
[2025-09-07 15:32:06,307] DEBUG: Flattened df_all missing expected columns: ['host_venue__display_name', 'author_name', 'author_openalex_id']
[2025-09-07 15:32:06,313] INFO: Appended 28 lifetime works for Antonio Facciuolo
[2025-09-07 15:32:06,315] INFO: Appended 18 last-5y works for Antonio Facciuolo
[2025-09-07 15:32:06,316] INFO: Processing Darryl Falzarano (https://openalex.org/A5041967571)
[2025-09-07 15:32:06,316] INFO: OpenAlex fetch for https://openalex.org/A5041967571 (last 5 years >= 2021)
[2025-09-07 15:32:06,317] DEBUG: Starting new HTTPS connection (1): api.openalex.org:443
[2025-09-07 15:32:06,746] DEBUG: https://api.openalex.org:443 "GET /works?filter=author.id%3Ahttps%3A%2F%2Fopenalex.org%2FA5041967571&per-page=200&cursor=%2A HTTP/1.1" 200 476338
[2025-09-07 15:32:06,806] DEBUG: Fetched 132 results at cursor '*'
[2025-09-07 15:32:06,807] DEBUG: Starting new HTTPS connection (1): api.openalex.org:443
[2025-09-07 15:32:06,926] DEBUG: https://api.openalex.org:443 "GET /works?filter=author.id%3Ahttps%3A%2F%2Fopenalex.org%2FA5041967571&per-page=200&cursor=Ils1Ni4wLCAwLCAnaHR0cHM6Ly9vcGVuYWxleC5vcmcvVzMyMTQ5NTI4NDInXSI%3D HTTP/1.1" 200 141
[2025-09-07 15:32:06,928] DEBUG: Fetched 0 results at cursor 'Ils1Ni4wLCAwLCAnaHR0cHM6Ly9vcGVuYWxleC5vcmcvVzMyMTQ5NTI4NDInXSI='
[2025-09-07 15:32:07,088] DEBUG: Flattened df_all missing expected columns: ['host_venue__display_name', 'author_name', 'author_openalex_id']
[2025-09-07 15:32:07,099] INFO: Appended 132 lifetime works for Darryl Falzarano
[2025-09-07 15:32:07,104] INFO: Appended 70 last-5y works for Darryl Falzarano
[2025-09-07 15:32:07,104] INFO: Processing Kazal Ghosh (https://openalex.org/A5073467123)
[2025-09-07 15:32:07,104] INFO: OpenAlex fetch for https://openalex.org/A5073467123 (last 5 years >= 2021)
[2025-09-07 15:32:07,105] DEBUG: Starting new HTTPS connection (1): api.openalex.org:443
[2025-09-07 15:32:07,284] DEBUG: https://api.openalex.org:443 "GET /works?filter=author.id%3Ahttps%3A%2F%2Fopenalex.org%2FA5073467123&per-page=200&cursor=%2A HTTP/1.1" 200 23148
[2025-09-07 15:32:07,320] DEBUG: Fetched 9 results at cursor '*'
[2025-09-07 15:32:07,321] DEBUG: Starting new HTTPS connection (1): api.openalex.org:443
[2025-09-07 15:32:07,764] DEBUG: https://api.openalex.org:443 "GET /works?filter=author.id%3Ahttps%3A%2F%2Fopenalex.org%2FA5073467123&per-page=200&cursor=Ils1OC4wLCAwLCAnaHR0cHM6Ly9vcGVuYWxleC5vcmcvVzQzMjEwMDMxOTknXSI%3D HTTP/1.1" 200 140
[2025-09-07 15:32:07,765] DEBUG: Fetched 0 results at cursor 'Ils1OC4wLCAwLCAnaHR0cHM6Ly9vcGVuYWxleC5vcmcvVzQzMjEwMDMxOTknXSI='
[2025-09-07 15:32:07,784] DEBUG: Flattened df_all missing expected columns: ['host_venue__display_name', 'author_name', 'author_openalex_id']
[2025-09-07 15:32:07,796] INFO: Appended 9 lifetime works for Kazal Ghosh
[2025-09-07 15:32:07,798] INFO: Appended 7 last-5y works for Kazal Ghosh
[2025-09-07 15:32:07,798] INFO: Processing Uladzimir Karniychuk (https://openalex.org/A5012825986)
[2025-09-07 15:32:07,798] INFO: OpenAlex fetch for https://openalex.org/A5012825986 (last 5 years >= 2021)
[2025-09-07 15:32:07,799] DEBUG: Starting new HTTPS connection (1): api.openalex.org:443
[2025-09-07 15:32:08,159] DEBUG: https://api.openalex.org:443 "GET /works?filter=author.id%3Ahttps%3A%2F%2Fopenalex.org%2FA5012825986&per-page=200&cursor=%2A HTTP/1.1" 200 139045
[2025-09-07 15:32:08,188] DEBUG: Fetched 62 results at cursor '*'
[2025-09-07 15:32:08,189] DEBUG: Starting new HTTPS connection (1): api.openalex.org:443
[2025-09-07 15:32:08,313] DEBUG: https://api.openalex.org:443 "GET /works?filter=author.id%3Ahttps%3A%2F%2Fopenalex.org%2FA5012825986&per-page=200&cursor=Ils2MS4wLCAwLCAnaHR0cHM6Ly9vcGVuYWxleC5vcmcvVzQzOTQ0NDg4MzQnXSI%3D HTTP/1.1" 200 140
[2025-09-07 15:32:08,315] DEBUG: Fetched 0 results at cursor 'Ils2MS4wLCAwLCAnaHR0cHM6Ly9vcGVuYWxleC5vcmcvVzQzOTQ0NDg4MzQnXSI='
[2025-09-07 15:32:08,362] DEBUG: Flattened df_all missing expected columns: ['host_venue__display_name', 'author_name', 'author_openalex_id']
[2025-09-07 15:32:08,367] INFO: Appended 62 lifetime works for Uladzimir Karniychuk
[2025-09-07 15:32:08,370] INFO: Appended 15 last-5y works for Uladzimir Karniychuk
[2025-09-07 15:32:08,370] INFO: Processing Wolfgang Koester (https://openalex.org/A5053166362)
[2025-09-07 15:32:08,370] INFO: OpenAlex fetch for https://openalex.org/A5053166362 (last 5 years >= 2021)
[2025-09-07 15:32:08,371] DEBUG: Starting new HTTPS connection (1): api.openalex.org:443
[2025-09-07 15:32:08,549] DEBUG: https://api.openalex.org:443 "GET /works?filter=author.id%3Ahttps%3A%2F%2Fopenalex.org%2FA5053166362&per-page=200&cursor=%2A HTTP/1.1" 200 179596
[2025-09-07 15:32:08,584] DEBUG: Fetched 67 results at cursor '*'
[2025-09-07 15:32:08,585] DEBUG: Starting new HTTPS connection (1): api.openalex.org:443
[2025-09-07 15:32:08,710] DEBUG: https://api.openalex.org:443 "GET /works?filter=author.id%3Ahttps%3A%2F%2Fopenalex.org%2FA5053166362&per-page=200&cursor=Ils1My4wLCAwLCAnaHR0cHM6Ly9vcGVuYWxleC5vcmcvVzE1Mzg4NzQ0MSddIg%3D%3D HTTP/1.1" 200 140
[2025-09-07 15:32:08,712] DEBUG: Fetched 0 results at cursor 'Ils1My4wLCAwLCAnaHR0cHM6Ly9vcGVuYWxleC5vcmcvVzE1Mzg4NzQ0MSddIg=='
[2025-09-07 15:32:08,779] DEBUG: Flattened df_all missing expected columns: ['host_venue__display_name', 'author_name', 'author_openalex_id']
[2025-09-07 15:32:08,788] INFO: Appended 67 lifetime works for Wolfgang Koester
[2025-09-07 15:32:08,790] INFO: Appended 11 last-5y works for Wolfgang Koester
[2025-09-07 15:32:08,790] INFO: Processing Qiang Liu (https://openalex.org/A5100409525)
[2025-09-07 15:32:08,790] INFO: OpenAlex fetch for https://openalex.org/A5100409525 (last 5 years >= 2021)
[2025-09-07 15:32:08,791] DEBUG: Starting new HTTPS connection (1): api.openalex.org:443
[2025-09-07 15:32:09,005] DEBUG: https://api.openalex.org:443 "GET /works?filter=author.id%3Ahttps%3A%2F%2Fopenalex.org%2FA5100409525&per-page=200&cursor=%2A HTTP/1.1" 200 269012
[2025-09-07 15:32:09,047] DEBUG: Fetched 97 results at cursor '*'
[2025-09-07 15:32:09,048] DEBUG: Starting new HTTPS connection (1): api.openalex.org:443
[2025-09-07 15:32:09,145] DEBUG: https://api.openalex.org:443 "GET /works?filter=author.id%3Ahttps%3A%2F%2Fopenalex.org%2FA5100409525&per-page=200&cursor=Ils1NS4wLCAwLCAnaHR0cHM6Ly9vcGVuYWxleC5vcmcvVzI3NzQ0Nzc2ODInXSI%3D HTTP/1.1" 200 141
[2025-09-07 15:32:09,147] DEBUG: Fetched 0 results at cursor 'Ils1NS4wLCAwLCAnaHR0cHM6Ly9vcGVuYWxleC5vcmcvVzI3NzQ0Nzc2ODInXSI='
[2025-09-07 15:32:09,258] DEBUG: Flattened df_all missing expected columns: ['host_venue__display_name', 'author_name', 'author_openalex_id']
[2025-09-07 15:32:09,268] INFO: Appended 97 lifetime works for Qiang Liu
[2025-09-07 15:32:09,271] INFO: Appended 25 last-5y works for Qiang Liu
[2025-09-07 15:32:09,271] INFO: Processing Musangu Ngeleka (https://openalex.org/A5018933207)
[2025-09-07 15:32:09,271] INFO: OpenAlex fetch for https://openalex.org/A5018933207 (last 5 years >= 2021)
[2025-09-07 15:32:09,272] DEBUG: Starting new HTTPS connection (1): api.openalex.org:443
[2025-09-07 15:32:09,518] DEBUG: https://api.openalex.org:443 "GET /works?filter=author.id%3Ahttps%3A%2F%2Fopenalex.org%2FA5018933207&per-page=200&cursor=%2A HTTP/1.1" 200 110860
[2025-09-07 15:32:09,581] DEBUG: Fetched 42 results at cursor '*'
[2025-09-07 15:32:09,582] DEBUG: Starting new HTTPS connection (1): api.openalex.org:443
[2025-09-07 15:32:09,881] DEBUG: https://api.openalex.org:443 "GET /works?filter=author.id%3Ahttps%3A%2F%2Fopenalex.org%2FA5018933207&per-page=200&cursor=Ils1Ni4wLCAwLCAnaHR0cHM6Ly9vcGVuYWxleC5vcmcvVzQyNDQ1NDM2MzMnXSI%3D HTTP/1.1" 200 140
[2025-09-07 15:32:09,882] DEBUG: Fetched 0 results at cursor 'Ils1Ni4wLCAwLCAnaHR0cHM6Ly9vcGVuYWxleC5vcmcvVzQyNDQ1NDM2MzMnXSI='
[2025-09-07 15:32:09,935] DEBUG: Flattened df_all missing expected columns: ['host_venue__display_name', 'author_name', 'author_openalex_id']
[2025-09-07 15:32:09,944] INFO: Appended 42 lifetime works for Musangu Ngeleka
[2025-09-07 15:32:09,944] INFO: No last-5y works for Musangu Ngeleka
[2025-09-07 15:32:09,944] INFO: Processing Jose Perez-casal (https://openalex.org/A5075533328)
[2025-09-07 15:32:09,944] INFO: OpenAlex fetch for https://openalex.org/A5075533328 (last 5 years >= 2021)
[2025-09-07 15:32:09,945] DEBUG: Starting new HTTPS connection (1): api.openalex.org:443
[2025-09-07 15:32:10,245] DEBUG: https://api.openalex.org:443 "GET /works?filter=author.id%3Ahttps%3A%2F%2Fopenalex.org%2FA5075533328&per-page=200&cursor=%2A HTTP/1.1" 200 159518
[2025-09-07 15:32:10,292] DEBUG: Fetched 75 results at cursor '*'
[2025-09-07 15:32:10,293] DEBUG: Starting new HTTPS connection (1): api.openalex.org:443
[2025-09-07 15:32:10,405] DEBUG: https://api.openalex.org:443 "GET /works?filter=author.id%3Ahttps%3A%2F%2Fopenalex.org%2FA5075533328&per-page=200&cursor=Ils1Ni4wLCAwLCAnaHR0cHM6Ly9vcGVuYWxleC5vcmcvVzQzOTQxMjMxNjEnXSI%3D HTTP/1.1" 200 141
[2025-09-07 15:32:10,406] DEBUG: Fetched 0 results at cursor 'Ils1Ni4wLCAwLCAnaHR0cHM6Ly9vcGVuYWxleC5vcmcvVzQzOTQxMjMxNjEnXSI='
[2025-09-07 15:32:10,460] DEBUG: Flattened df_all missing expected columns: ['host_venue__display_name', 'author_name', 'author_openalex_id']
[2025-09-07 15:32:10,467] INFO: Appended 75 lifetime works for Jose Perez-casal
[2025-09-07 15:32:10,469] INFO: Appended 11 last-5y works for Jose Perez-casal
[2025-09-07 15:32:10,470] INFO: Processing Camila Queiroz (https://openalex.org/A5061580720)
[2025-09-07 15:32:10,470] INFO: OpenAlex fetch for https://openalex.org/A5061580720 (last 5 years >= 2021)
[2025-09-07 15:32:10,471] DEBUG: Starting new HTTPS connection (1): api.openalex.org:443
[2025-09-07 15:32:10,592] DEBUG: https://api.openalex.org:443 "GET /works?filter=author.id%3Ahttps%3A%2F%2Fopenalex.org%2FA5061580720&per-page=200&cursor=%2A HTTP/1.1" 200 18239
[2025-09-07 15:32:10,599] DEBUG: Fetched 7 results at cursor '*'
[2025-09-07 15:32:10,600] DEBUG: Starting new HTTPS connection (1): api.openalex.org:443
[2025-09-07 15:32:10,750] DEBUG: https://api.openalex.org:443 "GET /works?filter=author.id%3Ahttps%3A%2F%2Fopenalex.org%2FA5061580720&per-page=200&cursor=Ils1Ni4wLCAwLCAnaHR0cHM6Ly9vcGVuYWxleC5vcmcvVzQzOTQxMTE1NTQnXSI%3D HTTP/1.1" 200 139
[2025-09-07 15:32:10,751] DEBUG: Fetched 0 results at cursor 'Ils1Ni4wLCAwLCAnaHR0cHM6Ly9vcGVuYWxleC5vcmcvVzQzOTQxMTE1NTQnXSI='
[2025-09-07 15:32:10,766] DEBUG: Flattened df_all missing expected columns: ['host_venue__display_name', 'author_name', 'author_openalex_id']
[2025-09-07 15:32:10,772] INFO: Appended 7 lifetime works for Camila Queiroz
[2025-09-07 15:32:10,774] INFO: Appended 1 last-5y works for Camila Queiroz
[2025-09-07 15:32:10,774] INFO: Processing Loki Snyman (https://openalex.org/A5095017105)
[2025-09-07 15:32:10,774] INFO: OpenAlex fetch for https://openalex.org/A5095017105 (last 5 years >= 2021)
[2025-09-07 15:32:10,775] DEBUG: Starting new HTTPS connection (1): api.openalex.org:443
[2025-09-07 15:32:11,333] DEBUG: https://api.openalex.org:443 "GET /works?filter=author.id%3Ahttps%3A%2F%2Fopenalex.org%2FA5095017105&per-page=200&cursor=%2A HTTP/1.1" 200 1936
[2025-09-07 15:32:11,333] DEBUG: Fetched 1 results at cursor '*'
[2025-09-07 15:32:11,334] DEBUG: Starting new HTTPS connection (1): api.openalex.org:443
[2025-09-07 15:32:11,460] DEBUG: https://api.openalex.org:443 "GET /works?filter=author.id%3Ahttps%3A%2F%2Fopenalex.org%2FA5095017105&per-page=200&cursor=Ils1Ni4wLCAwLCAnaHR0cHM6Ly9vcGVuYWxleC5vcmcvVzQzOTQzODc3MTMnXSI%3D HTTP/1.1" 200 139
[2025-09-07 15:32:11,462] DEBUG: Fetched 0 results at cursor 'Ils1Ni4wLCAwLCAnaHR0cHM6Ly9vcGVuYWxleC5vcmcvVzQzOTQzODc3MTMnXSI='
[2025-09-07 15:32:11,467] DEBUG: Flattened df_all missing expected columns: ['host_venue__display_name', 'author_name', 'author_openalex_id']
[2025-09-07 15:32:11,470] INFO: Appended 1 lifetime works for Loki Snyman
[2025-09-07 15:32:11,472] INFO: Appended 1 last-5y works for Loki Snyman
[2025-09-07 15:32:11,472] INFO: Processing Heather Wilson (https://openalex.org/A5002970194)
[2025-09-07 15:32:11,472] INFO: OpenAlex fetch for https://openalex.org/A5002970194 (last 5 years >= 2021)
[2025-09-07 15:32:11,473] DEBUG: Starting new HTTPS connection (1): api.openalex.org:443
[2025-09-07 15:32:11,786] DEBUG: https://api.openalex.org:443 "GET /works?filter=author.id%3Ahttps%3A%2F%2Fopenalex.org%2FA5002970194&per-page=200&cursor=%2A HTTP/1.1" 200 483980
[2025-09-07 15:32:11,900] DEBUG: Fetched 169 results at cursor '*'
[2025-09-07 15:32:11,901] DEBUG: Starting new HTTPS connection (1): api.openalex.org:443
[2025-09-07 15:32:12,012] DEBUG: https://api.openalex.org:443 "GET /works?filter=author.id%3Ahttps%3A%2F%2Fopenalex.org%2FA5002970194&per-page=200&cursor=Ils1My4wLCAwLCAnaHR0cHM6Ly9vcGVuYWxleC5vcmcvVzQyNDYxOTI2NTcnXSI%3D HTTP/1.1" 200 141
[2025-09-07 15:32:12,014] DEBUG: Fetched 0 results at cursor 'Ils1My4wLCAwLCAnaHR0cHM6Ly9vcGVuYWxleC5vcmcvVzQyNDYxOTI2NTcnXSI='
[2025-09-07 15:32:12,262] DEBUG: Flattened df_all missing expected columns: ['host_venue__display_name', 'author_name', 'author_openalex_id']
[2025-09-07 15:32:12,272] INFO: Appended 169 lifetime works for Heather Wilson
[2025-09-07 15:32:12,276] INFO: Appended 34 last-5y works for Heather Wilson
[2025-09-07 15:32:12,276] INFO: Processing Yan Zhou (https://openalex.org/A5032015135)
[2025-09-07 15:32:12,276] INFO: OpenAlex fetch for https://openalex.org/A5032015135 (last 5 years >= 2021)
[2025-09-07 15:32:12,277] DEBUG: Starting new HTTPS connection (1): api.openalex.org:443
[2025-09-07 15:32:12,550] DEBUG: https://api.openalex.org:443 "GET /works?filter=author.id%3Ahttps%3A%2F%2Fopenalex.org%2FA5032015135&per-page=200&cursor=%2A HTTP/1.1" 200 364039
[2025-09-07 15:32:12,617] DEBUG: Fetched 121 results at cursor '*'
[2025-09-07 15:32:12,618] DEBUG: Starting new HTTPS connection (1): api.openalex.org:443
[2025-09-07 15:32:12,754] DEBUG: https://api.openalex.org:443 "GET /works?filter=author.id%3Ahttps%3A%2F%2Fopenalex.org%2FA5032015135&per-page=200&cursor=Ils1NS4wLCAwLCAnaHR0cHM6Ly9vcGVuYWxleC5vcmcvVzI0MTE0NDk1NjAnXSI%3D HTTP/1.1" 200 141
[2025-09-07 15:32:12,755] DEBUG: Fetched 0 results at cursor 'Ils1NS4wLCAwLCAnaHR0cHM6Ly9vcGVuYWxleC5vcmcvVzI0MTE0NDk1NjAnXSI='
[2025-09-07 15:32:12,909] DEBUG: Flattened df_all missing expected columns: ['host_venue__display_name', 'author_name', 'author_openalex_id']
[2025-09-07 15:32:12,925] INFO: Appended 121 lifetime works for Yan Zhou
[2025-09-07 15:32:12,929] INFO: Appended 46 last-5y works for Yan Zhou
[2025-09-07 15:32:12,929] INFO: Processing Suresh Tikoo (https://openalex.org/A5028351806)
[2025-09-07 15:32:12,929] INFO: OpenAlex fetch for https://openalex.org/A5028351806 (last 5 years >= 2021)
[2025-09-07 15:32:12,930] DEBUG: Starting new HTTPS connection (1): api.openalex.org:443
[2025-09-07 15:32:13,186] DEBUG: https://api.openalex.org:443 "GET /works?filter=author.id%3Ahttps%3A%2F%2Fopenalex.org%2FA5028351806&per-page=200&cursor=%2A HTTP/1.1" 200 432519
[2025-09-07 15:32:13,246] DEBUG: Fetched 183 results at cursor '*'
[2025-09-07 15:32:13,247] DEBUG: Starting new HTTPS connection (1): api.openalex.org:443
[2025-09-07 15:32:13,371] DEBUG: https://api.openalex.org:443 "GET /works?filter=author.id%3Ahttps%3A%2F%2Fopenalex.org%2FA5028351806&per-page=200&cursor=Ils1My4wLCAwLCAnaHR0cHM6Ly9vcGVuYWxleC5vcmcvVzMyMDI5MjM4OTQnXSI%3D HTTP/1.1" 200 142
[2025-09-07 15:32:13,372] DEBUG: Fetched 0 results at cursor 'Ils1My4wLCAwLCAnaHR0cHM6Ly9vcGVuYWxleC5vcmcvVzMyMDI5MjM4OTQnXSI='
[2025-09-07 15:32:13,524] DEBUG: Flattened df_all missing expected columns: ['host_venue__display_name', 'author_name', 'author_openalex_id']
[2025-09-07 15:32:13,540] INFO: Appended 183 lifetime works for Suresh Tikoo
[2025-09-07 15:32:13,543] INFO: Appended 27 last-5y works for Suresh Tikoo
[2025-09-07 15:32:13,543] INFO: Processing Manuel Chirino (https://openalex.org/A5073090598)
[2025-09-07 15:32:13,543] INFO: OpenAlex fetch for https://openalex.org/A5073090598 (last 5 years >= 2021)
[2025-09-07 15:32:13,544] DEBUG: Starting new HTTPS connection (1): api.openalex.org:443
[2025-09-07 15:32:13,726] DEBUG: https://api.openalex.org:443 "GET /works?filter=author.id%3Ahttps%3A%2F%2Fopenalex.org%2FA5073090598&per-page=200&cursor=%2A HTTP/1.1" 200 154135
[2025-09-07 15:32:13,756] DEBUG: Fetched 68 results at cursor '*'
[2025-09-07 15:32:13,757] DEBUG: Starting new HTTPS connection (1): api.openalex.org:443
[2025-09-07 15:32:13,876] DEBUG: https://api.openalex.org:443 "GET /works?filter=author.id%3Ahttps%3A%2F%2Fopenalex.org%2FA5073090598&per-page=200&cursor=Ils1Ny4wLCAwLCAnaHR0cHM6Ly9vcGVuYWxleC5vcmcvVzMxNzU0NDMwMDEnXSI%3D HTTP/1.1" 200 140
[2025-09-07 15:32:13,878] DEBUG: Fetched 0 results at cursor 'Ils1Ny4wLCAwLCAnaHR0cHM6Ly9vcGVuYWxleC5vcmcvVzMxNzU0NDMwMDEnXSI='
[2025-09-07 15:32:13,944] DEBUG: Flattened df_all missing expected columns: ['host_venue__display_name', 'author_name', 'author_openalex_id']
[2025-09-07 15:32:13,958] INFO: Appended 68 lifetime works for Manuel Chirino
[2025-09-07 15:32:13,960] INFO: Appended 1 last-5y works for Manuel Chirino
[2025-09-07 15:32:13,960] INFO: Processing Debbie Haines (https://openalex.org/A5070489863)
[2025-09-07 15:32:13,960] INFO: OpenAlex fetch for https://openalex.org/A5070489863 (last 5 years >= 2021)
[2025-09-07 15:32:13,961] DEBUG: Starting new HTTPS connection (1): api.openalex.org:443
[2025-09-07 15:32:14,165] DEBUG: https://api.openalex.org:443 "GET /works?filter=author.id%3Ahttps%3A%2F%2Fopenalex.org%2FA5070489863&per-page=200&cursor=%2A HTTP/1.1" 200 464461
[2025-09-07 15:32:14,241] DEBUG: Fetched 200 results at cursor '*'
[2025-09-07 15:32:14,242] DEBUG: Starting new HTTPS connection (1): api.openalex.org:443
[2025-09-07 15:32:14,342] DEBUG: https://api.openalex.org:443 "GET /works?filter=author.id%3Ahttps%3A%2F%2Fopenalex.org%2FA5070489863&per-page=200&cursor=Ils2My4wLCAwLCAnaHR0cHM6Ly9vcGVuYWxleC5vcmcvVzIyNjU2NDIwNzMnXSI%3D HTTP/1.1" 200 22632
[2025-09-07 15:32:14,352] DEBUG: Fetched 13 results at cursor 'Ils2My4wLCAwLCAnaHR0cHM6Ly9vcGVuYWxleC5vcmcvVzIyNjU2NDIwNzMnXSI='
[2025-09-07 15:32:14,353] DEBUG: Starting new HTTPS connection (1): api.openalex.org:443
[2025-09-07 15:32:14,472] DEBUG: https://api.openalex.org:443 "GET /works?filter=author.id%3Ahttps%3A%2F%2Fopenalex.org%2FA5070489863&per-page=200&cursor=Ils1My4wLCAwLCAnaHR0cHM6Ly9vcGVuYWxleC5vcmcvVzQyMzY4Njc1MjAnXSI%3D HTTP/1.1" 200 142
[2025-09-07 15:32:14,474] DEBUG: Fetched 0 results at cursor 'Ils1My4wLCAwLCAnaHR0cHM6Ly9vcGVuYWxleC5vcmcvVzQyMzY4Njc1MjAnXSI='
[2025-09-07 15:32:14,721] DEBUG: Flattened df_all missing expected columns: ['host_venue__display_name', 'author_name', 'author_openalex_id']
[2025-09-07 15:32:14,735] INFO: Appended 213 lifetime works for Debbie Haines
[2025-09-07 15:32:14,738] INFO: Appended 12 last-5y works for Debbie Haines
[2025-09-07 15:32:14,738] INFO: Processing Vikram Misra (https://openalex.org/A5018540324)
[2025-09-07 15:32:14,738] INFO: OpenAlex fetch for https://openalex.org/A5018540324 (last 5 years >= 2021)
[2025-09-07 15:32:14,739] DEBUG: Starting new HTTPS connection (1): api.openalex.org:443
[2025-09-07 15:32:14,946] DEBUG: https://api.openalex.org:443 "GET /works?filter=author.id%3Ahttps%3A%2F%2Fopenalex.org%2FA5018540324&per-page=200&cursor=%2A HTTP/1.1" 200 427864
[2025-09-07 15:32:15,060] DEBUG: Fetched 158 results at cursor '*'
[2025-09-07 15:32:15,061] DEBUG: Starting new HTTPS connection (1): api.openalex.org:443
[2025-09-07 15:32:15,178] DEBUG: https://api.openalex.org:443 "GET /works?filter=author.id%3Ahttps%3A%2F%2Fopenalex.org%2FA5018540324&per-page=200&cursor=Ils1My4wLCAwLCAnaHR0cHM6Ly9vcGVuYWxleC5vcmcvVzIxNDQ0ODI4NjMnXSI%3D HTTP/1.1" 200 141
[2025-09-07 15:32:15,180] DEBUG: Fetched 0 results at cursor 'Ils1My4wLCAwLCAnaHR0cHM6Ly9vcGVuYWxleC5vcmcvVzIxNDQ0ODI4NjMnXSI='
[2025-09-07 15:32:15,420] DEBUG: Flattened df_all missing expected columns: ['host_venue__display_name', 'author_name', 'author_openalex_id']
[2025-09-07 15:32:15,439] INFO: Appended 158 lifetime works for Vikram Misra
[2025-09-07 15:32:15,442] INFO: Appended 16 last-5y works for Vikram Misra
[2025-09-07 15:32:15,442] INFO: Processing Lydden Polley (https://openalex.org/A5070489863)
[2025-09-07 15:32:15,443] INFO: OpenAlex fetch for https://openalex.org/A5070489863 (last 5 years >= 2021)
[2025-09-07 15:32:15,443] DEBUG: Starting new HTTPS connection (1): api.openalex.org:443
[2025-09-07 15:32:15,630] DEBUG: https://api.openalex.org:443 "GET /works?filter=author.id%3Ahttps%3A%2F%2Fopenalex.org%2FA5070489863&per-page=200&cursor=%2A HTTP/1.1" 200 464461
[2025-09-07 15:32:15,692] DEBUG: Fetched 200 results at cursor '*'
[2025-09-07 15:32:15,694] DEBUG: Starting new HTTPS connection (1): api.openalex.org:443
[2025-09-07 15:32:15,811] DEBUG: https://api.openalex.org:443 "GET /works?filter=author.id%3Ahttps%3A%2F%2Fopenalex.org%2FA5070489863&per-page=200&cursor=Ils2My4wLCAwLCAnaHR0cHM6Ly9vcGVuYWxleC5vcmcvVzIyNjU2NDIwNzMnXSI%3D HTTP/1.1" 200 22631
[2025-09-07 15:32:15,820] DEBUG: Fetched 13 results at cursor 'Ils2My4wLCAwLCAnaHR0cHM6Ly9vcGVuYWxleC5vcmcvVzIyNjU2NDIwNzMnXSI='
[2025-09-07 15:32:15,821] DEBUG: Starting new HTTPS connection (1): api.openalex.org:443
[2025-09-07 15:32:15,956] DEBUG: https://api.openalex.org:443 "GET /works?filter=author.id%3Ahttps%3A%2F%2Fopenalex.org%2FA5070489863&per-page=200&cursor=Ils1My4wLCAwLCAnaHR0cHM6Ly9vcGVuYWxleC5vcmcvVzQyMzY4Njc1MjAnXSI%3D HTTP/1.1" 200 142
[2025-09-07 15:32:15,958] DEBUG: Fetched 0 results at cursor 'Ils1My4wLCAwLCAnaHR0cHM6Ly9vcGVuYWxleC5vcmcvVzQyMzY4Njc1MjAnXSI='
[2025-09-07 15:32:16,208] DEBUG: Flattened df_all missing expected columns: ['host_venue__display_name', 'author_name', 'author_openalex_id']
[2025-09-07 15:32:16,227] INFO: Appended 213 lifetime works for Lydden Polley
[2025-09-07 15:32:16,230] INFO: Appended 12 last-5y works for Lydden Polley
[2025-09-07 15:32:16,230] INFO: Processing Andrew Potter (https://openalex.org/A5035086403)
[2025-09-07 15:32:16,230] INFO: OpenAlex fetch for https://openalex.org/A5035086403 (last 5 years >= 2021)
[2025-09-07 15:32:16,231] DEBUG: Starting new HTTPS connection (1): api.openalex.org:443
[2025-09-07 15:32:16,480] DEBUG: https://api.openalex.org:443 "GET /works?filter=author.id%3Ahttps%3A%2F%2Fopenalex.org%2FA5035086403&per-page=200&cursor=%2A HTTP/1.1" 200 547247
[2025-09-07 15:32:16,569] DEBUG: Fetched 200 results at cursor '*'
[2025-09-07 15:32:16,570] DEBUG: Starting new HTTPS connection (1): api.openalex.org:443
[2025-09-07 15:32:16,719] DEBUG: https://api.openalex.org:443 "GET /works?filter=author.id%3Ahttps%3A%2F%2Fopenalex.org%2FA5035086403&per-page=200&cursor=Ils4MS4wLCAxMywgJ2h0dHBzOi8vb3BlbmFsZXgub3JnL1cyMTM3MzQ4MjYzJ10i HTTP/1.1" 200 97657
[2025-09-07 15:32:16,745] DEBUG: Fetched 46 results at cursor 'Ils4MS4wLCAxMywgJ2h0dHBzOi8vb3BlbmFsZXgub3JnL1cyMTM3MzQ4MjYzJ10i'
[2025-09-07 15:32:16,746] DEBUG: Starting new HTTPS connection (1): api.openalex.org:443
[2025-09-07 15:32:16,872] DEBUG: https://api.openalex.org:443 "GET /works?filter=author.id%3Ahttps%3A%2F%2Fopenalex.org%2FA5035086403&per-page=200&cursor=Ils1My4wLCAwLCAnaHR0cHM6Ly9vcGVuYWxleC5vcmcvVzQyMDU4Mzk1MzgnXSI%3D HTTP/1.1" 200 141
[2025-09-07 15:32:16,874] DEBUG: Fetched 0 results at cursor 'Ils1My4wLCAwLCAnaHR0cHM6Ly9vcGVuYWxleC5vcmcvVzQyMDU4Mzk1MzgnXSI='
[2025-09-07 15:32:17,165] DEBUG: Flattened df_all missing expected columns: ['host_venue__display_name', 'author_name', 'author_openalex_id']
[2025-09-07 15:32:17,188] INFO: Appended 246 lifetime works for Andrew Potter
[2025-09-07 15:32:17,191] INFO: Appended 21 last-5y works for Andrew Potter
[2025-09-07 15:32:17,191] INFO: Processing Henry Tabel (nan)
[2025-09-07 15:32:17,191] INFO: OpenAlex fetch for https://openalex.org/nan (last 5 years >= 2021)
[2025-09-07 15:32:17,192] DEBUG: Starting new HTTPS connection (1): api.openalex.org:443
[2025-09-07 15:32:17,430] DEBUG: https://api.openalex.org:443 "GET /works?filter=author.id%3Ahttps%3A%2F%2Fopenalex.org%2Fnan&per-page=200&cursor=%2A HTTP/1.1" 403 90
[2025-09-07 15:32:17,430] ERROR: HTTP error from OpenAlex: 403 Client Error: FORBIDDEN for url: https://api.openalex.org/works?filter=author.id%3Ahttps%3A%2F%2Fopenalex.org%2Fnan&per-page=200&cursor=%2A
Traceback (most recent call last):
  File "/home/runner/work/WCVM_VetMic/WCVM_VetMic/etl/WCVM_VetMic_works.py", line 273, in fetch_author_works_filtered
    resp.raise_for_status()
  File "/opt/hostedtoolcache/Python/3.11.13/x64/lib/python3.11/site-packages/requests/models.py", line 1026, in raise_for_status
    raise HTTPError(http_error_msg, response=self)
requests.exceptions.HTTPError: 403 Client Error: FORBIDDEN for url: https://api.openalex.org/works?filter=author.id%3Ahttps%3A%2F%2Fopenalex.org%2Fnan&per-page=200&cursor=%2A
[2025-09-07 15:32:17,431] INFO: No works returned from OpenAlex for this author.
[2025-09-07 15:32:17,450] INFO: No lifetime works for Henry Tabel
[2025-09-07 15:32:17,450] INFO: No last-5y works for Henry Tabel
[2025-09-07 15:32:17,450] INFO: Total skipped rows due to missing ID: 0
[2025-09-07 15:32:17,464] INFO: Deduplicating 1370 -> 575 rows
[2025-09-07 15:32:17,473] INFO: Deduplicated file written to data/openalex_all_authors_last5y_key_fields_dedup.csv
[2025-09-07 15:32:17,475] INFO: Removed old artifact: data/openalex_all_authors_lifetime.csv
[2025-09-07 15:32:17,475] INFO: Removed old artifact: data/openalex_all_authors_last5y_key_fields.csv
[2025-09-07 15:32:17,475] INFO: Removed old artifact: data/openalex_all_authors_last5y_key_fields_dedup.csv
[2025-09-07 15:32:17,475] INFO: Reading roster from data/roster_with_metrics.csv
[2025-09-07 15:32:17,477] INFO: Processing Janet Hill (https://openalex.org/A5022032110)
[2025-09-07 15:32:17,477] INFO: OpenAlex fetch for https://openalex.org/A5022032110 (last 5 years >= 2021)
[2025-09-07 15:32:17,478] DEBUG: Starting new HTTPS connection (1): api.openalex.org:443
[2025-09-07 15:32:17,741] DEBUG: https://api.openalex.org:443 "GET /works?filter=author.id%3Ahttps%3A%2F%2Fopenalex.org%2FA5022032110&per-page=200&cursor=%2A HTTP/1.1" 200 571198
[2025-09-07 15:32:17,884] DEBUG: Fetched 200 results at cursor '*'
[2025-09-07 15:32:17,885] DEBUG: Starting new HTTPS connection (1): api.openalex.org:443
[2025-09-07 15:32:18,402] DEBUG: https://api.openalex.org:443 "GET /works?filter=author.id%3Ahttps%3A%2F%2Fopenalex.org%2FA5022032110&per-page=200&cursor=Ils3MC4wLCAwLCAnaHR0cHM6Ly9vcGVuYWxleC5vcmcvVzQzOTE0MDEzOTEnXSI%3D HTTP/1.1" 200 102518
[2025-09-07 15:32:18,427] DEBUG: Fetched 63 results at cursor 'Ils3MC4wLCAwLCAnaHR0cHM6Ly9vcGVuYWxleC5vcmcvVzQzOTE0MDEzOTEnXSI='
[2025-09-07 15:32:18,428] DEBUG: Starting new HTTPS connection (1): api.openalex.org:443
[2025-09-07 15:32:18,525] DEBUG: https://api.openalex.org:443 "GET /works?filter=author.id%3Ahttps%3A%2F%2Fopenalex.org%2FA5022032110&per-page=200&cursor=Ils1My4wLCAwLCAnaHR0cHM6Ly9vcGVuYWxleC5vcmcvVzI5NTMxODg0MzgnXSI%3D HTTP/1.1" 200 141
[2025-09-07 15:32:18,526] DEBUG: Fetched 0 results at cursor 'Ils1My4wLCAwLCAnaHR0cHM6Ly9vcGVuYWxleC5vcmcvVzI5NTMxODg0MzgnXSI='
[2025-09-07 15:32:18,867] DEBUG: Flattened df_all missing expected columns: ['host_venue__display_name', 'author_name', 'author_openalex_id']
[2025-09-07 15:32:18,880] INFO: Appended 263 lifetime works for Janet Hill
[2025-09-07 15:32:18,885] INFO: Appended 57 last-5y works for Janet Hill
[2025-09-07 15:32:18,885] INFO: Processing Kristen Conn (https://openalex.org/A5024161948)
[2025-09-07 15:32:18,885] INFO: OpenAlex fetch for https://openalex.org/A5024161948 (last 5 years >= 2021)
[2025-09-07 15:32:18,886] DEBUG: Starting new HTTPS connection (1): api.openalex.org:443
[2025-09-07 15:32:19,077] DEBUG: https://api.openalex.org:443 "GET /works?filter=author.id%3Ahttps%3A%2F%2Fopenalex.org%2FA5024161948&per-page=200&cursor=%2A HTTP/1.1" 200 64927
[2025-09-07 15:32:19,117] DEBUG: Fetched 18 results at cursor '*'
[2025-09-07 15:32:19,118] DEBUG: Starting new HTTPS connection (1): api.openalex.org:443
[2025-09-07 15:32:19,293] DEBUG: https://api.openalex.org:443 "GET /works?filter=author.id%3Ahttps%3A%2F%2Fopenalex.org%2FA5024161948&per-page=200&cursor=Ils2NC4wLCAwLCAnaHR0cHM6Ly9vcGVuYWxleC5vcmcvVzI4OTY1NDMwMDEnXSI%3D HTTP/1.1" 200 140
[2025-09-07 15:32:19,294] DEBUG: Fetched 0 results at cursor 'Ils2NC4wLCAwLCAnaHR0cHM6Ly9vcGVuYWxleC5vcmcvVzI4OTY1NDMwMDEnXSI='
[2025-09-07 15:32:19,322] DEBUG: Flattened df_all missing expected columns: ['host_venue__display_name', 'author_name', 'author_openalex_id']
[2025-09-07 15:32:19,341] INFO: Appended 18 lifetime works for Kristen Conn
[2025-09-07 15:32:19,344] INFO: Appended 4 last-5y works for Kristen Conn
[2025-09-07 15:32:19,344] INFO: Processing John Ellis (https://openalex.org/A5007566988)
[2025-09-07 15:32:19,344] INFO: OpenAlex fetch for https://openalex.org/A5007566988 (last 5 years >= 2021)
[2025-09-07 15:32:19,345] DEBUG: Starting new HTTPS connection (1): api.openalex.org:443
[2025-09-07 15:32:19,569] DEBUG: https://api.openalex.org:443 "GET /works?filter=author.id%3Ahttps%3A%2F%2Fopenalex.org%2FA5007566988&per-page=200&cursor=%2A HTTP/1.1" 200 548785
[2025-09-07 15:32:19,630] DEBUG: Fetched 200 results at cursor '*'
[2025-09-07 15:32:19,631] DEBUG: Starting new HTTPS connection (1): api.openalex.org:443
[2025-09-07 15:32:19,841] DEBUG: https://api.openalex.org:443 "GET /works?filter=author.id%3Ahttps%3A%2F%2Fopenalex.org%2FA5007566988&per-page=200&cursor=Ils5MS4wLCAxOSwgJ2h0dHBzOi8vb3BlbmFsZXgub3JnL1cyNzYzMjk0NzIxJ10i HTTP/1.1" 200 444800
[2025-09-07 15:32:19,917] DEBUG: Fetched 200 results at cursor 'Ils5MS4wLCAxOSwgJ2h0dHBzOi8vb3BlbmFsZXgub3JnL1cyNzYzMjk0NzIxJ10i'
[2025-09-07 15:32:19,918] DEBUG: Starting new HTTPS connection (1): api.openalex.org:443
[2025-09-07 15:32:20,140] DEBUG: https://api.openalex.org:443 "GET /works?filter=author.id%3Ahttps%3A%2F%2Fopenalex.org%2FA5007566988&per-page=200&cursor=Ils2OS4wLCAxLCAnaHR0cHM6Ly9vcGVuYWxleC5vcmcvVzI5NDQ1MTYwMTMnXSI%3D HTTP/1.1" 200 178300
[2025-09-07 15:32:20,176] DEBUG: Fetched 103 results at cursor 'Ils2OS4wLCAxLCAnaHR0cHM6Ly9vcGVuYWxleC5vcmcvVzI5NDQ1MTYwMTMnXSI='
[2025-09-07 15:32:20,177] DEBUG: Starting new HTTPS connection (1): api.openalex.org:443
[2025-09-07 15:32:20,297] DEBUG: https://api.openalex.org:443 "GET /works?filter=author.id%3Ahttps%3A%2F%2Fopenalex.org%2FA5007566988&per-page=200&cursor=Ils1My4wLCAwLCAnaHR0cHM6Ly9vcGVuYWxleC5vcmcvVzQyNTYzMjc2MzYnXSI%3D HTTP/1.1" 200 141
[2025-09-07 15:32:20,298] DEBUG: Fetched 0 results at cursor 'Ils1My4wLCAwLCAnaHR0cHM6Ly9vcGVuYWxleC5vcmcvVzQyNTYzMjc2MzYnXSI='
[2025-09-07 15:32:20,976] DEBUG: Flattened df_all missing expected columns: ['host_venue__display_name', 'author_name', 'author_openalex_id']
[2025-09-07 15:32:20,997] INFO: Appended 503 lifetime works for John Ellis
[2025-09-07 15:32:21,001] INFO: Appended 47 last-5y works for John Ellis
[2025-09-07 15:32:21,001] INFO: Processing Volker Gerdts (https://openalex.org/A5054537882)
[2025-09-07 15:32:21,001] INFO: OpenAlex fetch for https://openalex.org/A5054537882 (last 5 years >= 2021)
[2025-09-07 15:32:21,002] DEBUG: Starting new HTTPS connection (1): api.openalex.org:443
[2025-09-07 15:32:21,285] DEBUG: https://api.openalex.org:443 "GET /works?filter=author.id%3Ahttps%3A%2F%2Fopenalex.org%2FA5054537882&per-page=200&cursor=%2A HTTP/1.1" 200 598893
[2025-09-07 15:32:21,384] DEBUG: Fetched 200 results at cursor '*'
[2025-09-07 15:32:21,385] DEBUG: Starting new HTTPS connection (1): api.openalex.org:443
[2025-09-07 15:32:21,552] DEBUG: https://api.openalex.org:443 "GET /works?filter=author.id%3Ahttps%3A%2F%2Fopenalex.org%2FA5054537882&per-page=200&cursor=Ils2MC4wLCAwLCAnaHR0cHM6Ly9vcGVuYWxleC5vcmcvVzMwODgwMzcwNjEnXSI%3D HTTP/1.1" 200 10600
[2025-09-07 15:32:21,554] DEBUG: Fetched 6 results at cursor 'Ils2MC4wLCAwLCAnaHR0cHM6Ly9vcGVuYWxleC5vcmcvVzMwODgwMzcwNjEnXSI='
[2025-09-07 15:32:21,555] DEBUG: Starting new HTTPS connection (1): api.openalex.org:443
[2025-09-07 15:32:21,658] DEBUG: https://api.openalex.org:443 "GET /works?filter=author.id%3Ahttps%3A%2F%2Fopenalex.org%2FA5054537882&per-page=200&cursor=Ils1Ni4wLCAwLCAnaHR0cHM6Ly9vcGVuYWxleC5vcmcvVzMyMTcxNTYxODQnXSI%3D HTTP/1.1" 200 141
[2025-09-07 15:32:21,659] DEBUG: Fetched 0 results at cursor 'Ils1Ni4wLCAwLCAnaHR0cHM6Ly9vcGVuYWxleC5vcmcvVzMyMTcxNTYxODQnXSI='
[2025-09-07 15:32:21,869] DEBUG: Flattened df_all missing expected columns: ['host_venue__display_name', 'author_name', 'author_openalex_id']
[2025-09-07 15:32:21,907] INFO: Appended 206 lifetime works for Volker Gerdts
[2025-09-07 15:32:21,911] INFO: Appended 49 last-5y works for Volker Gerdts
[2025-09-07 15:32:21,911] INFO: Processing Emily Jenkins (https://openalex.org/A5075278671)
[2025-09-07 15:32:21,911] INFO: OpenAlex fetch for https://openalex.org/A5075278671 (last 5 years >= 2021)
[2025-09-07 15:32:21,912] DEBUG: Starting new HTTPS connection (1): api.openalex.org:443
[2025-09-07 15:32:24,366] DEBUG: https://api.openalex.org:443 "GET /works?filter=author.id%3Ahttps%3A%2F%2Fopenalex.org%2FA5075278671&per-page=200&cursor=%2A HTTP/1.1" 200 593693
[2025-09-07 15:32:24,513] DEBUG: Fetched 177 results at cursor '*'
[2025-09-07 15:32:24,514] DEBUG: Starting new HTTPS connection (1): api.openalex.org:443
[2025-09-07 15:32:24,790] DEBUG: https://api.openalex.org:443 "GET /works?filter=author.id%3Ahttps%3A%2F%2Fopenalex.org%2FA5075278671&per-page=200&cursor=Ils1Ni4wLCAwLCAnaHR0cHM6Ly9vcGVuYWxleC5vcmcvVzMyMTEwMTg2MzcnXSI%3D HTTP/1.1" 200 141
[2025-09-07 15:32:24,792] DEBUG: Fetched 0 results at cursor 'Ils1Ni4wLCAwLCAnaHR0cHM6Ly9vcGVuYWxleC5vcmcvVzMyMTEwMTg2MzcnXSI='
[2025-09-07 15:32:25,075] DEBUG: Flattened df_all missing expected columns: ['host_venue__display_name', 'author_name', 'author_openalex_id']
[2025-09-07 15:32:25,097] INFO: Appended 177 lifetime works for Emily Jenkins
[2025-09-07 15:32:25,101] INFO: Appended 63 last-5y works for Emily Jenkins
[2025-09-07 15:32:25,101] INFO: Processing Joseph Rubin (https://openalex.org/A5032938268)
[2025-09-07 15:32:25,102] INFO: OpenAlex fetch for https://openalex.org/A5032938268 (last 5 years >= 2021)
[2025-09-07 15:32:25,103] DEBUG: Starting new HTTPS connection (1): api.openalex.org:443
[2025-09-07 15:32:25,263] DEBUG: https://api.openalex.org:443 "GET /works?filter=author.id%3Ahttps%3A%2F%2Fopenalex.org%2FA5032938268&per-page=200&cursor=%2A HTTP/1.1" 200 190719
[2025-09-07 15:32:25,303] DEBUG: Fetched 79 results at cursor '*'
[2025-09-07 15:32:25,304] DEBUG: Starting new HTTPS connection (1): api.openalex.org:443
[2025-09-07 15:32:25,409] DEBUG: https://api.openalex.org:443 "GET /works?filter=author.id%3Ahttps%3A%2F%2Fopenalex.org%2FA5032938268&per-page=200&cursor=Ils1OC4wLCAwLCAnaHR0cHM6Ly9vcGVuYWxleC5vcmcvVzQzMDE4MTkxMTInXSI%3D HTTP/1.1" 200 141
[2025-09-07 15:32:25,410] DEBUG: Fetched 0 results at cursor 'Ils1OC4wLCAwLCAnaHR0cHM6Ly9vcGVuYWxleC5vcmcvVzQzMDE4MTkxMTInXSI='
[2025-09-07 15:32:25,491] DEBUG: Flattened df_all missing expected columns: ['host_venue__display_name', 'author_name', 'author_openalex_id']
[2025-09-07 15:32:25,508] INFO: Appended 79 lifetime works for Joseph Rubin
[2025-09-07 15:32:25,511] INFO: Appended 18 last-5y works for Joseph Rubin
[2025-09-07 15:32:25,511] INFO: Processing Tony Ruzzini (https://openalex.org/A5016372093)
[2025-09-07 15:32:25,511] INFO: OpenAlex fetch for https://openalex.org/A5016372093 (last 5 years >= 2021)
[2025-09-07 15:32:25,512] DEBUG: Starting new HTTPS connection (1): api.openalex.org:443
[2025-09-07 15:32:25,715] DEBUG: https://api.openalex.org:443 "GET /works?filter=author.id%3Ahttps%3A%2F%2Fopenalex.org%2FA5016372093&per-page=200&cursor=%2A HTTP/1.1" 200 103183
[2025-09-07 15:32:25,777] DEBUG: Fetched 37 results at cursor '*'
[2025-09-07 15:32:25,778] DEBUG: Starting new HTTPS connection (1): api.openalex.org:443
[2025-09-07 15:32:25,877] DEBUG: https://api.openalex.org:443 "GET /works?filter=author.id%3Ahttps%3A%2F%2Fopenalex.org%2FA5016372093&per-page=200&cursor=Ils2MS4wLCAwLCAnaHR0cHM6Ly9vcGVuYWxleC5vcmcvVzI5NzA5NjgzMTYnXSI%3D HTTP/1.1" 200 140
[2025-09-07 15:32:25,878] DEBUG: Fetched 0 results at cursor 'Ils2MS4wLCAwLCAnaHR0cHM6Ly9vcGVuYWxleC5vcmcvVzI5NzA5NjgzMTYnXSI='
[2025-09-07 15:32:25,923] DEBUG: Flattened df_all missing expected columns: ['host_venue__display_name', 'author_name', 'author_openalex_id']
[2025-09-07 15:32:25,934] INFO: Appended 37 lifetime works for Tony Ruzzini
[2025-09-07 15:32:25,936] INFO: Appended 12 last-5y works for Tony Ruzzini
[2025-09-07 15:32:25,936] INFO: Processing Maarten Voordouw (https://openalex.org/A5026690931)
[2025-09-07 15:32:25,936] INFO: OpenAlex fetch for https://openalex.org/A5026690931 (last 5 years >= 2021)
[2025-09-07 15:32:25,937] DEBUG: Starting new HTTPS connection (1): api.openalex.org:443
[2025-09-07 15:32:26,117] DEBUG: https://api.openalex.org:443 "GET /works?filter=author.id%3Ahttps%3A%2F%2Fopenalex.org%2FA5026690931&per-page=200&cursor=%2A HTTP/1.1" 200 295698
[2025-09-07 15:32:26,168] DEBUG: Fetched 96 results at cursor '*'
[2025-09-07 15:32:26,169] DEBUG: Starting new HTTPS connection (1): api.openalex.org:443
[2025-09-07 15:32:26,301] DEBUG: https://api.openalex.org:443 "GET /works?filter=author.id%3Ahttps%3A%2F%2Fopenalex.org%2FA5026690931&per-page=200&cursor=Ils1Ni4wLCAwLCAnaHR0cHM6Ly9vcGVuYWxleC5vcmcvVzQzOTQwODAwNzgnXSI%3D HTTP/1.1" 200 140
[2025-09-07 15:32:26,302] DEBUG: Fetched 0 results at cursor 'Ils1Ni4wLCAwLCAnaHR0cHM6Ly9vcGVuYWxleC5vcmcvVzQzOTQwODAwNzgnXSI='
[2025-09-07 15:32:26,394] DEBUG: Flattened df_all missing expected columns: ['host_venue__display_name', 'author_name', 'author_openalex_id']
[2025-09-07 15:32:26,403] INFO: Appended 96 lifetime works for Maarten Voordouw
[2025-09-07 15:32:26,406] INFO: Appended 26 last-5y works for Maarten Voordouw
[2025-09-07 15:32:26,406] INFO: Processing Arinjay Banerjee (https://openalex.org/A5050567215)
[2025-09-07 15:32:26,406] INFO: OpenAlex fetch for https://openalex.org/A5050567215 (last 5 years >= 2021)
[2025-09-07 15:32:26,407] DEBUG: Starting new HTTPS connection (1): api.openalex.org:443
[2025-09-07 15:32:26,696] DEBUG: https://api.openalex.org:443 "GET /works?filter=author.id%3Ahttps%3A%2F%2Fopenalex.org%2FA5050567215&per-page=200&cursor=%2A HTTP/1.1" 200 429859
[2025-09-07 15:32:26,824] DEBUG: Fetched 110 results at cursor '*'
[2025-09-07 15:32:26,825] DEBUG: Starting new HTTPS connection (1): api.openalex.org:443
[2025-09-07 15:32:27,017] DEBUG: https://api.openalex.org:443 "GET /works?filter=author.id%3Ahttps%3A%2F%2Fopenalex.org%2FA5050567215&per-page=200&cursor=Ils1Ni4wLCAwLCAnaHR0cHM6Ly9vcGVuYWxleC5vcmcvVzMxNzYwNDkxMTYnXSI%3D HTTP/1.1" 200 141
[2025-09-07 15:32:27,018] DEBUG: Fetched 0 results at cursor 'Ils1Ni4wLCAwLCAnaHR0cHM6Ly9vcGVuYWxleC5vcmcvVzMxNzYwNDkxMTYnXSI='
[2025-09-07 15:32:27,163] DEBUG: Flattened df_all missing expected columns: ['host_venue__display_name', 'author_name', 'author_openalex_id']
[2025-09-07 15:32:27,177] INFO: Appended 110 lifetime works for Arinjay Banerjee
[2025-09-07 15:32:27,182] INFO: Appended 72 last-5y works for Arinjay Banerjee
[2025-09-07 15:32:27,182] INFO: Processing Jeffrey Chen (https://openalex.org/A5000375230)
[2025-09-07 15:32:27,182] INFO: OpenAlex fetch for https://openalex.org/A5000375230 (last 5 years >= 2021)
[2025-09-07 15:32:27,183] DEBUG: Starting new HTTPS connection (1): api.openalex.org:443
[2025-09-07 15:32:27,370] DEBUG: https://api.openalex.org:443 "GET /works?filter=author.id%3Ahttps%3A%2F%2Fopenalex.org%2FA5000375230&per-page=200&cursor=%2A HTTP/1.1" 200 86508
[2025-09-07 15:32:27,389] DEBUG: Fetched 30 results at cursor '*'
[2025-09-07 15:32:27,390] DEBUG: Starting new HTTPS connection (1): api.openalex.org:443
[2025-09-07 15:32:27,489] DEBUG: https://api.openalex.org:443 "GET /works?filter=author.id%3Ahttps%3A%2F%2Fopenalex.org%2FA5000375230&per-page=200&cursor=Ils1Ni4wLCAwLCAnaHR0cHM6Ly9vcGVuYWxleC5vcmcvVzMyMDg4MDU3MjQnXSI%3D HTTP/1.1" 200 140
[2025-09-07 15:32:27,491] DEBUG: Fetched 0 results at cursor 'Ils1Ni4wLCAwLCAnaHR0cHM6Ly9vcGVuYWxleC5vcmcvVzMyMDg4MDU3MjQnXSI='
[2025-09-07 15:32:27,530] DEBUG: Flattened df_all missing expected columns: ['host_venue__display_name', 'author_name', 'author_openalex_id']
[2025-09-07 15:32:27,542] INFO: Appended 30 lifetime works for Jeffrey Chen
[2025-09-07 15:32:27,544] INFO: Appended 9 last-5y works for Jeffrey Chen
[2025-09-07 15:32:27,544] INFO: Processing Antonio Facciuolo (https://openalex.org/A5088785492)
[2025-09-07 15:32:27,544] INFO: OpenAlex fetch for https://openalex.org/A5088785492 (last 5 years >= 2021)
[2025-09-07 15:32:27,545] DEBUG: Starting new HTTPS connection (1): api.openalex.org:443
[2025-09-07 15:32:27,672] DEBUG: https://api.openalex.org:443 "GET /works?filter=author.id%3Ahttps%3A%2F%2Fopenalex.org%2FA5088785492&per-page=200&cursor=%2A HTTP/1.1" 200 91153
[2025-09-07 15:32:27,692] DEBUG: Fetched 28 results at cursor '*'
[2025-09-07 15:32:27,693] DEBUG: Starting new HTTPS connection (1): api.openalex.org:443
[2025-09-07 15:32:27,974] DEBUG: https://api.openalex.org:443 "GET /works?filter=author.id%3Ahttps%3A%2F%2Fopenalex.org%2FA5088785492&per-page=200&cursor=Ils2My4wLCAwLCAnaHR0cHM6Ly9vcGVuYWxleC5vcmcvVzQzODczNzY0NDgnXSI%3D HTTP/1.1" 200 140
[2025-09-07 15:32:27,975] DEBUG: Fetched 0 results at cursor 'Ils2My4wLCAwLCAnaHR0cHM6Ly9vcGVuYWxleC5vcmcvVzQzODczNzY0NDgnXSI='
[2025-09-07 15:32:28,017] DEBUG: Flattened df_all missing expected columns: ['host_venue__display_name', 'author_name', 'author_openalex_id']
[2025-09-07 15:32:28,023] INFO: Appended 28 lifetime works for Antonio Facciuolo
[2025-09-07 15:32:28,026] INFO: Appended 18 last-5y works for Antonio Facciuolo
[2025-09-07 15:32:28,026] INFO: Processing Darryl Falzarano (https://openalex.org/A5041967571)
[2025-09-07 15:32:28,026] INFO: OpenAlex fetch for https://openalex.org/A5041967571 (last 5 years >= 2021)
[2025-09-07 15:32:28,027] DEBUG: Starting new HTTPS connection (1): api.openalex.org:443
[2025-09-07 15:32:28,477] DEBUG: https://api.openalex.org:443 "GET /works?filter=author.id%3Ahttps%3A%2F%2Fopenalex.org%2FA5041967571&per-page=200&cursor=%2A HTTP/1.1" 200 476260
[2025-09-07 15:32:28,552] DEBUG: Fetched 132 results at cursor '*'
[2025-09-07 15:32:28,553] DEBUG: Starting new HTTPS connection (1): api.openalex.org:443
[2025-09-07 15:32:28,680] DEBUG: https://api.openalex.org:443 "GET /works?filter=author.id%3Ahttps%3A%2F%2Fopenalex.org%2FA5041967571&per-page=200&cursor=Ils1Ni4wLCAwLCAnaHR0cHM6Ly9vcGVuYWxleC5vcmcvVzMyMTQ5NTI4NDInXSI%3D HTTP/1.1" 200 141
[2025-09-07 15:32:28,681] DEBUG: Fetched 0 results at cursor 'Ils1Ni4wLCAwLCAnaHR0cHM6Ly9vcGVuYWxleC5vcmcvVzMyMTQ5NTI4NDInXSI='
[2025-09-07 15:32:28,842] DEBUG: Flattened df_all missing expected columns: ['host_venue__display_name', 'author_name', 'author_openalex_id']
[2025-09-07 15:32:28,853] INFO: Appended 132 lifetime works for Darryl Falzarano
[2025-09-07 15:32:28,858] INFO: Appended 70 last-5y works for Darryl Falzarano
[2025-09-07 15:32:28,858] INFO: Processing Kazal Ghosh (https://openalex.org/A5073467123)
[2025-09-07 15:32:28,858] INFO: OpenAlex fetch for https://openalex.org/A5073467123 (last 5 years >= 2021)
[2025-09-07 15:32:28,859] DEBUG: Starting new HTTPS connection (1): api.openalex.org:443
[2025-09-07 15:32:28,993] DEBUG: https://api.openalex.org:443 "GET /works?filter=author.id%3Ahttps%3A%2F%2Fopenalex.org%2FA5073467123&per-page=200&cursor=%2A HTTP/1.1" 200 23148
[2025-09-07 15:32:29,001] DEBUG: Fetched 9 results at cursor '*'
[2025-09-07 15:32:29,002] DEBUG: Starting new HTTPS connection (1): api.openalex.org:443
[2025-09-07 15:32:29,113] DEBUG: https://api.openalex.org:443 "GET /works?filter=author.id%3Ahttps%3A%2F%2Fopenalex.org%2FA5073467123&per-page=200&cursor=Ils1OC4wLCAwLCAnaHR0cHM6Ly9vcGVuYWxleC5vcmcvVzQzMjEwMDMxOTknXSI%3D HTTP/1.1" 200 139
[2025-09-07 15:32:29,114] DEBUG: Fetched 0 results at cursor 'Ils1OC4wLCAwLCAnaHR0cHM6Ly9vcGVuYWxleC5vcmcvVzQzMjEwMDMxOTknXSI='
[2025-09-07 15:32:29,132] DEBUG: Flattened df_all missing expected columns: ['host_venue__display_name', 'author_name', 'author_openalex_id']
[2025-09-07 15:32:29,144] INFO: Appended 9 lifetime works for Kazal Ghosh
[2025-09-07 15:32:29,146] INFO: Appended 7 last-5y works for Kazal Ghosh
[2025-09-07 15:32:29,147] INFO: Processing Uladzimir Karniychuk (https://openalex.org/A5012825986)
[2025-09-07 15:32:29,147] INFO: OpenAlex fetch for https://openalex.org/A5012825986 (last 5 years >= 2021)
[2025-09-07 15:32:29,148] DEBUG: Starting new HTTPS connection (1): api.openalex.org:443
[2025-09-07 15:32:29,330] DEBUG: https://api.openalex.org:443 "GET /works?filter=author.id%3Ahttps%3A%2F%2Fopenalex.org%2FA5012825986&per-page=200&cursor=%2A HTTP/1.1" 200 139045
[2025-09-07 15:32:29,360] DEBUG: Fetched 62 results at cursor '*'
[2025-09-07 15:32:29,361] DEBUG: Starting new HTTPS connection (1): api.openalex.org:443
[2025-09-07 15:32:29,512] DEBUG: https://api.openalex.org:443 "GET /works?filter=author.id%3Ahttps%3A%2F%2Fopenalex.org%2FA5012825986&per-page=200&cursor=Ils2MS4wLCAwLCAnaHR0cHM6Ly9vcGVuYWxleC5vcmcvVzQzOTQ0NDg4MzQnXSI%3D HTTP/1.1" 200 140
[2025-09-07 15:32:29,514] DEBUG: Fetched 0 results at cursor 'Ils2MS4wLCAwLCAnaHR0cHM6Ly9vcGVuYWxleC5vcmcvVzQzOTQ0NDg4MzQnXSI='
[2025-09-07 15:32:29,560] DEBUG: Flattened df_all missing expected columns: ['host_venue__display_name', 'author_name', 'author_openalex_id']
[2025-09-07 15:32:29,566] INFO: Appended 62 lifetime works for Uladzimir Karniychuk
[2025-09-07 15:32:29,568] INFO: Appended 15 last-5y works for Uladzimir Karniychuk
[2025-09-07 15:32:29,568] INFO: Processing Wolfgang Koester (https://openalex.org/A5053166362)
[2025-09-07 15:32:29,568] INFO: OpenAlex fetch for https://openalex.org/A5053166362 (last 5 years >= 2021)
[2025-09-07 15:32:29,569] DEBUG: Starting new HTTPS connection (1): api.openalex.org:443
[2025-09-07 15:32:29,821] DEBUG: https://api.openalex.org:443 "GET /works?filter=author.id%3Ahttps%3A%2F%2Fopenalex.org%2FA5053166362&per-page=200&cursor=%2A HTTP/1.1" 200 179558
[2025-09-07 15:32:29,852] DEBUG: Fetched 67 results at cursor '*'
[2025-09-07 15:32:29,853] DEBUG: Starting new HTTPS connection (1): api.openalex.org:443
[2025-09-07 15:32:29,981] DEBUG: https://api.openalex.org:443 "GET /works?filter=author.id%3Ahttps%3A%2F%2Fopenalex.org%2FA5053166362&per-page=200&cursor=Ils1My4wLCAwLCAnaHR0cHM6Ly9vcGVuYWxleC5vcmcvVzE1Mzg4NzQ0MSddIg%3D%3D HTTP/1.1" 200 140
[2025-09-07 15:32:29,983] DEBUG: Fetched 0 results at cursor 'Ils1My4wLCAwLCAnaHR0cHM6Ly9vcGVuYWxleC5vcmcvVzE1Mzg4NzQ0MSddIg=='
[2025-09-07 15:32:30,049] DEBUG: Flattened df_all missing expected columns: ['host_venue__display_name', 'author_name', 'author_openalex_id']
[2025-09-07 15:32:30,056] INFO: Appended 67 lifetime works for Wolfgang Koester
[2025-09-07 15:32:30,059] INFO: Appended 11 last-5y works for Wolfgang Koester
[2025-09-07 15:32:30,059] INFO: Processing Qiang Liu (https://openalex.org/A5100409525)
[2025-09-07 15:32:30,059] INFO: OpenAlex fetch for https://openalex.org/A5100409525 (last 5 years >= 2021)
[2025-09-07 15:32:30,060] DEBUG: Starting new HTTPS connection (1): api.openalex.org:443
[2025-09-07 15:32:30,350] DEBUG: https://api.openalex.org:443 "GET /works?filter=author.id%3Ahttps%3A%2F%2Fopenalex.org%2FA5100409525&per-page=200&cursor=%2A HTTP/1.1" 200 269012
[2025-09-07 15:32:30,394] DEBUG: Fetched 97 results at cursor '*'
[2025-09-07 15:32:30,395] DEBUG: Starting new HTTPS connection (1): api.openalex.org:443
[2025-09-07 15:32:30,548] DEBUG: https://api.openalex.org:443 "GET /works?filter=author.id%3Ahttps%3A%2F%2Fopenalex.org%2FA5100409525&per-page=200&cursor=Ils1NS4wLCAwLCAnaHR0cHM6Ly9vcGVuYWxleC5vcmcvVzI3NzQ0Nzc2ODInXSI%3D HTTP/1.1" 200 141
[2025-09-07 15:32:30,549] DEBUG: Fetched 0 results at cursor 'Ils1NS4wLCAwLCAnaHR0cHM6Ly9vcGVuYWxleC5vcmcvVzI3NzQ0Nzc2ODInXSI='
[2025-09-07 15:32:30,661] DEBUG: Flattened df_all missing expected columns: ['host_venue__display_name', 'author_name', 'author_openalex_id']
[2025-09-07 15:32:30,670] INFO: Appended 97 lifetime works for Qiang Liu
[2025-09-07 15:32:30,673] INFO: Appended 25 last-5y works for Qiang Liu
[2025-09-07 15:32:30,674] INFO: Processing Musangu Ngeleka (https://openalex.org/A5018933207)
[2025-09-07 15:32:30,674] INFO: OpenAlex fetch for https://openalex.org/A5018933207 (last 5 years >= 2021)
[2025-09-07 15:32:30,675] DEBUG: Starting new HTTPS connection (1): api.openalex.org:443
[2025-09-07 15:32:30,812] DEBUG: https://api.openalex.org:443 "GET /works?filter=author.id%3Ahttps%3A%2F%2Fopenalex.org%2FA5018933207&per-page=200&cursor=%2A HTTP/1.1" 200 110850
[2025-09-07 15:32:30,853] DEBUG: Fetched 42 results at cursor '*'
[2025-09-07 15:32:30,854] DEBUG: Starting new HTTPS connection (1): api.openalex.org:443
[2025-09-07 15:32:31,018] DEBUG: https://api.openalex.org:443 "GET /works?filter=author.id%3Ahttps%3A%2F%2Fopenalex.org%2FA5018933207&per-page=200&cursor=Ils1Ni4wLCAwLCAnaHR0cHM6Ly9vcGVuYWxleC5vcmcvVzQyNDQ1NDM2MzMnXSI%3D HTTP/1.1" 200 140
[2025-09-07 15:32:31,019] DEBUG: Fetched 0 results at cursor 'Ils1Ni4wLCAwLCAnaHR0cHM6Ly9vcGVuYWxleC5vcmcvVzQyNDQ1NDM2MzMnXSI='
[2025-09-07 15:32:31,072] DEBUG: Flattened df_all missing expected columns: ['host_venue__display_name', 'author_name', 'author_openalex_id']
[2025-09-07 15:32:31,082] INFO: Appended 42 lifetime works for Musangu Ngeleka
[2025-09-07 15:32:31,082] INFO: No last-5y works for Musangu Ngeleka
[2025-09-07 15:32:31,082] INFO: Processing Jose Perez-casal (https://openalex.org/A5075533328)
[2025-09-07 15:32:31,082] INFO: OpenAlex fetch for https://openalex.org/A5075533328 (last 5 years >= 2021)
[2025-09-07 15:32:31,083] DEBUG: Starting new HTTPS connection (1): api.openalex.org:443
[2025-09-07 15:32:31,300] DEBUG: https://api.openalex.org:443 "GET /works?filter=author.id%3Ahttps%3A%2F%2Fopenalex.org%2FA5075533328&per-page=200&cursor=%2A HTTP/1.1" 200 159520
[2025-09-07 15:32:31,329] DEBUG: Fetched 75 results at cursor '*'
[2025-09-07 15:32:31,330] DEBUG: Starting new HTTPS connection (1): api.openalex.org:443
[2025-09-07 15:32:31,493] DEBUG: https://api.openalex.org:443 "GET /works?filter=author.id%3Ahttps%3A%2F%2Fopenalex.org%2FA5075533328&per-page=200&cursor=Ils1Ni4wLCAwLCAnaHR0cHM6Ly9vcGVuYWxleC5vcmcvVzQzOTQxMjMxNjEnXSI%3D HTTP/1.1" 200 140
[2025-09-07 15:32:31,495] DEBUG: Fetched 0 results at cursor 'Ils1Ni4wLCAwLCAnaHR0cHM6Ly9vcGVuYWxleC5vcmcvVzQzOTQxMjMxNjEnXSI='
[2025-09-07 15:32:31,548] DEBUG: Flattened df_all missing expected columns: ['host_venue__display_name', 'author_name', 'author_openalex_id']
[2025-09-07 15:32:31,556] INFO: Appended 75 lifetime works for Jose Perez-casal
[2025-09-07 15:32:31,558] INFO: Appended 11 last-5y works for Jose Perez-casal
[2025-09-07 15:32:31,558] INFO: Processing Camila Queiroz (https://openalex.org/A5061580720)
[2025-09-07 15:32:31,558] INFO: OpenAlex fetch for https://openalex.org/A5061580720 (last 5 years >= 2021)
[2025-09-07 15:32:31,559] DEBUG: Starting new HTTPS connection (1): api.openalex.org:443
[2025-09-07 15:32:31,666] DEBUG: https://api.openalex.org:443 "GET /works?filter=author.id%3Ahttps%3A%2F%2Fopenalex.org%2FA5061580720&per-page=200&cursor=%2A HTTP/1.1" 200 18239
[2025-09-07 15:32:31,673] DEBUG: Fetched 7 results at cursor '*'
[2025-09-07 15:32:31,674] DEBUG: Starting new HTTPS connection (1): api.openalex.org:443
[2025-09-07 15:32:33,112] DEBUG: https://api.openalex.org:443 "GET /works?filter=author.id%3Ahttps%3A%2F%2Fopenalex.org%2FA5061580720&per-page=200&cursor=Ils1Ni4wLCAwLCAnaHR0cHM6Ly9vcGVuYWxleC5vcmcvVzQzOTQxMTE1NTQnXSI%3D HTTP/1.1" 200 140
[2025-09-07 15:32:33,114] DEBUG: Fetched 0 results at cursor 'Ils1Ni4wLCAwLCAnaHR0cHM6Ly9vcGVuYWxleC5vcmcvVzQzOTQxMTE1NTQnXSI='
[2025-09-07 15:32:33,128] DEBUG: Flattened df_all missing expected columns: ['host_venue__display_name', 'author_name', 'author_openalex_id']
[2025-09-07 15:32:33,134] INFO: Appended 7 lifetime works for Camila Queiroz
[2025-09-07 15:32:33,136] INFO: Appended 1 last-5y works for Camila Queiroz
[2025-09-07 15:32:33,136] INFO: Processing Loki Snyman (https://openalex.org/A5095017105)
[2025-09-07 15:32:33,136] INFO: OpenAlex fetch for https://openalex.org/A5095017105 (last 5 years >= 2021)
[2025-09-07 15:32:33,137] DEBUG: Starting new HTTPS connection (1): api.openalex.org:443
[2025-09-07 15:32:33,230] DEBUG: https://api.openalex.org:443 "GET /works?filter=author.id%3Ahttps%3A%2F%2Fopenalex.org%2FA5095017105&per-page=200&cursor=%2A HTTP/1.1" 200 1937
[2025-09-07 15:32:33,230] DEBUG: Fetched 1 results at cursor '*'
[2025-09-07 15:32:33,231] DEBUG: Starting new HTTPS connection (1): api.openalex.org:443
[2025-09-07 15:32:33,368] DEBUG: https://api.openalex.org:443 "GET /works?filter=author.id%3Ahttps%3A%2F%2Fopenalex.org%2FA5095017105&per-page=200&cursor=Ils1Ni4wLCAwLCAnaHR0cHM6Ly9vcGVuYWxleC5vcmcvVzQzOTQzODc3MTMnXSI%3D HTTP/1.1" 200 139
[2025-09-07 15:32:33,369] DEBUG: Fetched 0 results at cursor 'Ils1Ni4wLCAwLCAnaHR0cHM6Ly9vcGVuYWxleC5vcmcvVzQzOTQzODc3MTMnXSI='
[2025-09-07 15:32:33,374] DEBUG: Flattened df_all missing expected columns: ['host_venue__display_name', 'author_name', 'author_openalex_id']
[2025-09-07 15:32:33,377] INFO: Appended 1 lifetime works for Loki Snyman
[2025-09-07 15:32:33,379] INFO: Appended 1 last-5y works for Loki Snyman
[2025-09-07 15:32:33,379] INFO: Processing Heather Wilson (https://openalex.org/A5002970194)
[2025-09-07 15:32:33,379] INFO: OpenAlex fetch for https://openalex.org/A5002970194 (last 5 years >= 2021)
[2025-09-07 15:32:33,380] DEBUG: Starting new HTTPS connection (1): api.openalex.org:443
[2025-09-07 15:32:33,556] DEBUG: https://api.openalex.org:443 "GET /works?filter=author.id%3Ahttps%3A%2F%2Fopenalex.org%2FA5002970194&per-page=200&cursor=%2A HTTP/1.1" 200 483893
[2025-09-07 15:32:33,612] DEBUG: Fetched 169 results at cursor '*'
[2025-09-07 15:32:33,613] DEBUG: Starting new HTTPS connection (1): api.openalex.org:443
[2025-09-07 15:32:33,774] DEBUG: https://api.openalex.org:443 "GET /works?filter=author.id%3Ahttps%3A%2F%2Fopenalex.org%2FA5002970194&per-page=200&cursor=Ils1My4wLCAwLCAnaHR0cHM6Ly9vcGVuYWxleC5vcmcvVzQyNDYxOTI2NTcnXSI%3D HTTP/1.1" 200 141
[2025-09-07 15:32:33,776] DEBUG: Fetched 0 results at cursor 'Ils1My4wLCAwLCAnaHR0cHM6Ly9vcGVuYWxleC5vcmcvVzQyNDYxOTI2NTcnXSI='
[2025-09-07 15:32:34,025] DEBUG: Flattened df_all missing expected columns: ['host_venue__display_name', 'author_name', 'author_openalex_id']
[2025-09-07 15:32:34,036] INFO: Appended 169 lifetime works for Heather Wilson
[2025-09-07 15:32:34,039] INFO: Appended 34 last-5y works for Heather Wilson
[2025-09-07 15:32:34,040] INFO: Processing Yan Zhou (https://openalex.org/A5032015135)
[2025-09-07 15:32:34,040] INFO: OpenAlex fetch for https://openalex.org/A5032015135 (last 5 years >= 2021)
[2025-09-07 15:32:34,041] DEBUG: Starting new HTTPS connection (1): api.openalex.org:443
[2025-09-07 15:32:34,234] DEBUG: https://api.openalex.org:443 "GET /works?filter=author.id%3Ahttps%3A%2F%2Fopenalex.org%2FA5032015135&per-page=200&cursor=%2A HTTP/1.1" 200 364037
[2025-09-07 15:32:34,344] DEBUG: Fetched 121 results at cursor '*'
[2025-09-07 15:32:34,345] DEBUG: Starting new HTTPS connection (1): api.openalex.org:443
[2025-09-07 15:32:34,496] DEBUG: https://api.openalex.org:443 "GET /works?filter=author.id%3Ahttps%3A%2F%2Fopenalex.org%2FA5032015135&per-page=200&cursor=Ils1NS4wLCAwLCAnaHR0cHM6Ly9vcGVuYWxleC5vcmcvVzI0MTE0NDk1NjAnXSI%3D HTTP/1.1" 200 141
[2025-09-07 15:32:34,497] DEBUG: Fetched 0 results at cursor 'Ils1NS4wLCAwLCAnaHR0cHM6Ly9vcGVuYWxleC5vcmcvVzI0MTE0NDk1NjAnXSI='
[2025-09-07 15:32:34,655] DEBUG: Flattened df_all missing expected columns: ['host_venue__display_name', 'author_name', 'author_openalex_id']
[2025-09-07 15:32:34,672] INFO: Appended 121 lifetime works for Yan Zhou
[2025-09-07 15:32:34,676] INFO: Appended 46 last-5y works for Yan Zhou
[2025-09-07 15:32:34,676] INFO: Processing Suresh Tikoo (https://openalex.org/A5028351806)
[2025-09-07 15:32:34,676] INFO: OpenAlex fetch for https://openalex.org/A5028351806 (last 5 years >= 2021)
[2025-09-07 15:32:34,677] DEBUG: Starting new HTTPS connection (1): api.openalex.org:443
[2025-09-07 15:32:34,901] DEBUG: https://api.openalex.org:443 "GET /works?filter=author.id%3Ahttps%3A%2F%2Fopenalex.org%2FA5028351806&per-page=200&cursor=%2A HTTP/1.1" 200 432518
[2025-09-07 15:32:35,018] DEBUG: Fetched 183 results at cursor '*'
[2025-09-07 15:32:35,019] DEBUG: Starting new HTTPS connection (1): api.openalex.org:443
[2025-09-07 15:32:35,128] DEBUG: https://api.openalex.org:443 "GET /works?filter=author.id%3Ahttps%3A%2F%2Fopenalex.org%2FA5028351806&per-page=200&cursor=Ils1My4wLCAwLCAnaHR0cHM6Ly9vcGVuYWxleC5vcmcvVzMyMDI5MjM4OTQnXSI%3D HTTP/1.1" 200 141
[2025-09-07 15:32:35,129] DEBUG: Fetched 0 results at cursor 'Ils1My4wLCAwLCAnaHR0cHM6Ly9vcGVuYWxleC5vcmcvVzMyMDI5MjM4OTQnXSI='
[2025-09-07 15:32:35,281] DEBUG: Flattened df_all missing expected columns: ['host_venue__display_name', 'author_name', 'author_openalex_id']
[2025-09-07 15:32:35,297] INFO: Appended 183 lifetime works for Suresh Tikoo
[2025-09-07 15:32:35,300] INFO: Appended 27 last-5y works for Suresh Tikoo
[2025-09-07 15:32:35,300] INFO: Processing Manuel Chirino (https://openalex.org/A5073090598)
[2025-09-07 15:32:35,300] INFO: OpenAlex fetch for https://openalex.org/A5073090598 (last 5 years >= 2021)
[2025-09-07 15:32:35,301] DEBUG: Starting new HTTPS connection (1): api.openalex.org:443
[2025-09-07 15:32:35,502] DEBUG: https://api.openalex.org:443 "GET /works?filter=author.id%3Ahttps%3A%2F%2Fopenalex.org%2FA5073090598&per-page=200&cursor=%2A HTTP/1.1" 200 154135
[2025-09-07 15:32:35,586] DEBUG: Fetched 68 results at cursor '*'
[2025-09-07 15:32:35,587] DEBUG: Starting new HTTPS connection (1): api.openalex.org:443
[2025-09-07 15:32:35,706] DEBUG: https://api.openalex.org:443 "GET /works?filter=author.id%3Ahttps%3A%2F%2Fopenalex.org%2FA5073090598&per-page=200&cursor=Ils1Ny4wLCAwLCAnaHR0cHM6Ly9vcGVuYWxleC5vcmcvVzMxNzU0NDMwMDEnXSI%3D HTTP/1.1" 200 140
[2025-09-07 15:32:35,708] DEBUG: Fetched 0 results at cursor 'Ils1Ny4wLCAwLCAnaHR0cHM6Ly9vcGVuYWxleC5vcmcvVzMxNzU0NDMwMDEnXSI='
[2025-09-07 15:32:35,774] DEBUG: Flattened df_all missing expected columns: ['host_venue__display_name', 'author_name', 'author_openalex_id']
[2025-09-07 15:32:35,788] INFO: Appended 68 lifetime works for Manuel Chirino
[2025-09-07 15:32:35,790] INFO: Appended 1 last-5y works for Manuel Chirino
[2025-09-07 15:32:35,790] INFO: Processing Debbie Haines (https://openalex.org/A5070489863)
[2025-09-07 15:32:35,790] INFO: OpenAlex fetch for https://openalex.org/A5070489863 (last 5 years >= 2021)
[2025-09-07 15:32:35,791] DEBUG: Starting new HTTPS connection (1): api.openalex.org:443
[2025-09-07 15:32:36,023] DEBUG: https://api.openalex.org:443 "GET /works?filter=author.id%3Ahttps%3A%2F%2Fopenalex.org%2FA5070489863&per-page=200&cursor=%2A HTTP/1.1" 200 464461
[2025-09-07 15:32:36,084] DEBUG: Fetched 200 results at cursor '*'
[2025-09-07 15:32:36,085] DEBUG: Starting new HTTPS connection (1): api.openalex.org:443
[2025-09-07 15:32:36,182] DEBUG: https://api.openalex.org:443 "GET /works?filter=author.id%3Ahttps%3A%2F%2Fopenalex.org%2FA5070489863&per-page=200&cursor=Ils2My4wLCAwLCAnaHR0cHM6Ly9vcGVuYWxleC5vcmcvVzIyNjU2NDIwNzMnXSI%3D HTTP/1.1" 200 22632
[2025-09-07 15:32:36,191] DEBUG: Fetched 13 results at cursor 'Ils2My4wLCAwLCAnaHR0cHM6Ly9vcGVuYWxleC5vcmcvVzIyNjU2NDIwNzMnXSI='
[2025-09-07 15:32:36,192] DEBUG: Starting new HTTPS connection (1): api.openalex.org:443
[2025-09-07 15:32:36,320] DEBUG: https://api.openalex.org:443 "GET /works?filter=author.id%3Ahttps%3A%2F%2Fopenalex.org%2FA5070489863&per-page=200&cursor=Ils1My4wLCAwLCAnaHR0cHM6Ly9vcGVuYWxleC5vcmcvVzQyMzY4Njc1MjAnXSI%3D HTTP/1.1" 200 141
[2025-09-07 15:32:36,321] DEBUG: Fetched 0 results at cursor 'Ils1My4wLCAwLCAnaHR0cHM6Ly9vcGVuYWxleC5vcmcvVzQyMzY4Njc1MjAnXSI='
[2025-09-07 15:32:36,564] DEBUG: Flattened df_all missing expected columns: ['host_venue__display_name', 'author_name', 'author_openalex_id']
[2025-09-07 15:32:36,577] INFO: Appended 213 lifetime works for Debbie Haines
[2025-09-07 15:32:36,580] INFO: Appended 12 last-5y works for Debbie Haines
[2025-09-07 15:32:36,580] INFO: Processing Vikram Misra (https://openalex.org/A5018540324)
[2025-09-07 15:32:36,580] INFO: OpenAlex fetch for https://openalex.org/A5018540324 (last 5 years >= 2021)
[2025-09-07 15:32:36,581] DEBUG: Starting new HTTPS connection (1): api.openalex.org:443
[2025-09-07 15:32:36,794] DEBUG: https://api.openalex.org:443 "GET /works?filter=author.id%3Ahttps%3A%2F%2Fopenalex.org%2FA5018540324&per-page=200&cursor=%2A HTTP/1.1" 200 427864
[2025-09-07 15:32:36,931] DEBUG: Fetched 158 results at cursor '*'
[2025-09-07 15:32:36,932] DEBUG: Starting new HTTPS connection (1): api.openalex.org:443
[2025-09-07 15:32:37,025] DEBUG: https://api.openalex.org:443 "GET /works?filter=author.id%3Ahttps%3A%2F%2Fopenalex.org%2FA5018540324&per-page=200&cursor=Ils1My4wLCAwLCAnaHR0cHM6Ly9vcGVuYWxleC5vcmcvVzIxNDQ0ODI4NjMnXSI%3D HTTP/1.1" 200 141
[2025-09-07 15:32:37,027] DEBUG: Fetched 0 results at cursor 'Ils1My4wLCAwLCAnaHR0cHM6Ly9vcGVuYWxleC5vcmcvVzIxNDQ0ODI4NjMnXSI='
[2025-09-07 15:32:37,234] DEBUG: Flattened df_all missing expected columns: ['host_venue__display_name', 'author_name', 'author_openalex_id']
[2025-09-07 15:32:37,252] INFO: Appended 158 lifetime works for Vikram Misra
[2025-09-07 15:32:37,255] INFO: Appended 16 last-5y works for Vikram Misra
[2025-09-07 15:32:37,256] INFO: Processing Lydden Polley (https://openalex.org/A5070489863)
[2025-09-07 15:32:37,256] INFO: OpenAlex fetch for https://openalex.org/A5070489863 (last 5 years >= 2021)
[2025-09-07 15:32:37,257] DEBUG: Starting new HTTPS connection (1): api.openalex.org:443
[2025-09-07 15:32:37,443] DEBUG: https://api.openalex.org:443 "GET /works?filter=author.id%3Ahttps%3A%2F%2Fopenalex.org%2FA5070489863&per-page=200&cursor=%2A HTTP/1.1" 200 464461
[2025-09-07 15:32:37,509] DEBUG: Fetched 200 results at cursor '*'
[2025-09-07 15:32:37,510] DEBUG: Starting new HTTPS connection (1): api.openalex.org:443
[2025-09-07 15:32:37,615] DEBUG: https://api.openalex.org:443 "GET /works?filter=author.id%3Ahttps%3A%2F%2Fopenalex.org%2FA5070489863&per-page=200&cursor=Ils2My4wLCAwLCAnaHR0cHM6Ly9vcGVuYWxleC5vcmcvVzIyNjU2NDIwNzMnXSI%3D HTTP/1.1" 200 22632
[2025-09-07 15:32:37,625] DEBUG: Fetched 13 results at cursor 'Ils2My4wLCAwLCAnaHR0cHM6Ly9vcGVuYWxleC5vcmcvVzIyNjU2NDIwNzMnXSI='
[2025-09-07 15:32:37,626] DEBUG: Starting new HTTPS connection (1): api.openalex.org:443
[2025-09-07 15:32:37,801] DEBUG: https://api.openalex.org:443 "GET /works?filter=author.id%3Ahttps%3A%2F%2Fopenalex.org%2FA5070489863&per-page=200&cursor=Ils1My4wLCAwLCAnaHR0cHM6Ly9vcGVuYWxleC5vcmcvVzQyMzY4Njc1MjAnXSI%3D HTTP/1.1" 200 142
[2025-09-07 15:32:37,802] DEBUG: Fetched 0 results at cursor 'Ils1My4wLCAwLCAnaHR0cHM6Ly9vcGVuYWxleC5vcmcvVzQyMzY4Njc1MjAnXSI='
[2025-09-07 15:32:38,048] DEBUG: Flattened df_all missing expected columns: ['host_venue__display_name', 'author_name', 'author_openalex_id']
[2025-09-07 15:32:38,068] INFO: Appended 213 lifetime works for Lydden Polley
[2025-09-07 15:32:38,070] INFO: Appended 12 last-5y works for Lydden Polley
[2025-09-07 15:32:38,070] INFO: Processing Andrew Potter (https://openalex.org/A5035086403)
[2025-09-07 15:32:38,071] INFO: OpenAlex fetch for https://openalex.org/A5035086403 (last 5 years >= 2021)
[2025-09-07 15:32:38,072] DEBUG: Starting new HTTPS connection (1): api.openalex.org:443
[2025-09-07 15:32:38,297] DEBUG: https://api.openalex.org:443 "GET /works?filter=author.id%3Ahttps%3A%2F%2Fopenalex.org%2FA5035086403&per-page=200&cursor=%2A HTTP/1.1" 200 547158
[2025-09-07 15:32:38,386] DEBUG: Fetched 200 results at cursor '*'
[2025-09-07 15:32:38,387] DEBUG: Starting new HTTPS connection (1): api.openalex.org:443
[2025-09-07 15:32:38,761] DEBUG: https://api.openalex.org:443 "GET /works?filter=author.id%3Ahttps%3A%2F%2Fopenalex.org%2FA5035086403&per-page=200&cursor=Ils4MS4wLCAxMywgJ2h0dHBzOi8vb3BlbmFsZXgub3JnL1cyMTM3MzQ4MjYzJ10i HTTP/1.1" 200 97463
[2025-09-07 15:32:38,787] DEBUG: Fetched 46 results at cursor 'Ils4MS4wLCAxMywgJ2h0dHBzOi8vb3BlbmFsZXgub3JnL1cyMTM3MzQ4MjYzJ10i'
[2025-09-07 15:32:38,788] DEBUG: Starting new HTTPS connection (1): api.openalex.org:443
[2025-09-07 15:32:38,895] DEBUG: https://api.openalex.org:443 "GET /works?filter=author.id%3Ahttps%3A%2F%2Fopenalex.org%2FA5035086403&per-page=200&cursor=Ils1My4wLCAwLCAnaHR0cHM6Ly9vcGVuYWxleC5vcmcvVzQyMDU4Mzk1MzgnXSI%3D HTTP/1.1" 200 141
[2025-09-07 15:32:38,896] DEBUG: Fetched 0 results at cursor 'Ils1My4wLCAwLCAnaHR0cHM6Ly9vcGVuYWxleC5vcmcvVzQyMDU4Mzk1MzgnXSI='
[2025-09-07 15:32:39,182] DEBUG: Flattened df_all missing expected columns: ['host_venue__display_name', 'author_name', 'author_openalex_id']
[2025-09-07 15:32:39,204] INFO: Appended 246 lifetime works for Andrew Potter
[2025-09-07 15:32:39,207] INFO: Appended 21 last-5y works for Andrew Potter
[2025-09-07 15:32:39,208] INFO: Processing Henry Tabel (nan)
[2025-09-07 15:32:39,208] INFO: OpenAlex fetch for https://openalex.org/nan (last 5 years >= 2021)
[2025-09-07 15:32:39,209] DEBUG: Starting new HTTPS connection (1): api.openalex.org:443
[2025-09-07 15:32:39,394] DEBUG: https://api.openalex.org:443 "GET /works?filter=author.id%3Ahttps%3A%2F%2Fopenalex.org%2Fnan&per-page=200&cursor=%2A HTTP/1.1" 403 90
[2025-09-07 15:32:39,394] ERROR: HTTP error from OpenAlex: 403 Client Error: FORBIDDEN for url: https://api.openalex.org/works?filter=author.id%3Ahttps%3A%2F%2Fopenalex.org%2Fnan&per-page=200&cursor=%2A
Traceback (most recent call last):
  File "/home/runner/work/WCVM_VetMic/WCVM_VetMic/etl/WCVM_VetMic_works.py", line 273, in fetch_author_works_filtered
    resp.raise_for_status()
  File "/opt/hostedtoolcache/Python/3.11.13/x64/lib/python3.11/site-packages/requests/models.py", line 1026, in raise_for_status
    raise HTTPError(http_error_msg, response=self)
requests.exceptions.HTTPError: 403 Client Error: FORBIDDEN for url: https://api.openalex.org/works?filter=author.id%3Ahttps%3A%2F%2Fopenalex.org%2Fnan&per-page=200&cursor=%2A
[2025-09-07 15:32:39,394] INFO: No works returned from OpenAlex for this author.
[2025-09-07 15:32:39,411] INFO: No lifetime works for Henry Tabel
[2025-09-07 15:32:39,411] INFO: No last-5y works for Henry Tabel
[2025-09-07 15:32:39,411] INFO: Total skipped rows due to missing ID: 0
[2025-09-07 15:32:39,425] INFO: Deduplicating 1370 -> 575 rows
[2025-09-07 15:32:39,434] INFO: Deduplicated file written to data/openalex_all_authors_last5y_key_fields_dedup.csv
