[2025-09-05 19:29:10,356] INFO: Removed old artifact: data/openalex_all_authors_lifetime.csv
[2025-09-05 19:29:10,357] INFO: Removed old artifact: data/openalex_all_authors_last5y_key_fields.csv
[2025-09-05 19:29:10,357] INFO: Removed old artifact: data/openalex_all_authors_last5y_key_fields_dedup.csv
[2025-09-05 19:29:10,357] INFO: Reading roster from data/roster_with_metrics.csv
[2025-09-05 19:29:10,359] INFO: Processing Janet Hill (https://openalex.org/A5022032110)
[2025-09-05 19:29:10,359] INFO: OpenAlex fetch for https://openalex.org/A5022032110 (last 5 years >= 2021)
[2025-09-05 19:29:10,361] DEBUG: Starting new HTTPS connection (1): api.openalex.org:443
[2025-09-05 19:29:10,800] DEBUG: https://api.openalex.org:443 "GET /works?filter=author.id%3Ahttps%3A%2F%2Fopenalex.org%2FA5022032110&per-page=200&cursor=%2A HTTP/1.1" 200 571201
[2025-09-05 19:29:10,871] DEBUG: Fetched 200 results at cursor '*'
[2025-09-05 19:29:10,873] DEBUG: Starting new HTTPS connection (1): api.openalex.org:443
[2025-09-05 19:29:11,198] DEBUG: https://api.openalex.org:443 "GET /works?filter=author.id%3Ahttps%3A%2F%2Fopenalex.org%2FA5022032110&per-page=200&cursor=Ils3MC4wLCAwLCAnaHR0cHM6Ly9vcGVuYWxleC5vcmcvVzQzOTE0MDEzOTEnXSI%3D HTTP/1.1" 200 102524
[2025-09-05 19:29:11,226] DEBUG: Fetched 63 results at cursor 'Ils3MC4wLCAwLCAnaHR0cHM6Ly9vcGVuYWxleC5vcmcvVzQzOTE0MDEzOTEnXSI='
[2025-09-05 19:29:11,227] DEBUG: Starting new HTTPS connection (1): api.openalex.org:443
[2025-09-05 19:29:11,368] DEBUG: https://api.openalex.org:443 "GET /works?filter=author.id%3Ahttps%3A%2F%2Fopenalex.org%2FA5022032110&per-page=200&cursor=Ils1My4wLCAwLCAnaHR0cHM6Ly9vcGVuYWxleC5vcmcvVzI5NTMxODg0MzgnXSI%3D HTTP/1.1" 200 142
[2025-09-05 19:29:11,369] DEBUG: Fetched 0 results at cursor 'Ils1My4wLCAwLCAnaHR0cHM6Ly9vcGVuYWxleC5vcmcvVzI5NTMxODg0MzgnXSI='
[2025-09-05 19:29:11,729] DEBUG: Flattened df_all missing expected columns: ['host_venue__display_name', 'author_name', 'author_openalex_id']
[2025-09-05 19:29:11,743] INFO: Appended 263 lifetime works for Janet Hill
[2025-09-05 19:29:11,747] INFO: Appended 57 last-5y works for Janet Hill
[2025-09-05 19:29:11,747] INFO: Processing Kristen Conn (https://openalex.org/A5024161948)
[2025-09-05 19:29:11,747] INFO: OpenAlex fetch for https://openalex.org/A5024161948 (last 5 years >= 2021)
[2025-09-05 19:29:11,748] DEBUG: Starting new HTTPS connection (1): api.openalex.org:443
[2025-09-05 19:29:12,092] DEBUG: https://api.openalex.org:443 "GET /works?filter=author.id%3Ahttps%3A%2F%2Fopenalex.org%2FA5024161948&per-page=200&cursor=%2A HTTP/1.1" 200 64949
[2025-09-05 19:29:12,133] DEBUG: Fetched 18 results at cursor '*'
[2025-09-05 19:29:12,135] DEBUG: Starting new HTTPS connection (1): api.openalex.org:443
[2025-09-05 19:29:12,433] DEBUG: https://api.openalex.org:443 "GET /works?filter=author.id%3Ahttps%3A%2F%2Fopenalex.org%2FA5024161948&per-page=200&cursor=Ils2NC4wLCAwLCAnaHR0cHM6Ly9vcGVuYWxleC5vcmcvVzI4OTY1NDMwMDEnXSI%3D HTTP/1.1" 200 141
[2025-09-05 19:29:12,434] DEBUG: Fetched 0 results at cursor 'Ils2NC4wLCAwLCAnaHR0cHM6Ly9vcGVuYWxleC5vcmcvVzI4OTY1NDMwMDEnXSI='
[2025-09-05 19:29:12,462] DEBUG: Flattened df_all missing expected columns: ['host_venue__display_name', 'author_name', 'author_openalex_id']
[2025-09-05 19:29:12,477] INFO: Appended 18 lifetime works for Kristen Conn
[2025-09-05 19:29:12,480] INFO: Appended 4 last-5y works for Kristen Conn
[2025-09-05 19:29:12,480] INFO: Processing John Ellis (https://openalex.org/A5007566988)
[2025-09-05 19:29:12,480] INFO: OpenAlex fetch for https://openalex.org/A5007566988 (last 5 years >= 2021)
[2025-09-05 19:29:12,481] DEBUG: Starting new HTTPS connection (1): api.openalex.org:443
[2025-09-05 19:29:12,778] DEBUG: https://api.openalex.org:443 "GET /works?filter=author.id%3Ahttps%3A%2F%2Fopenalex.org%2FA5007566988&per-page=200&cursor=%2A HTTP/1.1" 200 548789
[2025-09-05 19:29:12,839] DEBUG: Fetched 200 results at cursor '*'
[2025-09-05 19:29:12,840] DEBUG: Starting new HTTPS connection (1): api.openalex.org:443
[2025-09-05 19:29:13,110] DEBUG: https://api.openalex.org:443 "GET /works?filter=author.id%3Ahttps%3A%2F%2Fopenalex.org%2FA5007566988&per-page=200&cursor=Ils5MS4wLCAxOSwgJ2h0dHBzOi8vb3BlbmFsZXgub3JnL1cyNzYzMjk0NzIxJ10i HTTP/1.1" 200 444719
[2025-09-05 19:29:13,192] DEBUG: Fetched 200 results at cursor 'Ils5MS4wLCAxOSwgJ2h0dHBzOi8vb3BlbmFsZXgub3JnL1cyNzYzMjk0NzIxJ10i'
[2025-09-05 19:29:13,193] DEBUG: Starting new HTTPS connection (1): api.openalex.org:443
[2025-09-05 19:29:13,531] DEBUG: https://api.openalex.org:443 "GET /works?filter=author.id%3Ahttps%3A%2F%2Fopenalex.org%2FA5007566988&per-page=200&cursor=Ils2OS4wLCAxLCAnaHR0cHM6Ly9vcGVuYWxleC5vcmcvVzI5NDQ1MTYwMTMnXSI%3D HTTP/1.1" 200 178252
[2025-09-05 19:29:13,565] DEBUG: Fetched 103 results at cursor 'Ils2OS4wLCAxLCAnaHR0cHM6Ly9vcGVuYWxleC5vcmcvVzI5NDQ1MTYwMTMnXSI='
[2025-09-05 19:29:13,566] DEBUG: Starting new HTTPS connection (1): api.openalex.org:443
[2025-09-05 19:29:13,682] DEBUG: https://api.openalex.org:443 "GET /works?filter=author.id%3Ahttps%3A%2F%2Fopenalex.org%2FA5007566988&per-page=200&cursor=Ils1My4wLCAwLCAnaHR0cHM6Ly9vcGVuYWxleC5vcmcvVzQyNTYzMjc2MzYnXSI%3D HTTP/1.1" 200 141
[2025-09-05 19:29:13,684] DEBUG: Fetched 0 results at cursor 'Ils1My4wLCAwLCAnaHR0cHM6Ly9vcGVuYWxleC5vcmcvVzQyNTYzMjc2MzYnXSI='
[2025-09-05 19:29:14,362] DEBUG: Flattened df_all missing expected columns: ['host_venue__display_name', 'author_name', 'author_openalex_id']
[2025-09-05 19:29:14,383] INFO: Appended 503 lifetime works for John Ellis
[2025-09-05 19:29:14,388] INFO: Appended 47 last-5y works for John Ellis
[2025-09-05 19:29:14,388] INFO: Processing Volker Gerdts (https://openalex.org/A5054537882)
[2025-09-05 19:29:14,388] INFO: OpenAlex fetch for https://openalex.org/A5054537882 (last 5 years >= 2021)
[2025-09-05 19:29:14,389] DEBUG: Starting new HTTPS connection (1): api.openalex.org:443
[2025-09-05 19:29:14,669] DEBUG: https://api.openalex.org:443 "GET /works?filter=author.id%3Ahttps%3A%2F%2Fopenalex.org%2FA5054537882&per-page=200&cursor=%2A HTTP/1.1" 200 598558
[2025-09-05 19:29:14,774] DEBUG: Fetched 200 results at cursor '*'
[2025-09-05 19:29:14,775] DEBUG: Starting new HTTPS connection (1): api.openalex.org:443
[2025-09-05 19:29:15,448] DEBUG: https://api.openalex.org:443 "GET /works?filter=author.id%3Ahttps%3A%2F%2Fopenalex.org%2FA5054537882&per-page=200&cursor=Ils2MC4wLCAwLCAnaHR0cHM6Ly9vcGVuYWxleC5vcmcvVzMwODgwMzcwNjEnXSI%3D HTTP/1.1" 200 10593
[2025-09-05 19:29:15,450] DEBUG: Fetched 6 results at cursor 'Ils2MC4wLCAwLCAnaHR0cHM6Ly9vcGVuYWxleC5vcmcvVzMwODgwMzcwNjEnXSI='
[2025-09-05 19:29:15,451] DEBUG: Starting new HTTPS connection (1): api.openalex.org:443
[2025-09-05 19:29:15,768] DEBUG: https://api.openalex.org:443 "GET /works?filter=author.id%3Ahttps%3A%2F%2Fopenalex.org%2FA5054537882&per-page=200&cursor=Ils1Ni4wLCAwLCAnaHR0cHM6Ly9vcGVuYWxleC5vcmcvVzMyMTcxNTYxODQnXSI%3D HTTP/1.1" 200 141
[2025-09-05 19:29:15,770] DEBUG: Fetched 0 results at cursor 'Ils1Ni4wLCAwLCAnaHR0cHM6Ly9vcGVuYWxleC5vcmcvVzMyMTcxNTYxODQnXSI='
[2025-09-05 19:29:15,991] DEBUG: Flattened df_all missing expected columns: ['host_venue__display_name', 'author_name', 'author_openalex_id']
[2025-09-05 19:29:16,026] INFO: Appended 206 lifetime works for Volker Gerdts
[2025-09-05 19:29:16,030] INFO: Appended 49 last-5y works for Volker Gerdts
[2025-09-05 19:29:16,031] INFO: Processing Emily Jenkins (https://openalex.org/A5075278671)
[2025-09-05 19:29:16,031] INFO: OpenAlex fetch for https://openalex.org/A5075278671 (last 5 years >= 2021)
[2025-09-05 19:29:16,032] DEBUG: Starting new HTTPS connection (1): api.openalex.org:443
[2025-09-05 19:29:16,515] DEBUG: https://api.openalex.org:443 "GET /works?filter=author.id%3Ahttps%3A%2F%2Fopenalex.org%2FA5075278671&per-page=200&cursor=%2A HTTP/1.1" 200 594142
[2025-09-05 19:29:16,641] DEBUG: Fetched 177 results at cursor '*'
[2025-09-05 19:29:16,642] DEBUG: Starting new HTTPS connection (1): api.openalex.org:443
[2025-09-05 19:29:16,754] DEBUG: https://api.openalex.org:443 "GET /works?filter=author.id%3Ahttps%3A%2F%2Fopenalex.org%2FA5075278671&per-page=200&cursor=Ils1Ni4wLCAwLCAnaHR0cHM6Ly9vcGVuYWxleC5vcmcvVzMyMTEwMTg2MzcnXSI%3D HTTP/1.1" 200 141
[2025-09-05 19:29:16,756] DEBUG: Fetched 0 results at cursor 'Ils1Ni4wLCAwLCAnaHR0cHM6Ly9vcGVuYWxleC5vcmcvVzMyMTEwMTg2MzcnXSI='
[2025-09-05 19:29:17,079] DEBUG: Flattened df_all missing expected columns: ['host_venue__display_name', 'author_name', 'author_openalex_id']
[2025-09-05 19:29:17,100] INFO: Appended 177 lifetime works for Emily Jenkins
[2025-09-05 19:29:17,105] INFO: Appended 63 last-5y works for Emily Jenkins
[2025-09-05 19:29:17,105] INFO: Processing Joseph Rubin (https://openalex.org/A5032938268)
[2025-09-05 19:29:17,105] INFO: OpenAlex fetch for https://openalex.org/A5032938268 (last 5 years >= 2021)
[2025-09-05 19:29:17,106] DEBUG: Starting new HTTPS connection (1): api.openalex.org:443
[2025-09-05 19:29:17,458] DEBUG: https://api.openalex.org:443 "GET /works?filter=author.id%3Ahttps%3A%2F%2Fopenalex.org%2FA5032938268&per-page=200&cursor=%2A HTTP/1.1" 200 190656
[2025-09-05 19:29:17,500] DEBUG: Fetched 79 results at cursor '*'
[2025-09-05 19:29:17,501] DEBUG: Starting new HTTPS connection (1): api.openalex.org:443
[2025-09-05 19:29:17,648] DEBUG: https://api.openalex.org:443 "GET /works?filter=author.id%3Ahttps%3A%2F%2Fopenalex.org%2FA5032938268&per-page=200&cursor=Ils1OC4wLCAwLCAnaHR0cHM6Ly9vcGVuYWxleC5vcmcvVzQzMDE4MTkxMTInXSI%3D HTTP/1.1" 200 140
[2025-09-05 19:29:17,650] DEBUG: Fetched 0 results at cursor 'Ils1OC4wLCAwLCAnaHR0cHM6Ly9vcGVuYWxleC5vcmcvVzQzMDE4MTkxMTInXSI='
[2025-09-05 19:29:17,730] DEBUG: Flattened df_all missing expected columns: ['host_venue__display_name', 'author_name', 'author_openalex_id']
[2025-09-05 19:29:17,751] INFO: Appended 79 lifetime works for Joseph Rubin
[2025-09-05 19:29:17,754] INFO: Appended 18 last-5y works for Joseph Rubin
[2025-09-05 19:29:17,754] INFO: Processing Tony Ruzzini (https://openalex.org/A5016372093)
[2025-09-05 19:29:17,754] INFO: OpenAlex fetch for https://openalex.org/A5016372093 (last 5 years >= 2021)
[2025-09-05 19:29:17,755] DEBUG: Starting new HTTPS connection (1): api.openalex.org:443
[2025-09-05 19:29:18,319] DEBUG: https://api.openalex.org:443 "GET /works?filter=author.id%3Ahttps%3A%2F%2Fopenalex.org%2FA5016372093&per-page=200&cursor=%2A HTTP/1.1" 200 103199
[2025-09-05 19:29:18,346] DEBUG: Fetched 37 results at cursor '*'
[2025-09-05 19:29:18,348] DEBUG: Starting new HTTPS connection (1): api.openalex.org:443
[2025-09-05 19:29:18,637] DEBUG: https://api.openalex.org:443 "GET /works?filter=author.id%3Ahttps%3A%2F%2Fopenalex.org%2FA5016372093&per-page=200&cursor=Ils2MS4wLCAwLCAnaHR0cHM6Ly9vcGVuYWxleC5vcmcvVzI5NzA5NjgzMTYnXSI%3D HTTP/1.1" 200 141
[2025-09-05 19:29:18,639] DEBUG: Fetched 0 results at cursor 'Ils2MS4wLCAwLCAnaHR0cHM6Ly9vcGVuYWxleC5vcmcvVzI5NzA5NjgzMTYnXSI='
[2025-09-05 19:29:18,684] DEBUG: Flattened df_all missing expected columns: ['host_venue__display_name', 'author_name', 'author_openalex_id']
[2025-09-05 19:29:18,693] INFO: Appended 37 lifetime works for Tony Ruzzini
[2025-09-05 19:29:18,695] INFO: Appended 12 last-5y works for Tony Ruzzini
[2025-09-05 19:29:18,695] INFO: Processing Maarten Voordouw (https://openalex.org/A5026690931)
[2025-09-05 19:29:18,695] INFO: OpenAlex fetch for https://openalex.org/A5026690931 (last 5 years >= 2021)
[2025-09-05 19:29:18,696] DEBUG: Starting new HTTPS connection (1): api.openalex.org:443
[2025-09-05 19:29:18,925] DEBUG: https://api.openalex.org:443 "GET /works?filter=author.id%3Ahttps%3A%2F%2Fopenalex.org%2FA5026690931&per-page=200&cursor=%2A HTTP/1.1" 200 295683
[2025-09-05 19:29:19,016] DEBUG: Fetched 96 results at cursor '*'
[2025-09-05 19:29:19,017] DEBUG: Starting new HTTPS connection (1): api.openalex.org:443
[2025-09-05 19:29:19,318] DEBUG: https://api.openalex.org:443 "GET /works?filter=author.id%3Ahttps%3A%2F%2Fopenalex.org%2FA5026690931&per-page=200&cursor=Ils1Ni4wLCAwLCAnaHR0cHM6Ly9vcGVuYWxleC5vcmcvVzQzOTQwODAwNzgnXSI%3D HTTP/1.1" 200 140
[2025-09-05 19:29:19,320] DEBUG: Fetched 0 results at cursor 'Ils1Ni4wLCAwLCAnaHR0cHM6Ly9vcGVuYWxleC5vcmcvVzQzOTQwODAwNzgnXSI='
[2025-09-05 19:29:19,407] DEBUG: Flattened df_all missing expected columns: ['host_venue__display_name', 'author_name', 'author_openalex_id']
[2025-09-05 19:29:19,415] INFO: Appended 96 lifetime works for Maarten Voordouw
[2025-09-05 19:29:19,418] INFO: Appended 26 last-5y works for Maarten Voordouw
[2025-09-05 19:29:19,419] INFO: Processing Arinjay Banerjee (https://openalex.org/A5050567215)
[2025-09-05 19:29:19,419] INFO: OpenAlex fetch for https://openalex.org/A5050567215 (last 5 years >= 2021)
[2025-09-05 19:29:19,420] DEBUG: Starting new HTTPS connection (1): api.openalex.org:443
[2025-09-05 19:29:19,785] DEBUG: https://api.openalex.org:443 "GET /works?filter=author.id%3Ahttps%3A%2F%2Fopenalex.org%2FA5050567215&per-page=200&cursor=%2A HTTP/1.1" 200 429862
[2025-09-05 19:29:19,860] DEBUG: Fetched 110 results at cursor '*'
[2025-09-05 19:29:19,861] DEBUG: Starting new HTTPS connection (1): api.openalex.org:443
[2025-09-05 19:29:20,013] DEBUG: https://api.openalex.org:443 "GET /works?filter=author.id%3Ahttps%3A%2F%2Fopenalex.org%2FA5050567215&per-page=200&cursor=Ils1Ni4wLCAwLCAnaHR0cHM6Ly9vcGVuYWxleC5vcmcvVzMxNzYwNDkxMTYnXSI%3D HTTP/1.1" 200 141
[2025-09-05 19:29:20,014] DEBUG: Fetched 0 results at cursor 'Ils1Ni4wLCAwLCAnaHR0cHM6Ly9vcGVuYWxleC5vcmcvVzMxNzYwNDkxMTYnXSI='
[2025-09-05 19:29:20,156] DEBUG: Flattened df_all missing expected columns: ['host_venue__display_name', 'author_name', 'author_openalex_id']
[2025-09-05 19:29:20,170] INFO: Appended 110 lifetime works for Arinjay Banerjee
[2025-09-05 19:29:20,175] INFO: Appended 72 last-5y works for Arinjay Banerjee
[2025-09-05 19:29:20,175] INFO: Processing Jeffrey Chen (https://openalex.org/A5000375230)
[2025-09-05 19:29:20,175] INFO: OpenAlex fetch for https://openalex.org/A5000375230 (last 5 years >= 2021)
[2025-09-05 19:29:20,176] DEBUG: Starting new HTTPS connection (1): api.openalex.org:443
[2025-09-05 19:29:20,391] DEBUG: https://api.openalex.org:443 "GET /works?filter=author.id%3Ahttps%3A%2F%2Fopenalex.org%2FA5000375230&per-page=200&cursor=%2A HTTP/1.1" 200 86491
[2025-09-05 19:29:20,434] DEBUG: Fetched 30 results at cursor '*'
[2025-09-05 19:29:20,435] DEBUG: Starting new HTTPS connection (1): api.openalex.org:443
[2025-09-05 19:29:20,544] DEBUG: https://api.openalex.org:443 "GET /works?filter=author.id%3Ahttps%3A%2F%2Fopenalex.org%2FA5000375230&per-page=200&cursor=Ils1Ni4wLCAwLCAnaHR0cHM6Ly9vcGVuYWxleC5vcmcvVzMyMDg4MDU3MjQnXSI%3D HTTP/1.1" 200 140
[2025-09-05 19:29:20,545] DEBUG: Fetched 0 results at cursor 'Ils1Ni4wLCAwLCAnaHR0cHM6Ly9vcGVuYWxleC5vcmcvVzMyMDg4MDU3MjQnXSI='
[2025-09-05 19:29:20,584] DEBUG: Flattened df_all missing expected columns: ['host_venue__display_name', 'author_name', 'author_openalex_id']
[2025-09-05 19:29:20,596] INFO: Appended 30 lifetime works for Jeffrey Chen
[2025-09-05 19:29:20,598] INFO: Appended 9 last-5y works for Jeffrey Chen
[2025-09-05 19:29:20,598] INFO: Processing Antonio Facciuolo (https://openalex.org/A5088785492)
[2025-09-05 19:29:20,598] INFO: OpenAlex fetch for https://openalex.org/A5088785492 (last 5 years >= 2021)
[2025-09-05 19:29:20,599] DEBUG: Starting new HTTPS connection (1): api.openalex.org:443
[2025-09-05 19:29:20,905] DEBUG: https://api.openalex.org:443 "GET /works?filter=author.id%3Ahttps%3A%2F%2Fopenalex.org%2FA5088785492&per-page=200&cursor=%2A HTTP/1.1" 200 90830
[2025-09-05 19:29:20,924] DEBUG: Fetched 28 results at cursor '*'
[2025-09-05 19:29:20,925] DEBUG: Starting new HTTPS connection (1): api.openalex.org:443
[2025-09-05 19:29:21,048] DEBUG: https://api.openalex.org:443 "GET /works?filter=author.id%3Ahttps%3A%2F%2Fopenalex.org%2FA5088785492&per-page=200&cursor=Ils2My4wLCAwLCAnaHR0cHM6Ly9vcGVuYWxleC5vcmcvVzQzODczNzY0NDgnXSI%3D HTTP/1.1" 200 141
[2025-09-05 19:29:21,049] DEBUG: Fetched 0 results at cursor 'Ils2My4wLCAwLCAnaHR0cHM6Ly9vcGVuYWxleC5vcmcvVzQzODczNzY0NDgnXSI='
[2025-09-05 19:29:21,091] DEBUG: Flattened df_all missing expected columns: ['host_venue__display_name', 'author_name', 'author_openalex_id']
[2025-09-05 19:29:21,097] INFO: Appended 28 lifetime works for Antonio Facciuolo
[2025-09-05 19:29:21,099] INFO: Appended 18 last-5y works for Antonio Facciuolo
[2025-09-05 19:29:21,100] INFO: Processing Darryl Falzarano (https://openalex.org/A5041967571)
[2025-09-05 19:29:21,100] INFO: OpenAlex fetch for https://openalex.org/A5041967571 (last 5 years >= 2021)
[2025-09-05 19:29:21,101] DEBUG: Starting new HTTPS connection (1): api.openalex.org:443
[2025-09-05 19:29:21,395] DEBUG: https://api.openalex.org:443 "GET /works?filter=author.id%3Ahttps%3A%2F%2Fopenalex.org%2FA5041967571&per-page=200&cursor=%2A HTTP/1.1" 200 476331
[2025-09-05 19:29:21,461] DEBUG: Fetched 132 results at cursor '*'
[2025-09-05 19:29:21,462] DEBUG: Starting new HTTPS connection (1): api.openalex.org:443
[2025-09-05 19:29:21,591] DEBUG: https://api.openalex.org:443 "GET /works?filter=author.id%3Ahttps%3A%2F%2Fopenalex.org%2FA5041967571&per-page=200&cursor=Ils1Ni4wLCAwLCAnaHR0cHM6Ly9vcGVuYWxleC5vcmcvVzMyMTQ5NTI4NDInXSI%3D HTTP/1.1" 200 141
[2025-09-05 19:29:21,592] DEBUG: Fetched 0 results at cursor 'Ils1Ni4wLCAwLCAnaHR0cHM6Ly9vcGVuYWxleC5vcmcvVzMyMTQ5NTI4NDInXSI='
[2025-09-05 19:29:21,750] DEBUG: Flattened df_all missing expected columns: ['host_venue__display_name', 'author_name', 'author_openalex_id']
[2025-09-05 19:29:21,761] INFO: Appended 132 lifetime works for Darryl Falzarano
[2025-09-05 19:29:21,765] INFO: Appended 70 last-5y works for Darryl Falzarano
[2025-09-05 19:29:21,766] INFO: Processing Kazal Ghosh (https://openalex.org/A5073467123)
[2025-09-05 19:29:21,766] INFO: OpenAlex fetch for https://openalex.org/A5073467123 (last 5 years >= 2021)
[2025-09-05 19:29:21,767] DEBUG: Starting new HTTPS connection (1): api.openalex.org:443
[2025-09-05 19:29:21,921] DEBUG: https://api.openalex.org:443 "GET /works?filter=author.id%3Ahttps%3A%2F%2Fopenalex.org%2FA5073467123&per-page=200&cursor=%2A HTTP/1.1" 200 23153
[2025-09-05 19:29:21,959] DEBUG: Fetched 9 results at cursor '*'
[2025-09-05 19:29:21,960] DEBUG: Starting new HTTPS connection (1): api.openalex.org:443
[2025-09-05 19:29:22,094] DEBUG: https://api.openalex.org:443 "GET /works?filter=author.id%3Ahttps%3A%2F%2Fopenalex.org%2FA5073467123&per-page=200&cursor=Ils1OC4wLCAwLCAnaHR0cHM6Ly9vcGVuYWxleC5vcmcvVzQzMjEwMDMxOTknXSI%3D HTTP/1.1" 200 140
[2025-09-05 19:29:22,096] DEBUG: Fetched 0 results at cursor 'Ils1OC4wLCAwLCAnaHR0cHM6Ly9vcGVuYWxleC5vcmcvVzQzMjEwMDMxOTknXSI='
[2025-09-05 19:29:22,115] DEBUG: Flattened df_all missing expected columns: ['host_venue__display_name', 'author_name', 'author_openalex_id']
[2025-09-05 19:29:22,127] INFO: Appended 9 lifetime works for Kazal Ghosh
[2025-09-05 19:29:22,129] INFO: Appended 7 last-5y works for Kazal Ghosh
[2025-09-05 19:29:22,129] INFO: Processing Uladzimir Karniychuk (https://openalex.org/A5012825986)
[2025-09-05 19:29:22,129] INFO: OpenAlex fetch for https://openalex.org/A5012825986 (last 5 years >= 2021)
[2025-09-05 19:29:22,130] DEBUG: Starting new HTTPS connection (1): api.openalex.org:443
[2025-09-05 19:29:22,387] DEBUG: https://api.openalex.org:443 "GET /works?filter=author.id%3Ahttps%3A%2F%2Fopenalex.org%2FA5012825986&per-page=200&cursor=%2A HTTP/1.1" 200 139048
[2025-09-05 19:29:22,417] DEBUG: Fetched 62 results at cursor '*'
[2025-09-05 19:29:22,418] DEBUG: Starting new HTTPS connection (1): api.openalex.org:443
[2025-09-05 19:29:22,560] DEBUG: https://api.openalex.org:443 "GET /works?filter=author.id%3Ahttps%3A%2F%2Fopenalex.org%2FA5012825986&per-page=200&cursor=Ils2MS4wLCAwLCAnaHR0cHM6Ly9vcGVuYWxleC5vcmcvVzQzOTQ0NDg4MzQnXSI%3D HTTP/1.1" 200 141
[2025-09-05 19:29:22,561] DEBUG: Fetched 0 results at cursor 'Ils2MS4wLCAwLCAnaHR0cHM6Ly9vcGVuYWxleC5vcmcvVzQzOTQ0NDg4MzQnXSI='
[2025-09-05 19:29:22,608] DEBUG: Flattened df_all missing expected columns: ['host_venue__display_name', 'author_name', 'author_openalex_id']
[2025-09-05 19:29:22,614] INFO: Appended 62 lifetime works for Uladzimir Karniychuk
[2025-09-05 19:29:22,616] INFO: Appended 15 last-5y works for Uladzimir Karniychuk
[2025-09-05 19:29:22,616] INFO: Processing Wolfgang Koester (https://openalex.org/A5053166362)
[2025-09-05 19:29:22,616] INFO: OpenAlex fetch for https://openalex.org/A5053166362 (last 5 years >= 2021)
[2025-09-05 19:29:22,617] DEBUG: Starting new HTTPS connection (1): api.openalex.org:443
[2025-09-05 19:29:22,795] DEBUG: https://api.openalex.org:443 "GET /works?filter=author.id%3Ahttps%3A%2F%2Fopenalex.org%2FA5053166362&per-page=200&cursor=%2A HTTP/1.1" 200 179607
[2025-09-05 19:29:22,830] DEBUG: Fetched 67 results at cursor '*'
[2025-09-05 19:29:22,831] DEBUG: Starting new HTTPS connection (1): api.openalex.org:443
[2025-09-05 19:29:22,962] DEBUG: https://api.openalex.org:443 "GET /works?filter=author.id%3Ahttps%3A%2F%2Fopenalex.org%2FA5053166362&per-page=200&cursor=Ils1My4wLCAwLCAnaHR0cHM6Ly9vcGVuYWxleC5vcmcvVzE1Mzg4NzQ0MSddIg%3D%3D HTTP/1.1" 200 141
[2025-09-05 19:29:22,963] DEBUG: Fetched 0 results at cursor 'Ils1My4wLCAwLCAnaHR0cHM6Ly9vcGVuYWxleC5vcmcvVzE1Mzg4NzQ0MSddIg=='
[2025-09-05 19:29:23,028] DEBUG: Flattened df_all missing expected columns: ['host_venue__display_name', 'author_name', 'author_openalex_id']
[2025-09-05 19:29:23,036] INFO: Appended 67 lifetime works for Wolfgang Koester
[2025-09-05 19:29:23,039] INFO: Appended 11 last-5y works for Wolfgang Koester
[2025-09-05 19:29:23,039] INFO: Processing Qiang Liu (https://openalex.org/A5100409525)
[2025-09-05 19:29:23,039] INFO: OpenAlex fetch for https://openalex.org/A5100409525 (last 5 years >= 2021)
[2025-09-05 19:29:23,040] DEBUG: Starting new HTTPS connection (1): api.openalex.org:443
[2025-09-05 19:29:24,871] DEBUG: https://api.openalex.org:443 "GET /works?filter=author.id%3Ahttps%3A%2F%2Fopenalex.org%2FA5100409525&per-page=200&cursor=%2A HTTP/1.1" 200 269020
[2025-09-05 19:29:24,915] DEBUG: Fetched 97 results at cursor '*'
[2025-09-05 19:29:24,916] DEBUG: Starting new HTTPS connection (1): api.openalex.org:443
[2025-09-05 19:29:25,217] DEBUG: https://api.openalex.org:443 "GET /works?filter=author.id%3Ahttps%3A%2F%2Fopenalex.org%2FA5100409525&per-page=200&cursor=Ils1NS4wLCAwLCAnaHR0cHM6Ly9vcGVuYWxleC5vcmcvVzI3NzQ0Nzc2ODInXSI%3D HTTP/1.1" 200 141
[2025-09-05 19:29:25,219] DEBUG: Fetched 0 results at cursor 'Ils1NS4wLCAwLCAnaHR0cHM6Ly9vcGVuYWxleC5vcmcvVzI3NzQ0Nzc2ODInXSI='
[2025-09-05 19:29:25,331] DEBUG: Flattened df_all missing expected columns: ['host_venue__display_name', 'author_name', 'author_openalex_id']
[2025-09-05 19:29:25,340] INFO: Appended 97 lifetime works for Qiang Liu
[2025-09-05 19:29:25,343] INFO: Appended 25 last-5y works for Qiang Liu
[2025-09-05 19:29:25,343] INFO: Processing Musangu Ngeleka (https://openalex.org/A5018933207)
[2025-09-05 19:29:25,344] INFO: OpenAlex fetch for https://openalex.org/A5018933207 (last 5 years >= 2021)
[2025-09-05 19:29:25,345] DEBUG: Starting new HTTPS connection (1): api.openalex.org:443
[2025-09-05 19:29:25,586] DEBUG: https://api.openalex.org:443 "GET /works?filter=author.id%3Ahttps%3A%2F%2Fopenalex.org%2FA5018933207&per-page=200&cursor=%2A HTTP/1.1" 200 110841
[2025-09-05 19:29:25,649] DEBUG: Fetched 42 results at cursor '*'
[2025-09-05 19:29:25,650] DEBUG: Starting new HTTPS connection (1): api.openalex.org:443
[2025-09-05 19:29:25,809] DEBUG: https://api.openalex.org:443 "GET /works?filter=author.id%3Ahttps%3A%2F%2Fopenalex.org%2FA5018933207&per-page=200&cursor=Ils1Ni4wLCAwLCAnaHR0cHM6Ly9vcGVuYWxleC5vcmcvVzQyNDQ1NDM2MzMnXSI%3D HTTP/1.1" 200 140
[2025-09-05 19:29:25,811] DEBUG: Fetched 0 results at cursor 'Ils1Ni4wLCAwLCAnaHR0cHM6Ly9vcGVuYWxleC5vcmcvVzQyNDQ1NDM2MzMnXSI='
[2025-09-05 19:29:25,862] DEBUG: Flattened df_all missing expected columns: ['host_venue__display_name', 'author_name', 'author_openalex_id']
[2025-09-05 19:29:25,871] INFO: Appended 42 lifetime works for Musangu Ngeleka
[2025-09-05 19:29:25,871] INFO: No last-5y works for Musangu Ngeleka
[2025-09-05 19:29:25,871] INFO: Processing Jose Perez-casal (https://openalex.org/A5075533328)
[2025-09-05 19:29:25,871] INFO: OpenAlex fetch for https://openalex.org/A5075533328 (last 5 years >= 2021)
[2025-09-05 19:29:25,872] DEBUG: Starting new HTTPS connection (1): api.openalex.org:443
[2025-09-05 19:29:26,069] DEBUG: https://api.openalex.org:443 "GET /works?filter=author.id%3Ahttps%3A%2F%2Fopenalex.org%2FA5075533328&per-page=200&cursor=%2A HTTP/1.1" 200 159520
[2025-09-05 19:29:26,114] DEBUG: Fetched 75 results at cursor '*'
[2025-09-05 19:29:26,115] DEBUG: Starting new HTTPS connection (1): api.openalex.org:443
[2025-09-05 19:29:26,267] DEBUG: https://api.openalex.org:443 "GET /works?filter=author.id%3Ahttps%3A%2F%2Fopenalex.org%2FA5075533328&per-page=200&cursor=Ils1Ni4wLCAwLCAnaHR0cHM6Ly9vcGVuYWxleC5vcmcvVzQzOTQxMjMxNjEnXSI%3D HTTP/1.1" 200 140
[2025-09-05 19:29:26,269] DEBUG: Fetched 0 results at cursor 'Ils1Ni4wLCAwLCAnaHR0cHM6Ly9vcGVuYWxleC5vcmcvVzQzOTQxMjMxNjEnXSI='
[2025-09-05 19:29:26,322] DEBUG: Flattened df_all missing expected columns: ['host_venue__display_name', 'author_name', 'author_openalex_id']
[2025-09-05 19:29:26,330] INFO: Appended 75 lifetime works for Jose Perez-casal
[2025-09-05 19:29:26,333] INFO: Appended 11 last-5y works for Jose Perez-casal
[2025-09-05 19:29:26,333] INFO: Processing Camila Queiroz (https://openalex.org/A5061580720)
[2025-09-05 19:29:26,333] INFO: OpenAlex fetch for https://openalex.org/A5061580720 (last 5 years >= 2021)
[2025-09-05 19:29:26,334] DEBUG: Starting new HTTPS connection (1): api.openalex.org:443
[2025-09-05 19:29:26,479] DEBUG: https://api.openalex.org:443 "GET /works?filter=author.id%3Ahttps%3A%2F%2Fopenalex.org%2FA5061580720&per-page=200&cursor=%2A HTTP/1.1" 200 18240
[2025-09-05 19:29:26,487] DEBUG: Fetched 7 results at cursor '*'
[2025-09-05 19:29:26,488] DEBUG: Starting new HTTPS connection (1): api.openalex.org:443
[2025-09-05 19:29:26,616] DEBUG: https://api.openalex.org:443 "GET /works?filter=author.id%3Ahttps%3A%2F%2Fopenalex.org%2FA5061580720&per-page=200&cursor=Ils1Ni4wLCAwLCAnaHR0cHM6Ly9vcGVuYWxleC5vcmcvVzQzOTQxMTE1NTQnXSI%3D HTTP/1.1" 200 139
[2025-09-05 19:29:26,617] DEBUG: Fetched 0 results at cursor 'Ils1Ni4wLCAwLCAnaHR0cHM6Ly9vcGVuYWxleC5vcmcvVzQzOTQxMTE1NTQnXSI='
[2025-09-05 19:29:26,631] DEBUG: Flattened df_all missing expected columns: ['host_venue__display_name', 'author_name', 'author_openalex_id']
[2025-09-05 19:29:26,637] INFO: Appended 7 lifetime works for Camila Queiroz
[2025-09-05 19:29:26,638] INFO: Appended 1 last-5y works for Camila Queiroz
[2025-09-05 19:29:26,639] INFO: Processing Loki Snyman (https://openalex.org/A5095017105)
[2025-09-05 19:29:26,639] INFO: OpenAlex fetch for https://openalex.org/A5095017105 (last 5 years >= 2021)
[2025-09-05 19:29:26,640] DEBUG: Starting new HTTPS connection (1): api.openalex.org:443
[2025-09-05 19:29:26,736] DEBUG: https://api.openalex.org:443 "GET /works?filter=author.id%3Ahttps%3A%2F%2Fopenalex.org%2FA5095017105&per-page=200&cursor=%2A HTTP/1.1" 200 1937
[2025-09-05 19:29:26,736] DEBUG: Fetched 1 results at cursor '*'
[2025-09-05 19:29:26,737] DEBUG: Starting new HTTPS connection (1): api.openalex.org:443
[2025-09-05 19:29:26,961] DEBUG: https://api.openalex.org:443 "GET /works?filter=author.id%3Ahttps%3A%2F%2Fopenalex.org%2FA5095017105&per-page=200&cursor=Ils1Ni4wLCAwLCAnaHR0cHM6Ly9vcGVuYWxleC5vcmcvVzQzOTQzODc3MTMnXSI%3D HTTP/1.1" 200 139
[2025-09-05 19:29:26,962] DEBUG: Fetched 0 results at cursor 'Ils1Ni4wLCAwLCAnaHR0cHM6Ly9vcGVuYWxleC5vcmcvVzQzOTQzODc3MTMnXSI='
[2025-09-05 19:29:26,967] DEBUG: Flattened df_all missing expected columns: ['host_venue__display_name', 'author_name', 'author_openalex_id']
[2025-09-05 19:29:26,971] INFO: Appended 1 lifetime works for Loki Snyman
[2025-09-05 19:29:26,972] INFO: Appended 1 last-5y works for Loki Snyman
[2025-09-05 19:29:26,973] INFO: Processing Heather Wilson (https://openalex.org/A5002970194)
[2025-09-05 19:29:26,973] INFO: OpenAlex fetch for https://openalex.org/A5002970194 (last 5 years >= 2021)
[2025-09-05 19:29:26,974] DEBUG: Starting new HTTPS connection (1): api.openalex.org:443
[2025-09-05 19:29:27,181] DEBUG: https://api.openalex.org:443 "GET /works?filter=author.id%3Ahttps%3A%2F%2Fopenalex.org%2FA5002970194&per-page=200&cursor=%2A HTTP/1.1" 200 483820
[2025-09-05 19:29:27,247] DEBUG: Fetched 169 results at cursor '*'
[2025-09-05 19:29:27,248] DEBUG: Starting new HTTPS connection (1): api.openalex.org:443
[2025-09-05 19:29:27,392] DEBUG: https://api.openalex.org:443 "GET /works?filter=author.id%3Ahttps%3A%2F%2Fopenalex.org%2FA5002970194&per-page=200&cursor=Ils1My4wLCAwLCAnaHR0cHM6Ly9vcGVuYWxleC5vcmcvVzQyNDYxOTI2NTcnXSI%3D HTTP/1.1" 200 142
[2025-09-05 19:29:27,393] DEBUG: Fetched 0 results at cursor 'Ils1My4wLCAwLCAnaHR0cHM6Ly9vcGVuYWxleC5vcmcvVzQyNDYxOTI2NTcnXSI='
[2025-09-05 19:29:27,639] DEBUG: Flattened df_all missing expected columns: ['host_venue__display_name', 'author_name', 'author_openalex_id']
[2025-09-05 19:29:27,649] INFO: Appended 169 lifetime works for Heather Wilson
[2025-09-05 19:29:27,653] INFO: Appended 34 last-5y works for Heather Wilson
[2025-09-05 19:29:27,653] INFO: Processing Yan Zhou (https://openalex.org/A5032015135)
[2025-09-05 19:29:27,653] INFO: OpenAlex fetch for https://openalex.org/A5032015135 (last 5 years >= 2021)
[2025-09-05 19:29:27,654] DEBUG: Starting new HTTPS connection (1): api.openalex.org:443
[2025-09-05 19:29:28,059] DEBUG: https://api.openalex.org:443 "GET /works?filter=author.id%3Ahttps%3A%2F%2Fopenalex.org%2FA5032015135&per-page=200&cursor=%2A HTTP/1.1" 200 364030
[2025-09-05 19:29:28,133] DEBUG: Fetched 121 results at cursor '*'
[2025-09-05 19:29:28,134] DEBUG: Starting new HTTPS connection (1): api.openalex.org:443
[2025-09-05 19:29:28,282] DEBUG: https://api.openalex.org:443 "GET /works?filter=author.id%3Ahttps%3A%2F%2Fopenalex.org%2FA5032015135&per-page=200&cursor=Ils1NS4wLCAwLCAnaHR0cHM6Ly9vcGVuYWxleC5vcmcvVzI0MTE0NDk1NjAnXSI%3D HTTP/1.1" 200 141
[2025-09-05 19:29:28,284] DEBUG: Fetched 0 results at cursor 'Ils1NS4wLCAwLCAnaHR0cHM6Ly9vcGVuYWxleC5vcmcvVzI0MTE0NDk1NjAnXSI='
[2025-09-05 19:29:28,434] DEBUG: Flattened df_all missing expected columns: ['host_venue__display_name', 'author_name', 'author_openalex_id']
[2025-09-05 19:29:28,451] INFO: Appended 121 lifetime works for Yan Zhou
[2025-09-05 19:29:28,454] INFO: Appended 46 last-5y works for Yan Zhou
[2025-09-05 19:29:28,455] INFO: Processing Suresh Tikoo (https://openalex.org/A5028351806)
[2025-09-05 19:29:28,455] INFO: OpenAlex fetch for https://openalex.org/A5028351806 (last 5 years >= 2021)
[2025-09-05 19:29:28,456] DEBUG: Starting new HTTPS connection (1): api.openalex.org:443
[2025-09-05 19:29:28,644] DEBUG: https://api.openalex.org:443 "GET /works?filter=author.id%3Ahttps%3A%2F%2Fopenalex.org%2FA5028351806&per-page=200&cursor=%2A HTTP/1.1" 200 432562
[2025-09-05 19:29:28,702] DEBUG: Fetched 183 results at cursor '*'
[2025-09-05 19:29:28,703] DEBUG: Starting new HTTPS connection (1): api.openalex.org:443
[2025-09-05 19:29:28,839] DEBUG: https://api.openalex.org:443 "GET /works?filter=author.id%3Ahttps%3A%2F%2Fopenalex.org%2FA5028351806&per-page=200&cursor=Ils1My4wLCAwLCAnaHR0cHM6Ly9vcGVuYWxleC5vcmcvVzMyMDI5MjM4OTQnXSI%3D HTTP/1.1" 200 141
[2025-09-05 19:29:28,841] DEBUG: Fetched 0 results at cursor 'Ils1My4wLCAwLCAnaHR0cHM6Ly9vcGVuYWxleC5vcmcvVzMyMDI5MjM4OTQnXSI='
[2025-09-05 19:29:28,990] DEBUG: Flattened df_all missing expected columns: ['host_venue__display_name', 'author_name', 'author_openalex_id']
[2025-09-05 19:29:29,006] INFO: Appended 183 lifetime works for Suresh Tikoo
[2025-09-05 19:29:29,009] INFO: Appended 27 last-5y works for Suresh Tikoo
[2025-09-05 19:29:29,009] INFO: Processing Manuel Chirino (https://openalex.org/A5073090598)
[2025-09-05 19:29:29,010] INFO: OpenAlex fetch for https://openalex.org/A5073090598 (last 5 years >= 2021)
[2025-09-05 19:29:29,011] DEBUG: Starting new HTTPS connection (1): api.openalex.org:443
[2025-09-05 19:29:29,150] DEBUG: https://api.openalex.org:443 "GET /works?filter=author.id%3Ahttps%3A%2F%2Fopenalex.org%2FA5073090598&per-page=200&cursor=%2A HTTP/1.1" 200 154144
[2025-09-05 19:29:29,189] DEBUG: Fetched 68 results at cursor '*'
[2025-09-05 19:29:29,190] DEBUG: Starting new HTTPS connection (1): api.openalex.org:443
[2025-09-05 19:29:29,357] DEBUG: https://api.openalex.org:443 "GET /works?filter=author.id%3Ahttps%3A%2F%2Fopenalex.org%2FA5073090598&per-page=200&cursor=Ils1Ny4wLCAwLCAnaHR0cHM6Ly9vcGVuYWxleC5vcmcvVzMxNzU0NDMwMDEnXSI%3D HTTP/1.1" 200 141
[2025-09-05 19:29:29,359] DEBUG: Fetched 0 results at cursor 'Ils1Ny4wLCAwLCAnaHR0cHM6Ly9vcGVuYWxleC5vcmcvVzMxNzU0NDMwMDEnXSI='
[2025-09-05 19:29:29,423] DEBUG: Flattened df_all missing expected columns: ['host_venue__display_name', 'author_name', 'author_openalex_id']
[2025-09-05 19:29:29,437] INFO: Appended 68 lifetime works for Manuel Chirino
[2025-09-05 19:29:29,439] INFO: Appended 1 last-5y works for Manuel Chirino
[2025-09-05 19:29:29,439] INFO: Processing Debbie Haines (https://openalex.org/A5070489863)
[2025-09-05 19:29:29,439] INFO: OpenAlex fetch for https://openalex.org/A5070489863 (last 5 years >= 2021)
[2025-09-05 19:29:29,440] DEBUG: Starting new HTTPS connection (1): api.openalex.org:443
[2025-09-05 19:29:29,651] DEBUG: https://api.openalex.org:443 "GET /works?filter=author.id%3Ahttps%3A%2F%2Fopenalex.org%2FA5070489863&per-page=200&cursor=%2A HTTP/1.1" 200 464261
[2025-09-05 19:29:29,725] DEBUG: Fetched 200 results at cursor '*'
[2025-09-05 19:29:29,727] DEBUG: Starting new HTTPS connection (1): api.openalex.org:443
[2025-09-05 19:29:29,895] DEBUG: https://api.openalex.org:443 "GET /works?filter=author.id%3Ahttps%3A%2F%2Fopenalex.org%2FA5070489863&per-page=200&cursor=Ils2My4wLCAwLCAnaHR0cHM6Ly9vcGVuYWxleC5vcmcvVzIyNjU2NDIwNzMnXSI%3D HTTP/1.1" 200 22639
[2025-09-05 19:29:29,905] DEBUG: Fetched 13 results at cursor 'Ils2My4wLCAwLCAnaHR0cHM6Ly9vcGVuYWxleC5vcmcvVzIyNjU2NDIwNzMnXSI='
[2025-09-05 19:29:29,906] DEBUG: Starting new HTTPS connection (1): api.openalex.org:443
[2025-09-05 19:29:30,040] DEBUG: https://api.openalex.org:443 "GET /works?filter=author.id%3Ahttps%3A%2F%2Fopenalex.org%2FA5070489863&per-page=200&cursor=Ils1My4wLCAwLCAnaHR0cHM6Ly9vcGVuYWxleC5vcmcvVzQyMzY4Njc1MjAnXSI%3D HTTP/1.1" 200 142
[2025-09-05 19:29:30,041] DEBUG: Fetched 0 results at cursor 'Ils1My4wLCAwLCAnaHR0cHM6Ly9vcGVuYWxleC5vcmcvVzQyMzY4Njc1MjAnXSI='
[2025-09-05 19:29:30,286] DEBUG: Flattened df_all missing expected columns: ['host_venue__display_name', 'author_name', 'author_openalex_id']
[2025-09-05 19:29:30,301] INFO: Appended 213 lifetime works for Debbie Haines
[2025-09-05 19:29:30,303] INFO: Appended 12 last-5y works for Debbie Haines
[2025-09-05 19:29:30,303] INFO: Processing Vikram Misra (https://openalex.org/A5018540324)
[2025-09-05 19:29:30,304] INFO: OpenAlex fetch for https://openalex.org/A5018540324 (last 5 years >= 2021)
[2025-09-05 19:29:30,305] DEBUG: Starting new HTTPS connection (1): api.openalex.org:443
[2025-09-05 19:29:30,601] DEBUG: https://api.openalex.org:443 "GET /works?filter=author.id%3Ahttps%3A%2F%2Fopenalex.org%2FA5018540324&per-page=200&cursor=%2A HTTP/1.1" 200 428227
[2025-09-05 19:29:30,662] DEBUG: Fetched 158 results at cursor '*'
[2025-09-05 19:29:30,663] DEBUG: Starting new HTTPS connection (1): api.openalex.org:443
[2025-09-05 19:29:30,796] DEBUG: https://api.openalex.org:443 "GET /works?filter=author.id%3Ahttps%3A%2F%2Fopenalex.org%2FA5018540324&per-page=200&cursor=Ils1My4wLCAwLCAnaHR0cHM6Ly9vcGVuYWxleC5vcmcvVzIxNDQ0ODI4NjMnXSI%3D HTTP/1.1" 200 142
[2025-09-05 19:29:30,798] DEBUG: Fetched 0 results at cursor 'Ils1My4wLCAwLCAnaHR0cHM6Ly9vcGVuYWxleC5vcmcvVzIxNDQ0ODI4NjMnXSI='
[2025-09-05 19:29:31,027] DEBUG: Flattened df_all missing expected columns: ['host_venue__display_name', 'author_name', 'author_openalex_id']
[2025-09-05 19:29:31,047] INFO: Appended 158 lifetime works for Vikram Misra
[2025-09-05 19:29:31,050] INFO: Appended 16 last-5y works for Vikram Misra
[2025-09-05 19:29:31,050] INFO: Processing Lydden Polley (https://openalex.org/A5070489863)
[2025-09-05 19:29:31,050] INFO: OpenAlex fetch for https://openalex.org/A5070489863 (last 5 years >= 2021)
[2025-09-05 19:29:31,051] DEBUG: Starting new HTTPS connection (1): api.openalex.org:443
[2025-09-05 19:29:31,792] DEBUG: https://api.openalex.org:443 "GET /works?filter=author.id%3Ahttps%3A%2F%2Fopenalex.org%2FA5070489863&per-page=200&cursor=%2A HTTP/1.1" 200 464261
[2025-09-05 19:29:31,914] DEBUG: Fetched 200 results at cursor '*'
[2025-09-05 19:29:31,915] DEBUG: Starting new HTTPS connection (1): api.openalex.org:443
[2025-09-05 19:29:32,024] DEBUG: https://api.openalex.org:443 "GET /works?filter=author.id%3Ahttps%3A%2F%2Fopenalex.org%2FA5070489863&per-page=200&cursor=Ils2My4wLCAwLCAnaHR0cHM6Ly9vcGVuYWxleC5vcmcvVzIyNjU2NDIwNzMnXSI%3D HTTP/1.1" 200 22640
[2025-09-05 19:29:32,034] DEBUG: Fetched 13 results at cursor 'Ils2My4wLCAwLCAnaHR0cHM6Ly9vcGVuYWxleC5vcmcvVzIyNjU2NDIwNzMnXSI='
[2025-09-05 19:29:32,035] DEBUG: Starting new HTTPS connection (1): api.openalex.org:443
[2025-09-05 19:29:32,148] DEBUG: https://api.openalex.org:443 "GET /works?filter=author.id%3Ahttps%3A%2F%2Fopenalex.org%2FA5070489863&per-page=200&cursor=Ils1My4wLCAwLCAnaHR0cHM6Ly9vcGVuYWxleC5vcmcvVzQyMzY4Njc1MjAnXSI%3D HTTP/1.1" 200 141
[2025-09-05 19:29:32,149] DEBUG: Fetched 0 results at cursor 'Ils1My4wLCAwLCAnaHR0cHM6Ly9vcGVuYWxleC5vcmcvVzQyMzY4Njc1MjAnXSI='
[2025-09-05 19:29:32,393] DEBUG: Flattened df_all missing expected columns: ['host_venue__display_name', 'author_name', 'author_openalex_id']
[2025-09-05 19:29:32,413] INFO: Appended 213 lifetime works for Lydden Polley
[2025-09-05 19:29:32,416] INFO: Appended 12 last-5y works for Lydden Polley
[2025-09-05 19:29:32,416] INFO: Processing Andrew Potter (https://openalex.org/A5035086403)
[2025-09-05 19:29:32,416] INFO: OpenAlex fetch for https://openalex.org/A5035086403 (last 5 years >= 2021)
[2025-09-05 19:29:32,417] DEBUG: Starting new HTTPS connection (1): api.openalex.org:443
[2025-09-05 19:29:34,037] DEBUG: https://api.openalex.org:443 "GET /works?filter=author.id%3Ahttps%3A%2F%2Fopenalex.org%2FA5035086403&per-page=200&cursor=%2A HTTP/1.1" 200 547247
[2025-09-05 19:29:34,131] DEBUG: Fetched 200 results at cursor '*'
[2025-09-05 19:29:34,132] DEBUG: Starting new HTTPS connection (1): api.openalex.org:443
[2025-09-05 19:29:34,498] DEBUG: https://api.openalex.org:443 "GET /works?filter=author.id%3Ahttps%3A%2F%2Fopenalex.org%2FA5035086403&per-page=200&cursor=Ils4MS4wLCAxMywgJ2h0dHBzOi8vb3BlbmFsZXgub3JnL1cyMTM3MzQ4MjYzJ10i HTTP/1.1" 200 97488
[2025-09-05 19:29:34,559] DEBUG: Fetched 46 results at cursor 'Ils4MS4wLCAxMywgJ2h0dHBzOi8vb3BlbmFsZXgub3JnL1cyMTM3MzQ4MjYzJ10i'
[2025-09-05 19:29:34,560] DEBUG: Starting new HTTPS connection (1): api.openalex.org:443
[2025-09-05 19:29:34,691] DEBUG: https://api.openalex.org:443 "GET /works?filter=author.id%3Ahttps%3A%2F%2Fopenalex.org%2FA5035086403&per-page=200&cursor=Ils1My4wLCAwLCAnaHR0cHM6Ly9vcGVuYWxleC5vcmcvVzQyMDU4Mzk1MzgnXSI%3D HTTP/1.1" 200 141
[2025-09-05 19:29:34,692] DEBUG: Fetched 0 results at cursor 'Ils1My4wLCAwLCAnaHR0cHM6Ly9vcGVuYWxleC5vcmcvVzQyMDU4Mzk1MzgnXSI='
[2025-09-05 19:29:34,981] DEBUG: Flattened df_all missing expected columns: ['host_venue__display_name', 'author_name', 'author_openalex_id']
[2025-09-05 19:29:35,005] INFO: Appended 246 lifetime works for Andrew Potter
[2025-09-05 19:29:35,008] INFO: Appended 21 last-5y works for Andrew Potter
[2025-09-05 19:29:35,008] INFO: Processing Henry Tabel (nan)
[2025-09-05 19:29:35,008] INFO: OpenAlex fetch for https://openalex.org/nan (last 5 years >= 2021)
[2025-09-05 19:29:35,009] DEBUG: Starting new HTTPS connection (1): api.openalex.org:443
[2025-09-05 19:29:35,161] DEBUG: https://api.openalex.org:443 "GET /works?filter=author.id%3Ahttps%3A%2F%2Fopenalex.org%2Fnan&per-page=200&cursor=%2A HTTP/1.1" 403 90
[2025-09-05 19:29:35,161] ERROR: HTTP error from OpenAlex: 403 Client Error: FORBIDDEN for url: https://api.openalex.org/works?filter=author.id%3Ahttps%3A%2F%2Fopenalex.org%2Fnan&per-page=200&cursor=%2A
Traceback (most recent call last):
  File "/home/runner/work/WCVM_VetMic/WCVM_VetMic/etl/WCVM_VetMic_works.py", line 273, in fetch_author_works_filtered
    resp.raise_for_status()
  File "/opt/hostedtoolcache/Python/3.11.13/x64/lib/python3.11/site-packages/requests/models.py", line 1026, in raise_for_status
    raise HTTPError(http_error_msg, response=self)
requests.exceptions.HTTPError: 403 Client Error: FORBIDDEN for url: https://api.openalex.org/works?filter=author.id%3Ahttps%3A%2F%2Fopenalex.org%2Fnan&per-page=200&cursor=%2A
[2025-09-05 19:29:35,162] INFO: No works returned from OpenAlex for this author.
[2025-09-05 19:29:35,177] INFO: No lifetime works for Henry Tabel
[2025-09-05 19:29:35,177] INFO: No last-5y works for Henry Tabel
[2025-09-05 19:29:35,177] INFO: Total skipped rows due to missing ID: 0
[2025-09-05 19:29:35,189] INFO: Deduplicating 1370 -> 575 rows
[2025-09-05 19:29:35,199] INFO: Deduplicated file written to data/openalex_all_authors_last5y_key_fields_dedup.csv
[2025-09-05 19:29:35,201] INFO: Removed old artifact: data/openalex_all_authors_lifetime.csv
[2025-09-05 19:29:35,201] INFO: Removed old artifact: data/openalex_all_authors_last5y_key_fields.csv
[2025-09-05 19:29:35,201] INFO: Removed old artifact: data/openalex_all_authors_last5y_key_fields_dedup.csv
[2025-09-05 19:29:35,201] INFO: Reading roster from data/roster_with_metrics.csv
[2025-09-05 19:29:35,202] INFO: Processing Janet Hill (https://openalex.org/A5022032110)
[2025-09-05 19:29:35,203] INFO: OpenAlex fetch for https://openalex.org/A5022032110 (last 5 years >= 2021)
[2025-09-05 19:29:35,204] DEBUG: Starting new HTTPS connection (1): api.openalex.org:443
[2025-09-05 19:29:35,454] DEBUG: https://api.openalex.org:443 "GET /works?filter=author.id%3Ahttps%3A%2F%2Fopenalex.org%2FA5022032110&per-page=200&cursor=%2A HTTP/1.1" 200 571211
[2025-09-05 19:29:35,596] DEBUG: Fetched 200 results at cursor '*'
[2025-09-05 19:29:35,597] DEBUG: Starting new HTTPS connection (1): api.openalex.org:443
[2025-09-05 19:29:35,781] DEBUG: https://api.openalex.org:443 "GET /works?filter=author.id%3Ahttps%3A%2F%2Fopenalex.org%2FA5022032110&per-page=200&cursor=Ils3MC4wLCAwLCAnaHR0cHM6Ly9vcGVuYWxleC5vcmcvVzQzOTE0MDEzOTEnXSI%3D HTTP/1.1" 200 102483
[2025-09-05 19:29:35,811] DEBUG: Fetched 63 results at cursor 'Ils3MC4wLCAwLCAnaHR0cHM6Ly9vcGVuYWxleC5vcmcvVzQzOTE0MDEzOTEnXSI='
[2025-09-05 19:29:35,812] DEBUG: Starting new HTTPS connection (1): api.openalex.org:443
[2025-09-05 19:29:35,945] DEBUG: https://api.openalex.org:443 "GET /works?filter=author.id%3Ahttps%3A%2F%2Fopenalex.org%2FA5022032110&per-page=200&cursor=Ils1My4wLCAwLCAnaHR0cHM6Ly9vcGVuYWxleC5vcmcvVzI5NTMxODg0MzgnXSI%3D HTTP/1.1" 200 142
[2025-09-05 19:29:35,946] DEBUG: Fetched 0 results at cursor 'Ils1My4wLCAwLCAnaHR0cHM6Ly9vcGVuYWxleC5vcmcvVzI5NTMxODg0MzgnXSI='
[2025-09-05 19:29:36,274] DEBUG: Flattened df_all missing expected columns: ['host_venue__display_name', 'author_name', 'author_openalex_id']
[2025-09-05 19:29:36,287] INFO: Appended 263 lifetime works for Janet Hill
[2025-09-05 19:29:36,291] INFO: Appended 57 last-5y works for Janet Hill
[2025-09-05 19:29:36,291] INFO: Processing Kristen Conn (https://openalex.org/A5024161948)
[2025-09-05 19:29:36,291] INFO: OpenAlex fetch for https://openalex.org/A5024161948 (last 5 years >= 2021)
[2025-09-05 19:29:36,292] DEBUG: Starting new HTTPS connection (1): api.openalex.org:443
[2025-09-05 19:29:36,600] DEBUG: https://api.openalex.org:443 "GET /works?filter=author.id%3Ahttps%3A%2F%2Fopenalex.org%2FA5024161948&per-page=200&cursor=%2A HTTP/1.1" 200 64960
[2025-09-05 19:29:36,619] DEBUG: Fetched 18 results at cursor '*'
[2025-09-05 19:29:36,620] DEBUG: Starting new HTTPS connection (1): api.openalex.org:443
[2025-09-05 19:29:36,739] DEBUG: https://api.openalex.org:443 "GET /works?filter=author.id%3Ahttps%3A%2F%2Fopenalex.org%2FA5024161948&per-page=200&cursor=Ils2NC4wLCAwLCAnaHR0cHM6Ly9vcGVuYWxleC5vcmcvVzI4OTY1NDMwMDEnXSI%3D HTTP/1.1" 200 141
[2025-09-05 19:29:36,741] DEBUG: Fetched 0 results at cursor 'Ils2NC4wLCAwLCAnaHR0cHM6Ly9vcGVuYWxleC5vcmcvVzI4OTY1NDMwMDEnXSI='
[2025-09-05 19:29:36,768] DEBUG: Flattened df_all missing expected columns: ['host_venue__display_name', 'author_name', 'author_openalex_id']
[2025-09-05 19:29:36,788] INFO: Appended 18 lifetime works for Kristen Conn
[2025-09-05 19:29:36,790] INFO: Appended 4 last-5y works for Kristen Conn
[2025-09-05 19:29:36,790] INFO: Processing John Ellis (https://openalex.org/A5007566988)
[2025-09-05 19:29:36,790] INFO: OpenAlex fetch for https://openalex.org/A5007566988 (last 5 years >= 2021)
[2025-09-05 19:29:36,791] DEBUG: Starting new HTTPS connection (1): api.openalex.org:443
[2025-09-05 19:29:37,050] DEBUG: https://api.openalex.org:443 "GET /works?filter=author.id%3Ahttps%3A%2F%2Fopenalex.org%2FA5007566988&per-page=200&cursor=%2A HTTP/1.1" 200 548911
[2025-09-05 19:29:37,175] DEBUG: Fetched 200 results at cursor '*'
[2025-09-05 19:29:37,176] DEBUG: Starting new HTTPS connection (1): api.openalex.org:443
[2025-09-05 19:29:37,390] DEBUG: https://api.openalex.org:443 "GET /works?filter=author.id%3Ahttps%3A%2F%2Fopenalex.org%2FA5007566988&per-page=200&cursor=Ils5MS4wLCAxOSwgJ2h0dHBzOi8vb3BlbmFsZXgub3JnL1cyNzYzMjk0NzIxJ10i HTTP/1.1" 200 444672
[2025-09-05 19:29:37,465] DEBUG: Fetched 200 results at cursor 'Ils5MS4wLCAxOSwgJ2h0dHBzOi8vb3BlbmFsZXgub3JnL1cyNzYzMjk0NzIxJ10i'
[2025-09-05 19:29:37,466] DEBUG: Starting new HTTPS connection (1): api.openalex.org:443
[2025-09-05 19:29:37,645] DEBUG: https://api.openalex.org:443 "GET /works?filter=author.id%3Ahttps%3A%2F%2Fopenalex.org%2FA5007566988&per-page=200&cursor=Ils2OS4wLCAxLCAnaHR0cHM6Ly9vcGVuYWxleC5vcmcvVzI5NDQ1MTYwMTMnXSI%3D HTTP/1.1" 200 178252
[2025-09-05 19:29:37,731] DEBUG: Fetched 103 results at cursor 'Ils2OS4wLCAxLCAnaHR0cHM6Ly9vcGVuYWxleC5vcmcvVzI5NDQ1MTYwMTMnXSI='
[2025-09-05 19:29:37,732] DEBUG: Starting new HTTPS connection (1): api.openalex.org:443
[2025-09-05 19:29:37,841] DEBUG: https://api.openalex.org:443 "GET /works?filter=author.id%3Ahttps%3A%2F%2Fopenalex.org%2FA5007566988&per-page=200&cursor=Ils1My4wLCAwLCAnaHR0cHM6Ly9vcGVuYWxleC5vcmcvVzQyNTYzMjc2MzYnXSI%3D HTTP/1.1" 200 141
[2025-09-05 19:29:37,843] DEBUG: Fetched 0 results at cursor 'Ils1My4wLCAwLCAnaHR0cHM6Ly9vcGVuYWxleC5vcmcvVzQyNTYzMjc2MzYnXSI='
[2025-09-05 19:29:38,533] DEBUG: Flattened df_all missing expected columns: ['host_venue__display_name', 'author_name', 'author_openalex_id']
[2025-09-05 19:29:38,555] INFO: Appended 503 lifetime works for John Ellis
[2025-09-05 19:29:38,559] INFO: Appended 47 last-5y works for John Ellis
[2025-09-05 19:29:38,559] INFO: Processing Volker Gerdts (https://openalex.org/A5054537882)
[2025-09-05 19:29:38,559] INFO: OpenAlex fetch for https://openalex.org/A5054537882 (last 5 years >= 2021)
[2025-09-05 19:29:38,560] DEBUG: Starting new HTTPS connection (1): api.openalex.org:443
[2025-09-05 19:29:38,836] DEBUG: https://api.openalex.org:443 "GET /works?filter=author.id%3Ahttps%3A%2F%2Fopenalex.org%2FA5054537882&per-page=200&cursor=%2A HTTP/1.1" 200 598558
[2025-09-05 19:29:38,935] DEBUG: Fetched 200 results at cursor '*'
[2025-09-05 19:29:38,936] DEBUG: Starting new HTTPS connection (1): api.openalex.org:443
[2025-09-05 19:29:39,067] DEBUG: https://api.openalex.org:443 "GET /works?filter=author.id%3Ahttps%3A%2F%2Fopenalex.org%2FA5054537882&per-page=200&cursor=Ils2MC4wLCAwLCAnaHR0cHM6Ly9vcGVuYWxleC5vcmcvVzMwODgwMzcwNjEnXSI%3D HTTP/1.1" 200 10593
[2025-09-05 19:29:39,069] DEBUG: Fetched 6 results at cursor 'Ils2MC4wLCAwLCAnaHR0cHM6Ly9vcGVuYWxleC5vcmcvVzMwODgwMzcwNjEnXSI='
[2025-09-05 19:29:39,070] DEBUG: Starting new HTTPS connection (1): api.openalex.org:443
[2025-09-05 19:29:39,229] DEBUG: https://api.openalex.org:443 "GET /works?filter=author.id%3Ahttps%3A%2F%2Fopenalex.org%2FA5054537882&per-page=200&cursor=Ils1Ni4wLCAwLCAnaHR0cHM6Ly9vcGVuYWxleC5vcmcvVzMyMTcxNTYxODQnXSI%3D HTTP/1.1" 200 141
[2025-09-05 19:29:39,230] DEBUG: Fetched 0 results at cursor 'Ils1Ni4wLCAwLCAnaHR0cHM6Ly9vcGVuYWxleC5vcmcvVzMyMTcxNTYxODQnXSI='
[2025-09-05 19:29:39,437] DEBUG: Flattened df_all missing expected columns: ['host_venue__display_name', 'author_name', 'author_openalex_id']
[2025-09-05 19:29:39,476] INFO: Appended 206 lifetime works for Volker Gerdts
[2025-09-05 19:29:39,480] INFO: Appended 49 last-5y works for Volker Gerdts
[2025-09-05 19:29:39,481] INFO: Processing Emily Jenkins (https://openalex.org/A5075278671)
[2025-09-05 19:29:39,481] INFO: OpenAlex fetch for https://openalex.org/A5075278671 (last 5 years >= 2021)
[2025-09-05 19:29:39,482] DEBUG: Starting new HTTPS connection (1): api.openalex.org:443
[2025-09-05 19:29:39,788] DEBUG: https://api.openalex.org:443 "GET /works?filter=author.id%3Ahttps%3A%2F%2Fopenalex.org%2FA5075278671&per-page=200&cursor=%2A HTTP/1.1" 200 594142
[2025-09-05 19:29:39,947] DEBUG: Fetched 177 results at cursor '*'
[2025-09-05 19:29:39,948] DEBUG: Starting new HTTPS connection (1): api.openalex.org:443
[2025-09-05 19:29:40,072] DEBUG: https://api.openalex.org:443 "GET /works?filter=author.id%3Ahttps%3A%2F%2Fopenalex.org%2FA5075278671&per-page=200&cursor=Ils1Ni4wLCAwLCAnaHR0cHM6Ly9vcGVuYWxleC5vcmcvVzMyMTEwMTg2MzcnXSI%3D HTTP/1.1" 200 141
[2025-09-05 19:29:40,074] DEBUG: Fetched 0 results at cursor 'Ils1Ni4wLCAwLCAnaHR0cHM6Ly9vcGVuYWxleC5vcmcvVzMyMTEwMTg2MzcnXSI='
[2025-09-05 19:29:40,356] DEBUG: Flattened df_all missing expected columns: ['host_venue__display_name', 'author_name', 'author_openalex_id']
[2025-09-05 19:29:40,378] INFO: Appended 177 lifetime works for Emily Jenkins
[2025-09-05 19:29:40,383] INFO: Appended 63 last-5y works for Emily Jenkins
[2025-09-05 19:29:40,383] INFO: Processing Joseph Rubin (https://openalex.org/A5032938268)
[2025-09-05 19:29:40,383] INFO: OpenAlex fetch for https://openalex.org/A5032938268 (last 5 years >= 2021)
[2025-09-05 19:29:40,384] DEBUG: Starting new HTTPS connection (1): api.openalex.org:443
[2025-09-05 19:29:40,526] DEBUG: https://api.openalex.org:443 "GET /works?filter=author.id%3Ahttps%3A%2F%2Fopenalex.org%2FA5032938268&per-page=200&cursor=%2A HTTP/1.1" 200 190649
[2025-09-05 19:29:40,567] DEBUG: Fetched 79 results at cursor '*'
[2025-09-05 19:29:40,568] DEBUG: Starting new HTTPS connection (1): api.openalex.org:443
[2025-09-05 19:29:40,728] DEBUG: https://api.openalex.org:443 "GET /works?filter=author.id%3Ahttps%3A%2F%2Fopenalex.org%2FA5032938268&per-page=200&cursor=Ils1OC4wLCAwLCAnaHR0cHM6Ly9vcGVuYWxleC5vcmcvVzQzMDE4MTkxMTInXSI%3D HTTP/1.1" 200 140
[2025-09-05 19:29:40,730] DEBUG: Fetched 0 results at cursor 'Ils1OC4wLCAwLCAnaHR0cHM6Ly9vcGVuYWxleC5vcmcvVzQzMDE4MTkxMTInXSI='
[2025-09-05 19:29:40,811] DEBUG: Flattened df_all missing expected columns: ['host_venue__display_name', 'author_name', 'author_openalex_id']
[2025-09-05 19:29:40,831] INFO: Appended 79 lifetime works for Joseph Rubin
[2025-09-05 19:29:40,834] INFO: Appended 18 last-5y works for Joseph Rubin
[2025-09-05 19:29:40,834] INFO: Processing Tony Ruzzini (https://openalex.org/A5016372093)
[2025-09-05 19:29:40,834] INFO: OpenAlex fetch for https://openalex.org/A5016372093 (last 5 years >= 2021)
[2025-09-05 19:29:40,835] DEBUG: Starting new HTTPS connection (1): api.openalex.org:443
[2025-09-05 19:29:40,997] DEBUG: https://api.openalex.org:443 "GET /works?filter=author.id%3Ahttps%3A%2F%2Fopenalex.org%2FA5016372093&per-page=200&cursor=%2A HTTP/1.1" 200 103198
[2025-09-05 19:29:41,023] DEBUG: Fetched 37 results at cursor '*'
[2025-09-05 19:29:41,024] DEBUG: Starting new HTTPS connection (1): api.openalex.org:443
[2025-09-05 19:29:41,148] DEBUG: https://api.openalex.org:443 "GET /works?filter=author.id%3Ahttps%3A%2F%2Fopenalex.org%2FA5016372093&per-page=200&cursor=Ils2MS4wLCAwLCAnaHR0cHM6Ly9vcGVuYWxleC5vcmcvVzI5NzA5NjgzMTYnXSI%3D HTTP/1.1" 200 141
[2025-09-05 19:29:41,149] DEBUG: Fetched 0 results at cursor 'Ils2MS4wLCAwLCAnaHR0cHM6Ly9vcGVuYWxleC5vcmcvVzI5NzA5NjgzMTYnXSI='
[2025-09-05 19:29:41,195] DEBUG: Flattened df_all missing expected columns: ['host_venue__display_name', 'author_name', 'author_openalex_id']
[2025-09-05 19:29:41,203] INFO: Appended 37 lifetime works for Tony Ruzzini
[2025-09-05 19:29:41,206] INFO: Appended 12 last-5y works for Tony Ruzzini
[2025-09-05 19:29:41,206] INFO: Processing Maarten Voordouw (https://openalex.org/A5026690931)
[2025-09-05 19:29:41,206] INFO: OpenAlex fetch for https://openalex.org/A5026690931 (last 5 years >= 2021)
[2025-09-05 19:29:41,207] DEBUG: Starting new HTTPS connection (1): api.openalex.org:443
[2025-09-05 19:29:41,401] DEBUG: https://api.openalex.org:443 "GET /works?filter=author.id%3Ahttps%3A%2F%2Fopenalex.org%2FA5026690931&per-page=200&cursor=%2A HTTP/1.1" 200 295682
[2025-09-05 19:29:41,447] DEBUG: Fetched 96 results at cursor '*'
[2025-09-05 19:29:41,448] DEBUG: Starting new HTTPS connection (1): api.openalex.org:443
[2025-09-05 19:29:41,590] DEBUG: https://api.openalex.org:443 "GET /works?filter=author.id%3Ahttps%3A%2F%2Fopenalex.org%2FA5026690931&per-page=200&cursor=Ils1Ni4wLCAwLCAnaHR0cHM6Ly9vcGVuYWxleC5vcmcvVzQzOTQwODAwNzgnXSI%3D HTTP/1.1" 200 140
[2025-09-05 19:29:41,591] DEBUG: Fetched 0 results at cursor 'Ils1Ni4wLCAwLCAnaHR0cHM6Ly9vcGVuYWxleC5vcmcvVzQzOTQwODAwNzgnXSI='
[2025-09-05 19:29:41,680] DEBUG: Flattened df_all missing expected columns: ['host_venue__display_name', 'author_name', 'author_openalex_id']
[2025-09-05 19:29:41,689] INFO: Appended 96 lifetime works for Maarten Voordouw
[2025-09-05 19:29:41,692] INFO: Appended 26 last-5y works for Maarten Voordouw
[2025-09-05 19:29:41,692] INFO: Processing Arinjay Banerjee (https://openalex.org/A5050567215)
[2025-09-05 19:29:41,692] INFO: OpenAlex fetch for https://openalex.org/A5050567215 (last 5 years >= 2021)
[2025-09-05 19:29:41,693] DEBUG: Starting new HTTPS connection (1): api.openalex.org:443
[2025-09-05 19:29:41,890] DEBUG: https://api.openalex.org:443 "GET /works?filter=author.id%3Ahttps%3A%2F%2Fopenalex.org%2FA5050567215&per-page=200&cursor=%2A HTTP/1.1" 200 429862
[2025-09-05 19:29:41,960] DEBUG: Fetched 110 results at cursor '*'
[2025-09-05 19:29:41,961] DEBUG: Starting new HTTPS connection (1): api.openalex.org:443
[2025-09-05 19:29:42,117] DEBUG: https://api.openalex.org:443 "GET /works?filter=author.id%3Ahttps%3A%2F%2Fopenalex.org%2FA5050567215&per-page=200&cursor=Ils1Ni4wLCAwLCAnaHR0cHM6Ly9vcGVuYWxleC5vcmcvVzMxNzYwNDkxMTYnXSI%3D HTTP/1.1" 200 141
[2025-09-05 19:29:42,118] DEBUG: Fetched 0 results at cursor 'Ils1Ni4wLCAwLCAnaHR0cHM6Ly9vcGVuYWxleC5vcmcvVzMxNzYwNDkxMTYnXSI='
[2025-09-05 19:29:42,263] DEBUG: Flattened df_all missing expected columns: ['host_venue__display_name', 'author_name', 'author_openalex_id']
[2025-09-05 19:29:42,276] INFO: Appended 110 lifetime works for Arinjay Banerjee
[2025-09-05 19:29:42,282] INFO: Appended 72 last-5y works for Arinjay Banerjee
[2025-09-05 19:29:42,282] INFO: Processing Jeffrey Chen (https://openalex.org/A5000375230)
[2025-09-05 19:29:42,282] INFO: OpenAlex fetch for https://openalex.org/A5000375230 (last 5 years >= 2021)
[2025-09-05 19:29:42,283] DEBUG: Starting new HTTPS connection (1): api.openalex.org:443
[2025-09-05 19:29:42,437] DEBUG: https://api.openalex.org:443 "GET /works?filter=author.id%3Ahttps%3A%2F%2Fopenalex.org%2FA5000375230&per-page=200&cursor=%2A HTTP/1.1" 200 86491
[2025-09-05 19:29:42,457] DEBUG: Fetched 30 results at cursor '*'
[2025-09-05 19:29:42,458] DEBUG: Starting new HTTPS connection (1): api.openalex.org:443
[2025-09-05 19:29:42,548] DEBUG: https://api.openalex.org:443 "GET /works?filter=author.id%3Ahttps%3A%2F%2Fopenalex.org%2FA5000375230&per-page=200&cursor=Ils1Ni4wLCAwLCAnaHR0cHM6Ly9vcGVuYWxleC5vcmcvVzMyMDg4MDU3MjQnXSI%3D HTTP/1.1" 200 140
[2025-09-05 19:29:42,550] DEBUG: Fetched 0 results at cursor 'Ils1Ni4wLCAwLCAnaHR0cHM6Ly9vcGVuYWxleC5vcmcvVzMyMDg4MDU3MjQnXSI='
[2025-09-05 19:29:42,589] DEBUG: Flattened df_all missing expected columns: ['host_venue__display_name', 'author_name', 'author_openalex_id']
[2025-09-05 19:29:42,601] INFO: Appended 30 lifetime works for Jeffrey Chen
[2025-09-05 19:29:42,603] INFO: Appended 9 last-5y works for Jeffrey Chen
[2025-09-05 19:29:42,603] INFO: Processing Antonio Facciuolo (https://openalex.org/A5088785492)
[2025-09-05 19:29:42,603] INFO: OpenAlex fetch for https://openalex.org/A5088785492 (last 5 years >= 2021)
[2025-09-05 19:29:42,604] DEBUG: Starting new HTTPS connection (1): api.openalex.org:443
[2025-09-05 19:29:42,780] DEBUG: https://api.openalex.org:443 "GET /works?filter=author.id%3Ahttps%3A%2F%2Fopenalex.org%2FA5088785492&per-page=200&cursor=%2A HTTP/1.1" 200 88360
[2025-09-05 19:29:42,824] DEBUG: Fetched 27 results at cursor '*'
[2025-09-05 19:29:42,825] DEBUG: Starting new HTTPS connection (1): api.openalex.org:443
[2025-09-05 19:29:42,930] DEBUG: https://api.openalex.org:443 "GET /works?filter=author.id%3Ahttps%3A%2F%2Fopenalex.org%2FA5088785492&per-page=200&cursor=Ils2My4wLCAwLCAnaHR0cHM6Ly9vcGVuYWxleC5vcmcvVzQzODczNzY0NDgnXSI%3D HTTP/1.1" 200 140
[2025-09-05 19:29:42,931] DEBUG: Fetched 0 results at cursor 'Ils2My4wLCAwLCAnaHR0cHM6Ly9vcGVuYWxleC5vcmcvVzQzODczNzY0NDgnXSI='
[2025-09-05 19:29:42,972] DEBUG: Flattened df_all missing expected columns: ['host_venue__display_name', 'author_name', 'author_openalex_id']
[2025-09-05 19:29:42,977] INFO: Appended 27 lifetime works for Antonio Facciuolo
[2025-09-05 19:29:42,980] INFO: Appended 17 last-5y works for Antonio Facciuolo
[2025-09-05 19:29:42,980] INFO: Processing Darryl Falzarano (https://openalex.org/A5041967571)
[2025-09-05 19:29:42,980] INFO: OpenAlex fetch for https://openalex.org/A5041967571 (last 5 years >= 2021)
[2025-09-05 19:29:42,981] DEBUG: Starting new HTTPS connection (1): api.openalex.org:443
[2025-09-05 19:29:43,259] DEBUG: https://api.openalex.org:443 "GET /works?filter=author.id%3Ahttps%3A%2F%2Fopenalex.org%2FA5041967571&per-page=200&cursor=%2A HTTP/1.1" 200 476355
[2025-09-05 19:29:43,396] DEBUG: Fetched 132 results at cursor '*'
[2025-09-05 19:29:43,397] DEBUG: Starting new HTTPS connection (1): api.openalex.org:443
[2025-09-05 19:29:43,520] DEBUG: https://api.openalex.org:443 "GET /works?filter=author.id%3Ahttps%3A%2F%2Fopenalex.org%2FA5041967571&per-page=200&cursor=Ils1Ni4wLCAwLCAnaHR0cHM6Ly9vcGVuYWxleC5vcmcvVzMyMTQ5NTI4NDInXSI%3D HTTP/1.1" 200 141
[2025-09-05 19:29:43,521] DEBUG: Fetched 0 results at cursor 'Ils1Ni4wLCAwLCAnaHR0cHM6Ly9vcGVuYWxleC5vcmcvVzMyMTQ5NTI4NDInXSI='
[2025-09-05 19:29:43,680] DEBUG: Flattened df_all missing expected columns: ['host_venue__display_name', 'author_name', 'author_openalex_id']
[2025-09-05 19:29:43,691] INFO: Appended 132 lifetime works for Darryl Falzarano
[2025-09-05 19:29:43,695] INFO: Appended 70 last-5y works for Darryl Falzarano
[2025-09-05 19:29:43,696] INFO: Processing Kazal Ghosh (https://openalex.org/A5073467123)
[2025-09-05 19:29:43,696] INFO: OpenAlex fetch for https://openalex.org/A5073467123 (last 5 years >= 2021)
[2025-09-05 19:29:43,697] DEBUG: Starting new HTTPS connection (1): api.openalex.org:443
[2025-09-05 19:29:43,841] DEBUG: https://api.openalex.org:443 "GET /works?filter=author.id%3Ahttps%3A%2F%2Fopenalex.org%2FA5073467123&per-page=200&cursor=%2A HTTP/1.1" 200 23147
[2025-09-05 19:29:43,849] DEBUG: Fetched 9 results at cursor '*'
[2025-09-05 19:29:43,850] DEBUG: Starting new HTTPS connection (1): api.openalex.org:443
[2025-09-05 19:29:43,979] DEBUG: https://api.openalex.org:443 "GET /works?filter=author.id%3Ahttps%3A%2F%2Fopenalex.org%2FA5073467123&per-page=200&cursor=Ils1OC4wLCAwLCAnaHR0cHM6Ly9vcGVuYWxleC5vcmcvVzQzMjEwMDMxOTknXSI%3D HTTP/1.1" 200 140
[2025-09-05 19:29:43,981] DEBUG: Fetched 0 results at cursor 'Ils1OC4wLCAwLCAnaHR0cHM6Ly9vcGVuYWxleC5vcmcvVzQzMjEwMDMxOTknXSI='
[2025-09-05 19:29:43,999] DEBUG: Flattened df_all missing expected columns: ['host_venue__display_name', 'author_name', 'author_openalex_id']
[2025-09-05 19:29:44,011] INFO: Appended 9 lifetime works for Kazal Ghosh
[2025-09-05 19:29:44,013] INFO: Appended 7 last-5y works for Kazal Ghosh
[2025-09-05 19:29:44,013] INFO: Processing Uladzimir Karniychuk (https://openalex.org/A5012825986)
[2025-09-05 19:29:44,013] INFO: OpenAlex fetch for https://openalex.org/A5012825986 (last 5 years >= 2021)
[2025-09-05 19:29:44,014] DEBUG: Starting new HTTPS connection (1): api.openalex.org:443
[2025-09-05 19:29:44,153] DEBUG: https://api.openalex.org:443 "GET /works?filter=author.id%3Ahttps%3A%2F%2Fopenalex.org%2FA5012825986&per-page=200&cursor=%2A HTTP/1.1" 200 139051
[2025-09-05 19:29:44,182] DEBUG: Fetched 62 results at cursor '*'
[2025-09-05 19:29:44,184] DEBUG: Starting new HTTPS connection (1): api.openalex.org:443
[2025-09-05 19:29:44,295] DEBUG: https://api.openalex.org:443 "GET /works?filter=author.id%3Ahttps%3A%2F%2Fopenalex.org%2FA5012825986&per-page=200&cursor=Ils2MS4wLCAwLCAnaHR0cHM6Ly9vcGVuYWxleC5vcmcvVzQzOTQ0NDg4MzQnXSI%3D HTTP/1.1" 200 141
[2025-09-05 19:29:44,297] DEBUG: Fetched 0 results at cursor 'Ils2MS4wLCAwLCAnaHR0cHM6Ly9vcGVuYWxleC5vcmcvVzQzOTQ0NDg4MzQnXSI='
[2025-09-05 19:29:44,344] DEBUG: Flattened df_all missing expected columns: ['host_venue__display_name', 'author_name', 'author_openalex_id']
[2025-09-05 19:29:44,349] INFO: Appended 62 lifetime works for Uladzimir Karniychuk
[2025-09-05 19:29:44,352] INFO: Appended 15 last-5y works for Uladzimir Karniychuk
[2025-09-05 19:29:44,352] INFO: Processing Wolfgang Koester (https://openalex.org/A5053166362)
[2025-09-05 19:29:44,352] INFO: OpenAlex fetch for https://openalex.org/A5053166362 (last 5 years >= 2021)
[2025-09-05 19:29:44,353] DEBUG: Starting new HTTPS connection (1): api.openalex.org:443
[2025-09-05 19:29:44,881] DEBUG: https://api.openalex.org:443 "GET /works?filter=author.id%3Ahttps%3A%2F%2Fopenalex.org%2FA5053166362&per-page=200&cursor=%2A HTTP/1.1" 200 179559
[2025-09-05 19:29:44,911] DEBUG: Fetched 67 results at cursor '*'
[2025-09-05 19:29:44,912] DEBUG: Starting new HTTPS connection (1): api.openalex.org:443
[2025-09-05 19:29:45,005] DEBUG: https://api.openalex.org:443 "GET /works?filter=author.id%3Ahttps%3A%2F%2Fopenalex.org%2FA5053166362&per-page=200&cursor=Ils1My4wLCAwLCAnaHR0cHM6Ly9vcGVuYWxleC5vcmcvVzE1Mzg4NzQ0MSddIg%3D%3D HTTP/1.1" 200 141
[2025-09-05 19:29:45,007] DEBUG: Fetched 0 results at cursor 'Ils1My4wLCAwLCAnaHR0cHM6Ly9vcGVuYWxleC5vcmcvVzE1Mzg4NzQ0MSddIg=='
[2025-09-05 19:29:45,072] DEBUG: Flattened df_all missing expected columns: ['host_venue__display_name', 'author_name', 'author_openalex_id']
[2025-09-05 19:29:45,080] INFO: Appended 67 lifetime works for Wolfgang Koester
[2025-09-05 19:29:45,083] INFO: Appended 11 last-5y works for Wolfgang Koester
[2025-09-05 19:29:45,083] INFO: Processing Qiang Liu (https://openalex.org/A5100409525)
[2025-09-05 19:29:45,083] INFO: OpenAlex fetch for https://openalex.org/A5100409525 (last 5 years >= 2021)
[2025-09-05 19:29:45,084] DEBUG: Starting new HTTPS connection (1): api.openalex.org:443
[2025-09-05 19:29:45,326] DEBUG: https://api.openalex.org:443 "GET /works?filter=author.id%3Ahttps%3A%2F%2Fopenalex.org%2FA5100409525&per-page=200&cursor=%2A HTTP/1.1" 200 269025
[2025-09-05 19:29:45,421] DEBUG: Fetched 97 results at cursor '*'
[2025-09-05 19:29:45,422] DEBUG: Starting new HTTPS connection (1): api.openalex.org:443
[2025-09-05 19:29:45,548] DEBUG: https://api.openalex.org:443 "GET /works?filter=author.id%3Ahttps%3A%2F%2Fopenalex.org%2FA5100409525&per-page=200&cursor=Ils1NS4wLCAwLCAnaHR0cHM6Ly9vcGVuYWxleC5vcmcvVzI3NzQ0Nzc2ODInXSI%3D HTTP/1.1" 200 141
[2025-09-05 19:29:45,549] DEBUG: Fetched 0 results at cursor 'Ils1NS4wLCAwLCAnaHR0cHM6Ly9vcGVuYWxleC5vcmcvVzI3NzQ0Nzc2ODInXSI='
[2025-09-05 19:29:45,662] DEBUG: Flattened df_all missing expected columns: ['host_venue__display_name', 'author_name', 'author_openalex_id']
[2025-09-05 19:29:45,672] INFO: Appended 97 lifetime works for Qiang Liu
[2025-09-05 19:29:45,675] INFO: Appended 25 last-5y works for Qiang Liu
[2025-09-05 19:29:45,675] INFO: Processing Musangu Ngeleka (https://openalex.org/A5018933207)
[2025-09-05 19:29:45,675] INFO: OpenAlex fetch for https://openalex.org/A5018933207 (last 5 years >= 2021)
[2025-09-05 19:29:45,676] DEBUG: Starting new HTTPS connection (1): api.openalex.org:443
[2025-09-05 19:29:46,137] DEBUG: https://api.openalex.org:443 "GET /works?filter=author.id%3Ahttps%3A%2F%2Fopenalex.org%2FA5018933207&per-page=200&cursor=%2A HTTP/1.1" 200 110833
[2025-09-05 19:29:46,179] DEBUG: Fetched 42 results at cursor '*'
[2025-09-05 19:29:46,180] DEBUG: Starting new HTTPS connection (1): api.openalex.org:443
[2025-09-05 19:29:46,700] DEBUG: https://api.openalex.org:443 "GET /works?filter=author.id%3Ahttps%3A%2F%2Fopenalex.org%2FA5018933207&per-page=200&cursor=Ils1Ni4wLCAwLCAnaHR0cHM6Ly9vcGVuYWxleC5vcmcvVzQyNDQ1NDM2MzMnXSI%3D HTTP/1.1" 200 140
[2025-09-05 19:29:46,702] DEBUG: Fetched 0 results at cursor 'Ils1Ni4wLCAwLCAnaHR0cHM6Ly9vcGVuYWxleC5vcmcvVzQyNDQ1NDM2MzMnXSI='
[2025-09-05 19:29:46,754] DEBUG: Flattened df_all missing expected columns: ['host_venue__display_name', 'author_name', 'author_openalex_id']
[2025-09-05 19:29:46,763] INFO: Appended 42 lifetime works for Musangu Ngeleka
[2025-09-05 19:29:46,763] INFO: No last-5y works for Musangu Ngeleka
[2025-09-05 19:29:46,764] INFO: Processing Jose Perez-casal (https://openalex.org/A5075533328)
[2025-09-05 19:29:46,764] INFO: OpenAlex fetch for https://openalex.org/A5075533328 (last 5 years >= 2021)
[2025-09-05 19:29:46,765] DEBUG: Starting new HTTPS connection (1): api.openalex.org:443
[2025-09-05 19:29:46,977] DEBUG: https://api.openalex.org:443 "GET /works?filter=author.id%3Ahttps%3A%2F%2Fopenalex.org%2FA5075533328&per-page=200&cursor=%2A HTTP/1.1" 200 159520
[2025-09-05 19:29:47,044] DEBUG: Fetched 75 results at cursor '*'
[2025-09-05 19:29:47,045] DEBUG: Starting new HTTPS connection (1): api.openalex.org:443
[2025-09-05 19:29:47,225] DEBUG: https://api.openalex.org:443 "GET /works?filter=author.id%3Ahttps%3A%2F%2Fopenalex.org%2FA5075533328&per-page=200&cursor=Ils1Ni4wLCAwLCAnaHR0cHM6Ly9vcGVuYWxleC5vcmcvVzQzOTQxMjMxNjEnXSI%3D HTTP/1.1" 200 141
[2025-09-05 19:29:47,226] DEBUG: Fetched 0 results at cursor 'Ils1Ni4wLCAwLCAnaHR0cHM6Ly9vcGVuYWxleC5vcmcvVzQzOTQxMjMxNjEnXSI='
[2025-09-05 19:29:47,280] DEBUG: Flattened df_all missing expected columns: ['host_venue__display_name', 'author_name', 'author_openalex_id']
[2025-09-05 19:29:47,288] INFO: Appended 75 lifetime works for Jose Perez-casal
[2025-09-05 19:29:47,290] INFO: Appended 11 last-5y works for Jose Perez-casal
[2025-09-05 19:29:47,290] INFO: Processing Camila Queiroz (https://openalex.org/A5061580720)
[2025-09-05 19:29:47,290] INFO: OpenAlex fetch for https://openalex.org/A5061580720 (last 5 years >= 2021)
[2025-09-05 19:29:47,291] DEBUG: Starting new HTTPS connection (1): api.openalex.org:443
[2025-09-05 19:29:47,557] DEBUG: https://api.openalex.org:443 "GET /works?filter=author.id%3Ahttps%3A%2F%2Fopenalex.org%2FA5061580720&per-page=200&cursor=%2A HTTP/1.1" 200 18245
[2025-09-05 19:29:47,565] DEBUG: Fetched 7 results at cursor '*'
[2025-09-05 19:29:47,566] DEBUG: Starting new HTTPS connection (1): api.openalex.org:443
[2025-09-05 19:29:47,705] DEBUG: https://api.openalex.org:443 "GET /works?filter=author.id%3Ahttps%3A%2F%2Fopenalex.org%2FA5061580720&per-page=200&cursor=Ils1Ni4wLCAwLCAnaHR0cHM6Ly9vcGVuYWxleC5vcmcvVzQzOTQxMTE1NTQnXSI%3D HTTP/1.1" 200 139
[2025-09-05 19:29:47,706] DEBUG: Fetched 0 results at cursor 'Ils1Ni4wLCAwLCAnaHR0cHM6Ly9vcGVuYWxleC5vcmcvVzQzOTQxMTE1NTQnXSI='
[2025-09-05 19:29:47,720] DEBUG: Flattened df_all missing expected columns: ['host_venue__display_name', 'author_name', 'author_openalex_id']
[2025-09-05 19:29:47,727] INFO: Appended 7 lifetime works for Camila Queiroz
[2025-09-05 19:29:47,729] INFO: Appended 1 last-5y works for Camila Queiroz
[2025-09-05 19:29:47,729] INFO: Processing Loki Snyman (https://openalex.org/A5095017105)
[2025-09-05 19:29:47,729] INFO: OpenAlex fetch for https://openalex.org/A5095017105 (last 5 years >= 2021)
[2025-09-05 19:29:47,730] DEBUG: Starting new HTTPS connection (1): api.openalex.org:443
[2025-09-05 19:29:47,853] DEBUG: https://api.openalex.org:443 "GET /works?filter=author.id%3Ahttps%3A%2F%2Fopenalex.org%2FA5095017105&per-page=200&cursor=%2A HTTP/1.1" 200 1937
[2025-09-05 19:29:47,853] DEBUG: Fetched 1 results at cursor '*'
[2025-09-05 19:29:47,854] DEBUG: Starting new HTTPS connection (1): api.openalex.org:443
[2025-09-05 19:29:48,076] DEBUG: https://api.openalex.org:443 "GET /works?filter=author.id%3Ahttps%3A%2F%2Fopenalex.org%2FA5095017105&per-page=200&cursor=Ils1Ni4wLCAwLCAnaHR0cHM6Ly9vcGVuYWxleC5vcmcvVzQzOTQzODc3MTMnXSI%3D HTTP/1.1" 200 139
[2025-09-05 19:29:48,077] DEBUG: Fetched 0 results at cursor 'Ils1Ni4wLCAwLCAnaHR0cHM6Ly9vcGVuYWxleC5vcmcvVzQzOTQzODc3MTMnXSI='
[2025-09-05 19:29:48,082] DEBUG: Flattened df_all missing expected columns: ['host_venue__display_name', 'author_name', 'author_openalex_id']
[2025-09-05 19:29:48,085] INFO: Appended 1 lifetime works for Loki Snyman
[2025-09-05 19:29:48,087] INFO: Appended 1 last-5y works for Loki Snyman
[2025-09-05 19:29:48,087] INFO: Processing Heather Wilson (https://openalex.org/A5002970194)
[2025-09-05 19:29:48,087] INFO: OpenAlex fetch for https://openalex.org/A5002970194 (last 5 years >= 2021)
[2025-09-05 19:29:48,088] DEBUG: Starting new HTTPS connection (1): api.openalex.org:443
[2025-09-05 19:29:48,451] DEBUG: https://api.openalex.org:443 "GET /works?filter=author.id%3Ahttps%3A%2F%2Fopenalex.org%2FA5002970194&per-page=200&cursor=%2A HTTP/1.1" 200 483820
[2025-09-05 19:29:48,509] DEBUG: Fetched 169 results at cursor '*'
[2025-09-05 19:29:48,510] DEBUG: Starting new HTTPS connection (1): api.openalex.org:443
[2025-09-05 19:29:48,625] DEBUG: https://api.openalex.org:443 "GET /works?filter=author.id%3Ahttps%3A%2F%2Fopenalex.org%2FA5002970194&per-page=200&cursor=Ils1My4wLCAwLCAnaHR0cHM6Ly9vcGVuYWxleC5vcmcvVzQyNDYxOTI2NTcnXSI%3D HTTP/1.1" 200 142
[2025-09-05 19:29:48,626] DEBUG: Fetched 0 results at cursor 'Ils1My4wLCAwLCAnaHR0cHM6Ly9vcGVuYWxleC5vcmcvVzQyNDYxOTI2NTcnXSI='
[2025-09-05 19:29:48,874] DEBUG: Flattened df_all missing expected columns: ['host_venue__display_name', 'author_name', 'author_openalex_id']
[2025-09-05 19:29:48,884] INFO: Appended 169 lifetime works for Heather Wilson
[2025-09-05 19:29:48,887] INFO: Appended 34 last-5y works for Heather Wilson
[2025-09-05 19:29:48,888] INFO: Processing Yan Zhou (https://openalex.org/A5032015135)
[2025-09-05 19:29:48,888] INFO: OpenAlex fetch for https://openalex.org/A5032015135 (last 5 years >= 2021)
[2025-09-05 19:29:48,889] DEBUG: Starting new HTTPS connection (1): api.openalex.org:443
[2025-09-05 19:29:49,163] DEBUG: https://api.openalex.org:443 "GET /works?filter=author.id%3Ahttps%3A%2F%2Fopenalex.org%2FA5032015135&per-page=200&cursor=%2A HTTP/1.1" 200 364030
[2025-09-05 19:29:49,232] DEBUG: Fetched 121 results at cursor '*'
[2025-09-05 19:29:49,233] DEBUG: Starting new HTTPS connection (1): api.openalex.org:443
[2025-09-05 19:29:49,341] DEBUG: https://api.openalex.org:443 "GET /works?filter=author.id%3Ahttps%3A%2F%2Fopenalex.org%2FA5032015135&per-page=200&cursor=Ils1NS4wLCAwLCAnaHR0cHM6Ly9vcGVuYWxleC5vcmcvVzI0MTE0NDk1NjAnXSI%3D HTTP/1.1" 200 142
[2025-09-05 19:29:49,342] DEBUG: Fetched 0 results at cursor 'Ils1NS4wLCAwLCAnaHR0cHM6Ly9vcGVuYWxleC5vcmcvVzI0MTE0NDk1NjAnXSI='
[2025-09-05 19:29:49,493] DEBUG: Flattened df_all missing expected columns: ['host_venue__display_name', 'author_name', 'author_openalex_id']
[2025-09-05 19:29:49,510] INFO: Appended 121 lifetime works for Yan Zhou
[2025-09-05 19:29:49,514] INFO: Appended 46 last-5y works for Yan Zhou
[2025-09-05 19:29:49,514] INFO: Processing Suresh Tikoo (https://openalex.org/A5028351806)
[2025-09-05 19:29:49,514] INFO: OpenAlex fetch for https://openalex.org/A5028351806 (last 5 years >= 2021)
[2025-09-05 19:29:49,515] DEBUG: Starting new HTTPS connection (1): api.openalex.org:443
[2025-09-05 19:29:49,737] DEBUG: https://api.openalex.org:443 "GET /works?filter=author.id%3Ahttps%3A%2F%2Fopenalex.org%2FA5028351806&per-page=200&cursor=%2A HTTP/1.1" 200 432562
[2025-09-05 19:29:49,798] DEBUG: Fetched 183 results at cursor '*'
[2025-09-05 19:29:49,799] DEBUG: Starting new HTTPS connection (1): api.openalex.org:443
[2025-09-05 19:29:50,050] DEBUG: https://api.openalex.org:443 "GET /works?filter=author.id%3Ahttps%3A%2F%2Fopenalex.org%2FA5028351806&per-page=200&cursor=Ils1My4wLCAwLCAnaHR0cHM6Ly9vcGVuYWxleC5vcmcvVzMyMDI5MjM4OTQnXSI%3D HTTP/1.1" 200 141
[2025-09-05 19:29:50,051] DEBUG: Fetched 0 results at cursor 'Ils1My4wLCAwLCAnaHR0cHM6Ly9vcGVuYWxleC5vcmcvVzMyMDI5MjM4OTQnXSI='
[2025-09-05 19:29:50,202] DEBUG: Flattened df_all missing expected columns: ['host_venue__display_name', 'author_name', 'author_openalex_id']
[2025-09-05 19:29:50,219] INFO: Appended 183 lifetime works for Suresh Tikoo
[2025-09-05 19:29:50,222] INFO: Appended 27 last-5y works for Suresh Tikoo
[2025-09-05 19:29:50,222] INFO: Processing Manuel Chirino (https://openalex.org/A5073090598)
[2025-09-05 19:29:50,222] INFO: OpenAlex fetch for https://openalex.org/A5073090598 (last 5 years >= 2021)
[2025-09-05 19:29:50,223] DEBUG: Starting new HTTPS connection (1): api.openalex.org:443
[2025-09-05 19:29:50,396] DEBUG: https://api.openalex.org:443 "GET /works?filter=author.id%3Ahttps%3A%2F%2Fopenalex.org%2FA5073090598&per-page=200&cursor=%2A HTTP/1.1" 200 154144
[2025-09-05 19:29:50,446] DEBUG: Fetched 68 results at cursor '*'
[2025-09-05 19:29:50,448] DEBUG: Starting new HTTPS connection (1): api.openalex.org:443
[2025-09-05 19:29:50,571] DEBUG: https://api.openalex.org:443 "GET /works?filter=author.id%3Ahttps%3A%2F%2Fopenalex.org%2FA5073090598&per-page=200&cursor=Ils1Ny4wLCAwLCAnaHR0cHM6Ly9vcGVuYWxleC5vcmcvVzMxNzU0NDMwMDEnXSI%3D HTTP/1.1" 200 141
[2025-09-05 19:29:50,573] DEBUG: Fetched 0 results at cursor 'Ils1Ny4wLCAwLCAnaHR0cHM6Ly9vcGVuYWxleC5vcmcvVzMxNzU0NDMwMDEnXSI='
[2025-09-05 19:29:50,639] DEBUG: Flattened df_all missing expected columns: ['host_venue__display_name', 'author_name', 'author_openalex_id']
[2025-09-05 19:29:50,653] INFO: Appended 68 lifetime works for Manuel Chirino
[2025-09-05 19:29:50,655] INFO: Appended 1 last-5y works for Manuel Chirino
[2025-09-05 19:29:50,655] INFO: Processing Debbie Haines (https://openalex.org/A5070489863)
[2025-09-05 19:29:50,655] INFO: OpenAlex fetch for https://openalex.org/A5070489863 (last 5 years >= 2021)
[2025-09-05 19:29:50,656] DEBUG: Starting new HTTPS connection (1): api.openalex.org:443
[2025-09-05 19:29:50,878] DEBUG: https://api.openalex.org:443 "GET /works?filter=author.id%3Ahttps%3A%2F%2Fopenalex.org%2FA5070489863&per-page=200&cursor=%2A HTTP/1.1" 200 464261
[2025-09-05 19:29:50,942] DEBUG: Fetched 200 results at cursor '*'
[2025-09-05 19:29:50,943] DEBUG: Starting new HTTPS connection (1): api.openalex.org:443
[2025-09-05 19:29:51,046] DEBUG: https://api.openalex.org:443 "GET /works?filter=author.id%3Ahttps%3A%2F%2Fopenalex.org%2FA5070489863&per-page=200&cursor=Ils2My4wLCAwLCAnaHR0cHM6Ly9vcGVuYWxleC5vcmcvVzIyNjU2NDIwNzMnXSI%3D HTTP/1.1" 200 22640
[2025-09-05 19:29:51,056] DEBUG: Fetched 13 results at cursor 'Ils2My4wLCAwLCAnaHR0cHM6Ly9vcGVuYWxleC5vcmcvVzIyNjU2NDIwNzMnXSI='
[2025-09-05 19:29:51,057] DEBUG: Starting new HTTPS connection (1): api.openalex.org:443
[2025-09-05 19:29:51,213] DEBUG: https://api.openalex.org:443 "GET /works?filter=author.id%3Ahttps%3A%2F%2Fopenalex.org%2FA5070489863&per-page=200&cursor=Ils1My4wLCAwLCAnaHR0cHM6Ly9vcGVuYWxleC5vcmcvVzQyMzY4Njc1MjAnXSI%3D HTTP/1.1" 200 141
[2025-09-05 19:29:51,214] DEBUG: Fetched 0 results at cursor 'Ils1My4wLCAwLCAnaHR0cHM6Ly9vcGVuYWxleC5vcmcvVzQyMzY4Njc1MjAnXSI='
[2025-09-05 19:29:51,462] DEBUG: Flattened df_all missing expected columns: ['host_venue__display_name', 'author_name', 'author_openalex_id']
[2025-09-05 19:29:51,475] INFO: Appended 213 lifetime works for Debbie Haines
[2025-09-05 19:29:51,478] INFO: Appended 12 last-5y works for Debbie Haines
[2025-09-05 19:29:51,478] INFO: Processing Vikram Misra (https://openalex.org/A5018540324)
[2025-09-05 19:29:51,478] INFO: OpenAlex fetch for https://openalex.org/A5018540324 (last 5 years >= 2021)
[2025-09-05 19:29:51,479] DEBUG: Starting new HTTPS connection (1): api.openalex.org:443
[2025-09-05 19:29:52,289] DEBUG: https://api.openalex.org:443 "GET /works?filter=author.id%3Ahttps%3A%2F%2Fopenalex.org%2FA5018540324&per-page=200&cursor=%2A HTTP/1.1" 200 427972
[2025-09-05 19:29:52,425] DEBUG: Fetched 158 results at cursor '*'
[2025-09-05 19:29:52,426] DEBUG: Starting new HTTPS connection (1): api.openalex.org:443
[2025-09-05 19:29:52,749] DEBUG: https://api.openalex.org:443 "GET /works?filter=author.id%3Ahttps%3A%2F%2Fopenalex.org%2FA5018540324&per-page=200&cursor=Ils1My4wLCAwLCAnaHR0cHM6Ly9vcGVuYWxleC5vcmcvVzIxNDQ0ODI4NjMnXSI%3D HTTP/1.1" 200 142
[2025-09-05 19:29:52,751] DEBUG: Fetched 0 results at cursor 'Ils1My4wLCAwLCAnaHR0cHM6Ly9vcGVuYWxleC5vcmcvVzIxNDQ0ODI4NjMnXSI='
[2025-09-05 19:29:52,957] DEBUG: Flattened df_all missing expected columns: ['host_venue__display_name', 'author_name', 'author_openalex_id']
[2025-09-05 19:29:52,976] INFO: Appended 158 lifetime works for Vikram Misra
[2025-09-05 19:29:52,979] INFO: Appended 16 last-5y works for Vikram Misra
[2025-09-05 19:29:52,980] INFO: Processing Lydden Polley (https://openalex.org/A5070489863)
[2025-09-05 19:29:52,980] INFO: OpenAlex fetch for https://openalex.org/A5070489863 (last 5 years >= 2021)
[2025-09-05 19:29:52,981] DEBUG: Starting new HTTPS connection (1): api.openalex.org:443
[2025-09-05 19:29:53,243] DEBUG: https://api.openalex.org:443 "GET /works?filter=author.id%3Ahttps%3A%2F%2Fopenalex.org%2FA5070489863&per-page=200&cursor=%2A HTTP/1.1" 200 464261
[2025-09-05 19:29:53,365] DEBUG: Fetched 200 results at cursor '*'
[2025-09-05 19:29:53,366] DEBUG: Starting new HTTPS connection (1): api.openalex.org:443
[2025-09-05 19:29:53,501] DEBUG: https://api.openalex.org:443 "GET /works?filter=author.id%3Ahttps%3A%2F%2Fopenalex.org%2FA5070489863&per-page=200&cursor=Ils2My4wLCAwLCAnaHR0cHM6Ly9vcGVuYWxleC5vcmcvVzIyNjU2NDIwNzMnXSI%3D HTTP/1.1" 200 22639
[2025-09-05 19:29:53,511] DEBUG: Fetched 13 results at cursor 'Ils2My4wLCAwLCAnaHR0cHM6Ly9vcGVuYWxleC5vcmcvVzIyNjU2NDIwNzMnXSI='
[2025-09-05 19:29:53,512] DEBUG: Starting new HTTPS connection (1): api.openalex.org:443
[2025-09-05 19:29:53,628] DEBUG: https://api.openalex.org:443 "GET /works?filter=author.id%3Ahttps%3A%2F%2Fopenalex.org%2FA5070489863&per-page=200&cursor=Ils1My4wLCAwLCAnaHR0cHM6Ly9vcGVuYWxleC5vcmcvVzQyMzY4Njc1MjAnXSI%3D HTTP/1.1" 200 141
[2025-09-05 19:29:53,629] DEBUG: Fetched 0 results at cursor 'Ils1My4wLCAwLCAnaHR0cHM6Ly9vcGVuYWxleC5vcmcvVzQyMzY4Njc1MjAnXSI='
[2025-09-05 19:29:53,872] DEBUG: Flattened df_all missing expected columns: ['host_venue__display_name', 'author_name', 'author_openalex_id']
[2025-09-05 19:29:53,892] INFO: Appended 213 lifetime works for Lydden Polley
[2025-09-05 19:29:53,894] INFO: Appended 12 last-5y works for Lydden Polley
[2025-09-05 19:29:53,895] INFO: Processing Andrew Potter (https://openalex.org/A5035086403)
[2025-09-05 19:29:53,895] INFO: OpenAlex fetch for https://openalex.org/A5035086403 (last 5 years >= 2021)
[2025-09-05 19:29:53,896] DEBUG: Starting new HTTPS connection (1): api.openalex.org:443
[2025-09-05 19:29:54,317] DEBUG: https://api.openalex.org:443 "GET /works?filter=author.id%3Ahttps%3A%2F%2Fopenalex.org%2FA5035086403&per-page=200&cursor=%2A HTTP/1.1" 200 547242
[2025-09-05 19:29:54,405] DEBUG: Fetched 200 results at cursor '*'
[2025-09-05 19:29:54,406] DEBUG: Starting new HTTPS connection (1): api.openalex.org:443
[2025-09-05 19:29:55,252] DEBUG: https://api.openalex.org:443 "GET /works?filter=author.id%3Ahttps%3A%2F%2Fopenalex.org%2FA5035086403&per-page=200&cursor=Ils4MS4wLCAxMywgJ2h0dHBzOi8vb3BlbmFsZXgub3JnL1cyMTM3MzQ4MjYzJ10i HTTP/1.1" 200 97463
[2025-09-05 19:29:55,316] DEBUG: Fetched 46 results at cursor 'Ils4MS4wLCAxMywgJ2h0dHBzOi8vb3BlbmFsZXgub3JnL1cyMTM3MzQ4MjYzJ10i'
[2025-09-05 19:29:55,317] DEBUG: Starting new HTTPS connection (1): api.openalex.org:443
[2025-09-05 19:29:55,432] DEBUG: https://api.openalex.org:443 "GET /works?filter=author.id%3Ahttps%3A%2F%2Fopenalex.org%2FA5035086403&per-page=200&cursor=Ils1My4wLCAwLCAnaHR0cHM6Ly9vcGVuYWxleC5vcmcvVzQyMDU4Mzk1MzgnXSI%3D HTTP/1.1" 200 142
[2025-09-05 19:29:55,434] DEBUG: Fetched 0 results at cursor 'Ils1My4wLCAwLCAnaHR0cHM6Ly9vcGVuYWxleC5vcmcvVzQyMDU4Mzk1MzgnXSI='
[2025-09-05 19:29:55,718] DEBUG: Flattened df_all missing expected columns: ['host_venue__display_name', 'author_name', 'author_openalex_id']
[2025-09-05 19:29:55,741] INFO: Appended 246 lifetime works for Andrew Potter
[2025-09-05 19:29:55,744] INFO: Appended 21 last-5y works for Andrew Potter
[2025-09-05 19:29:55,745] INFO: Processing Henry Tabel (nan)
[2025-09-05 19:29:55,745] INFO: OpenAlex fetch for https://openalex.org/nan (last 5 years >= 2021)
[2025-09-05 19:29:55,746] DEBUG: Starting new HTTPS connection (1): api.openalex.org:443
[2025-09-05 19:29:55,862] DEBUG: https://api.openalex.org:443 "GET /works?filter=author.id%3Ahttps%3A%2F%2Fopenalex.org%2Fnan&per-page=200&cursor=%2A HTTP/1.1" 403 90
[2025-09-05 19:29:55,863] ERROR: HTTP error from OpenAlex: 403 Client Error: FORBIDDEN for url: https://api.openalex.org/works?filter=author.id%3Ahttps%3A%2F%2Fopenalex.org%2Fnan&per-page=200&cursor=%2A
Traceback (most recent call last):
  File "/home/runner/work/WCVM_VetMic/WCVM_VetMic/etl/WCVM_VetMic_works.py", line 273, in fetch_author_works_filtered
    resp.raise_for_status()
  File "/opt/hostedtoolcache/Python/3.11.13/x64/lib/python3.11/site-packages/requests/models.py", line 1026, in raise_for_status
    raise HTTPError(http_error_msg, response=self)
requests.exceptions.HTTPError: 403 Client Error: FORBIDDEN for url: https://api.openalex.org/works?filter=author.id%3Ahttps%3A%2F%2Fopenalex.org%2Fnan&per-page=200&cursor=%2A
[2025-09-05 19:29:55,863] INFO: No works returned from OpenAlex for this author.
[2025-09-05 19:29:55,876] INFO: No lifetime works for Henry Tabel
[2025-09-05 19:29:55,876] INFO: No last-5y works for Henry Tabel
[2025-09-05 19:29:55,876] INFO: Total skipped rows due to missing ID: 0
[2025-09-05 19:29:55,889] INFO: Deduplicating 1368 -> 574 rows
[2025-09-05 19:29:55,898] INFO: Deduplicated file written to data/openalex_all_authors_last5y_key_fields_dedup.csv
