[2025-09-05 17:54:10,444] INFO: Removed old artifact: data/openalex_all_authors_lifetime.csv
[2025-09-05 17:54:10,444] INFO: Removed old artifact: data/openalex_all_authors_last5y_key_fields.csv
[2025-09-05 17:54:10,445] INFO: Removed old artifact: data/openalex_all_authors_last5y_key_fields_dedup.csv
[2025-09-05 17:54:10,445] INFO: Reading roster from data/roster_with_metrics.csv
[2025-09-05 17:54:10,447] INFO: Processing Janet Hill (https://openalex.org/A5022032110)
[2025-09-05 17:54:10,447] INFO: OpenAlex fetch for https://openalex.org/A5022032110 (last 5 years >= 2021)
[2025-09-05 17:54:10,449] DEBUG: Starting new HTTPS connection (1): api.openalex.org:443
[2025-09-05 17:54:12,391] DEBUG: https://api.openalex.org:443 "GET /works?filter=author.id%3Ahttps%3A%2F%2Fopenalex.org%2FA5022032110&per-page=200&cursor=%2A HTTP/1.1" 200 571215
[2025-09-05 17:54:12,760] DEBUG: Fetched 200 results at cursor '*'
[2025-09-05 17:54:12,761] DEBUG: Starting new HTTPS connection (1): api.openalex.org:443
[2025-09-05 17:54:13,490] DEBUG: https://api.openalex.org:443 "GET /works?filter=author.id%3Ahttps%3A%2F%2Fopenalex.org%2FA5022032110&per-page=200&cursor=Ils3MC4wLCAwLCAnaHR0cHM6Ly9vcGVuYWxleC5vcmcvVzQzOTE0MDEzOTEnXSI%3D HTTP/1.1" 200 102524
[2025-09-05 17:54:13,691] DEBUG: Fetched 63 results at cursor 'Ils3MC4wLCAwLCAnaHR0cHM6Ly9vcGVuYWxleC5vcmcvVzQzOTE0MDEzOTEnXSI='
[2025-09-05 17:54:13,692] DEBUG: Starting new HTTPS connection (1): api.openalex.org:443
[2025-09-05 17:54:14,314] DEBUG: https://api.openalex.org:443 "GET /works?filter=author.id%3Ahttps%3A%2F%2Fopenalex.org%2FA5022032110&per-page=200&cursor=Ils1My4wLCAwLCAnaHR0cHM6Ly9vcGVuYWxleC5vcmcvVzI5NTMxODg0MzgnXSI%3D HTTP/1.1" 200 142
[2025-09-05 17:54:14,316] DEBUG: Fetched 0 results at cursor 'Ils1My4wLCAwLCAnaHR0cHM6Ly9vcGVuYWxleC5vcmcvVzI5NTMxODg0MzgnXSI='
[2025-09-05 17:54:14,685] DEBUG: Flattened df_all missing expected columns: ['host_venue__display_name', 'author_name', 'author_openalex_id']
[2025-09-05 17:54:14,699] INFO: Appended 263 lifetime works for Janet Hill
[2025-09-05 17:54:14,703] INFO: Appended 57 last-5y works for Janet Hill
[2025-09-05 17:54:14,703] INFO: Processing Kristen Conn (https://openalex.org/A5024161948)
[2025-09-05 17:54:14,703] INFO: OpenAlex fetch for https://openalex.org/A5024161948 (last 5 years >= 2021)
[2025-09-05 17:54:14,704] DEBUG: Starting new HTTPS connection (1): api.openalex.org:443
[2025-09-05 17:54:15,436] DEBUG: https://api.openalex.org:443 "GET /works?filter=author.id%3Ahttps%3A%2F%2Fopenalex.org%2FA5024161948&per-page=200&cursor=%2A HTTP/1.1" 200 64960
[2025-09-05 17:54:15,575] DEBUG: Fetched 18 results at cursor '*'
[2025-09-05 17:54:15,576] DEBUG: Starting new HTTPS connection (1): api.openalex.org:443
[2025-09-05 17:54:16,083] DEBUG: https://api.openalex.org:443 "GET /works?filter=author.id%3Ahttps%3A%2F%2Fopenalex.org%2FA5024161948&per-page=200&cursor=Ils2NC4wLCAwLCAnaHR0cHM6Ly9vcGVuYWxleC5vcmcvVzI4OTY1NDMwMDEnXSI%3D HTTP/1.1" 200 141
[2025-09-05 17:54:16,085] DEBUG: Fetched 0 results at cursor 'Ils2NC4wLCAwLCAnaHR0cHM6Ly9vcGVuYWxleC5vcmcvVzI4OTY1NDMwMDEnXSI='
[2025-09-05 17:54:16,113] DEBUG: Flattened df_all missing expected columns: ['host_venue__display_name', 'author_name', 'author_openalex_id']
[2025-09-05 17:54:16,130] INFO: Appended 18 lifetime works for Kristen Conn
[2025-09-05 17:54:16,132] INFO: Appended 4 last-5y works for Kristen Conn
[2025-09-05 17:54:16,132] INFO: Processing John Ellis (https://openalex.org/A5007566988)
[2025-09-05 17:54:16,132] INFO: OpenAlex fetch for https://openalex.org/A5007566988 (last 5 years >= 2021)
[2025-09-05 17:54:16,133] DEBUG: Starting new HTTPS connection (1): api.openalex.org:443
[2025-09-05 17:54:20,542] DEBUG: https://api.openalex.org:443 "GET /works?filter=author.id%3Ahttps%3A%2F%2Fopenalex.org%2FA5007566988&per-page=200&cursor=%2A HTTP/1.1" 200 548946
[2025-09-05 17:54:20,892] DEBUG: Fetched 200 results at cursor '*'
[2025-09-05 17:54:20,893] DEBUG: Starting new HTTPS connection (1): api.openalex.org:443
[2025-09-05 17:54:22,227] DEBUG: https://api.openalex.org:443 "GET /works?filter=author.id%3Ahttps%3A%2F%2Fopenalex.org%2FA5007566988&per-page=200&cursor=Ils5MS4wLCAxOSwgJ2h0dHBzOi8vb3BlbmFsZXgub3JnL1cyNzYzMjk0NzIxJ10i HTTP/1.1" 200 444719
[2025-09-05 17:54:22,597] DEBUG: Fetched 200 results at cursor 'Ils5MS4wLCAxOSwgJ2h0dHBzOi8vb3BlbmFsZXgub3JnL1cyNzYzMjk0NzIxJ10i'
[2025-09-05 17:54:22,598] DEBUG: Starting new HTTPS connection (1): api.openalex.org:443
[2025-09-05 17:54:23,033] DEBUG: https://api.openalex.org:443 "GET /works?filter=author.id%3Ahttps%3A%2F%2Fopenalex.org%2FA5007566988&per-page=200&cursor=Ils2OS4wLCAxLCAnaHR0cHM6Ly9vcGVuYWxleC5vcmcvVzI5NDQ1MTYwMTMnXSI%3D HTTP/1.1" 200 178252
[2025-09-05 17:54:23,247] DEBUG: Fetched 103 results at cursor 'Ils2OS4wLCAxLCAnaHR0cHM6Ly9vcGVuYWxleC5vcmcvVzI5NDQ1MTYwMTMnXSI='
[2025-09-05 17:54:23,248] DEBUG: Starting new HTTPS connection (1): api.openalex.org:443
[2025-09-05 17:54:23,557] DEBUG: https://api.openalex.org:443 "GET /works?filter=author.id%3Ahttps%3A%2F%2Fopenalex.org%2FA5007566988&per-page=200&cursor=Ils1My4wLCAwLCAnaHR0cHM6Ly9vcGVuYWxleC5vcmcvVzQyNTYzMjc2MzYnXSI%3D HTTP/1.1" 200 141
[2025-09-05 17:54:23,559] DEBUG: Fetched 0 results at cursor 'Ils1My4wLCAwLCAnaHR0cHM6Ly9vcGVuYWxleC5vcmcvVzQyNTYzMjc2MzYnXSI='
[2025-09-05 17:54:24,267] DEBUG: Flattened df_all missing expected columns: ['host_venue__display_name', 'author_name', 'author_openalex_id']
[2025-09-05 17:54:24,289] INFO: Appended 503 lifetime works for John Ellis
[2025-09-05 17:54:24,293] INFO: Appended 47 last-5y works for John Ellis
[2025-09-05 17:54:24,293] INFO: Processing Volker Gerdts (https://openalex.org/A5054537882)
[2025-09-05 17:54:24,293] INFO: OpenAlex fetch for https://openalex.org/A5054537882 (last 5 years >= 2021)
[2025-09-05 17:54:24,294] DEBUG: Starting new HTTPS connection (1): api.openalex.org:443
[2025-09-05 17:54:26,453] DEBUG: https://api.openalex.org:443 "GET /works?filter=author.id%3Ahttps%3A%2F%2Fopenalex.org%2FA5054537882&per-page=200&cursor=%2A HTTP/1.1" 200 598895
[2025-09-05 17:54:26,851] DEBUG: Fetched 200 results at cursor '*'
[2025-09-05 17:54:26,852] DEBUG: Starting new HTTPS connection (1): api.openalex.org:443
[2025-09-05 17:54:27,177] DEBUG: https://api.openalex.org:443 "GET /works?filter=author.id%3Ahttps%3A%2F%2Fopenalex.org%2FA5054537882&per-page=200&cursor=Ils2MC4wLCAwLCAnaHR0cHM6Ly9vcGVuYWxleC5vcmcvVzMwODgwMzcwNjEnXSI%3D HTTP/1.1" 200 10593
[2025-09-05 17:54:27,179] DEBUG: Fetched 6 results at cursor 'Ils2MC4wLCAwLCAnaHR0cHM6Ly9vcGVuYWxleC5vcmcvVzMwODgwMzcwNjEnXSI='
[2025-09-05 17:54:27,180] DEBUG: Starting new HTTPS connection (1): api.openalex.org:443
[2025-09-05 17:54:27,619] DEBUG: https://api.openalex.org:443 "GET /works?filter=author.id%3Ahttps%3A%2F%2Fopenalex.org%2FA5054537882&per-page=200&cursor=Ils1Ni4wLCAwLCAnaHR0cHM6Ly9vcGVuYWxleC5vcmcvVzMyMTcxNTYxODQnXSI%3D HTTP/1.1" 200 141
[2025-09-05 17:54:27,621] DEBUG: Fetched 0 results at cursor 'Ils1Ni4wLCAwLCAnaHR0cHM6Ly9vcGVuYWxleC5vcmcvVzMyMTcxNTYxODQnXSI='
[2025-09-05 17:54:27,843] DEBUG: Flattened df_all missing expected columns: ['host_venue__display_name', 'author_name', 'author_openalex_id']
[2025-09-05 17:54:27,879] INFO: Appended 206 lifetime works for Volker Gerdts
[2025-09-05 17:54:27,883] INFO: Appended 49 last-5y works for Volker Gerdts
[2025-09-05 17:54:27,883] INFO: Processing Emily Jenkins (https://openalex.org/A5075278671)
[2025-09-05 17:54:27,884] INFO: OpenAlex fetch for https://openalex.org/A5075278671 (last 5 years >= 2021)
[2025-09-05 17:54:27,885] DEBUG: Starting new HTTPS connection (1): api.openalex.org:443
[2025-09-05 17:54:30,360] DEBUG: https://api.openalex.org:443 "GET /works?filter=author.id%3Ahttps%3A%2F%2Fopenalex.org%2FA5075278671&per-page=200&cursor=%2A HTTP/1.1" 200 594114
[2025-09-05 17:54:30,726] DEBUG: Fetched 177 results at cursor '*'
[2025-09-05 17:54:30,727] DEBUG: Starting new HTTPS connection (1): api.openalex.org:443
[2025-09-05 17:54:31,194] DEBUG: https://api.openalex.org:443 "GET /works?filter=author.id%3Ahttps%3A%2F%2Fopenalex.org%2FA5075278671&per-page=200&cursor=Ils1Ni4wLCAwLCAnaHR0cHM6Ly9vcGVuYWxleC5vcmcvVzMyMTEwMTg2MzcnXSI%3D HTTP/1.1" 200 141
[2025-09-05 17:54:31,196] DEBUG: Fetched 0 results at cursor 'Ils1Ni4wLCAwLCAnaHR0cHM6Ly9vcGVuYWxleC5vcmcvVzMyMTEwMTg2MzcnXSI='
[2025-09-05 17:54:31,519] DEBUG: Flattened df_all missing expected columns: ['host_venue__display_name', 'author_name', 'author_openalex_id']
[2025-09-05 17:54:31,540] INFO: Appended 177 lifetime works for Emily Jenkins
[2025-09-05 17:54:31,545] INFO: Appended 63 last-5y works for Emily Jenkins
[2025-09-05 17:54:31,545] INFO: Processing Joseph Rubin (https://openalex.org/A5032938268)
[2025-09-05 17:54:31,545] INFO: OpenAlex fetch for https://openalex.org/A5032938268 (last 5 years >= 2021)
[2025-09-05 17:54:31,546] DEBUG: Starting new HTTPS connection (1): api.openalex.org:443
[2025-09-05 17:54:32,463] DEBUG: https://api.openalex.org:443 "GET /works?filter=author.id%3Ahttps%3A%2F%2Fopenalex.org%2FA5032938268&per-page=200&cursor=%2A HTTP/1.1" 200 190656
[2025-09-05 17:54:32,741] DEBUG: Fetched 79 results at cursor '*'
[2025-09-05 17:54:32,742] DEBUG: Starting new HTTPS connection (1): api.openalex.org:443
[2025-09-05 17:54:33,241] DEBUG: https://api.openalex.org:443 "GET /works?filter=author.id%3Ahttps%3A%2F%2Fopenalex.org%2FA5032938268&per-page=200&cursor=Ils1OC4wLCAwLCAnaHR0cHM6Ly9vcGVuYWxleC5vcmcvVzQzMDE4MTkxMTInXSI%3D HTTP/1.1" 200 140
[2025-09-05 17:54:33,242] DEBUG: Fetched 0 results at cursor 'Ils1OC4wLCAwLCAnaHR0cHM6Ly9vcGVuYWxleC5vcmcvVzQzMDE4MTkxMTInXSI='
[2025-09-05 17:54:33,323] DEBUG: Flattened df_all missing expected columns: ['host_venue__display_name', 'author_name', 'author_openalex_id']
[2025-09-05 17:54:33,343] INFO: Appended 79 lifetime works for Joseph Rubin
[2025-09-05 17:54:33,346] INFO: Appended 18 last-5y works for Joseph Rubin
[2025-09-05 17:54:33,346] INFO: Processing Tony Ruzzini (https://openalex.org/A5016372093)
[2025-09-05 17:54:33,346] INFO: OpenAlex fetch for https://openalex.org/A5016372093 (last 5 years >= 2021)
[2025-09-05 17:54:33,347] DEBUG: Starting new HTTPS connection (1): api.openalex.org:443
[2025-09-05 17:54:34,198] DEBUG: https://api.openalex.org:443 "GET /works?filter=author.id%3Ahttps%3A%2F%2Fopenalex.org%2FA5016372093&per-page=200&cursor=%2A HTTP/1.1" 200 103198
[2025-09-05 17:54:34,403] DEBUG: Fetched 37 results at cursor '*'
[2025-09-05 17:54:34,405] DEBUG: Starting new HTTPS connection (1): api.openalex.org:443
[2025-09-05 17:54:35,175] DEBUG: https://api.openalex.org:443 "GET /works?filter=author.id%3Ahttps%3A%2F%2Fopenalex.org%2FA5016372093&per-page=200&cursor=Ils2MS4wLCAwLCAnaHR0cHM6Ly9vcGVuYWxleC5vcmcvVzI5NzA5NjgzMTYnXSI%3D HTTP/1.1" 200 140
[2025-09-05 17:54:35,177] DEBUG: Fetched 0 results at cursor 'Ils2MS4wLCAwLCAnaHR0cHM6Ly9vcGVuYWxleC5vcmcvVzI5NzA5NjgzMTYnXSI='
[2025-09-05 17:54:35,224] DEBUG: Flattened df_all missing expected columns: ['host_venue__display_name', 'author_name', 'author_openalex_id']
[2025-09-05 17:54:35,232] INFO: Appended 37 lifetime works for Tony Ruzzini
[2025-09-05 17:54:35,235] INFO: Appended 12 last-5y works for Tony Ruzzini
[2025-09-05 17:54:35,235] INFO: Processing Maarten Voordouw (https://openalex.org/A5026690931)
[2025-09-05 17:54:35,235] INFO: OpenAlex fetch for https://openalex.org/A5026690931 (last 5 years >= 2021)
[2025-09-05 17:54:35,236] DEBUG: Starting new HTTPS connection (1): api.openalex.org:443
[2025-09-05 17:54:36,200] DEBUG: https://api.openalex.org:443 "GET /works?filter=author.id%3Ahttps%3A%2F%2Fopenalex.org%2FA5026690931&per-page=200&cursor=%2A HTTP/1.1" 200 295677
[2025-09-05 17:54:36,483] DEBUG: Fetched 96 results at cursor '*'
[2025-09-05 17:54:36,484] DEBUG: Starting new HTTPS connection (1): api.openalex.org:443
[2025-09-05 17:54:36,949] DEBUG: https://api.openalex.org:443 "GET /works?filter=author.id%3Ahttps%3A%2F%2Fopenalex.org%2FA5026690931&per-page=200&cursor=Ils1Ni4wLCAwLCAnaHR0cHM6Ly9vcGVuYWxleC5vcmcvVzQzOTQwODAwNzgnXSI%3D HTTP/1.1" 200 140
[2025-09-05 17:54:36,950] DEBUG: Fetched 0 results at cursor 'Ils1Ni4wLCAwLCAnaHR0cHM6Ly9vcGVuYWxleC5vcmcvVzQzOTQwODAwNzgnXSI='
[2025-09-05 17:54:37,039] DEBUG: Flattened df_all missing expected columns: ['host_venue__display_name', 'author_name', 'author_openalex_id']
[2025-09-05 17:54:37,048] INFO: Appended 96 lifetime works for Maarten Voordouw
[2025-09-05 17:54:37,051] INFO: Appended 26 last-5y works for Maarten Voordouw
[2025-09-05 17:54:37,051] INFO: Processing Arinjay Banerjee (https://openalex.org/A5050567215)
[2025-09-05 17:54:37,051] INFO: OpenAlex fetch for https://openalex.org/A5050567215 (last 5 years >= 2021)
[2025-09-05 17:54:37,052] DEBUG: Starting new HTTPS connection (1): api.openalex.org:443
[2025-09-05 17:54:38,372] DEBUG: https://api.openalex.org:443 "GET /works?filter=author.id%3Ahttps%3A%2F%2Fopenalex.org%2FA5050567215&per-page=200&cursor=%2A HTTP/1.1" 200 429862
[2025-09-05 17:54:38,734] DEBUG: Fetched 110 results at cursor '*'
[2025-09-05 17:54:38,735] DEBUG: Starting new HTTPS connection (1): api.openalex.org:443
[2025-09-05 17:54:39,208] DEBUG: https://api.openalex.org:443 "GET /works?filter=author.id%3Ahttps%3A%2F%2Fopenalex.org%2FA5050567215&per-page=200&cursor=Ils1Ni4wLCAwLCAnaHR0cHM6Ly9vcGVuYWxleC5vcmcvVzMxNzYwNDkxMTYnXSI%3D HTTP/1.1" 200 141
[2025-09-05 17:54:39,209] DEBUG: Fetched 0 results at cursor 'Ils1Ni4wLCAwLCAnaHR0cHM6Ly9vcGVuYWxleC5vcmcvVzMxNzYwNDkxMTYnXSI='
[2025-09-05 17:54:39,352] DEBUG: Flattened df_all missing expected columns: ['host_venue__display_name', 'author_name', 'author_openalex_id']
[2025-09-05 17:54:39,365] INFO: Appended 110 lifetime works for Arinjay Banerjee
[2025-09-05 17:54:39,370] INFO: Appended 72 last-5y works for Arinjay Banerjee
[2025-09-05 17:54:39,370] INFO: Processing Jeffrey Chen (https://openalex.org/A5000375230)
[2025-09-05 17:54:39,371] INFO: OpenAlex fetch for https://openalex.org/A5000375230 (last 5 years >= 2021)
[2025-09-05 17:54:39,372] DEBUG: Starting new HTTPS connection (1): api.openalex.org:443
[2025-09-05 17:54:39,967] DEBUG: https://api.openalex.org:443 "GET /works?filter=author.id%3Ahttps%3A%2F%2Fopenalex.org%2FA5000375230&per-page=200&cursor=%2A HTTP/1.1" 200 86491
[2025-09-05 17:54:40,112] DEBUG: Fetched 30 results at cursor '*'
[2025-09-05 17:54:40,113] DEBUG: Starting new HTTPS connection (1): api.openalex.org:443
[2025-09-05 17:54:40,644] DEBUG: https://api.openalex.org:443 "GET /works?filter=author.id%3Ahttps%3A%2F%2Fopenalex.org%2FA5000375230&per-page=200&cursor=Ils1Ni4wLCAwLCAnaHR0cHM6Ly9vcGVuYWxleC5vcmcvVzMyMDg4MDU3MjQnXSI%3D HTTP/1.1" 200 140
[2025-09-05 17:54:40,646] DEBUG: Fetched 0 results at cursor 'Ils1Ni4wLCAwLCAnaHR0cHM6Ly9vcGVuYWxleC5vcmcvVzMyMDg4MDU3MjQnXSI='
[2025-09-05 17:54:40,685] DEBUG: Flattened df_all missing expected columns: ['host_venue__display_name', 'author_name', 'author_openalex_id']
[2025-09-05 17:54:40,697] INFO: Appended 30 lifetime works for Jeffrey Chen
[2025-09-05 17:54:40,700] INFO: Appended 9 last-5y works for Jeffrey Chen
[2025-09-05 17:54:40,700] INFO: Processing Antonio Facciuolo (https://openalex.org/A5088785492)
[2025-09-05 17:54:40,700] INFO: OpenAlex fetch for https://openalex.org/A5088785492 (last 5 years >= 2021)
[2025-09-05 17:54:40,701] DEBUG: Starting new HTTPS connection (1): api.openalex.org:443
[2025-09-05 17:54:41,030] DEBUG: https://api.openalex.org:443 "GET /works?filter=author.id%3Ahttps%3A%2F%2Fopenalex.org%2FA5088785492&per-page=200&cursor=%2A HTTP/1.1" 200 88360
[2025-09-05 17:54:41,171] DEBUG: Fetched 27 results at cursor '*'
[2025-09-05 17:54:41,173] DEBUG: Starting new HTTPS connection (1): api.openalex.org:443
[2025-09-05 17:54:41,604] DEBUG: https://api.openalex.org:443 "GET /works?filter=author.id%3Ahttps%3A%2F%2Fopenalex.org%2FA5088785492&per-page=200&cursor=Ils2My4wLCAwLCAnaHR0cHM6Ly9vcGVuYWxleC5vcmcvVzQzODczNzY0NDgnXSI%3D HTTP/1.1" 200 140
[2025-09-05 17:54:41,605] DEBUG: Fetched 0 results at cursor 'Ils2My4wLCAwLCAnaHR0cHM6Ly9vcGVuYWxleC5vcmcvVzQzODczNzY0NDgnXSI='
[2025-09-05 17:54:41,646] DEBUG: Flattened df_all missing expected columns: ['host_venue__display_name', 'author_name', 'author_openalex_id']
[2025-09-05 17:54:41,652] INFO: Appended 27 lifetime works for Antonio Facciuolo
[2025-09-05 17:54:41,655] INFO: Appended 17 last-5y works for Antonio Facciuolo
[2025-09-05 17:54:41,655] INFO: Processing Darryl Falzarano (https://openalex.org/A5041967571)
[2025-09-05 17:54:41,655] INFO: OpenAlex fetch for https://openalex.org/A5041967571 (last 5 years >= 2021)
[2025-09-05 17:54:41,656] DEBUG: Starting new HTTPS connection (1): api.openalex.org:443
[2025-09-05 17:54:43,337] DEBUG: https://api.openalex.org:443 "GET /works?filter=author.id%3Ahttps%3A%2F%2Fopenalex.org%2FA5041967571&per-page=200&cursor=%2A HTTP/1.1" 200 476355
[2025-09-05 17:54:43,701] DEBUG: Fetched 132 results at cursor '*'
[2025-09-05 17:54:43,702] DEBUG: Starting new HTTPS connection (1): api.openalex.org:443
[2025-09-05 17:54:43,982] DEBUG: https://api.openalex.org:443 "GET /works?filter=author.id%3Ahttps%3A%2F%2Fopenalex.org%2FA5041967571&per-page=200&cursor=Ils1Ni4wLCAwLCAnaHR0cHM6Ly9vcGVuYWxleC5vcmcvVzMyMTQ5NTI4NDInXSI%3D HTTP/1.1" 200 141
[2025-09-05 17:54:43,983] DEBUG: Fetched 0 results at cursor 'Ils1Ni4wLCAwLCAnaHR0cHM6Ly9vcGVuYWxleC5vcmcvVzMyMTQ5NTI4NDInXSI='
[2025-09-05 17:54:44,141] DEBUG: Flattened df_all missing expected columns: ['host_venue__display_name', 'author_name', 'author_openalex_id']
[2025-09-05 17:54:44,152] INFO: Appended 132 lifetime works for Darryl Falzarano
[2025-09-05 17:54:44,157] INFO: Appended 70 last-5y works for Darryl Falzarano
[2025-09-05 17:54:44,157] INFO: Processing Kazal Ghosh (https://openalex.org/A5073467123)
[2025-09-05 17:54:44,157] INFO: OpenAlex fetch for https://openalex.org/A5073467123 (last 5 years >= 2021)
[2025-09-05 17:54:44,158] DEBUG: Starting new HTTPS connection (1): api.openalex.org:443
[2025-09-05 17:54:44,854] DEBUG: https://api.openalex.org:443 "GET /works?filter=author.id%3Ahttps%3A%2F%2Fopenalex.org%2FA5073467123&per-page=200&cursor=%2A HTTP/1.1" 200 23153
[2025-09-05 17:54:44,940] DEBUG: Fetched 9 results at cursor '*'
[2025-09-05 17:54:44,942] DEBUG: Starting new HTTPS connection (1): api.openalex.org:443
[2025-09-05 17:54:45,821] DEBUG: https://api.openalex.org:443 "GET /works?filter=author.id%3Ahttps%3A%2F%2Fopenalex.org%2FA5073467123&per-page=200&cursor=Ils1OC4wLCAwLCAnaHR0cHM6Ly9vcGVuYWxleC5vcmcvVzQzMjEwMDMxOTknXSI%3D HTTP/1.1" 200 140
[2025-09-05 17:54:45,823] DEBUG: Fetched 0 results at cursor 'Ils1OC4wLCAwLCAnaHR0cHM6Ly9vcGVuYWxleC5vcmcvVzQzMjEwMDMxOTknXSI='
[2025-09-05 17:54:45,841] DEBUG: Flattened df_all missing expected columns: ['host_venue__display_name', 'author_name', 'author_openalex_id']
[2025-09-05 17:54:45,853] INFO: Appended 9 lifetime works for Kazal Ghosh
[2025-09-05 17:54:45,856] INFO: Appended 7 last-5y works for Kazal Ghosh
[2025-09-05 17:54:45,856] INFO: Processing Uladzimir Karniychuk (https://openalex.org/A5012825986)
[2025-09-05 17:54:45,856] INFO: OpenAlex fetch for https://openalex.org/A5012825986 (last 5 years >= 2021)
[2025-09-05 17:54:45,857] DEBUG: Starting new HTTPS connection (1): api.openalex.org:443
[2025-09-05 17:54:46,780] DEBUG: https://api.openalex.org:443 "GET /works?filter=author.id%3Ahttps%3A%2F%2Fopenalex.org%2FA5012825986&per-page=200&cursor=%2A HTTP/1.1" 200 139048
[2025-09-05 17:54:46,981] DEBUG: Fetched 62 results at cursor '*'
[2025-09-05 17:54:46,982] DEBUG: Starting new HTTPS connection (1): api.openalex.org:443
[2025-09-05 17:54:47,523] DEBUG: https://api.openalex.org:443 "GET /works?filter=author.id%3Ahttps%3A%2F%2Fopenalex.org%2FA5012825986&per-page=200&cursor=Ils2MS4wLCAwLCAnaHR0cHM6Ly9vcGVuYWxleC5vcmcvVzQzOTQ0NDg4MzQnXSI%3D HTTP/1.1" 200 140
[2025-09-05 17:54:47,524] DEBUG: Fetched 0 results at cursor 'Ils2MS4wLCAwLCAnaHR0cHM6Ly9vcGVuYWxleC5vcmcvVzQzOTQ0NDg4MzQnXSI='
[2025-09-05 17:54:47,572] DEBUG: Flattened df_all missing expected columns: ['host_venue__display_name', 'author_name', 'author_openalex_id']
[2025-09-05 17:54:47,578] INFO: Appended 62 lifetime works for Uladzimir Karniychuk
[2025-09-05 17:54:47,581] INFO: Appended 15 last-5y works for Uladzimir Karniychuk
[2025-09-05 17:54:47,581] INFO: Processing Wolfgang Koester (https://openalex.org/A5053166362)
[2025-09-05 17:54:47,581] INFO: OpenAlex fetch for https://openalex.org/A5053166362 (last 5 years >= 2021)
[2025-09-05 17:54:47,582] DEBUG: Starting new HTTPS connection (1): api.openalex.org:443
[2025-09-05 17:54:48,277] DEBUG: https://api.openalex.org:443 "GET /works?filter=author.id%3Ahttps%3A%2F%2Fopenalex.org%2FA5053166362&per-page=200&cursor=%2A HTTP/1.1" 200 179605
[2025-09-05 17:54:48,553] DEBUG: Fetched 67 results at cursor '*'
[2025-09-05 17:54:48,554] DEBUG: Starting new HTTPS connection (1): api.openalex.org:443
[2025-09-05 17:54:49,138] DEBUG: https://api.openalex.org:443 "GET /works?filter=author.id%3Ahttps%3A%2F%2Fopenalex.org%2FA5053166362&per-page=200&cursor=Ils1My4wLCAwLCAnaHR0cHM6Ly9vcGVuYWxleC5vcmcvVzE1Mzg4NzQ0MSddIg%3D%3D HTTP/1.1" 200 141
[2025-09-05 17:54:49,139] DEBUG: Fetched 0 results at cursor 'Ils1My4wLCAwLCAnaHR0cHM6Ly9vcGVuYWxleC5vcmcvVzE1Mzg4NzQ0MSddIg=='
[2025-09-05 17:54:49,206] DEBUG: Flattened df_all missing expected columns: ['host_venue__display_name', 'author_name', 'author_openalex_id']
[2025-09-05 17:54:49,214] INFO: Appended 67 lifetime works for Wolfgang Koester
[2025-09-05 17:54:49,216] INFO: Appended 11 last-5y works for Wolfgang Koester
[2025-09-05 17:54:49,216] INFO: Processing Qiang Liu (https://openalex.org/A5100409525)
[2025-09-05 17:54:49,216] INFO: OpenAlex fetch for https://openalex.org/A5100409525 (last 5 years >= 2021)
[2025-09-05 17:54:49,217] DEBUG: Starting new HTTPS connection (1): api.openalex.org:443
[2025-09-05 17:54:50,075] DEBUG: https://api.openalex.org:443 "GET /works?filter=author.id%3Ahttps%3A%2F%2Fopenalex.org%2FA5100409525&per-page=200&cursor=%2A HTTP/1.1" 200 269020
[2025-09-05 17:54:50,347] DEBUG: Fetched 97 results at cursor '*'
[2025-09-05 17:54:50,348] DEBUG: Starting new HTTPS connection (1): api.openalex.org:443
[2025-09-05 17:54:51,044] DEBUG: https://api.openalex.org:443 "GET /works?filter=author.id%3Ahttps%3A%2F%2Fopenalex.org%2FA5100409525&per-page=200&cursor=Ils1NS4wLCAwLCAnaHR0cHM6Ly9vcGVuYWxleC5vcmcvVzI3NzQ0Nzc2ODInXSI%3D HTTP/1.1" 200 141
[2025-09-05 17:54:51,046] DEBUG: Fetched 0 results at cursor 'Ils1NS4wLCAwLCAnaHR0cHM6Ly9vcGVuYWxleC5vcmcvVzI3NzQ0Nzc2ODInXSI='
[2025-09-05 17:54:51,158] DEBUG: Flattened df_all missing expected columns: ['host_venue__display_name', 'author_name', 'author_openalex_id']
[2025-09-05 17:54:51,168] INFO: Appended 97 lifetime works for Qiang Liu
[2025-09-05 17:54:51,171] INFO: Appended 25 last-5y works for Qiang Liu
[2025-09-05 17:54:51,171] INFO: Processing Musangu Ngeleka (https://openalex.org/A5018933207)
[2025-09-05 17:54:51,171] INFO: OpenAlex fetch for https://openalex.org/A5018933207 (last 5 years >= 2021)
[2025-09-05 17:54:51,172] DEBUG: Starting new HTTPS connection (1): api.openalex.org:443
[2025-09-05 17:54:51,802] DEBUG: https://api.openalex.org:443 "GET /works?filter=author.id%3Ahttps%3A%2F%2Fopenalex.org%2FA5018933207&per-page=200&cursor=%2A HTTP/1.1" 200 110841
[2025-09-05 17:54:52,017] DEBUG: Fetched 42 results at cursor '*'
[2025-09-05 17:54:52,018] DEBUG: Starting new HTTPS connection (1): api.openalex.org:443
[2025-09-05 17:54:52,483] DEBUG: https://api.openalex.org:443 "GET /works?filter=author.id%3Ahttps%3A%2F%2Fopenalex.org%2FA5018933207&per-page=200&cursor=Ils1Ni4wLCAwLCAnaHR0cHM6Ly9vcGVuYWxleC5vcmcvVzQyNDQ1NDM2MzMnXSI%3D HTTP/1.1" 200 140
[2025-09-05 17:54:52,484] DEBUG: Fetched 0 results at cursor 'Ils1Ni4wLCAwLCAnaHR0cHM6Ly9vcGVuYWxleC5vcmcvVzQyNDQ1NDM2MzMnXSI='
[2025-09-05 17:54:52,536] DEBUG: Flattened df_all missing expected columns: ['host_venue__display_name', 'author_name', 'author_openalex_id']
[2025-09-05 17:54:52,545] INFO: Appended 42 lifetime works for Musangu Ngeleka
[2025-09-05 17:54:52,545] INFO: No last-5y works for Musangu Ngeleka
[2025-09-05 17:54:52,545] INFO: Processing Jose Perez-casal (https://openalex.org/A5075533328)
[2025-09-05 17:54:52,545] INFO: OpenAlex fetch for https://openalex.org/A5075533328 (last 5 years >= 2021)
[2025-09-05 17:54:52,546] DEBUG: Starting new HTTPS connection (1): api.openalex.org:443
[2025-09-05 17:54:53,396] DEBUG: https://api.openalex.org:443 "GET /works?filter=author.id%3Ahttps%3A%2F%2Fopenalex.org%2FA5075533328&per-page=200&cursor=%2A HTTP/1.1" 200 159505
[2025-09-05 17:54:53,623] DEBUG: Fetched 75 results at cursor '*'
[2025-09-05 17:54:53,625] DEBUG: Starting new HTTPS connection (1): api.openalex.org:443
[2025-09-05 17:54:54,010] DEBUG: https://api.openalex.org:443 "GET /works?filter=author.id%3Ahttps%3A%2F%2Fopenalex.org%2FA5075533328&per-page=200&cursor=Ils1Ni4wLCAwLCAnaHR0cHM6Ly9vcGVuYWxleC5vcmcvVzQzOTQxMjMxNjEnXSI%3D HTTP/1.1" 200 140
[2025-09-05 17:54:54,012] DEBUG: Fetched 0 results at cursor 'Ils1Ni4wLCAwLCAnaHR0cHM6Ly9vcGVuYWxleC5vcmcvVzQzOTQxMjMxNjEnXSI='
[2025-09-05 17:54:54,065] DEBUG: Flattened df_all missing expected columns: ['host_venue__display_name', 'author_name', 'author_openalex_id']
[2025-09-05 17:54:54,073] INFO: Appended 75 lifetime works for Jose Perez-casal
[2025-09-05 17:54:54,075] INFO: Appended 11 last-5y works for Jose Perez-casal
[2025-09-05 17:54:54,075] INFO: Processing Camila Queiroz (https://openalex.org/A5061580720)
[2025-09-05 17:54:54,075] INFO: OpenAlex fetch for https://openalex.org/A5061580720 (last 5 years >= 2021)
[2025-09-05 17:54:54,076] DEBUG: Starting new HTTPS connection (1): api.openalex.org:443
[2025-09-05 17:54:54,513] DEBUG: https://api.openalex.org:443 "GET /works?filter=author.id%3Ahttps%3A%2F%2Fopenalex.org%2FA5061580720&per-page=200&cursor=%2A HTTP/1.1" 200 18240
[2025-09-05 17:54:54,582] DEBUG: Fetched 7 results at cursor '*'
[2025-09-05 17:54:54,583] DEBUG: Starting new HTTPS connection (1): api.openalex.org:443
[2025-09-05 17:54:55,022] DEBUG: https://api.openalex.org:443 "GET /works?filter=author.id%3Ahttps%3A%2F%2Fopenalex.org%2FA5061580720&per-page=200&cursor=Ils1Ni4wLCAwLCAnaHR0cHM6Ly9vcGVuYWxleC5vcmcvVzQzOTQxMTE1NTQnXSI%3D HTTP/1.1" 200 139
[2025-09-05 17:54:55,023] DEBUG: Fetched 0 results at cursor 'Ils1Ni4wLCAwLCAnaHR0cHM6Ly9vcGVuYWxleC5vcmcvVzQzOTQxMTE1NTQnXSI='
[2025-09-05 17:54:55,038] DEBUG: Flattened df_all missing expected columns: ['host_venue__display_name', 'author_name', 'author_openalex_id']
[2025-09-05 17:54:55,044] INFO: Appended 7 lifetime works for Camila Queiroz
[2025-09-05 17:54:55,046] INFO: Appended 1 last-5y works for Camila Queiroz
[2025-09-05 17:54:55,046] INFO: Processing Loki Snyman (https://openalex.org/A5095017105)
[2025-09-05 17:54:55,046] INFO: OpenAlex fetch for https://openalex.org/A5095017105 (last 5 years >= 2021)
[2025-09-05 17:54:55,047] DEBUG: Starting new HTTPS connection (1): api.openalex.org:443
[2025-09-05 17:54:55,624] DEBUG: https://api.openalex.org:443 "GET /works?filter=author.id%3Ahttps%3A%2F%2Fopenalex.org%2FA5095017105&per-page=200&cursor=%2A HTTP/1.1" 200 1937
[2025-09-05 17:54:55,625] DEBUG: Fetched 1 results at cursor '*'
[2025-09-05 17:54:55,626] DEBUG: Starting new HTTPS connection (1): api.openalex.org:443
[2025-09-05 17:54:55,997] DEBUG: https://api.openalex.org:443 "GET /works?filter=author.id%3Ahttps%3A%2F%2Fopenalex.org%2FA5095017105&per-page=200&cursor=Ils1Ni4wLCAwLCAnaHR0cHM6Ly9vcGVuYWxleC5vcmcvVzQzOTQzODc3MTMnXSI%3D HTTP/1.1" 200 139
[2025-09-05 17:54:55,999] DEBUG: Fetched 0 results at cursor 'Ils1Ni4wLCAwLCAnaHR0cHM6Ly9vcGVuYWxleC5vcmcvVzQzOTQzODc3MTMnXSI='
[2025-09-05 17:54:56,004] DEBUG: Flattened df_all missing expected columns: ['host_venue__display_name', 'author_name', 'author_openalex_id']
[2025-09-05 17:54:56,007] INFO: Appended 1 lifetime works for Loki Snyman
[2025-09-05 17:54:56,009] INFO: Appended 1 last-5y works for Loki Snyman
[2025-09-05 17:54:56,009] INFO: Processing Heather Wilson (https://openalex.org/A5002970194)
[2025-09-05 17:54:56,009] INFO: OpenAlex fetch for https://openalex.org/A5002970194 (last 5 years >= 2021)
[2025-09-05 17:54:56,010] DEBUG: Starting new HTTPS connection (1): api.openalex.org:443
[2025-09-05 17:54:57,456] DEBUG: https://api.openalex.org:443 "GET /works?filter=author.id%3Ahttps%3A%2F%2Fopenalex.org%2FA5002970194&per-page=200&cursor=%2A HTTP/1.1" 200 483968
[2025-09-05 17:54:57,814] DEBUG: Fetched 169 results at cursor '*'
[2025-09-05 17:54:57,815] DEBUG: Starting new HTTPS connection (1): api.openalex.org:443
[2025-09-05 17:54:58,120] DEBUG: https://api.openalex.org:443 "GET /works?filter=author.id%3Ahttps%3A%2F%2Fopenalex.org%2FA5002970194&per-page=200&cursor=Ils1My4wLCAwLCAnaHR0cHM6Ly9vcGVuYWxleC5vcmcvVzQyNDYxOTI2NTcnXSI%3D HTTP/1.1" 200 141
[2025-09-05 17:54:58,121] DEBUG: Fetched 0 results at cursor 'Ils1My4wLCAwLCAnaHR0cHM6Ly9vcGVuYWxleC5vcmcvVzQyNDYxOTI2NTcnXSI='
[2025-09-05 17:54:58,373] DEBUG: Flattened df_all missing expected columns: ['host_venue__display_name', 'author_name', 'author_openalex_id']
[2025-09-05 17:54:58,383] INFO: Appended 169 lifetime works for Heather Wilson
[2025-09-05 17:54:58,387] INFO: Appended 34 last-5y works for Heather Wilson
[2025-09-05 17:54:58,387] INFO: Processing Yan Zhou (https://openalex.org/A5032015135)
[2025-09-05 17:54:58,387] INFO: OpenAlex fetch for https://openalex.org/A5032015135 (last 5 years >= 2021)
[2025-09-05 17:54:58,388] DEBUG: Starting new HTTPS connection (1): api.openalex.org:443
[2025-09-05 17:54:58,900] DEBUG: https://api.openalex.org:443 "GET /works?filter=author.id%3Ahttps%3A%2F%2Fopenalex.org%2FA5032015135&per-page=200&cursor=%2A HTTP/1.1" 200 364030
[2025-09-05 17:54:59,271] DEBUG: Fetched 121 results at cursor '*'
[2025-09-05 17:54:59,272] DEBUG: Starting new HTTPS connection (1): api.openalex.org:443
[2025-09-05 17:54:59,768] DEBUG: https://api.openalex.org:443 "GET /works?filter=author.id%3Ahttps%3A%2F%2Fopenalex.org%2FA5032015135&per-page=200&cursor=Ils1NS4wLCAwLCAnaHR0cHM6Ly9vcGVuYWxleC5vcmcvVzI0MTE0NDk1NjAnXSI%3D HTTP/1.1" 200 141
[2025-09-05 17:54:59,770] DEBUG: Fetched 0 results at cursor 'Ils1NS4wLCAwLCAnaHR0cHM6Ly9vcGVuYWxleC5vcmcvVzI0MTE0NDk1NjAnXSI='
[2025-09-05 17:54:59,923] DEBUG: Flattened df_all missing expected columns: ['host_venue__display_name', 'author_name', 'author_openalex_id']
[2025-09-05 17:54:59,940] INFO: Appended 121 lifetime works for Yan Zhou
[2025-09-05 17:54:59,943] INFO: Appended 46 last-5y works for Yan Zhou
[2025-09-05 17:54:59,943] INFO: Processing Suresh Tikoo (https://openalex.org/A5028351806)
[2025-09-05 17:54:59,943] INFO: OpenAlex fetch for https://openalex.org/A5028351806 (last 5 years >= 2021)
[2025-09-05 17:54:59,944] DEBUG: Starting new HTTPS connection (1): api.openalex.org:443
[2025-09-05 17:55:01,431] DEBUG: https://api.openalex.org:443 "GET /works?filter=author.id%3Ahttps%3A%2F%2Fopenalex.org%2FA5028351806&per-page=200&cursor=%2A HTTP/1.1" 200 432562
[2025-09-05 17:55:01,731] DEBUG: Fetched 183 results at cursor '*'
[2025-09-05 17:55:01,732] DEBUG: Starting new HTTPS connection (1): api.openalex.org:443
[2025-09-05 17:55:02,545] DEBUG: https://api.openalex.org:443 "GET /works?filter=author.id%3Ahttps%3A%2F%2Fopenalex.org%2FA5028351806&per-page=200&cursor=Ils1My4wLCAwLCAnaHR0cHM6Ly9vcGVuYWxleC5vcmcvVzMyMDI5MjM4OTQnXSI%3D HTTP/1.1" 200 142
[2025-09-05 17:55:02,546] DEBUG: Fetched 0 results at cursor 'Ils1My4wLCAwLCAnaHR0cHM6Ly9vcGVuYWxleC5vcmcvVzMyMDI5MjM4OTQnXSI='
[2025-09-05 17:55:02,702] DEBUG: Flattened df_all missing expected columns: ['host_venue__display_name', 'author_name', 'author_openalex_id']
[2025-09-05 17:55:02,718] INFO: Appended 183 lifetime works for Suresh Tikoo
[2025-09-05 17:55:02,721] INFO: Appended 27 last-5y works for Suresh Tikoo
[2025-09-05 17:55:02,721] INFO: Processing Manuel Chirino (https://openalex.org/A5073090598)
[2025-09-05 17:55:02,722] INFO: OpenAlex fetch for https://openalex.org/A5073090598 (last 5 years >= 2021)
[2025-09-05 17:55:02,723] DEBUG: Starting new HTTPS connection (1): api.openalex.org:443
[2025-09-05 17:55:03,634] DEBUG: https://api.openalex.org:443 "GET /works?filter=author.id%3Ahttps%3A%2F%2Fopenalex.org%2FA5073090598&per-page=200&cursor=%2A HTTP/1.1" 200 154143
[2025-09-05 17:55:03,842] DEBUG: Fetched 68 results at cursor '*'
[2025-09-05 17:55:03,843] DEBUG: Starting new HTTPS connection (1): api.openalex.org:443
[2025-09-05 17:55:05,085] DEBUG: https://api.openalex.org:443 "GET /works?filter=author.id%3Ahttps%3A%2F%2Fopenalex.org%2FA5073090598&per-page=200&cursor=Ils1Ny4wLCAwLCAnaHR0cHM6Ly9vcGVuYWxleC5vcmcvVzMxNzU0NDMwMDEnXSI%3D HTTP/1.1" 200 141
[2025-09-05 17:55:05,086] DEBUG: Fetched 0 results at cursor 'Ils1Ny4wLCAwLCAnaHR0cHM6Ly9vcGVuYWxleC5vcmcvVzMxNzU0NDMwMDEnXSI='
[2025-09-05 17:55:05,152] DEBUG: Flattened df_all missing expected columns: ['host_venue__display_name', 'author_name', 'author_openalex_id']
[2025-09-05 17:55:05,167] INFO: Appended 68 lifetime works for Manuel Chirino
[2025-09-05 17:55:05,169] INFO: Appended 1 last-5y works for Manuel Chirino
[2025-09-05 17:55:05,170] INFO: Processing Debbie Haines (https://openalex.org/A5070489863)
[2025-09-05 17:55:05,170] INFO: OpenAlex fetch for https://openalex.org/A5070489863 (last 5 years >= 2021)
[2025-09-05 17:55:05,171] DEBUG: Starting new HTTPS connection (1): api.openalex.org:443
[2025-09-05 17:55:07,029] DEBUG: https://api.openalex.org:443 "GET /works?filter=author.id%3Ahttps%3A%2F%2Fopenalex.org%2FA5070489863&per-page=200&cursor=%2A HTTP/1.1" 200 464261
[2025-09-05 17:55:07,404] DEBUG: Fetched 200 results at cursor '*'
[2025-09-05 17:55:07,405] DEBUG: Starting new HTTPS connection (1): api.openalex.org:443
[2025-09-05 17:55:08,176] DEBUG: https://api.openalex.org:443 "GET /works?filter=author.id%3Ahttps%3A%2F%2Fopenalex.org%2FA5070489863&per-page=200&cursor=Ils2My4wLCAwLCAnaHR0cHM6Ly9vcGVuYWxleC5vcmcvVzIyNjU2NDIwNzMnXSI%3D HTTP/1.1" 200 22639
[2025-09-05 17:55:08,248] DEBUG: Fetched 13 results at cursor 'Ils2My4wLCAwLCAnaHR0cHM6Ly9vcGVuYWxleC5vcmcvVzIyNjU2NDIwNzMnXSI='
[2025-09-05 17:55:08,249] DEBUG: Starting new HTTPS connection (1): api.openalex.org:443
[2025-09-05 17:55:08,772] DEBUG: https://api.openalex.org:443 "GET /works?filter=author.id%3Ahttps%3A%2F%2Fopenalex.org%2FA5070489863&per-page=200&cursor=Ils1My4wLCAwLCAnaHR0cHM6Ly9vcGVuYWxleC5vcmcvVzQyMzY4Njc1MjAnXSI%3D HTTP/1.1" 200 142
[2025-09-05 17:55:08,774] DEBUG: Fetched 0 results at cursor 'Ils1My4wLCAwLCAnaHR0cHM6Ly9vcGVuYWxleC5vcmcvVzQyMzY4Njc1MjAnXSI='
[2025-09-05 17:55:09,032] DEBUG: Flattened df_all missing expected columns: ['host_venue__display_name', 'author_name', 'author_openalex_id']
[2025-09-05 17:55:09,046] INFO: Appended 213 lifetime works for Debbie Haines
[2025-09-05 17:55:09,048] INFO: Appended 12 last-5y works for Debbie Haines
[2025-09-05 17:55:09,048] INFO: Processing Vikram Misra (https://openalex.org/A5018540324)
[2025-09-05 17:55:09,048] INFO: OpenAlex fetch for https://openalex.org/A5018540324 (last 5 years >= 2021)
[2025-09-05 17:55:09,050] DEBUG: Starting new HTTPS connection (1): api.openalex.org:443
[2025-09-05 17:55:10,506] DEBUG: https://api.openalex.org:443 "GET /works?filter=author.id%3Ahttps%3A%2F%2Fopenalex.org%2FA5018540324&per-page=200&cursor=%2A HTTP/1.1" 200 427972
[2025-09-05 17:55:10,862] DEBUG: Fetched 158 results at cursor '*'
[2025-09-05 17:55:10,864] DEBUG: Starting new HTTPS connection (1): api.openalex.org:443
[2025-09-05 17:55:11,557] DEBUG: https://api.openalex.org:443 "GET /works?filter=author.id%3Ahttps%3A%2F%2Fopenalex.org%2FA5018540324&per-page=200&cursor=Ils1My4wLCAwLCAnaHR0cHM6Ly9vcGVuYWxleC5vcmcvVzIxNDQ0ODI4NjMnXSI%3D HTTP/1.1" 200 142
[2025-09-05 17:55:11,559] DEBUG: Fetched 0 results at cursor 'Ils1My4wLCAwLCAnaHR0cHM6Ly9vcGVuYWxleC5vcmcvVzIxNDQ0ODI4NjMnXSI='
[2025-09-05 17:55:11,796] DEBUG: Flattened df_all missing expected columns: ['host_venue__display_name', 'author_name', 'author_openalex_id']
[2025-09-05 17:55:11,816] INFO: Appended 158 lifetime works for Vikram Misra
[2025-09-05 17:55:11,819] INFO: Appended 16 last-5y works for Vikram Misra
[2025-09-05 17:55:11,819] INFO: Processing Lydden Polley (https://openalex.org/A5070489863)
[2025-09-05 17:55:11,819] INFO: OpenAlex fetch for https://openalex.org/A5070489863 (last 5 years >= 2021)
[2025-09-05 17:55:11,820] DEBUG: Starting new HTTPS connection (1): api.openalex.org:443
[2025-09-05 17:55:12,187] DEBUG: https://api.openalex.org:443 "GET /works?filter=author.id%3Ahttps%3A%2F%2Fopenalex.org%2FA5070489863&per-page=200&cursor=%2A HTTP/1.1" 200 464261
[2025-09-05 17:55:12,552] DEBUG: Fetched 200 results at cursor '*'
[2025-09-05 17:55:12,553] DEBUG: Starting new HTTPS connection (1): api.openalex.org:443
[2025-09-05 17:55:14,192] DEBUG: https://api.openalex.org:443 "GET /works?filter=author.id%3Ahttps%3A%2F%2Fopenalex.org%2FA5070489863&per-page=200&cursor=Ils2My4wLCAwLCAnaHR0cHM6Ly9vcGVuYWxleC5vcmcvVzIyNjU2NDIwNzMnXSI%3D HTTP/1.1" 200 22640
[2025-09-05 17:55:14,261] DEBUG: Fetched 13 results at cursor 'Ils2My4wLCAwLCAnaHR0cHM6Ly9vcGVuYWxleC5vcmcvVzIyNjU2NDIwNzMnXSI='
[2025-09-05 17:55:14,262] DEBUG: Starting new HTTPS connection (1): api.openalex.org:443
[2025-09-05 17:55:14,778] DEBUG: https://api.openalex.org:443 "GET /works?filter=author.id%3Ahttps%3A%2F%2Fopenalex.org%2FA5070489863&per-page=200&cursor=Ils1My4wLCAwLCAnaHR0cHM6Ly9vcGVuYWxleC5vcmcvVzQyMzY4Njc1MjAnXSI%3D HTTP/1.1" 200 141
[2025-09-05 17:55:14,780] DEBUG: Fetched 0 results at cursor 'Ils1My4wLCAwLCAnaHR0cHM6Ly9vcGVuYWxleC5vcmcvVzQyMzY4Njc1MjAnXSI='
[2025-09-05 17:55:15,035] DEBUG: Flattened df_all missing expected columns: ['host_venue__display_name', 'author_name', 'author_openalex_id']
[2025-09-05 17:55:15,054] INFO: Appended 213 lifetime works for Lydden Polley
[2025-09-05 17:55:15,057] INFO: Appended 12 last-5y works for Lydden Polley
[2025-09-05 17:55:15,057] INFO: Processing Andrew Potter (https://openalex.org/A5035086403)
[2025-09-05 17:55:15,057] INFO: OpenAlex fetch for https://openalex.org/A5035086403 (last 5 years >= 2021)
[2025-09-05 17:55:15,058] DEBUG: Starting new HTTPS connection (1): api.openalex.org:443
[2025-09-05 17:55:17,212] DEBUG: https://api.openalex.org:443 "GET /works?filter=author.id%3Ahttps%3A%2F%2Fopenalex.org%2FA5035086403&per-page=200&cursor=%2A HTTP/1.1" 200 547242
[2025-09-05 17:55:17,590] DEBUG: Fetched 200 results at cursor '*'
[2025-09-05 17:55:17,591] DEBUG: Starting new HTTPS connection (1): api.openalex.org:443
[2025-09-05 17:55:18,491] DEBUG: https://api.openalex.org:443 "GET /works?filter=author.id%3Ahttps%3A%2F%2Fopenalex.org%2FA5035086403&per-page=200&cursor=Ils4MS4wLCAxMywgJ2h0dHBzOi8vb3BlbmFsZXgub3JnL1cyMTM3MzQ4MjYzJ10i HTTP/1.1" 200 97476
[2025-09-05 17:55:18,697] DEBUG: Fetched 46 results at cursor 'Ils4MS4wLCAxMywgJ2h0dHBzOi8vb3BlbmFsZXgub3JnL1cyMTM3MzQ4MjYzJ10i'
[2025-09-05 17:55:18,698] DEBUG: Starting new HTTPS connection (1): api.openalex.org:443
[2025-09-05 17:55:19,137] DEBUG: https://api.openalex.org:443 "GET /works?filter=author.id%3Ahttps%3A%2F%2Fopenalex.org%2FA5035086403&per-page=200&cursor=Ils1My4wLCAwLCAnaHR0cHM6Ly9vcGVuYWxleC5vcmcvVzQyMDU4Mzk1MzgnXSI%3D HTTP/1.1" 200 141
[2025-09-05 17:55:19,138] DEBUG: Fetched 0 results at cursor 'Ils1My4wLCAwLCAnaHR0cHM6Ly9vcGVuYWxleC5vcmcvVzQyMDU4Mzk1MzgnXSI='
[2025-09-05 17:55:19,432] DEBUG: Flattened df_all missing expected columns: ['host_venue__display_name', 'author_name', 'author_openalex_id']
[2025-09-05 17:55:19,455] INFO: Appended 246 lifetime works for Andrew Potter
[2025-09-05 17:55:19,458] INFO: Appended 21 last-5y works for Andrew Potter
[2025-09-05 17:55:19,459] INFO: Processing Henry Tabel (nan)
[2025-09-05 17:55:19,459] INFO: OpenAlex fetch for https://openalex.org/nan (last 5 years >= 2021)
[2025-09-05 17:55:19,460] DEBUG: Starting new HTTPS connection (1): api.openalex.org:443
[2025-09-05 17:55:19,751] DEBUG: https://api.openalex.org:443 "GET /works?filter=author.id%3Ahttps%3A%2F%2Fopenalex.org%2Fnan&per-page=200&cursor=%2A HTTP/1.1" 403 90
[2025-09-05 17:55:19,752] ERROR: HTTP error from OpenAlex: 403 Client Error: FORBIDDEN for url: https://api.openalex.org/works?filter=author.id%3Ahttps%3A%2F%2Fopenalex.org%2Fnan&per-page=200&cursor=%2A
Traceback (most recent call last):
  File "/home/runner/work/WCVM_VetMic/WCVM_VetMic/etl/WCVM_VetMic_works.py", line 273, in fetch_author_works_filtered
    resp.raise_for_status()
  File "/opt/hostedtoolcache/Python/3.11.13/x64/lib/python3.11/site-packages/requests/models.py", line 1026, in raise_for_status
    raise HTTPError(http_error_msg, response=self)
requests.exceptions.HTTPError: 403 Client Error: FORBIDDEN for url: https://api.openalex.org/works?filter=author.id%3Ahttps%3A%2F%2Fopenalex.org%2Fnan&per-page=200&cursor=%2A
[2025-09-05 17:55:19,752] INFO: No works returned from OpenAlex for this author.
[2025-09-05 17:55:19,770] INFO: No lifetime works for Henry Tabel
[2025-09-05 17:55:19,771] INFO: No last-5y works for Henry Tabel
[2025-09-05 17:55:19,771] INFO: Total skipped rows due to missing ID: 0
[2025-09-05 17:55:19,785] INFO: Deduplicating 1368 -> 574 rows
[2025-09-05 17:55:19,795] INFO: Deduplicated file written to data/openalex_all_authors_last5y_key_fields_dedup.csv
[2025-09-05 17:55:19,796] INFO: Removed old artifact: data/openalex_all_authors_lifetime.csv
[2025-09-05 17:55:19,796] INFO: Removed old artifact: data/openalex_all_authors_last5y_key_fields.csv
[2025-09-05 17:55:19,796] INFO: Removed old artifact: data/openalex_all_authors_last5y_key_fields_dedup.csv
[2025-09-05 17:55:19,796] INFO: Reading roster from data/roster_with_metrics.csv
[2025-09-05 17:55:19,798] INFO: Processing Janet Hill (https://openalex.org/A5022032110)
[2025-09-05 17:55:19,798] INFO: OpenAlex fetch for https://openalex.org/A5022032110 (last 5 years >= 2021)
[2025-09-05 17:55:19,799] DEBUG: Starting new HTTPS connection (1): api.openalex.org:443
[2025-09-05 17:55:21,523] DEBUG: https://api.openalex.org:443 "GET /works?filter=author.id%3Ahttps%3A%2F%2Fopenalex.org%2FA5022032110&per-page=200&cursor=%2A HTTP/1.1" 200 571211
[2025-09-05 17:55:21,916] DEBUG: Fetched 200 results at cursor '*'
[2025-09-05 17:55:21,917] DEBUG: Starting new HTTPS connection (1): api.openalex.org:443
[2025-09-05 17:55:22,251] DEBUG: https://api.openalex.org:443 "GET /works?filter=author.id%3Ahttps%3A%2F%2Fopenalex.org%2FA5022032110&per-page=200&cursor=Ils3MC4wLCAwLCAnaHR0cHM6Ly9vcGVuYWxleC5vcmcvVzQzOTE0MDEzOTEnXSI%3D HTTP/1.1" 200 102483
[2025-09-05 17:55:22,460] DEBUG: Fetched 63 results at cursor 'Ils3MC4wLCAwLCAnaHR0cHM6Ly9vcGVuYWxleC5vcmcvVzQzOTE0MDEzOTEnXSI='
[2025-09-05 17:55:22,461] DEBUG: Starting new HTTPS connection (1): api.openalex.org:443
[2025-09-05 17:55:22,985] DEBUG: https://api.openalex.org:443 "GET /works?filter=author.id%3Ahttps%3A%2F%2Fopenalex.org%2FA5022032110&per-page=200&cursor=Ils1My4wLCAwLCAnaHR0cHM6Ly9vcGVuYWxleC5vcmcvVzI5NTMxODg0MzgnXSI%3D HTTP/1.1" 200 142
[2025-09-05 17:55:22,986] DEBUG: Fetched 0 results at cursor 'Ils1My4wLCAwLCAnaHR0cHM6Ly9vcGVuYWxleC5vcmcvVzI5NTMxODg0MzgnXSI='
[2025-09-05 17:55:23,329] DEBUG: Flattened df_all missing expected columns: ['host_venue__display_name', 'author_name', 'author_openalex_id']
[2025-09-05 17:55:23,342] INFO: Appended 263 lifetime works for Janet Hill
[2025-09-05 17:55:23,346] INFO: Appended 57 last-5y works for Janet Hill
[2025-09-05 17:55:23,346] INFO: Processing Kristen Conn (https://openalex.org/A5024161948)
[2025-09-05 17:55:23,346] INFO: OpenAlex fetch for https://openalex.org/A5024161948 (last 5 years >= 2021)
[2025-09-05 17:55:23,347] DEBUG: Starting new HTTPS connection (1): api.openalex.org:443
[2025-09-05 17:55:23,648] DEBUG: https://api.openalex.org:443 "GET /works?filter=author.id%3Ahttps%3A%2F%2Fopenalex.org%2FA5024161948&per-page=200&cursor=%2A HTTP/1.1" 200 64960
[2025-09-05 17:55:23,792] DEBUG: Fetched 18 results at cursor '*'
[2025-09-05 17:55:23,793] DEBUG: Starting new HTTPS connection (1): api.openalex.org:443
[2025-09-05 17:55:24,338] DEBUG: https://api.openalex.org:443 "GET /works?filter=author.id%3Ahttps%3A%2F%2Fopenalex.org%2FA5024161948&per-page=200&cursor=Ils2NC4wLCAwLCAnaHR0cHM6Ly9vcGVuYWxleC5vcmcvVzI4OTY1NDMwMDEnXSI%3D HTTP/1.1" 200 141
[2025-09-05 17:55:24,340] DEBUG: Fetched 0 results at cursor 'Ils2NC4wLCAwLCAnaHR0cHM6Ly9vcGVuYWxleC5vcmcvVzI4OTY1NDMwMDEnXSI='
[2025-09-05 17:55:24,367] DEBUG: Flattened df_all missing expected columns: ['host_venue__display_name', 'author_name', 'author_openalex_id']
[2025-09-05 17:55:24,387] INFO: Appended 18 lifetime works for Kristen Conn
[2025-09-05 17:55:24,389] INFO: Appended 4 last-5y works for Kristen Conn
[2025-09-05 17:55:24,390] INFO: Processing John Ellis (https://openalex.org/A5007566988)
[2025-09-05 17:55:24,390] INFO: OpenAlex fetch for https://openalex.org/A5007566988 (last 5 years >= 2021)
[2025-09-05 17:55:24,391] DEBUG: Starting new HTTPS connection (1): api.openalex.org:443
[2025-09-05 17:55:24,827] DEBUG: https://api.openalex.org:443 "GET /works?filter=author.id%3Ahttps%3A%2F%2Fopenalex.org%2FA5007566988&per-page=200&cursor=%2A HTTP/1.1" 200 548789
[2025-09-05 17:55:25,195] DEBUG: Fetched 200 results at cursor '*'
[2025-09-05 17:55:25,196] DEBUG: Starting new HTTPS connection (1): api.openalex.org:443
[2025-09-05 17:55:25,613] DEBUG: https://api.openalex.org:443 "GET /works?filter=author.id%3Ahttps%3A%2F%2Fopenalex.org%2FA5007566988&per-page=200&cursor=Ils5MS4wLCAxOSwgJ2h0dHBzOi8vb3BlbmFsZXgub3JnL1cyNzYzMjk0NzIxJ10i HTTP/1.1" 200 444672
[2025-09-05 17:55:25,980] DEBUG: Fetched 200 results at cursor 'Ils5MS4wLCAxOSwgJ2h0dHBzOi8vb3BlbmFsZXgub3JnL1cyNzYzMjk0NzIxJ10i'
[2025-09-05 17:55:25,981] DEBUG: Starting new HTTPS connection (1): api.openalex.org:443
[2025-09-05 17:55:26,293] DEBUG: https://api.openalex.org:443 "GET /works?filter=author.id%3Ahttps%3A%2F%2Fopenalex.org%2FA5007566988&per-page=200&cursor=Ils2OS4wLCAxLCAnaHR0cHM6Ly9vcGVuYWxleC5vcmcvVzI5NDQ1MTYwMTMnXSI%3D HTTP/1.1" 200 178252
[2025-09-05 17:55:26,499] DEBUG: Fetched 103 results at cursor 'Ils2OS4wLCAxLCAnaHR0cHM6Ly9vcGVuYWxleC5vcmcvVzI5NDQ1MTYwMTMnXSI='
[2025-09-05 17:55:26,500] DEBUG: Starting new HTTPS connection (1): api.openalex.org:443
[2025-09-05 17:55:27,970] DEBUG: https://api.openalex.org:443 "GET /works?filter=author.id%3Ahttps%3A%2F%2Fopenalex.org%2FA5007566988&per-page=200&cursor=Ils1My4wLCAwLCAnaHR0cHM6Ly9vcGVuYWxleC5vcmcvVzQyNTYzMjc2MzYnXSI%3D HTTP/1.1" 200 141
[2025-09-05 17:55:27,971] DEBUG: Fetched 0 results at cursor 'Ils1My4wLCAwLCAnaHR0cHM6Ly9vcGVuYWxleC5vcmcvVzQyNTYzMjc2MzYnXSI='
[2025-09-05 17:55:28,667] DEBUG: Flattened df_all missing expected columns: ['host_venue__display_name', 'author_name', 'author_openalex_id']
[2025-09-05 17:55:28,690] INFO: Appended 503 lifetime works for John Ellis
[2025-09-05 17:55:28,695] INFO: Appended 47 last-5y works for John Ellis
[2025-09-05 17:55:28,695] INFO: Processing Volker Gerdts (https://openalex.org/A5054537882)
[2025-09-05 17:55:28,695] INFO: OpenAlex fetch for https://openalex.org/A5054537882 (last 5 years >= 2021)
[2025-09-05 17:55:28,696] DEBUG: Starting new HTTPS connection (1): api.openalex.org:443
[2025-09-05 17:55:29,196] DEBUG: https://api.openalex.org:443 "GET /works?filter=author.id%3Ahttps%3A%2F%2Fopenalex.org%2FA5054537882&per-page=200&cursor=%2A HTTP/1.1" 200 598558
[2025-09-05 17:55:29,605] DEBUG: Fetched 200 results at cursor '*'
[2025-09-05 17:55:29,606] DEBUG: Starting new HTTPS connection (1): api.openalex.org:443
[2025-09-05 17:55:30,617] DEBUG: https://api.openalex.org:443 "GET /works?filter=author.id%3Ahttps%3A%2F%2Fopenalex.org%2FA5054537882&per-page=200&cursor=Ils2MC4wLCAwLCAnaHR0cHM6Ly9vcGVuYWxleC5vcmcvVzMwODgwMzcwNjEnXSI%3D HTTP/1.1" 200 10601
[2025-09-05 17:55:30,619] DEBUG: Fetched 6 results at cursor 'Ils2MC4wLCAwLCAnaHR0cHM6Ly9vcGVuYWxleC5vcmcvVzMwODgwMzcwNjEnXSI='
[2025-09-05 17:55:30,620] DEBUG: Starting new HTTPS connection (1): api.openalex.org:443
[2025-09-05 17:55:31,152] DEBUG: https://api.openalex.org:443 "GET /works?filter=author.id%3Ahttps%3A%2F%2Fopenalex.org%2FA5054537882&per-page=200&cursor=Ils1Ni4wLCAwLCAnaHR0cHM6Ly9vcGVuYWxleC5vcmcvVzMyMTcxNTYxODQnXSI%3D HTTP/1.1" 200 141
[2025-09-05 17:55:31,153] DEBUG: Fetched 0 results at cursor 'Ils1Ni4wLCAwLCAnaHR0cHM6Ly9vcGVuYWxleC5vcmcvVzMyMTcxNTYxODQnXSI='
[2025-09-05 17:55:31,366] DEBUG: Flattened df_all missing expected columns: ['host_venue__display_name', 'author_name', 'author_openalex_id']
[2025-09-05 17:55:31,404] INFO: Appended 206 lifetime works for Volker Gerdts
[2025-09-05 17:55:31,408] INFO: Appended 49 last-5y works for Volker Gerdts
[2025-09-05 17:55:31,408] INFO: Processing Emily Jenkins (https://openalex.org/A5075278671)
[2025-09-05 17:55:31,408] INFO: OpenAlex fetch for https://openalex.org/A5075278671 (last 5 years >= 2021)
[2025-09-05 17:55:31,409] DEBUG: Starting new HTTPS connection (1): api.openalex.org:443
[2025-09-05 17:55:32,764] DEBUG: https://api.openalex.org:443 "GET /works?filter=author.id%3Ahttps%3A%2F%2Fopenalex.org%2FA5075278671&per-page=200&cursor=%2A HTTP/1.1" 200 594142
[2025-09-05 17:55:33,162] DEBUG: Fetched 177 results at cursor '*'
[2025-09-05 17:55:33,163] DEBUG: Starting new HTTPS connection (1): api.openalex.org:443
[2025-09-05 17:55:33,612] DEBUG: https://api.openalex.org:443 "GET /works?filter=author.id%3Ahttps%3A%2F%2Fopenalex.org%2FA5075278671&per-page=200&cursor=Ils1Ni4wLCAwLCAnaHR0cHM6Ly9vcGVuYWxleC5vcmcvVzMyMTEwMTg2MzcnXSI%3D HTTP/1.1" 200 141
[2025-09-05 17:55:33,614] DEBUG: Fetched 0 results at cursor 'Ils1Ni4wLCAwLCAnaHR0cHM6Ly9vcGVuYWxleC5vcmcvVzMyMTEwMTg2MzcnXSI='
[2025-09-05 17:55:33,906] DEBUG: Flattened df_all missing expected columns: ['host_venue__display_name', 'author_name', 'author_openalex_id']
[2025-09-05 17:55:33,928] INFO: Appended 177 lifetime works for Emily Jenkins
[2025-09-05 17:55:33,933] INFO: Appended 63 last-5y works for Emily Jenkins
[2025-09-05 17:55:33,933] INFO: Processing Joseph Rubin (https://openalex.org/A5032938268)
[2025-09-05 17:55:33,933] INFO: OpenAlex fetch for https://openalex.org/A5032938268 (last 5 years >= 2021)
[2025-09-05 17:55:33,934] DEBUG: Starting new HTTPS connection (1): api.openalex.org:443
[2025-09-05 17:55:34,881] DEBUG: https://api.openalex.org:443 "GET /works?filter=author.id%3Ahttps%3A%2F%2Fopenalex.org%2FA5032938268&per-page=200&cursor=%2A HTTP/1.1" 200 190649
[2025-09-05 17:55:35,103] DEBUG: Fetched 79 results at cursor '*'
[2025-09-05 17:55:35,105] DEBUG: Starting new HTTPS connection (1): api.openalex.org:443
[2025-09-05 17:55:35,607] DEBUG: https://api.openalex.org:443 "GET /works?filter=author.id%3Ahttps%3A%2F%2Fopenalex.org%2FA5032938268&per-page=200&cursor=Ils1OC4wLCAwLCAnaHR0cHM6Ly9vcGVuYWxleC5vcmcvVzQzMDE4MTkxMTInXSI%3D HTTP/1.1" 200 140
[2025-09-05 17:55:35,609] DEBUG: Fetched 0 results at cursor 'Ils1OC4wLCAwLCAnaHR0cHM6Ly9vcGVuYWxleC5vcmcvVzQzMDE4MTkxMTInXSI='
[2025-09-05 17:55:35,690] DEBUG: Flattened df_all missing expected columns: ['host_venue__display_name', 'author_name', 'author_openalex_id']
[2025-09-05 17:55:35,710] INFO: Appended 79 lifetime works for Joseph Rubin
[2025-09-05 17:55:35,712] INFO: Appended 18 last-5y works for Joseph Rubin
[2025-09-05 17:55:35,713] INFO: Processing Tony Ruzzini (https://openalex.org/A5016372093)
[2025-09-05 17:55:35,713] INFO: OpenAlex fetch for https://openalex.org/A5016372093 (last 5 years >= 2021)
[2025-09-05 17:55:35,714] DEBUG: Starting new HTTPS connection (1): api.openalex.org:443
[2025-09-05 17:55:36,055] DEBUG: https://api.openalex.org:443 "GET /works?filter=author.id%3Ahttps%3A%2F%2Fopenalex.org%2FA5016372093&per-page=200&cursor=%2A HTTP/1.1" 200 103198
[2025-09-05 17:55:36,260] DEBUG: Fetched 37 results at cursor '*'
[2025-09-05 17:55:36,261] DEBUG: Starting new HTTPS connection (1): api.openalex.org:443
[2025-09-05 17:55:36,580] DEBUG: https://api.openalex.org:443 "GET /works?filter=author.id%3Ahttps%3A%2F%2Fopenalex.org%2FA5016372093&per-page=200&cursor=Ils2MS4wLCAwLCAnaHR0cHM6Ly9vcGVuYWxleC5vcmcvVzI5NzA5NjgzMTYnXSI%3D HTTP/1.1" 200 140
[2025-09-05 17:55:36,581] DEBUG: Fetched 0 results at cursor 'Ils2MS4wLCAwLCAnaHR0cHM6Ly9vcGVuYWxleC5vcmcvVzI5NzA5NjgzMTYnXSI='
[2025-09-05 17:55:36,629] DEBUG: Flattened df_all missing expected columns: ['host_venue__display_name', 'author_name', 'author_openalex_id']
[2025-09-05 17:55:36,638] INFO: Appended 37 lifetime works for Tony Ruzzini
[2025-09-05 17:55:36,640] INFO: Appended 12 last-5y works for Tony Ruzzini
[2025-09-05 17:55:36,640] INFO: Processing Maarten Voordouw (https://openalex.org/A5026690931)
[2025-09-05 17:55:36,640] INFO: OpenAlex fetch for https://openalex.org/A5026690931 (last 5 years >= 2021)
[2025-09-05 17:55:36,641] DEBUG: Starting new HTTPS connection (1): api.openalex.org:443
[2025-09-05 17:55:37,918] DEBUG: https://api.openalex.org:443 "GET /works?filter=author.id%3Ahttps%3A%2F%2Fopenalex.org%2FA5026690931&per-page=200&cursor=%2A HTTP/1.1" 200 295683
[2025-09-05 17:55:38,205] DEBUG: Fetched 96 results at cursor '*'
[2025-09-05 17:55:38,206] DEBUG: Starting new HTTPS connection (1): api.openalex.org:443
[2025-09-05 17:55:38,737] DEBUG: https://api.openalex.org:443 "GET /works?filter=author.id%3Ahttps%3A%2F%2Fopenalex.org%2FA5026690931&per-page=200&cursor=Ils1Ni4wLCAwLCAnaHR0cHM6Ly9vcGVuYWxleC5vcmcvVzQzOTQwODAwNzgnXSI%3D HTTP/1.1" 200 140
[2025-09-05 17:55:38,738] DEBUG: Fetched 0 results at cursor 'Ils1Ni4wLCAwLCAnaHR0cHM6Ly9vcGVuYWxleC5vcmcvVzQzOTQwODAwNzgnXSI='
[2025-09-05 17:55:38,830] DEBUG: Flattened df_all missing expected columns: ['host_venue__display_name', 'author_name', 'author_openalex_id']
[2025-09-05 17:55:38,839] INFO: Appended 96 lifetime works for Maarten Voordouw
[2025-09-05 17:55:38,842] INFO: Appended 26 last-5y works for Maarten Voordouw
[2025-09-05 17:55:38,843] INFO: Processing Arinjay Banerjee (https://openalex.org/A5050567215)
[2025-09-05 17:55:38,843] INFO: OpenAlex fetch for https://openalex.org/A5050567215 (last 5 years >= 2021)
[2025-09-05 17:55:38,844] DEBUG: Starting new HTTPS connection (1): api.openalex.org:443
[2025-09-05 17:55:39,306] DEBUG: https://api.openalex.org:443 "GET /works?filter=author.id%3Ahttps%3A%2F%2Fopenalex.org%2FA5050567215&per-page=200&cursor=%2A HTTP/1.1" 200 429865
[2025-09-05 17:55:39,679] DEBUG: Fetched 110 results at cursor '*'
[2025-09-05 17:55:39,680] DEBUG: Starting new HTTPS connection (1): api.openalex.org:443
[2025-09-05 17:55:39,983] DEBUG: https://api.openalex.org:443 "GET /works?filter=author.id%3Ahttps%3A%2F%2Fopenalex.org%2FA5050567215&per-page=200&cursor=Ils1Ni4wLCAwLCAnaHR0cHM6Ly9vcGVuYWxleC5vcmcvVzMxNzYwNDkxMTYnXSI%3D HTTP/1.1" 200 141
[2025-09-05 17:55:39,985] DEBUG: Fetched 0 results at cursor 'Ils1Ni4wLCAwLCAnaHR0cHM6Ly9vcGVuYWxleC5vcmcvVzMxNzYwNDkxMTYnXSI='
[2025-09-05 17:55:40,136] DEBUG: Flattened df_all missing expected columns: ['host_venue__display_name', 'author_name', 'author_openalex_id']
[2025-09-05 17:55:40,149] INFO: Appended 110 lifetime works for Arinjay Banerjee
[2025-09-05 17:55:40,154] INFO: Appended 72 last-5y works for Arinjay Banerjee
[2025-09-05 17:55:40,154] INFO: Processing Jeffrey Chen (https://openalex.org/A5000375230)
[2025-09-05 17:55:40,154] INFO: OpenAlex fetch for https://openalex.org/A5000375230 (last 5 years >= 2021)
[2025-09-05 17:55:40,155] DEBUG: Starting new HTTPS connection (1): api.openalex.org:443
[2025-09-05 17:55:40,702] DEBUG: https://api.openalex.org:443 "GET /works?filter=author.id%3Ahttps%3A%2F%2Fopenalex.org%2FA5000375230&per-page=200&cursor=%2A HTTP/1.1" 200 86508
[2025-09-05 17:55:40,901] DEBUG: Fetched 30 results at cursor '*'
[2025-09-05 17:55:40,902] DEBUG: Starting new HTTPS connection (1): api.openalex.org:443
[2025-09-05 17:55:41,357] DEBUG: https://api.openalex.org:443 "GET /works?filter=author.id%3Ahttps%3A%2F%2Fopenalex.org%2FA5000375230&per-page=200&cursor=Ils1Ni4wLCAwLCAnaHR0cHM6Ly9vcGVuYWxleC5vcmcvVzMyMDg4MDU3MjQnXSI%3D HTTP/1.1" 200 140
[2025-09-05 17:55:41,358] DEBUG: Fetched 0 results at cursor 'Ils1Ni4wLCAwLCAnaHR0cHM6Ly9vcGVuYWxleC5vcmcvVzMyMDg4MDU3MjQnXSI='
[2025-09-05 17:55:41,398] DEBUG: Flattened df_all missing expected columns: ['host_venue__display_name', 'author_name', 'author_openalex_id']
[2025-09-05 17:55:41,410] INFO: Appended 30 lifetime works for Jeffrey Chen
[2025-09-05 17:55:41,413] INFO: Appended 9 last-5y works for Jeffrey Chen
[2025-09-05 17:55:41,413] INFO: Processing Antonio Facciuolo (https://openalex.org/A5088785492)
[2025-09-05 17:55:41,413] INFO: OpenAlex fetch for https://openalex.org/A5088785492 (last 5 years >= 2021)
[2025-09-05 17:55:41,414] DEBUG: Starting new HTTPS connection (1): api.openalex.org:443
[2025-09-05 17:55:42,156] DEBUG: https://api.openalex.org:443 "GET /works?filter=author.id%3Ahttps%3A%2F%2Fopenalex.org%2FA5088785492&per-page=200&cursor=%2A HTTP/1.1" 200 90830
[2025-09-05 17:55:42,298] DEBUG: Fetched 28 results at cursor '*'
[2025-09-05 17:55:42,299] DEBUG: Starting new HTTPS connection (1): api.openalex.org:443
[2025-09-05 17:55:42,647] DEBUG: https://api.openalex.org:443 "GET /works?filter=author.id%3Ahttps%3A%2F%2Fopenalex.org%2FA5088785492&per-page=200&cursor=Ils2My4wLCAwLCAnaHR0cHM6Ly9vcGVuYWxleC5vcmcvVzQzODczNzY0NDgnXSI%3D HTTP/1.1" 200 140
[2025-09-05 17:55:42,648] DEBUG: Fetched 0 results at cursor 'Ils2My4wLCAwLCAnaHR0cHM6Ly9vcGVuYWxleC5vcmcvVzQzODczNzY0NDgnXSI='
[2025-09-05 17:55:42,690] DEBUG: Flattened df_all missing expected columns: ['host_venue__display_name', 'author_name', 'author_openalex_id']
[2025-09-05 17:55:42,696] INFO: Appended 28 lifetime works for Antonio Facciuolo
[2025-09-05 17:55:42,699] INFO: Appended 18 last-5y works for Antonio Facciuolo
[2025-09-05 17:55:42,699] INFO: Processing Darryl Falzarano (https://openalex.org/A5041967571)
[2025-09-05 17:55:42,699] INFO: OpenAlex fetch for https://openalex.org/A5041967571 (last 5 years >= 2021)
[2025-09-05 17:55:42,700] DEBUG: Starting new HTTPS connection (1): api.openalex.org:443
[2025-09-05 17:55:43,072] DEBUG: https://api.openalex.org:443 "GET /works?filter=author.id%3Ahttps%3A%2F%2Fopenalex.org%2FA5041967571&per-page=200&cursor=%2A HTTP/1.1" 200 476355
[2025-09-05 17:55:43,454] DEBUG: Fetched 132 results at cursor '*'
[2025-09-05 17:55:43,455] DEBUG: Starting new HTTPS connection (1): api.openalex.org:443
[2025-09-05 17:55:43,929] DEBUG: https://api.openalex.org:443 "GET /works?filter=author.id%3Ahttps%3A%2F%2Fopenalex.org%2FA5041967571&per-page=200&cursor=Ils1Ni4wLCAwLCAnaHR0cHM6Ly9vcGVuYWxleC5vcmcvVzMyMTQ5NTI4NDInXSI%3D HTTP/1.1" 200 141
[2025-09-05 17:55:43,930] DEBUG: Fetched 0 results at cursor 'Ils1Ni4wLCAwLCAnaHR0cHM6Ly9vcGVuYWxleC5vcmcvVzMyMTQ5NTI4NDInXSI='
[2025-09-05 17:55:44,092] DEBUG: Flattened df_all missing expected columns: ['host_venue__display_name', 'author_name', 'author_openalex_id']
[2025-09-05 17:55:44,104] INFO: Appended 132 lifetime works for Darryl Falzarano
[2025-09-05 17:55:44,108] INFO: Appended 70 last-5y works for Darryl Falzarano
[2025-09-05 17:55:44,109] INFO: Processing Kazal Ghosh (https://openalex.org/A5073467123)
[2025-09-05 17:55:44,109] INFO: OpenAlex fetch for https://openalex.org/A5073467123 (last 5 years >= 2021)
[2025-09-05 17:55:44,110] DEBUG: Starting new HTTPS connection (1): api.openalex.org:443
[2025-09-05 17:55:44,462] DEBUG: https://api.openalex.org:443 "GET /works?filter=author.id%3Ahttps%3A%2F%2Fopenalex.org%2FA5073467123&per-page=200&cursor=%2A HTTP/1.1" 200 23145
[2025-09-05 17:55:44,533] DEBUG: Fetched 9 results at cursor '*'
[2025-09-05 17:55:44,534] DEBUG: Starting new HTTPS connection (1): api.openalex.org:443
[2025-09-05 17:55:44,866] DEBUG: https://api.openalex.org:443 "GET /works?filter=author.id%3Ahttps%3A%2F%2Fopenalex.org%2FA5073467123&per-page=200&cursor=Ils1OC4wLCAwLCAnaHR0cHM6Ly9vcGVuYWxleC5vcmcvVzQzMjEwMDMxOTknXSI%3D HTTP/1.1" 200 140
[2025-09-05 17:55:44,868] DEBUG: Fetched 0 results at cursor 'Ils1OC4wLCAwLCAnaHR0cHM6Ly9vcGVuYWxleC5vcmcvVzQzMjEwMDMxOTknXSI='
[2025-09-05 17:55:44,887] DEBUG: Flattened df_all missing expected columns: ['host_venue__display_name', 'author_name', 'author_openalex_id']
[2025-09-05 17:55:44,899] INFO: Appended 9 lifetime works for Kazal Ghosh
[2025-09-05 17:55:44,901] INFO: Appended 7 last-5y works for Kazal Ghosh
[2025-09-05 17:55:44,901] INFO: Processing Uladzimir Karniychuk (https://openalex.org/A5012825986)
[2025-09-05 17:55:44,901] INFO: OpenAlex fetch for https://openalex.org/A5012825986 (last 5 years >= 2021)
[2025-09-05 17:55:44,902] DEBUG: Starting new HTTPS connection (1): api.openalex.org:443
[2025-09-05 17:55:45,728] DEBUG: https://api.openalex.org:443 "GET /works?filter=author.id%3Ahttps%3A%2F%2Fopenalex.org%2FA5012825986&per-page=200&cursor=%2A HTTP/1.1" 200 139051
[2025-09-05 17:55:45,931] DEBUG: Fetched 62 results at cursor '*'
[2025-09-05 17:55:45,932] DEBUG: Starting new HTTPS connection (1): api.openalex.org:443
[2025-09-05 17:55:46,287] DEBUG: https://api.openalex.org:443 "GET /works?filter=author.id%3Ahttps%3A%2F%2Fopenalex.org%2FA5012825986&per-page=200&cursor=Ils2MS4wLCAwLCAnaHR0cHM6Ly9vcGVuYWxleC5vcmcvVzQzOTQ0NDg4MzQnXSI%3D HTTP/1.1" 200 140
[2025-09-05 17:55:46,289] DEBUG: Fetched 0 results at cursor 'Ils2MS4wLCAwLCAnaHR0cHM6Ly9vcGVuYWxleC5vcmcvVzQzOTQ0NDg4MzQnXSI='
[2025-09-05 17:55:46,337] DEBUG: Flattened df_all missing expected columns: ['host_venue__display_name', 'author_name', 'author_openalex_id']
[2025-09-05 17:55:46,342] INFO: Appended 62 lifetime works for Uladzimir Karniychuk
[2025-09-05 17:55:46,345] INFO: Appended 15 last-5y works for Uladzimir Karniychuk
[2025-09-05 17:55:46,345] INFO: Processing Wolfgang Koester (https://openalex.org/A5053166362)
[2025-09-05 17:55:46,345] INFO: OpenAlex fetch for https://openalex.org/A5053166362 (last 5 years >= 2021)
[2025-09-05 17:55:46,346] DEBUG: Starting new HTTPS connection (1): api.openalex.org:443
[2025-09-05 17:55:46,794] DEBUG: https://api.openalex.org:443 "GET /works?filter=author.id%3Ahttps%3A%2F%2Fopenalex.org%2FA5053166362&per-page=200&cursor=%2A HTTP/1.1" 200 179605
[2025-09-05 17:55:47,070] DEBUG: Fetched 67 results at cursor '*'
[2025-09-05 17:55:47,071] DEBUG: Starting new HTTPS connection (1): api.openalex.org:443
[2025-09-05 17:55:47,354] DEBUG: https://api.openalex.org:443 "GET /works?filter=author.id%3Ahttps%3A%2F%2Fopenalex.org%2FA5053166362&per-page=200&cursor=Ils1My4wLCAwLCAnaHR0cHM6Ly9vcGVuYWxleC5vcmcvVzE1Mzg4NzQ0MSddIg%3D%3D HTTP/1.1" 200 141
[2025-09-05 17:55:47,356] DEBUG: Fetched 0 results at cursor 'Ils1My4wLCAwLCAnaHR0cHM6Ly9vcGVuYWxleC5vcmcvVzE1Mzg4NzQ0MSddIg=='
[2025-09-05 17:55:47,423] DEBUG: Flattened df_all missing expected columns: ['host_venue__display_name', 'author_name', 'author_openalex_id']
[2025-09-05 17:55:47,432] INFO: Appended 67 lifetime works for Wolfgang Koester
[2025-09-05 17:55:47,434] INFO: Appended 11 last-5y works for Wolfgang Koester
[2025-09-05 17:55:47,434] INFO: Processing Qiang Liu (https://openalex.org/A5100409525)
[2025-09-05 17:55:47,434] INFO: OpenAlex fetch for https://openalex.org/A5100409525 (last 5 years >= 2021)
[2025-09-05 17:55:47,435] DEBUG: Starting new HTTPS connection (1): api.openalex.org:443
[2025-09-05 17:55:47,934] DEBUG: https://api.openalex.org:443 "GET /works?filter=author.id%3Ahttps%3A%2F%2Fopenalex.org%2FA5100409525&per-page=200&cursor=%2A HTTP/1.1" 200 269020
[2025-09-05 17:55:48,216] DEBUG: Fetched 97 results at cursor '*'
[2025-09-05 17:55:48,217] DEBUG: Starting new HTTPS connection (1): api.openalex.org:443
[2025-09-05 17:55:48,540] DEBUG: https://api.openalex.org:443 "GET /works?filter=author.id%3Ahttps%3A%2F%2Fopenalex.org%2FA5100409525&per-page=200&cursor=Ils1NS4wLCAwLCAnaHR0cHM6Ly9vcGVuYWxleC5vcmcvVzI3NzQ0Nzc2ODInXSI%3D HTTP/1.1" 200 141
[2025-09-05 17:55:48,542] DEBUG: Fetched 0 results at cursor 'Ils1NS4wLCAwLCAnaHR0cHM6Ly9vcGVuYWxleC5vcmcvVzI3NzQ0Nzc2ODInXSI='
[2025-09-05 17:55:48,656] DEBUG: Flattened df_all missing expected columns: ['host_venue__display_name', 'author_name', 'author_openalex_id']
[2025-09-05 17:55:48,667] INFO: Appended 97 lifetime works for Qiang Liu
[2025-09-05 17:55:48,670] INFO: Appended 25 last-5y works for Qiang Liu
[2025-09-05 17:55:48,670] INFO: Processing Musangu Ngeleka (https://openalex.org/A5018933207)
[2025-09-05 17:55:48,670] INFO: OpenAlex fetch for https://openalex.org/A5018933207 (last 5 years >= 2021)
[2025-09-05 17:55:48,671] DEBUG: Starting new HTTPS connection (1): api.openalex.org:443
[2025-09-05 17:55:49,109] DEBUG: https://api.openalex.org:443 "GET /works?filter=author.id%3Ahttps%3A%2F%2Fopenalex.org%2FA5018933207&per-page=200&cursor=%2A HTTP/1.1" 200 110841
[2025-09-05 17:55:49,337] DEBUG: Fetched 42 results at cursor '*'
[2025-09-05 17:55:49,338] DEBUG: Starting new HTTPS connection (1): api.openalex.org:443
[2025-09-05 17:55:50,108] DEBUG: https://api.openalex.org:443 "GET /works?filter=author.id%3Ahttps%3A%2F%2Fopenalex.org%2FA5018933207&per-page=200&cursor=Ils1Ni4wLCAwLCAnaHR0cHM6Ly9vcGVuYWxleC5vcmcvVzQyNDQ1NDM2MzMnXSI%3D HTTP/1.1" 200 141
[2025-09-05 17:55:50,109] DEBUG: Fetched 0 results at cursor 'Ils1Ni4wLCAwLCAnaHR0cHM6Ly9vcGVuYWxleC5vcmcvVzQyNDQ1NDM2MzMnXSI='
[2025-09-05 17:55:50,162] DEBUG: Flattened df_all missing expected columns: ['host_venue__display_name', 'author_name', 'author_openalex_id']
[2025-09-05 17:55:50,171] INFO: Appended 42 lifetime works for Musangu Ngeleka
[2025-09-05 17:55:50,171] INFO: No last-5y works for Musangu Ngeleka
[2025-09-05 17:55:50,171] INFO: Processing Jose Perez-casal (https://openalex.org/A5075533328)
[2025-09-05 17:55:50,171] INFO: OpenAlex fetch for https://openalex.org/A5075533328 (last 5 years >= 2021)
[2025-09-05 17:55:50,172] DEBUG: Starting new HTTPS connection (1): api.openalex.org:443
[2025-09-05 17:55:51,503] DEBUG: https://api.openalex.org:443 "GET /works?filter=author.id%3Ahttps%3A%2F%2Fopenalex.org%2FA5075533328&per-page=200&cursor=%2A HTTP/1.1" 200 159520
[2025-09-05 17:55:51,783] DEBUG: Fetched 75 results at cursor '*'
[2025-09-05 17:55:51,784] DEBUG: Starting new HTTPS connection (1): api.openalex.org:443
[2025-09-05 17:55:52,457] DEBUG: https://api.openalex.org:443 "GET /works?filter=author.id%3Ahttps%3A%2F%2Fopenalex.org%2FA5075533328&per-page=200&cursor=Ils1Ni4wLCAwLCAnaHR0cHM6Ly9vcGVuYWxleC5vcmcvVzQzOTQxMjMxNjEnXSI%3D HTTP/1.1" 200 141
[2025-09-05 17:55:52,459] DEBUG: Fetched 0 results at cursor 'Ils1Ni4wLCAwLCAnaHR0cHM6Ly9vcGVuYWxleC5vcmcvVzQzOTQxMjMxNjEnXSI='
[2025-09-05 17:55:52,513] DEBUG: Flattened df_all missing expected columns: ['host_venue__display_name', 'author_name', 'author_openalex_id']
[2025-09-05 17:55:52,521] INFO: Appended 75 lifetime works for Jose Perez-casal
[2025-09-05 17:55:52,523] INFO: Appended 11 last-5y works for Jose Perez-casal
[2025-09-05 17:55:52,524] INFO: Processing Camila Queiroz (https://openalex.org/A5061580720)
[2025-09-05 17:55:52,524] INFO: OpenAlex fetch for https://openalex.org/A5061580720 (last 5 years >= 2021)
[2025-09-05 17:55:52,525] DEBUG: Starting new HTTPS connection (1): api.openalex.org:443
[2025-09-05 17:55:52,840] DEBUG: https://api.openalex.org:443 "GET /works?filter=author.id%3Ahttps%3A%2F%2Fopenalex.org%2FA5061580720&per-page=200&cursor=%2A HTTP/1.1" 200 18240
[2025-09-05 17:55:52,907] DEBUG: Fetched 7 results at cursor '*'
[2025-09-05 17:55:52,908] DEBUG: Starting new HTTPS connection (1): api.openalex.org:443
[2025-09-05 17:55:53,199] DEBUG: https://api.openalex.org:443 "GET /works?filter=author.id%3Ahttps%3A%2F%2Fopenalex.org%2FA5061580720&per-page=200&cursor=Ils1Ni4wLCAwLCAnaHR0cHM6Ly9vcGVuYWxleC5vcmcvVzQzOTQxMTE1NTQnXSI%3D HTTP/1.1" 200 139
[2025-09-05 17:55:53,200] DEBUG: Fetched 0 results at cursor 'Ils1Ni4wLCAwLCAnaHR0cHM6Ly9vcGVuYWxleC5vcmcvVzQzOTQxMTE1NTQnXSI='
[2025-09-05 17:55:53,214] DEBUG: Flattened df_all missing expected columns: ['host_venue__display_name', 'author_name', 'author_openalex_id']
[2025-09-05 17:55:53,221] INFO: Appended 7 lifetime works for Camila Queiroz
[2025-09-05 17:55:53,223] INFO: Appended 1 last-5y works for Camila Queiroz
[2025-09-05 17:55:53,223] INFO: Processing Loki Snyman (https://openalex.org/A5095017105)
[2025-09-05 17:55:53,223] INFO: OpenAlex fetch for https://openalex.org/A5095017105 (last 5 years >= 2021)
[2025-09-05 17:55:53,224] DEBUG: Starting new HTTPS connection (1): api.openalex.org:443
[2025-09-05 17:55:53,661] DEBUG: https://api.openalex.org:443 "GET /works?filter=author.id%3Ahttps%3A%2F%2Fopenalex.org%2FA5095017105&per-page=200&cursor=%2A HTTP/1.1" 200 1937
[2025-09-05 17:55:53,661] DEBUG: Fetched 1 results at cursor '*'
[2025-09-05 17:55:53,662] DEBUG: Starting new HTTPS connection (1): api.openalex.org:443
[2025-09-05 17:55:54,145] DEBUG: https://api.openalex.org:443 "GET /works?filter=author.id%3Ahttps%3A%2F%2Fopenalex.org%2FA5095017105&per-page=200&cursor=Ils1Ni4wLCAwLCAnaHR0cHM6Ly9vcGVuYWxleC5vcmcvVzQzOTQzODc3MTMnXSI%3D HTTP/1.1" 200 139
[2025-09-05 17:55:54,147] DEBUG: Fetched 0 results at cursor 'Ils1Ni4wLCAwLCAnaHR0cHM6Ly9vcGVuYWxleC5vcmcvVzQzOTQzODc3MTMnXSI='
[2025-09-05 17:55:54,152] DEBUG: Flattened df_all missing expected columns: ['host_venue__display_name', 'author_name', 'author_openalex_id']
[2025-09-05 17:55:54,155] INFO: Appended 1 lifetime works for Loki Snyman
[2025-09-05 17:55:54,157] INFO: Appended 1 last-5y works for Loki Snyman
[2025-09-05 17:55:54,157] INFO: Processing Heather Wilson (https://openalex.org/A5002970194)
[2025-09-05 17:55:54,157] INFO: OpenAlex fetch for https://openalex.org/A5002970194 (last 5 years >= 2021)
[2025-09-05 17:55:54,158] DEBUG: Starting new HTTPS connection (1): api.openalex.org:443
[2025-09-05 17:55:54,528] DEBUG: https://api.openalex.org:443 "GET /works?filter=author.id%3Ahttps%3A%2F%2Fopenalex.org%2FA5002970194&per-page=200&cursor=%2A HTTP/1.1" 200 483968
[2025-09-05 17:55:54,887] DEBUG: Fetched 169 results at cursor '*'
[2025-09-05 17:55:54,889] DEBUG: Starting new HTTPS connection (1): api.openalex.org:443
[2025-09-05 17:55:55,243] DEBUG: https://api.openalex.org:443 "GET /works?filter=author.id%3Ahttps%3A%2F%2Fopenalex.org%2FA5002970194&per-page=200&cursor=Ils1My4wLCAwLCAnaHR0cHM6Ly9vcGVuYWxleC5vcmcvVzQyNDYxOTI2NTcnXSI%3D HTTP/1.1" 200 141
[2025-09-05 17:55:55,244] DEBUG: Fetched 0 results at cursor 'Ils1My4wLCAwLCAnaHR0cHM6Ly9vcGVuYWxleC5vcmcvVzQyNDYxOTI2NTcnXSI='
[2025-09-05 17:55:55,498] DEBUG: Flattened df_all missing expected columns: ['host_venue__display_name', 'author_name', 'author_openalex_id']
[2025-09-05 17:55:55,508] INFO: Appended 169 lifetime works for Heather Wilson
[2025-09-05 17:55:55,512] INFO: Appended 34 last-5y works for Heather Wilson
[2025-09-05 17:55:55,512] INFO: Processing Yan Zhou (https://openalex.org/A5032015135)
[2025-09-05 17:55:55,512] INFO: OpenAlex fetch for https://openalex.org/A5032015135 (last 5 years >= 2021)
[2025-09-05 17:55:55,513] DEBUG: Starting new HTTPS connection (1): api.openalex.org:443
[2025-09-05 17:55:55,906] DEBUG: https://api.openalex.org:443 "GET /works?filter=author.id%3Ahttps%3A%2F%2Fopenalex.org%2FA5032015135&per-page=200&cursor=%2A HTTP/1.1" 200 364030
[2025-09-05 17:55:56,210] DEBUG: Fetched 121 results at cursor '*'
[2025-09-05 17:55:56,211] DEBUG: Starting new HTTPS connection (1): api.openalex.org:443
[2025-09-05 17:55:56,507] DEBUG: https://api.openalex.org:443 "GET /works?filter=author.id%3Ahttps%3A%2F%2Fopenalex.org%2FA5032015135&per-page=200&cursor=Ils1NS4wLCAwLCAnaHR0cHM6Ly9vcGVuYWxleC5vcmcvVzI0MTE0NDk1NjAnXSI%3D HTTP/1.1" 200 141
[2025-09-05 17:55:56,509] DEBUG: Fetched 0 results at cursor 'Ils1NS4wLCAwLCAnaHR0cHM6Ly9vcGVuYWxleC5vcmcvVzI0MTE0NDk1NjAnXSI='
[2025-09-05 17:55:56,665] DEBUG: Flattened df_all missing expected columns: ['host_venue__display_name', 'author_name', 'author_openalex_id']
[2025-09-05 17:55:56,683] INFO: Appended 121 lifetime works for Yan Zhou
[2025-09-05 17:55:56,686] INFO: Appended 46 last-5y works for Yan Zhou
[2025-09-05 17:55:56,687] INFO: Processing Suresh Tikoo (https://openalex.org/A5028351806)
[2025-09-05 17:55:56,687] INFO: OpenAlex fetch for https://openalex.org/A5028351806 (last 5 years >= 2021)
[2025-09-05 17:55:56,688] DEBUG: Starting new HTTPS connection (1): api.openalex.org:443
[2025-09-05 17:55:58,095] DEBUG: https://api.openalex.org:443 "GET /works?filter=author.id%3Ahttps%3A%2F%2Fopenalex.org%2FA5028351806&per-page=200&cursor=%2A HTTP/1.1" 200 432478
[2025-09-05 17:55:58,462] DEBUG: Fetched 183 results at cursor '*'
[2025-09-05 17:55:58,463] DEBUG: Starting new HTTPS connection (1): api.openalex.org:443
[2025-09-05 17:55:58,863] DEBUG: https://api.openalex.org:443 "GET /works?filter=author.id%3Ahttps%3A%2F%2Fopenalex.org%2FA5028351806&per-page=200&cursor=Ils1My4wLCAwLCAnaHR0cHM6Ly9vcGVuYWxleC5vcmcvVzMyMDI5MjM4OTQnXSI%3D HTTP/1.1" 200 141
[2025-09-05 17:55:58,865] DEBUG: Fetched 0 results at cursor 'Ils1My4wLCAwLCAnaHR0cHM6Ly9vcGVuYWxleC5vcmcvVzMyMDI5MjM4OTQnXSI='
[2025-09-05 17:55:59,021] DEBUG: Flattened df_all missing expected columns: ['host_venue__display_name', 'author_name', 'author_openalex_id']
[2025-09-05 17:55:59,037] INFO: Appended 183 lifetime works for Suresh Tikoo
[2025-09-05 17:55:59,040] INFO: Appended 27 last-5y works for Suresh Tikoo
[2025-09-05 17:55:59,040] INFO: Processing Manuel Chirino (https://openalex.org/A5073090598)
[2025-09-05 17:55:59,040] INFO: OpenAlex fetch for https://openalex.org/A5073090598 (last 5 years >= 2021)
[2025-09-05 17:55:59,041] DEBUG: Starting new HTTPS connection (1): api.openalex.org:443
[2025-09-05 17:55:59,772] DEBUG: https://api.openalex.org:443 "GET /works?filter=author.id%3Ahttps%3A%2F%2Fopenalex.org%2FA5073090598&per-page=200&cursor=%2A HTTP/1.1" 200 154144
[2025-09-05 17:56:00,008] DEBUG: Fetched 68 results at cursor '*'
[2025-09-05 17:56:00,009] DEBUG: Starting new HTTPS connection (1): api.openalex.org:443
[2025-09-05 17:56:00,302] DEBUG: https://api.openalex.org:443 "GET /works?filter=author.id%3Ahttps%3A%2F%2Fopenalex.org%2FA5073090598&per-page=200&cursor=Ils1Ny4wLCAwLCAnaHR0cHM6Ly9vcGVuYWxleC5vcmcvVzMxNzU0NDMwMDEnXSI%3D HTTP/1.1" 200 141
[2025-09-05 17:56:00,304] DEBUG: Fetched 0 results at cursor 'Ils1Ny4wLCAwLCAnaHR0cHM6Ly9vcGVuYWxleC5vcmcvVzMxNzU0NDMwMDEnXSI='
[2025-09-05 17:56:00,372] DEBUG: Flattened df_all missing expected columns: ['host_venue__display_name', 'author_name', 'author_openalex_id']
[2025-09-05 17:56:00,386] INFO: Appended 68 lifetime works for Manuel Chirino
[2025-09-05 17:56:00,388] INFO: Appended 1 last-5y works for Manuel Chirino
[2025-09-05 17:56:00,388] INFO: Processing Debbie Haines (https://openalex.org/A5070489863)
[2025-09-05 17:56:00,388] INFO: OpenAlex fetch for https://openalex.org/A5070489863 (last 5 years >= 2021)
[2025-09-05 17:56:00,389] DEBUG: Starting new HTTPS connection (1): api.openalex.org:443
[2025-09-05 17:56:01,970] DEBUG: https://api.openalex.org:443 "GET /works?filter=author.id%3Ahttps%3A%2F%2Fopenalex.org%2FA5070489863&per-page=200&cursor=%2A HTTP/1.1" 200 464420
[2025-09-05 17:56:02,320] DEBUG: Fetched 200 results at cursor '*'
[2025-09-05 17:56:02,321] DEBUG: Starting new HTTPS connection (1): api.openalex.org:443
[2025-09-05 17:56:02,607] DEBUG: https://api.openalex.org:443 "GET /works?filter=author.id%3Ahttps%3A%2F%2Fopenalex.org%2FA5070489863&per-page=200&cursor=Ils2My4wLCAwLCAnaHR0cHM6Ly9vcGVuYWxleC5vcmcvVzIyNjU2NDIwNzMnXSI%3D HTTP/1.1" 200 22640
[2025-09-05 17:56:02,676] DEBUG: Fetched 13 results at cursor 'Ils2My4wLCAwLCAnaHR0cHM6Ly9vcGVuYWxleC5vcmcvVzIyNjU2NDIwNzMnXSI='
[2025-09-05 17:56:02,678] DEBUG: Starting new HTTPS connection (1): api.openalex.org:443
[2025-09-05 17:56:03,132] DEBUG: https://api.openalex.org:443 "GET /works?filter=author.id%3Ahttps%3A%2F%2Fopenalex.org%2FA5070489863&per-page=200&cursor=Ils1My4wLCAwLCAnaHR0cHM6Ly9vcGVuYWxleC5vcmcvVzQyMzY4Njc1MjAnXSI%3D HTTP/1.1" 200 141
[2025-09-05 17:56:03,134] DEBUG: Fetched 0 results at cursor 'Ils1My4wLCAwLCAnaHR0cHM6Ly9vcGVuYWxleC5vcmcvVzQyMzY4Njc1MjAnXSI='
[2025-09-05 17:56:03,390] DEBUG: Flattened df_all missing expected columns: ['host_venue__display_name', 'author_name', 'author_openalex_id']
[2025-09-05 17:56:03,404] INFO: Appended 213 lifetime works for Debbie Haines
[2025-09-05 17:56:03,407] INFO: Appended 12 last-5y works for Debbie Haines
[2025-09-05 17:56:03,407] INFO: Processing Vikram Misra (https://openalex.org/A5018540324)
[2025-09-05 17:56:03,407] INFO: OpenAlex fetch for https://openalex.org/A5018540324 (last 5 years >= 2021)
[2025-09-05 17:56:03,408] DEBUG: Starting new HTTPS connection (1): api.openalex.org:443
[2025-09-05 17:56:03,816] DEBUG: https://api.openalex.org:443 "GET /works?filter=author.id%3Ahttps%3A%2F%2Fopenalex.org%2FA5018540324&per-page=200&cursor=%2A HTTP/1.1" 200 428227
[2025-09-05 17:56:04,199] DEBUG: Fetched 158 results at cursor '*'
[2025-09-05 17:56:04,200] DEBUG: Starting new HTTPS connection (1): api.openalex.org:443
[2025-09-05 17:56:04,518] DEBUG: https://api.openalex.org:443 "GET /works?filter=author.id%3Ahttps%3A%2F%2Fopenalex.org%2FA5018540324&per-page=200&cursor=Ils1My4wLCAwLCAnaHR0cHM6Ly9vcGVuYWxleC5vcmcvVzIxNDQ0ODI4NjMnXSI%3D HTTP/1.1" 200 142
[2025-09-05 17:56:04,520] DEBUG: Fetched 0 results at cursor 'Ils1My4wLCAwLCAnaHR0cHM6Ly9vcGVuYWxleC5vcmcvVzIxNDQ0ODI4NjMnXSI='
[2025-09-05 17:56:04,729] DEBUG: Flattened df_all missing expected columns: ['host_venue__display_name', 'author_name', 'author_openalex_id']
[2025-09-05 17:56:04,750] INFO: Appended 158 lifetime works for Vikram Misra
[2025-09-05 17:56:04,753] INFO: Appended 16 last-5y works for Vikram Misra
[2025-09-05 17:56:04,753] INFO: Processing Lydden Polley (https://openalex.org/A5070489863)
[2025-09-05 17:56:04,753] INFO: OpenAlex fetch for https://openalex.org/A5070489863 (last 5 years >= 2021)
[2025-09-05 17:56:04,754] DEBUG: Starting new HTTPS connection (1): api.openalex.org:443
[2025-09-05 17:56:05,161] DEBUG: https://api.openalex.org:443 "GET /works?filter=author.id%3Ahttps%3A%2F%2Fopenalex.org%2FA5070489863&per-page=200&cursor=%2A HTTP/1.1" 200 464261
[2025-09-05 17:56:05,517] DEBUG: Fetched 200 results at cursor '*'
[2025-09-05 17:56:05,519] DEBUG: Starting new HTTPS connection (1): api.openalex.org:443
[2025-09-05 17:56:05,807] DEBUG: https://api.openalex.org:443 "GET /works?filter=author.id%3Ahttps%3A%2F%2Fopenalex.org%2FA5070489863&per-page=200&cursor=Ils2My4wLCAwLCAnaHR0cHM6Ly9vcGVuYWxleC5vcmcvVzIyNjU2NDIwNzMnXSI%3D HTTP/1.1" 200 22640
[2025-09-05 17:56:05,876] DEBUG: Fetched 13 results at cursor 'Ils2My4wLCAwLCAnaHR0cHM6Ly9vcGVuYWxleC5vcmcvVzIyNjU2NDIwNzMnXSI='
[2025-09-05 17:56:05,877] DEBUG: Starting new HTTPS connection (1): api.openalex.org:443
[2025-09-05 17:56:06,178] DEBUG: https://api.openalex.org:443 "GET /works?filter=author.id%3Ahttps%3A%2F%2Fopenalex.org%2FA5070489863&per-page=200&cursor=Ils1My4wLCAwLCAnaHR0cHM6Ly9vcGVuYWxleC5vcmcvVzQyMzY4Njc1MjAnXSI%3D HTTP/1.1" 200 141
[2025-09-05 17:56:06,180] DEBUG: Fetched 0 results at cursor 'Ils1My4wLCAwLCAnaHR0cHM6Ly9vcGVuYWxleC5vcmcvVzQyMzY4Njc1MjAnXSI='
[2025-09-05 17:56:06,440] DEBUG: Flattened df_all missing expected columns: ['host_venue__display_name', 'author_name', 'author_openalex_id']
[2025-09-05 17:56:06,462] INFO: Appended 213 lifetime works for Lydden Polley
[2025-09-05 17:56:06,464] INFO: Appended 12 last-5y works for Lydden Polley
[2025-09-05 17:56:06,465] INFO: Processing Andrew Potter (https://openalex.org/A5035086403)
[2025-09-05 17:56:06,465] INFO: OpenAlex fetch for https://openalex.org/A5035086403 (last 5 years >= 2021)
[2025-09-05 17:56:06,466] DEBUG: Starting new HTTPS connection (1): api.openalex.org:443
[2025-09-05 17:56:06,944] DEBUG: https://api.openalex.org:443 "GET /works?filter=author.id%3Ahttps%3A%2F%2Fopenalex.org%2FA5035086403&per-page=200&cursor=%2A HTTP/1.1" 200 547242
[2025-09-05 17:56:07,342] DEBUG: Fetched 200 results at cursor '*'
[2025-09-05 17:56:07,343] DEBUG: Starting new HTTPS connection (1): api.openalex.org:443
[2025-09-05 17:56:07,929] DEBUG: https://api.openalex.org:443 "GET /works?filter=author.id%3Ahttps%3A%2F%2Fopenalex.org%2FA5035086403&per-page=200&cursor=Ils4MS4wLCAxMywgJ2h0dHBzOi8vb3BlbmFsZXgub3JnL1cyMTM3MzQ4MjYzJ10i HTTP/1.1" 200 97488
[2025-09-05 17:56:08,137] DEBUG: Fetched 46 results at cursor 'Ils4MS4wLCAxMywgJ2h0dHBzOi8vb3BlbmFsZXgub3JnL1cyMTM3MzQ4MjYzJ10i'
[2025-09-05 17:56:08,138] DEBUG: Starting new HTTPS connection (1): api.openalex.org:443
[2025-09-05 17:56:08,414] DEBUG: https://api.openalex.org:443 "GET /works?filter=author.id%3Ahttps%3A%2F%2Fopenalex.org%2FA5035086403&per-page=200&cursor=Ils1My4wLCAwLCAnaHR0cHM6Ly9vcGVuYWxleC5vcmcvVzQyMDU4Mzk1MzgnXSI%3D HTTP/1.1" 200 141
[2025-09-05 17:56:08,416] DEBUG: Fetched 0 results at cursor 'Ils1My4wLCAwLCAnaHR0cHM6Ly9vcGVuYWxleC5vcmcvVzQyMDU4Mzk1MzgnXSI='
[2025-09-05 17:56:08,718] DEBUG: Flattened df_all missing expected columns: ['host_venue__display_name', 'author_name', 'author_openalex_id']
[2025-09-05 17:56:08,742] INFO: Appended 246 lifetime works for Andrew Potter
[2025-09-05 17:56:08,745] INFO: Appended 21 last-5y works for Andrew Potter
[2025-09-05 17:56:08,745] INFO: Processing Henry Tabel (nan)
[2025-09-05 17:56:08,745] INFO: OpenAlex fetch for https://openalex.org/nan (last 5 years >= 2021)
[2025-09-05 17:56:08,746] DEBUG: Starting new HTTPS connection (1): api.openalex.org:443
[2025-09-05 17:56:09,028] DEBUG: https://api.openalex.org:443 "GET /works?filter=author.id%3Ahttps%3A%2F%2Fopenalex.org%2Fnan&per-page=200&cursor=%2A HTTP/1.1" 403 90
[2025-09-05 17:56:09,029] ERROR: HTTP error from OpenAlex: 403 Client Error: FORBIDDEN for url: https://api.openalex.org/works?filter=author.id%3Ahttps%3A%2F%2Fopenalex.org%2Fnan&per-page=200&cursor=%2A
Traceback (most recent call last):
  File "/home/runner/work/WCVM_VetMic/WCVM_VetMic/etl/WCVM_VetMic_works.py", line 273, in fetch_author_works_filtered
    resp.raise_for_status()
  File "/opt/hostedtoolcache/Python/3.11.13/x64/lib/python3.11/site-packages/requests/models.py", line 1026, in raise_for_status
    raise HTTPError(http_error_msg, response=self)
requests.exceptions.HTTPError: 403 Client Error: FORBIDDEN for url: https://api.openalex.org/works?filter=author.id%3Ahttps%3A%2F%2Fopenalex.org%2Fnan&per-page=200&cursor=%2A
[2025-09-05 17:56:09,029] INFO: No works returned from OpenAlex for this author.
[2025-09-05 17:56:09,049] INFO: No lifetime works for Henry Tabel
[2025-09-05 17:56:09,049] INFO: No last-5y works for Henry Tabel
[2025-09-05 17:56:09,049] INFO: Total skipped rows due to missing ID: 0
[2025-09-05 17:56:09,064] INFO: Deduplicating 1370 -> 575 rows
[2025-09-05 17:56:09,073] INFO: Deduplicated file written to data/openalex_all_authors_last5y_key_fields_dedup.csv
