[2025-09-12 06:53:28,351] INFO: Removed old artifact: data/openalex_all_authors_lifetime.csv
[2025-09-12 06:53:28,351] INFO: Removed old artifact: data/openalex_all_authors_last5y_key_fields.csv
[2025-09-12 06:53:28,351] INFO: Removed old artifact: data/openalex_all_authors_last5y_key_fields_dedup.csv
[2025-09-12 06:53:28,352] INFO: Reading roster from data/roster_with_metrics.csv
[2025-09-12 06:53:28,354] INFO: Processing Janet Hill (https://openalex.org/A5022032110)
[2025-09-12 06:53:28,354] INFO: OpenAlex fetch for https://openalex.org/A5022032110 (last 5 years >= 2021)
[2025-09-12 06:53:28,356] DEBUG: Starting new HTTPS connection (1): api.openalex.org:443
[2025-09-12 06:53:28,808] DEBUG: https://api.openalex.org:443 "GET /works?filter=author.id%3Ahttps%3A%2F%2Fopenalex.org%2FA5022032110&per-page=200&cursor=%2A HTTP/1.1" 200 570870
[2025-09-12 06:53:28,875] DEBUG: Fetched 200 results at cursor '*'
[2025-09-12 06:53:28,877] DEBUG: Starting new HTTPS connection (1): api.openalex.org:443
[2025-09-12 06:53:29,052] DEBUG: https://api.openalex.org:443 "GET /works?filter=author.id%3Ahttps%3A%2F%2Fopenalex.org%2FA5022032110&per-page=200&cursor=Ils3MC4wLCAwLCAnaHR0cHM6Ly9vcGVuYWxleC5vcmcvVzQzOTE0MDEzOTEnXSI%3D HTTP/1.1" 200 102417
[2025-09-12 06:53:29,081] DEBUG: Fetched 63 results at cursor 'Ils3MC4wLCAwLCAnaHR0cHM6Ly9vcGVuYWxleC5vcmcvVzQzOTE0MDEzOTEnXSI='
[2025-09-12 06:53:29,083] DEBUG: Starting new HTTPS connection (1): api.openalex.org:443
[2025-09-12 06:53:29,217] DEBUG: https://api.openalex.org:443 "GET /works?filter=author.id%3Ahttps%3A%2F%2Fopenalex.org%2FA5022032110&per-page=200&cursor=Ils1My4wLCAwLCAnaHR0cHM6Ly9vcGVuYWxleC5vcmcvVzI5NTMxODg0MzgnXSI%3D HTTP/1.1" 200 142
[2025-09-12 06:53:29,219] DEBUG: Fetched 0 results at cursor 'Ils1My4wLCAwLCAnaHR0cHM6Ly9vcGVuYWxleC5vcmcvVzI5NTMxODg0MzgnXSI='
[2025-09-12 06:53:29,590] DEBUG: Flattened df_all missing expected columns: ['host_venue__display_name', 'author_name', 'author_openalex_id']
[2025-09-12 06:53:29,604] INFO: Appended 263 lifetime works for Janet Hill
[2025-09-12 06:53:29,608] INFO: Appended 57 last-5y works for Janet Hill
[2025-09-12 06:53:29,608] INFO: Processing Kristen Conn (https://openalex.org/A5024161948)
[2025-09-12 06:53:29,608] INFO: OpenAlex fetch for https://openalex.org/A5024161948 (last 5 years >= 2021)
[2025-09-12 06:53:29,609] DEBUG: Starting new HTTPS connection (1): api.openalex.org:443
[2025-09-12 06:53:29,742] DEBUG: https://api.openalex.org:443 "GET /works?filter=author.id%3Ahttps%3A%2F%2Fopenalex.org%2FA5024161948&per-page=200&cursor=%2A HTTP/1.1" 200 64870
[2025-09-12 06:53:29,759] DEBUG: Fetched 18 results at cursor '*'
[2025-09-12 06:53:29,761] DEBUG: Starting new HTTPS connection (1): api.openalex.org:443
[2025-09-12 06:53:29,870] DEBUG: https://api.openalex.org:443 "GET /works?filter=author.id%3Ahttps%3A%2F%2Fopenalex.org%2FA5024161948&per-page=200&cursor=Ils2NC4wLCAwLCAnaHR0cHM6Ly9vcGVuYWxleC5vcmcvVzI4OTY1NDMwMDEnXSI%3D HTTP/1.1" 200 141
[2025-09-12 06:53:29,872] DEBUG: Fetched 0 results at cursor 'Ils2NC4wLCAwLCAnaHR0cHM6Ly9vcGVuYWxleC5vcmcvVzI4OTY1NDMwMDEnXSI='
[2025-09-12 06:53:29,901] DEBUG: Flattened df_all missing expected columns: ['host_venue__display_name', 'author_name', 'author_openalex_id']
[2025-09-12 06:53:29,917] INFO: Appended 18 lifetime works for Kristen Conn
[2025-09-12 06:53:29,919] INFO: Appended 4 last-5y works for Kristen Conn
[2025-09-12 06:53:29,919] INFO: Processing John Ellis (https://openalex.org/A5007566988)
[2025-09-12 06:53:29,919] INFO: OpenAlex fetch for https://openalex.org/A5007566988 (last 5 years >= 2021)
[2025-09-12 06:53:29,920] DEBUG: Starting new HTTPS connection (1): api.openalex.org:443
[2025-09-12 06:53:31,991] DEBUG: https://api.openalex.org:443 "GET /works?filter=author.id%3Ahttps%3A%2F%2Fopenalex.org%2FA5007566988&per-page=200&cursor=%2A HTTP/1.1" 200 548736
[2025-09-12 06:53:32,057] DEBUG: Fetched 200 results at cursor '*'
[2025-09-12 06:53:32,058] DEBUG: Starting new HTTPS connection (1): api.openalex.org:443
[2025-09-12 06:53:32,232] DEBUG: https://api.openalex.org:443 "GET /works?filter=author.id%3Ahttps%3A%2F%2Fopenalex.org%2FA5007566988&per-page=200&cursor=Ils5MS4wLCAxOSwgJ2h0dHBzOi8vb3BlbmFsZXgub3JnL1cyNzYzMjk0NzIxJ10i HTTP/1.1" 200 444732
[2025-09-12 06:53:32,321] DEBUG: Fetched 200 results at cursor 'Ils5MS4wLCAxOSwgJ2h0dHBzOi8vb3BlbmFsZXgub3JnL1cyNzYzMjk0NzIxJ10i'
[2025-09-12 06:53:32,322] DEBUG: Starting new HTTPS connection (1): api.openalex.org:443
[2025-09-12 06:53:32,492] DEBUG: https://api.openalex.org:443 "GET /works?filter=author.id%3Ahttps%3A%2F%2Fopenalex.org%2FA5007566988&per-page=200&cursor=Ils2OS4wLCAxLCAnaHR0cHM6Ly9vcGVuYWxleC5vcmcvVzI5NDQ1MTYwMTMnXSI%3D HTTP/1.1" 200 178068
[2025-09-12 06:53:32,527] DEBUG: Fetched 103 results at cursor 'Ils2OS4wLCAxLCAnaHR0cHM6Ly9vcGVuYWxleC5vcmcvVzI5NDQ1MTYwMTMnXSI='
[2025-09-12 06:53:32,528] DEBUG: Starting new HTTPS connection (1): api.openalex.org:443
[2025-09-12 06:53:32,627] DEBUG: https://api.openalex.org:443 "GET /works?filter=author.id%3Ahttps%3A%2F%2Fopenalex.org%2FA5007566988&per-page=200&cursor=Ils1My4wLCAwLCAnaHR0cHM6Ly9vcGVuYWxleC5vcmcvVzQyNTYzMjc2MzYnXSI%3D HTTP/1.1" 200 141
[2025-09-12 06:53:32,629] DEBUG: Fetched 0 results at cursor 'Ils1My4wLCAwLCAnaHR0cHM6Ly9vcGVuYWxleC5vcmcvVzQyNTYzMjc2MzYnXSI='
[2025-09-12 06:53:33,333] DEBUG: Flattened df_all missing expected columns: ['host_venue__display_name', 'author_name', 'author_openalex_id']
[2025-09-12 06:53:33,354] INFO: Appended 503 lifetime works for John Ellis
[2025-09-12 06:53:33,359] INFO: Appended 47 last-5y works for John Ellis
[2025-09-12 06:53:33,359] INFO: Processing Volker Gerdts (https://openalex.org/A5054537882)
[2025-09-12 06:53:33,359] INFO: OpenAlex fetch for https://openalex.org/A5054537882 (last 5 years >= 2021)
[2025-09-12 06:53:33,360] DEBUG: Starting new HTTPS connection (1): api.openalex.org:443
[2025-09-12 06:53:33,566] DEBUG: https://api.openalex.org:443 "GET /works?filter=author.id%3Ahttps%3A%2F%2Fopenalex.org%2FA5054537882&per-page=200&cursor=%2A HTTP/1.1" 200 598554
[2025-09-12 06:53:33,677] DEBUG: Fetched 200 results at cursor '*'
[2025-09-12 06:53:33,678] DEBUG: Starting new HTTPS connection (1): api.openalex.org:443
[2025-09-12 06:53:33,967] DEBUG: https://api.openalex.org:443 "GET /works?filter=author.id%3Ahttps%3A%2F%2Fopenalex.org%2FA5054537882&per-page=200&cursor=Ils2MC4wLCAwLCAnaHR0cHM6Ly9vcGVuYWxleC5vcmcvVzMwODgwMzcwNjEnXSI%3D HTTP/1.1" 200 10585
[2025-09-12 06:53:33,970] DEBUG: Fetched 6 results at cursor 'Ils2MC4wLCAwLCAnaHR0cHM6Ly9vcGVuYWxleC5vcmcvVzMwODgwMzcwNjEnXSI='
[2025-09-12 06:53:33,971] DEBUG: Starting new HTTPS connection (1): api.openalex.org:443
[2025-09-12 06:53:34,237] DEBUG: https://api.openalex.org:443 "GET /works?filter=author.id%3Ahttps%3A%2F%2Fopenalex.org%2FA5054537882&per-page=200&cursor=Ils1Ni4wLCAwLCAnaHR0cHM6Ly9vcGVuYWxleC5vcmcvVzMyMTcxNTYxODQnXSI%3D HTTP/1.1" 200 142
[2025-09-12 06:53:34,238] DEBUG: Fetched 0 results at cursor 'Ils1Ni4wLCAwLCAnaHR0cHM6Ly9vcGVuYWxleC5vcmcvVzMyMTcxNTYxODQnXSI='
[2025-09-12 06:53:34,471] DEBUG: Flattened df_all missing expected columns: ['host_venue__display_name', 'author_name', 'author_openalex_id']
[2025-09-12 06:53:34,509] INFO: Appended 206 lifetime works for Volker Gerdts
[2025-09-12 06:53:34,514] INFO: Appended 49 last-5y works for Volker Gerdts
[2025-09-12 06:53:34,514] INFO: Processing Emily Jenkins (https://openalex.org/A5075278671)
[2025-09-12 06:53:34,514] INFO: OpenAlex fetch for https://openalex.org/A5075278671 (last 5 years >= 2021)
[2025-09-12 06:53:34,515] DEBUG: Starting new HTTPS connection (1): api.openalex.org:443
[2025-09-12 06:53:36,246] DEBUG: https://api.openalex.org:443 "GET /works?filter=author.id%3Ahttps%3A%2F%2Fopenalex.org%2FA5075278671&per-page=200&cursor=%2A HTTP/1.1" 200 593924
[2025-09-12 06:53:36,314] DEBUG: Fetched 177 results at cursor '*'
[2025-09-12 06:53:36,315] DEBUG: Starting new HTTPS connection (1): api.openalex.org:443
[2025-09-12 06:53:36,422] DEBUG: https://api.openalex.org:443 "GET /works?filter=author.id%3Ahttps%3A%2F%2Fopenalex.org%2FA5075278671&per-page=200&cursor=Ils1Ni4wLCAwLCAnaHR0cHM6Ly9vcGVuYWxleC5vcmcvVzMyMTEwMTg2MzcnXSI%3D HTTP/1.1" 200 141
[2025-09-12 06:53:36,423] DEBUG: Fetched 0 results at cursor 'Ils1Ni4wLCAwLCAnaHR0cHM6Ly9vcGVuYWxleC5vcmcvVzMyMTEwMTg2MzcnXSI='
[2025-09-12 06:53:36,769] DEBUG: Flattened df_all missing expected columns: ['host_venue__display_name', 'author_name', 'author_openalex_id']
[2025-09-12 06:53:36,791] INFO: Appended 177 lifetime works for Emily Jenkins
[2025-09-12 06:53:36,795] INFO: Appended 63 last-5y works for Emily Jenkins
[2025-09-12 06:53:36,796] INFO: Processing Joseph Rubin (https://openalex.org/A5032938268)
[2025-09-12 06:53:36,796] INFO: OpenAlex fetch for https://openalex.org/A5032938268 (last 5 years >= 2021)
[2025-09-12 06:53:36,797] DEBUG: Starting new HTTPS connection (1): api.openalex.org:443
[2025-09-12 06:53:36,957] DEBUG: https://api.openalex.org:443 "GET /works?filter=author.id%3Ahttps%3A%2F%2Fopenalex.org%2FA5032938268&per-page=200&cursor=%2A HTTP/1.1" 200 190221
[2025-09-12 06:53:36,991] DEBUG: Fetched 79 results at cursor '*'
[2025-09-12 06:53:36,992] DEBUG: Starting new HTTPS connection (1): api.openalex.org:443
[2025-09-12 06:53:37,119] DEBUG: https://api.openalex.org:443 "GET /works?filter=author.id%3Ahttps%3A%2F%2Fopenalex.org%2FA5032938268&per-page=200&cursor=Ils1OC4wLCAwLCAnaHR0cHM6Ly9vcGVuYWxleC5vcmcvVzQzMDE4MTkxMTInXSI%3D HTTP/1.1" 200 140
[2025-09-12 06:53:37,121] DEBUG: Fetched 0 results at cursor 'Ils1OC4wLCAwLCAnaHR0cHM6Ly9vcGVuYWxleC5vcmcvVzQzMDE4MTkxMTInXSI='
[2025-09-12 06:53:37,205] DEBUG: Flattened df_all missing expected columns: ['host_venue__display_name', 'author_name', 'author_openalex_id']
[2025-09-12 06:53:37,227] INFO: Appended 79 lifetime works for Joseph Rubin
[2025-09-12 06:53:37,229] INFO: Appended 18 last-5y works for Joseph Rubin
[2025-09-12 06:53:37,230] INFO: Processing Tony Ruzzini (https://openalex.org/A5016372093)
[2025-09-12 06:53:37,230] INFO: OpenAlex fetch for https://openalex.org/A5016372093 (last 5 years >= 2021)
[2025-09-12 06:53:37,231] DEBUG: Starting new HTTPS connection (1): api.openalex.org:443
[2025-09-12 06:53:37,565] DEBUG: https://api.openalex.org:443 "GET /works?filter=author.id%3Ahttps%3A%2F%2Fopenalex.org%2FA5016372093&per-page=200&cursor=%2A HTTP/1.1" 200 103212
[2025-09-12 06:53:37,591] DEBUG: Fetched 37 results at cursor '*'
[2025-09-12 06:53:37,593] DEBUG: Starting new HTTPS connection (1): api.openalex.org:443
[2025-09-12 06:53:37,762] DEBUG: https://api.openalex.org:443 "GET /works?filter=author.id%3Ahttps%3A%2F%2Fopenalex.org%2FA5016372093&per-page=200&cursor=Ils2MS4wLCAwLCAnaHR0cHM6Ly9vcGVuYWxleC5vcmcvVzI5NzA5NjgzMTYnXSI%3D HTTP/1.1" 200 141
[2025-09-12 06:53:37,764] DEBUG: Fetched 0 results at cursor 'Ils2MS4wLCAwLCAnaHR0cHM6Ly9vcGVuYWxleC5vcmcvVzI5NzA5NjgzMTYnXSI='
[2025-09-12 06:53:37,814] DEBUG: Flattened df_all missing expected columns: ['host_venue__display_name', 'author_name', 'author_openalex_id']
[2025-09-12 06:53:37,823] INFO: Appended 37 lifetime works for Tony Ruzzini
[2025-09-12 06:53:37,825] INFO: Appended 12 last-5y works for Tony Ruzzini
[2025-09-12 06:53:37,826] INFO: Processing Maarten Voordouw (https://openalex.org/A5026690931)
[2025-09-12 06:53:37,826] INFO: OpenAlex fetch for https://openalex.org/A5026690931 (last 5 years >= 2021)
[2025-09-12 06:53:37,827] DEBUG: Starting new HTTPS connection (1): api.openalex.org:443
[2025-09-12 06:53:38,730] DEBUG: https://api.openalex.org:443 "GET /works?filter=author.id%3Ahttps%3A%2F%2Fopenalex.org%2FA5026690931&per-page=200&cursor=%2A HTTP/1.1" 200 295662
[2025-09-12 06:53:38,821] DEBUG: Fetched 96 results at cursor '*'
[2025-09-12 06:53:38,823] DEBUG: Starting new HTTPS connection (1): api.openalex.org:443
[2025-09-12 06:53:39,034] DEBUG: https://api.openalex.org:443 "GET /works?filter=author.id%3Ahttps%3A%2F%2Fopenalex.org%2FA5026690931&per-page=200&cursor=Ils1Ni4wLCAwLCAnaHR0cHM6Ly9vcGVuYWxleC5vcmcvVzQzOTQwODAwNzgnXSI%3D HTTP/1.1" 200 140
[2025-09-12 06:53:39,036] DEBUG: Fetched 0 results at cursor 'Ils1Ni4wLCAwLCAnaHR0cHM6Ly9vcGVuYWxleC5vcmcvVzQzOTQwODAwNzgnXSI='
[2025-09-12 06:53:39,128] DEBUG: Flattened df_all missing expected columns: ['host_venue__display_name', 'author_name', 'author_openalex_id']
[2025-09-12 06:53:39,137] INFO: Appended 96 lifetime works for Maarten Voordouw
[2025-09-12 06:53:39,140] INFO: Appended 26 last-5y works for Maarten Voordouw
[2025-09-12 06:53:39,140] INFO: Processing Arinjay Banerjee (https://openalex.org/A5050567215)
[2025-09-12 06:53:39,140] INFO: OpenAlex fetch for https://openalex.org/A5050567215 (last 5 years >= 2021)
[2025-09-12 06:53:39,141] DEBUG: Starting new HTTPS connection (1): api.openalex.org:443
[2025-09-12 06:53:39,311] DEBUG: https://api.openalex.org:443 "GET /works?filter=author.id%3Ahttps%3A%2F%2Fopenalex.org%2FA5050567215&per-page=200&cursor=%2A HTTP/1.1" 200 428854
[2025-09-12 06:53:39,389] DEBUG: Fetched 110 results at cursor '*'
[2025-09-12 06:53:39,390] DEBUG: Starting new HTTPS connection (1): api.openalex.org:443
[2025-09-12 06:53:39,501] DEBUG: https://api.openalex.org:443 "GET /works?filter=author.id%3Ahttps%3A%2F%2Fopenalex.org%2FA5050567215&per-page=200&cursor=Ils1Ni4wLCAwLCAnaHR0cHM6Ly9vcGVuYWxleC5vcmcvVzMxNzYwNDkxMTYnXSI%3D HTTP/1.1" 200 141
[2025-09-12 06:53:39,502] DEBUG: Fetched 0 results at cursor 'Ils1Ni4wLCAwLCAnaHR0cHM6Ly9vcGVuYWxleC5vcmcvVzMxNzYwNDkxMTYnXSI='
[2025-09-12 06:53:39,657] DEBUG: Flattened df_all missing expected columns: ['host_venue__display_name', 'author_name', 'author_openalex_id']
[2025-09-12 06:53:39,670] INFO: Appended 110 lifetime works for Arinjay Banerjee
[2025-09-12 06:53:39,676] INFO: Appended 72 last-5y works for Arinjay Banerjee
[2025-09-12 06:53:39,676] INFO: Processing Jeffrey Chen (https://openalex.org/A5000375230)
[2025-09-12 06:53:39,676] INFO: OpenAlex fetch for https://openalex.org/A5000375230 (last 5 years >= 2021)
[2025-09-12 06:53:39,677] DEBUG: Starting new HTTPS connection (1): api.openalex.org:443
[2025-09-12 06:53:39,789] DEBUG: https://api.openalex.org:443 "GET /works?filter=author.id%3Ahttps%3A%2F%2Fopenalex.org%2FA5000375230&per-page=200&cursor=%2A HTTP/1.1" 200 86498
[2025-09-12 06:53:39,813] DEBUG: Fetched 30 results at cursor '*'
[2025-09-12 06:53:39,814] DEBUG: Starting new HTTPS connection (1): api.openalex.org:443
[2025-09-12 06:53:39,901] DEBUG: https://api.openalex.org:443 "GET /works?filter=author.id%3Ahttps%3A%2F%2Fopenalex.org%2FA5000375230&per-page=200&cursor=Ils1Ni4wLCAwLCAnaHR0cHM6Ly9vcGVuYWxleC5vcmcvVzMyMDg4MDU3MjQnXSI%3D HTTP/1.1" 200 140
[2025-09-12 06:53:39,903] DEBUG: Fetched 0 results at cursor 'Ils1Ni4wLCAwLCAnaHR0cHM6Ly9vcGVuYWxleC5vcmcvVzMyMDg4MDU3MjQnXSI='
[2025-09-12 06:53:39,945] DEBUG: Flattened df_all missing expected columns: ['host_venue__display_name', 'author_name', 'author_openalex_id']
[2025-09-12 06:53:39,957] INFO: Appended 30 lifetime works for Jeffrey Chen
[2025-09-12 06:53:39,960] INFO: Appended 9 last-5y works for Jeffrey Chen
[2025-09-12 06:53:39,960] INFO: Processing Antonio Facciuolo (https://openalex.org/A5088785492)
[2025-09-12 06:53:39,960] INFO: OpenAlex fetch for https://openalex.org/A5088785492 (last 5 years >= 2021)
[2025-09-12 06:53:39,961] DEBUG: Starting new HTTPS connection (1): api.openalex.org:443
[2025-09-12 06:53:40,118] DEBUG: https://api.openalex.org:443 "GET /works?filter=author.id%3Ahttps%3A%2F%2Fopenalex.org%2FA5088785492&per-page=200&cursor=%2A HTTP/1.1" 200 91144
[2025-09-12 06:53:40,159] DEBUG: Fetched 28 results at cursor '*'
[2025-09-12 06:53:40,161] DEBUG: Starting new HTTPS connection (1): api.openalex.org:443
[2025-09-12 06:53:40,491] DEBUG: https://api.openalex.org:443 "GET /works?filter=author.id%3Ahttps%3A%2F%2Fopenalex.org%2FA5088785492&per-page=200&cursor=Ils2My4wLCAwLCAnaHR0cHM6Ly9vcGVuYWxleC5vcmcvVzQzODczNzY0NDgnXSI%3D HTTP/1.1" 200 140
[2025-09-12 06:53:40,492] DEBUG: Fetched 0 results at cursor 'Ils2My4wLCAwLCAnaHR0cHM6Ly9vcGVuYWxleC5vcmcvVzQzODczNzY0NDgnXSI='
[2025-09-12 06:53:40,536] DEBUG: Flattened df_all missing expected columns: ['host_venue__display_name', 'author_name', 'author_openalex_id']
[2025-09-12 06:53:40,542] INFO: Appended 28 lifetime works for Antonio Facciuolo
[2025-09-12 06:53:40,544] INFO: Appended 18 last-5y works for Antonio Facciuolo
[2025-09-12 06:53:40,544] INFO: Processing Darryl Falzarano (https://openalex.org/A5041967571)
[2025-09-12 06:53:40,544] INFO: OpenAlex fetch for https://openalex.org/A5041967571 (last 5 years >= 2021)
[2025-09-12 06:53:40,545] DEBUG: Starting new HTTPS connection (1): api.openalex.org:443
[2025-09-12 06:53:41,698] DEBUG: https://api.openalex.org:443 "GET /works?filter=author.id%3Ahttps%3A%2F%2Fopenalex.org%2FA5041967571&per-page=200&cursor=%2A HTTP/1.1" 200 476100
[2025-09-12 06:53:41,756] DEBUG: Fetched 132 results at cursor '*'
[2025-09-12 06:53:41,757] DEBUG: Starting new HTTPS connection (1): api.openalex.org:443
[2025-09-12 06:53:42,020] DEBUG: https://api.openalex.org:443 "GET /works?filter=author.id%3Ahttps%3A%2F%2Fopenalex.org%2FA5041967571&per-page=200&cursor=Ils1Ni4wLCAwLCAnaHR0cHM6Ly9vcGVuYWxleC5vcmcvVzMyMTQ5NTI4NDInXSI%3D HTTP/1.1" 200 141
[2025-09-12 06:53:42,022] DEBUG: Fetched 0 results at cursor 'Ils1Ni4wLCAwLCAnaHR0cHM6Ly9vcGVuYWxleC5vcmcvVzMyMTQ5NTI4NDInXSI='
[2025-09-12 06:53:42,189] DEBUG: Flattened df_all missing expected columns: ['host_venue__display_name', 'author_name', 'author_openalex_id']
[2025-09-12 06:53:42,200] INFO: Appended 132 lifetime works for Darryl Falzarano
[2025-09-12 06:53:42,204] INFO: Appended 70 last-5y works for Darryl Falzarano
[2025-09-12 06:53:42,205] INFO: Processing Kazal Ghosh (https://openalex.org/A5073467123)
[2025-09-12 06:53:42,205] INFO: OpenAlex fetch for https://openalex.org/A5073467123 (last 5 years >= 2021)
[2025-09-12 06:53:42,206] DEBUG: Starting new HTTPS connection (1): api.openalex.org:443
[2025-09-12 06:53:42,347] DEBUG: https://api.openalex.org:443 "GET /works?filter=author.id%3Ahttps%3A%2F%2Fopenalex.org%2FA5073467123&per-page=200&cursor=%2A HTTP/1.1" 200 23142
[2025-09-12 06:53:42,385] DEBUG: Fetched 9 results at cursor '*'
[2025-09-12 06:53:42,386] DEBUG: Starting new HTTPS connection (1): api.openalex.org:443
[2025-09-12 06:53:42,484] DEBUG: https://api.openalex.org:443 "GET /works?filter=author.id%3Ahttps%3A%2F%2Fopenalex.org%2FA5073467123&per-page=200&cursor=Ils1OC4wLCAwLCAnaHR0cHM6Ly9vcGVuYWxleC5vcmcvVzQzMjEwMDMxOTknXSI%3D HTTP/1.1" 200 139
[2025-09-12 06:53:42,487] DEBUG: Fetched 0 results at cursor 'Ils1OC4wLCAwLCAnaHR0cHM6Ly9vcGVuYWxleC5vcmcvVzQzMjEwMDMxOTknXSI='
[2025-09-12 06:53:42,506] DEBUG: Flattened df_all missing expected columns: ['host_venue__display_name', 'author_name', 'author_openalex_id']
[2025-09-12 06:53:42,519] INFO: Appended 9 lifetime works for Kazal Ghosh
[2025-09-12 06:53:42,521] INFO: Appended 7 last-5y works for Kazal Ghosh
[2025-09-12 06:53:42,521] INFO: Processing Uladzimir Karniychuk (https://openalex.org/A5012825986)
[2025-09-12 06:53:42,521] INFO: OpenAlex fetch for https://openalex.org/A5012825986 (last 5 years >= 2021)
[2025-09-12 06:53:42,522] DEBUG: Starting new HTTPS connection (1): api.openalex.org:443
[2025-09-12 06:53:42,643] DEBUG: https://api.openalex.org:443 "GET /works?filter=author.id%3Ahttps%3A%2F%2Fopenalex.org%2FA5012825986&per-page=200&cursor=%2A HTTP/1.1" 200 139020
[2025-09-12 06:53:42,673] DEBUG: Fetched 62 results at cursor '*'
[2025-09-12 06:53:42,674] DEBUG: Starting new HTTPS connection (1): api.openalex.org:443
[2025-09-12 06:53:42,778] DEBUG: https://api.openalex.org:443 "GET /works?filter=author.id%3Ahttps%3A%2F%2Fopenalex.org%2FA5012825986&per-page=200&cursor=Ils2MS4wLCAwLCAnaHR0cHM6Ly9vcGVuYWxleC5vcmcvVzQzOTQ0NDg4MzQnXSI%3D HTTP/1.1" 200 140
[2025-09-12 06:53:42,780] DEBUG: Fetched 0 results at cursor 'Ils2MS4wLCAwLCAnaHR0cHM6Ly9vcGVuYWxleC5vcmcvVzQzOTQ0NDg4MzQnXSI='
[2025-09-12 06:53:42,830] DEBUG: Flattened df_all missing expected columns: ['host_venue__display_name', 'author_name', 'author_openalex_id']
[2025-09-12 06:53:42,837] INFO: Appended 62 lifetime works for Uladzimir Karniychuk
[2025-09-12 06:53:42,840] INFO: Appended 15 last-5y works for Uladzimir Karniychuk
[2025-09-12 06:53:42,840] INFO: Processing Wolfgang Koester (https://openalex.org/A5053166362)
[2025-09-12 06:53:42,840] INFO: OpenAlex fetch for https://openalex.org/A5053166362 (last 5 years >= 2021)
[2025-09-12 06:53:42,841] DEBUG: Starting new HTTPS connection (1): api.openalex.org:443
[2025-09-12 06:53:43,044] DEBUG: https://api.openalex.org:443 "GET /works?filter=author.id%3Ahttps%3A%2F%2Fopenalex.org%2FA5053166362&per-page=200&cursor=%2A HTTP/1.1" 200 179687
[2025-09-12 06:53:43,077] DEBUG: Fetched 67 results at cursor '*'
[2025-09-12 06:53:43,078] DEBUG: Starting new HTTPS connection (1): api.openalex.org:443
[2025-09-12 06:53:43,167] DEBUG: https://api.openalex.org:443 "GET /works?filter=author.id%3Ahttps%3A%2F%2Fopenalex.org%2FA5053166362&per-page=200&cursor=Ils1My4wLCAwLCAnaHR0cHM6Ly9vcGVuYWxleC5vcmcvVzE1Mzg4NzQ0MSddIg%3D%3D HTTP/1.1" 200 141
[2025-09-12 06:53:43,169] DEBUG: Fetched 0 results at cursor 'Ils1My4wLCAwLCAnaHR0cHM6Ly9vcGVuYWxleC5vcmcvVzE1Mzg4NzQ0MSddIg=='
[2025-09-12 06:53:43,239] DEBUG: Flattened df_all missing expected columns: ['host_venue__display_name', 'author_name', 'author_openalex_id']
[2025-09-12 06:53:43,248] INFO: Appended 67 lifetime works for Wolfgang Koester
[2025-09-12 06:53:43,251] INFO: Appended 11 last-5y works for Wolfgang Koester
[2025-09-12 06:53:43,251] INFO: Processing Qiang Liu (https://openalex.org/A5100409525)
[2025-09-12 06:53:43,251] INFO: OpenAlex fetch for https://openalex.org/A5100409525 (last 5 years >= 2021)
[2025-09-12 06:53:43,252] DEBUG: Starting new HTTPS connection (1): api.openalex.org:443
[2025-09-12 06:53:44,155] DEBUG: https://api.openalex.org:443 "GET /works?filter=author.id%3Ahttps%3A%2F%2Fopenalex.org%2FA5100409525&per-page=200&cursor=%2A HTTP/1.1" 200 269218
[2025-09-12 06:53:44,195] DEBUG: Fetched 97 results at cursor '*'
[2025-09-12 06:53:44,196] DEBUG: Starting new HTTPS connection (1): api.openalex.org:443
[2025-09-12 06:53:44,282] DEBUG: https://api.openalex.org:443 "GET /works?filter=author.id%3Ahttps%3A%2F%2Fopenalex.org%2FA5100409525&per-page=200&cursor=Ils1NS4wLCAwLCAnaHR0cHM6Ly9vcGVuYWxleC5vcmcvVzI3NzQ0Nzc2ODInXSI%3D HTTP/1.1" 200 141
[2025-09-12 06:53:44,283] DEBUG: Fetched 0 results at cursor 'Ils1NS4wLCAwLCAnaHR0cHM6Ly9vcGVuYWxleC5vcmcvVzI3NzQ0Nzc2ODInXSI='
[2025-09-12 06:53:44,402] DEBUG: Flattened df_all missing expected columns: ['host_venue__display_name', 'author_name', 'author_openalex_id']
[2025-09-12 06:53:44,412] INFO: Appended 97 lifetime works for Qiang Liu
[2025-09-12 06:53:44,415] INFO: Appended 25 last-5y works for Qiang Liu
[2025-09-12 06:53:44,415] INFO: Processing Musangu Ngeleka (https://openalex.org/A5018933207)
[2025-09-12 06:53:44,415] INFO: OpenAlex fetch for https://openalex.org/A5018933207 (last 5 years >= 2021)
[2025-09-12 06:53:44,416] DEBUG: Starting new HTTPS connection (1): api.openalex.org:443
[2025-09-12 06:53:44,928] DEBUG: https://api.openalex.org:443 "GET /works?filter=author.id%3Ahttps%3A%2F%2Fopenalex.org%2FA5018933207&per-page=200&cursor=%2A HTTP/1.1" 200 110818
[2025-09-12 06:53:44,953] DEBUG: Fetched 42 results at cursor '*'
[2025-09-12 06:53:44,955] DEBUG: Starting new HTTPS connection (1): api.openalex.org:443
[2025-09-12 06:53:45,077] DEBUG: https://api.openalex.org:443 "GET /works?filter=author.id%3Ahttps%3A%2F%2Fopenalex.org%2FA5018933207&per-page=200&cursor=Ils1Ni4wLCAwLCAnaHR0cHM6Ly9vcGVuYWxleC5vcmcvVzQyNDQ1NDM2MzMnXSI%3D HTTP/1.1" 200 140
[2025-09-12 06:53:45,079] DEBUG: Fetched 0 results at cursor 'Ils1Ni4wLCAwLCAnaHR0cHM6Ly9vcGVuYWxleC5vcmcvVzQyNDQ1NDM2MzMnXSI='
[2025-09-12 06:53:45,133] DEBUG: Flattened df_all missing expected columns: ['host_venue__display_name', 'author_name', 'author_openalex_id']
[2025-09-12 06:53:45,143] INFO: Appended 42 lifetime works for Musangu Ngeleka
[2025-09-12 06:53:45,143] INFO: No last-5y works for Musangu Ngeleka
[2025-09-12 06:53:45,144] INFO: Processing Jose Perez-casal (https://openalex.org/A5075533328)
[2025-09-12 06:53:45,144] INFO: OpenAlex fetch for https://openalex.org/A5075533328 (last 5 years >= 2021)
[2025-09-12 06:53:45,145] DEBUG: Starting new HTTPS connection (1): api.openalex.org:443
[2025-09-12 06:53:45,342] DEBUG: https://api.openalex.org:443 "GET /works?filter=author.id%3Ahttps%3A%2F%2Fopenalex.org%2FA5075533328&per-page=200&cursor=%2A HTTP/1.1" 200 159455
[2025-09-12 06:53:45,397] DEBUG: Fetched 75 results at cursor '*'
[2025-09-12 06:53:45,399] DEBUG: Starting new HTTPS connection (1): api.openalex.org:443
[2025-09-12 06:53:45,960] DEBUG: https://api.openalex.org:443 "GET /works?filter=author.id%3Ahttps%3A%2F%2Fopenalex.org%2FA5075533328&per-page=200&cursor=Ils1Ni4wLCAwLCAnaHR0cHM6Ly9vcGVuYWxleC5vcmcvVzQzOTQxMjMxNjEnXSI%3D HTTP/1.1" 200 141
[2025-09-12 06:53:45,962] DEBUG: Fetched 0 results at cursor 'Ils1Ni4wLCAwLCAnaHR0cHM6Ly9vcGVuYWxleC5vcmcvVzQzOTQxMjMxNjEnXSI='
[2025-09-12 06:53:46,017] DEBUG: Flattened df_all missing expected columns: ['host_venue__display_name', 'author_name', 'author_openalex_id']
[2025-09-12 06:53:46,026] INFO: Appended 75 lifetime works for Jose Perez-casal
[2025-09-12 06:53:46,029] INFO: Appended 11 last-5y works for Jose Perez-casal
[2025-09-12 06:53:46,029] INFO: Processing Camila Queiroz (https://openalex.org/A5061580720)
[2025-09-12 06:53:46,029] INFO: OpenAlex fetch for https://openalex.org/A5061580720 (last 5 years >= 2021)
[2025-09-12 06:53:46,030] DEBUG: Starting new HTTPS connection (1): api.openalex.org:443
[2025-09-12 06:53:46,145] DEBUG: https://api.openalex.org:443 "GET /works?filter=author.id%3Ahttps%3A%2F%2Fopenalex.org%2FA5061580720&per-page=200&cursor=%2A HTTP/1.1" 200 18205
[2025-09-12 06:53:46,152] DEBUG: Fetched 7 results at cursor '*'
[2025-09-12 06:53:46,153] DEBUG: Starting new HTTPS connection (1): api.openalex.org:443
[2025-09-12 06:53:46,295] DEBUG: https://api.openalex.org:443 "GET /works?filter=author.id%3Ahttps%3A%2F%2Fopenalex.org%2FA5061580720&per-page=200&cursor=Ils1Ni4wLCAwLCAnaHR0cHM6Ly9vcGVuYWxleC5vcmcvVzQzOTQxMTE1NTQnXSI%3D HTTP/1.1" 200 140
[2025-09-12 06:53:46,297] DEBUG: Fetched 0 results at cursor 'Ils1Ni4wLCAwLCAnaHR0cHM6Ly9vcGVuYWxleC5vcmcvVzQzOTQxMTE1NTQnXSI='
[2025-09-12 06:53:46,312] DEBUG: Flattened df_all missing expected columns: ['host_venue__display_name', 'author_name', 'author_openalex_id']
[2025-09-12 06:53:46,319] INFO: Appended 7 lifetime works for Camila Queiroz
[2025-09-12 06:53:46,321] INFO: Appended 1 last-5y works for Camila Queiroz
[2025-09-12 06:53:46,321] INFO: Processing Loki Snyman (https://openalex.org/A5095017105)
[2025-09-12 06:53:46,321] INFO: OpenAlex fetch for https://openalex.org/A5095017105 (last 5 years >= 2021)
[2025-09-12 06:53:46,322] DEBUG: Starting new HTTPS connection (1): api.openalex.org:443
[2025-09-12 06:53:46,556] DEBUG: https://api.openalex.org:443 "GET /works?filter=author.id%3Ahttps%3A%2F%2Fopenalex.org%2FA5095017105&per-page=200&cursor=%2A HTTP/1.1" 200 1928
[2025-09-12 06:53:46,557] DEBUG: Fetched 1 results at cursor '*'
[2025-09-12 06:53:46,558] DEBUG: Starting new HTTPS connection (1): api.openalex.org:443
[2025-09-12 06:53:46,703] DEBUG: https://api.openalex.org:443 "GET /works?filter=author.id%3Ahttps%3A%2F%2Fopenalex.org%2FA5095017105&per-page=200&cursor=Ils1Ni4wLCAwLCAnaHR0cHM6Ly9vcGVuYWxleC5vcmcvVzQzOTQzODc3MTMnXSI%3D HTTP/1.1" 200 139
[2025-09-12 06:53:46,705] DEBUG: Fetched 0 results at cursor 'Ils1Ni4wLCAwLCAnaHR0cHM6Ly9vcGVuYWxleC5vcmcvVzQzOTQzODc3MTMnXSI='
[2025-09-12 06:53:46,712] DEBUG: Flattened df_all missing expected columns: ['host_venue__display_name', 'author_name', 'author_openalex_id']
[2025-09-12 06:53:46,716] INFO: Appended 1 lifetime works for Loki Snyman
[2025-09-12 06:53:46,718] INFO: Appended 1 last-5y works for Loki Snyman
[2025-09-12 06:53:46,718] INFO: Processing Heather Wilson (https://openalex.org/A5002970194)
[2025-09-12 06:53:46,718] INFO: OpenAlex fetch for https://openalex.org/A5002970194 (last 5 years >= 2021)
[2025-09-12 06:53:46,719] DEBUG: Starting new HTTPS connection (1): api.openalex.org:443
[2025-09-12 06:53:46,964] DEBUG: https://api.openalex.org:443 "GET /works?filter=author.id%3Ahttps%3A%2F%2Fopenalex.org%2FA5002970194&per-page=200&cursor=%2A HTTP/1.1" 200 483582
[2025-09-12 06:53:47,077] DEBUG: Fetched 169 results at cursor '*'
[2025-09-12 06:53:47,078] DEBUG: Starting new HTTPS connection (1): api.openalex.org:443
[2025-09-12 06:53:47,373] DEBUG: https://api.openalex.org:443 "GET /works?filter=author.id%3Ahttps%3A%2F%2Fopenalex.org%2FA5002970194&per-page=200&cursor=Ils1My4wLCAwLCAnaHR0cHM6Ly9vcGVuYWxleC5vcmcvVzQyNDYxOTI2NTcnXSI%3D HTTP/1.1" 200 141
[2025-09-12 06:53:47,374] DEBUG: Fetched 0 results at cursor 'Ils1My4wLCAwLCAnaHR0cHM6Ly9vcGVuYWxleC5vcmcvVzQyNDYxOTI2NTcnXSI='
[2025-09-12 06:53:47,636] DEBUG: Flattened df_all missing expected columns: ['host_venue__display_name', 'author_name', 'author_openalex_id']
[2025-09-12 06:53:47,646] INFO: Appended 169 lifetime works for Heather Wilson
[2025-09-12 06:53:47,651] INFO: Appended 34 last-5y works for Heather Wilson
[2025-09-12 06:53:47,651] INFO: Processing Yan Zhou (https://openalex.org/A5032015135)
[2025-09-12 06:53:47,651] INFO: OpenAlex fetch for https://openalex.org/A5032015135 (last 5 years >= 2021)
[2025-09-12 06:53:47,652] DEBUG: Starting new HTTPS connection (1): api.openalex.org:443
[2025-09-12 06:53:48,657] DEBUG: https://api.openalex.org:443 "GET /works?filter=author.id%3Ahttps%3A%2F%2Fopenalex.org%2FA5032015135&per-page=200&cursor=%2A HTTP/1.1" 200 364277
[2025-09-12 06:53:48,728] DEBUG: Fetched 121 results at cursor '*'
[2025-09-12 06:53:48,729] DEBUG: Starting new HTTPS connection (1): api.openalex.org:443
[2025-09-12 06:53:48,822] DEBUG: https://api.openalex.org:443 "GET /works?filter=author.id%3Ahttps%3A%2F%2Fopenalex.org%2FA5032015135&per-page=200&cursor=Ils1NS4wLCAwLCAnaHR0cHM6Ly9vcGVuYWxleC5vcmcvVzI0MTE0NDk1NjAnXSI%3D HTTP/1.1" 200 142
[2025-09-12 06:53:48,824] DEBUG: Fetched 0 results at cursor 'Ils1NS4wLCAwLCAnaHR0cHM6Ly9vcGVuYWxleC5vcmcvVzI0MTE0NDk1NjAnXSI='
[2025-09-12 06:53:48,983] DEBUG: Flattened df_all missing expected columns: ['host_venue__display_name', 'author_name', 'author_openalex_id']
[2025-09-12 06:53:49,001] INFO: Appended 121 lifetime works for Yan Zhou
[2025-09-12 06:53:49,004] INFO: Appended 46 last-5y works for Yan Zhou
[2025-09-12 06:53:49,005] INFO: Processing Suresh Tikoo (https://openalex.org/A5028351806)
[2025-09-12 06:53:49,005] INFO: OpenAlex fetch for https://openalex.org/A5028351806 (last 5 years >= 2021)
[2025-09-12 06:53:49,006] DEBUG: Starting new HTTPS connection (1): api.openalex.org:443
[2025-09-12 06:53:49,219] DEBUG: https://api.openalex.org:443 "GET /works?filter=author.id%3Ahttps%3A%2F%2Fopenalex.org%2FA5028351806&per-page=200&cursor=%2A HTTP/1.1" 200 433273
[2025-09-12 06:53:49,276] DEBUG: Fetched 183 results at cursor '*'
[2025-09-12 06:53:49,277] DEBUG: Starting new HTTPS connection (1): api.openalex.org:443
[2025-09-12 06:53:49,387] DEBUG: https://api.openalex.org:443 "GET /works?filter=author.id%3Ahttps%3A%2F%2Fopenalex.org%2FA5028351806&per-page=200&cursor=Ils1My4wLCAwLCAnaHR0cHM6Ly9vcGVuYWxleC5vcmcvVzMyMDI5MjM4OTQnXSI%3D HTTP/1.1" 200 141
[2025-09-12 06:53:49,389] DEBUG: Fetched 0 results at cursor 'Ils1My4wLCAwLCAnaHR0cHM6Ly9vcGVuYWxleC5vcmcvVzMyMDI5MjM4OTQnXSI='
[2025-09-12 06:53:49,551] DEBUG: Flattened df_all missing expected columns: ['host_venue__display_name', 'author_name', 'author_openalex_id']
[2025-09-12 06:53:49,567] INFO: Appended 183 lifetime works for Suresh Tikoo
[2025-09-12 06:53:49,571] INFO: Appended 27 last-5y works for Suresh Tikoo
[2025-09-12 06:53:49,571] INFO: Processing Manuel Chirino (https://openalex.org/A5073090598)
[2025-09-12 06:53:49,571] INFO: OpenAlex fetch for https://openalex.org/A5073090598 (last 5 years >= 2021)
[2025-09-12 06:53:49,572] DEBUG: Starting new HTTPS connection (1): api.openalex.org:443
[2025-09-12 06:53:49,765] DEBUG: https://api.openalex.org:443 "GET /works?filter=author.id%3Ahttps%3A%2F%2Fopenalex.org%2FA5073090598&per-page=200&cursor=%2A HTTP/1.1" 200 154220
[2025-09-12 06:53:49,800] DEBUG: Fetched 68 results at cursor '*'
[2025-09-12 06:53:49,801] DEBUG: Starting new HTTPS connection (1): api.openalex.org:443
[2025-09-12 06:53:50,495] DEBUG: https://api.openalex.org:443 "GET /works?filter=author.id%3Ahttps%3A%2F%2Fopenalex.org%2FA5073090598&per-page=200&cursor=Ils1Ny4wLCAwLCAnaHR0cHM6Ly9vcGVuYWxleC5vcmcvVzMxNzU0NDMwMDEnXSI%3D HTTP/1.1" 200 141
[2025-09-12 06:53:50,496] DEBUG: Fetched 0 results at cursor 'Ils1Ny4wLCAwLCAnaHR0cHM6Ly9vcGVuYWxleC5vcmcvVzMxNzU0NDMwMDEnXSI='
[2025-09-12 06:53:50,566] DEBUG: Flattened df_all missing expected columns: ['host_venue__display_name', 'author_name', 'author_openalex_id']
[2025-09-12 06:53:50,580] INFO: Appended 68 lifetime works for Manuel Chirino
[2025-09-12 06:53:50,583] INFO: Appended 1 last-5y works for Manuel Chirino
[2025-09-12 06:53:50,583] INFO: Processing Debbie Haines (https://openalex.org/A5070489863)
[2025-09-12 06:53:50,583] INFO: OpenAlex fetch for https://openalex.org/A5070489863 (last 5 years >= 2021)
[2025-09-12 06:53:50,584] DEBUG: Starting new HTTPS connection (1): api.openalex.org:443
[2025-09-12 06:53:51,755] DEBUG: https://api.openalex.org:443 "GET /works?filter=author.id%3Ahttps%3A%2F%2Fopenalex.org%2FA5070489863&per-page=200&cursor=%2A HTTP/1.1" 200 463713
[2025-09-12 06:53:51,840] DEBUG: Fetched 200 results at cursor '*'
[2025-09-12 06:53:51,841] DEBUG: Starting new HTTPS connection (1): api.openalex.org:443
[2025-09-12 06:53:51,983] DEBUG: https://api.openalex.org:443 "GET /works?filter=author.id%3Ahttps%3A%2F%2Fopenalex.org%2FA5070489863&per-page=200&cursor=Ils2My4wLCAwLCAnaHR0cHM6Ly9vcGVuYWxleC5vcmcvVzIyNjU2NDIwNzMnXSI%3D HTTP/1.1" 200 22625
[2025-09-12 06:53:52,004] DEBUG: Fetched 13 results at cursor 'Ils2My4wLCAwLCAnaHR0cHM6Ly9vcGVuYWxleC5vcmcvVzIyNjU2NDIwNzMnXSI='
[2025-09-12 06:53:52,005] DEBUG: Starting new HTTPS connection (1): api.openalex.org:443
[2025-09-12 06:53:52,112] DEBUG: https://api.openalex.org:443 "GET /works?filter=author.id%3Ahttps%3A%2F%2Fopenalex.org%2FA5070489863&per-page=200&cursor=Ils1My4wLCAwLCAnaHR0cHM6Ly9vcGVuYWxleC5vcmcvVzQyMzY4Njc1MjAnXSI%3D HTTP/1.1" 200 141
[2025-09-12 06:53:52,114] DEBUG: Fetched 0 results at cursor 'Ils1My4wLCAwLCAnaHR0cHM6Ly9vcGVuYWxleC5vcmcvVzQyMzY4Njc1MjAnXSI='
[2025-09-12 06:53:52,374] DEBUG: Flattened df_all missing expected columns: ['host_venue__display_name', 'author_name', 'author_openalex_id']
[2025-09-12 06:53:52,388] INFO: Appended 213 lifetime works for Debbie Haines
[2025-09-12 06:53:52,391] INFO: Appended 12 last-5y works for Debbie Haines
[2025-09-12 06:53:52,391] INFO: Processing Vikram Misra (https://openalex.org/A5018540324)
[2025-09-12 06:53:52,391] INFO: OpenAlex fetch for https://openalex.org/A5018540324 (last 5 years >= 2021)
[2025-09-12 06:53:52,392] DEBUG: Starting new HTTPS connection (1): api.openalex.org:443
[2025-09-12 06:53:52,606] DEBUG: https://api.openalex.org:443 "GET /works?filter=author.id%3Ahttps%3A%2F%2Fopenalex.org%2FA5018540324&per-page=200&cursor=%2A HTTP/1.1" 200 427857
[2025-09-12 06:53:52,723] DEBUG: Fetched 158 results at cursor '*'
[2025-09-12 06:53:52,724] DEBUG: Starting new HTTPS connection (1): api.openalex.org:443
[2025-09-12 06:53:52,981] DEBUG: https://api.openalex.org:443 "GET /works?filter=author.id%3Ahttps%3A%2F%2Fopenalex.org%2FA5018540324&per-page=200&cursor=Ils1My4wLCAwLCAnaHR0cHM6Ly9vcGVuYWxleC5vcmcvVzIxNDQ0ODI4NjMnXSI%3D HTTP/1.1" 200 141
[2025-09-12 06:53:52,983] DEBUG: Fetched 0 results at cursor 'Ils1My4wLCAwLCAnaHR0cHM6Ly9vcGVuYWxleC5vcmcvVzIxNDQ0ODI4NjMnXSI='
[2025-09-12 06:53:53,234] DEBUG: Flattened df_all missing expected columns: ['host_venue__display_name', 'author_name', 'author_openalex_id']
[2025-09-12 06:53:53,254] INFO: Appended 158 lifetime works for Vikram Misra
[2025-09-12 06:53:53,257] INFO: Appended 16 last-5y works for Vikram Misra
[2025-09-12 06:53:53,258] INFO: Processing Lydden Polley (https://openalex.org/A5070489863)
[2025-09-12 06:53:53,258] INFO: OpenAlex fetch for https://openalex.org/A5070489863 (last 5 years >= 2021)
[2025-09-12 06:53:53,259] DEBUG: Starting new HTTPS connection (1): api.openalex.org:443
[2025-09-12 06:53:53,513] DEBUG: https://api.openalex.org:443 "GET /works?filter=author.id%3Ahttps%3A%2F%2Fopenalex.org%2FA5070489863&per-page=200&cursor=%2A HTTP/1.1" 200 463713
[2025-09-12 06:53:53,576] DEBUG: Fetched 200 results at cursor '*'
[2025-09-12 06:53:53,577] DEBUG: Starting new HTTPS connection (1): api.openalex.org:443
[2025-09-12 06:53:53,868] DEBUG: https://api.openalex.org:443 "GET /works?filter=author.id%3Ahttps%3A%2F%2Fopenalex.org%2FA5070489863&per-page=200&cursor=Ils2My4wLCAwLCAnaHR0cHM6Ly9vcGVuYWxleC5vcmcvVzIyNjU2NDIwNzMnXSI%3D HTTP/1.1" 200 22625
[2025-09-12 06:53:53,877] DEBUG: Fetched 13 results at cursor 'Ils2My4wLCAwLCAnaHR0cHM6Ly9vcGVuYWxleC5vcmcvVzIyNjU2NDIwNzMnXSI='
[2025-09-12 06:53:53,878] DEBUG: Starting new HTTPS connection (1): api.openalex.org:443
[2025-09-12 06:53:53,967] DEBUG: https://api.openalex.org:443 "GET /works?filter=author.id%3Ahttps%3A%2F%2Fopenalex.org%2FA5070489863&per-page=200&cursor=Ils1My4wLCAwLCAnaHR0cHM6Ly9vcGVuYWxleC5vcmcvVzQyMzY4Njc1MjAnXSI%3D HTTP/1.1" 200 141
[2025-09-12 06:53:53,969] DEBUG: Fetched 0 results at cursor 'Ils1My4wLCAwLCAnaHR0cHM6Ly9vcGVuYWxleC5vcmcvVzQyMzY4Njc1MjAnXSI='
[2025-09-12 06:53:54,228] DEBUG: Flattened df_all missing expected columns: ['host_venue__display_name', 'author_name', 'author_openalex_id']
[2025-09-12 06:53:54,248] INFO: Appended 213 lifetime works for Lydden Polley
[2025-09-12 06:53:54,251] INFO: Appended 12 last-5y works for Lydden Polley
[2025-09-12 06:53:54,251] INFO: Processing Andrew Potter (https://openalex.org/A5035086403)
[2025-09-12 06:53:54,251] INFO: OpenAlex fetch for https://openalex.org/A5035086403 (last 5 years >= 2021)
[2025-09-12 06:53:54,252] DEBUG: Starting new HTTPS connection (1): api.openalex.org:443
[2025-09-12 06:53:55,616] DEBUG: https://api.openalex.org:443 "GET /works?filter=author.id%3Ahttps%3A%2F%2Fopenalex.org%2FA5035086403&per-page=200&cursor=%2A HTTP/1.1" 200 547196
[2025-09-12 06:53:55,708] DEBUG: Fetched 200 results at cursor '*'
[2025-09-12 06:53:55,709] DEBUG: Starting new HTTPS connection (1): api.openalex.org:443
[2025-09-12 06:53:55,869] DEBUG: https://api.openalex.org:443 "GET /works?filter=author.id%3Ahttps%3A%2F%2Fopenalex.org%2FA5035086403&per-page=200&cursor=Ils4MS4wLCAxMywgJ2h0dHBzOi8vb3BlbmFsZXgub3JnL1cyMTM3MzQ4MjYzJ10i HTTP/1.1" 200 97606
[2025-09-12 06:53:55,931] DEBUG: Fetched 46 results at cursor 'Ils4MS4wLCAxMywgJ2h0dHBzOi8vb3BlbmFsZXgub3JnL1cyMTM3MzQ4MjYzJ10i'
[2025-09-12 06:53:55,932] DEBUG: Starting new HTTPS connection (1): api.openalex.org:443
[2025-09-12 06:53:56,260] DEBUG: https://api.openalex.org:443 "GET /works?filter=author.id%3Ahttps%3A%2F%2Fopenalex.org%2FA5035086403&per-page=200&cursor=Ils1My4wLCAwLCAnaHR0cHM6Ly9vcGVuYWxleC5vcmcvVzQyMDU4Mzk1MzgnXSI%3D HTTP/1.1" 200 141
[2025-09-12 06:53:56,262] DEBUG: Fetched 0 results at cursor 'Ils1My4wLCAwLCAnaHR0cHM6Ly9vcGVuYWxleC5vcmcvVzQyMDU4Mzk1MzgnXSI='
[2025-09-12 06:53:56,566] DEBUG: Flattened df_all missing expected columns: ['host_venue__display_name', 'author_name', 'author_openalex_id']
[2025-09-12 06:53:56,589] INFO: Appended 246 lifetime works for Andrew Potter
[2025-09-12 06:53:56,593] INFO: Appended 21 last-5y works for Andrew Potter
[2025-09-12 06:53:56,593] INFO: Processing Henry Tabel (nan)
[2025-09-12 06:53:56,593] INFO: OpenAlex fetch for https://openalex.org/nan (last 5 years >= 2021)
[2025-09-12 06:53:56,594] DEBUG: Starting new HTTPS connection (1): api.openalex.org:443
[2025-09-12 06:53:56,765] DEBUG: https://api.openalex.org:443 "GET /works?filter=author.id%3Ahttps%3A%2F%2Fopenalex.org%2Fnan&per-page=200&cursor=%2A HTTP/1.1" 403 90
[2025-09-12 06:53:56,765] ERROR: HTTP error from OpenAlex: 403 Client Error: FORBIDDEN for url: https://api.openalex.org/works?filter=author.id%3Ahttps%3A%2F%2Fopenalex.org%2Fnan&per-page=200&cursor=%2A
Traceback (most recent call last):
  File "/home/runner/work/WCVM_VetMic/WCVM_VetMic/etl/WCVM_VetMic_works.py", line 273, in fetch_author_works_filtered
    resp.raise_for_status()
  File "/opt/hostedtoolcache/Python/3.11.13/x64/lib/python3.11/site-packages/requests/models.py", line 1026, in raise_for_status
    raise HTTPError(http_error_msg, response=self)
requests.exceptions.HTTPError: 403 Client Error: FORBIDDEN for url: https://api.openalex.org/works?filter=author.id%3Ahttps%3A%2F%2Fopenalex.org%2Fnan&per-page=200&cursor=%2A
[2025-09-12 06:53:56,766] INFO: No works returned from OpenAlex for this author.
[2025-09-12 06:53:56,785] INFO: No lifetime works for Henry Tabel
[2025-09-12 06:53:56,786] INFO: No last-5y works for Henry Tabel
[2025-09-12 06:53:56,786] INFO: Total skipped rows due to missing ID: 0
[2025-09-12 06:53:56,799] INFO: Deduplicating 1370 -> 575 rows
[2025-09-12 06:53:56,810] INFO: Deduplicated file written to data/openalex_all_authors_last5y_key_fields_dedup.csv
[2025-09-12 06:53:56,811] INFO: Removed old artifact: data/openalex_all_authors_lifetime.csv
[2025-09-12 06:53:56,811] INFO: Removed old artifact: data/openalex_all_authors_last5y_key_fields.csv
[2025-09-12 06:53:56,812] INFO: Removed old artifact: data/openalex_all_authors_last5y_key_fields_dedup.csv
[2025-09-12 06:53:56,812] INFO: Reading roster from data/roster_with_metrics.csv
[2025-09-12 06:53:56,813] INFO: Processing Janet Hill (https://openalex.org/A5022032110)
[2025-09-12 06:53:56,813] INFO: OpenAlex fetch for https://openalex.org/A5022032110 (last 5 years >= 2021)
[2025-09-12 06:53:56,814] DEBUG: Starting new HTTPS connection (1): api.openalex.org:443
[2025-09-12 06:53:57,028] DEBUG: https://api.openalex.org:443 "GET /works?filter=author.id%3Ahttps%3A%2F%2Fopenalex.org%2FA5022032110&per-page=200&cursor=%2A HTTP/1.1" 200 570870
[2025-09-12 06:53:57,119] DEBUG: Fetched 200 results at cursor '*'
[2025-09-12 06:53:57,120] DEBUG: Starting new HTTPS connection (1): api.openalex.org:443
[2025-09-12 06:53:57,748] DEBUG: https://api.openalex.org:443 "GET /works?filter=author.id%3Ahttps%3A%2F%2Fopenalex.org%2FA5022032110&per-page=200&cursor=Ils3MC4wLCAwLCAnaHR0cHM6Ly9vcGVuYWxleC5vcmcvVzQzOTE0MDEzOTEnXSI%3D HTTP/1.1" 200 102460
[2025-09-12 06:53:57,778] DEBUG: Fetched 63 results at cursor 'Ils3MC4wLCAwLCAnaHR0cHM6Ly9vcGVuYWxleC5vcmcvVzQzOTE0MDEzOTEnXSI='
[2025-09-12 06:53:57,779] DEBUG: Starting new HTTPS connection (1): api.openalex.org:443
[2025-09-12 06:53:58,264] DEBUG: https://api.openalex.org:443 "GET /works?filter=author.id%3Ahttps%3A%2F%2Fopenalex.org%2FA5022032110&per-page=200&cursor=Ils1My4wLCAwLCAnaHR0cHM6Ly9vcGVuYWxleC5vcmcvVzI5NTMxODg0MzgnXSI%3D HTTP/1.1" 200 142
[2025-09-12 06:53:58,266] DEBUG: Fetched 0 results at cursor 'Ils1My4wLCAwLCAnaHR0cHM6Ly9vcGVuYWxleC5vcmcvVzI5NTMxODg0MzgnXSI='
[2025-09-12 06:53:58,620] DEBUG: Flattened df_all missing expected columns: ['host_venue__display_name', 'author_name', 'author_openalex_id']
[2025-09-12 06:53:58,633] INFO: Appended 263 lifetime works for Janet Hill
[2025-09-12 06:53:58,638] INFO: Appended 57 last-5y works for Janet Hill
[2025-09-12 06:53:58,638] INFO: Processing Kristen Conn (https://openalex.org/A5024161948)
[2025-09-12 06:53:58,638] INFO: OpenAlex fetch for https://openalex.org/A5024161948 (last 5 years >= 2021)
[2025-09-12 06:53:58,639] DEBUG: Starting new HTTPS connection (1): api.openalex.org:443
[2025-09-12 06:53:58,927] DEBUG: https://api.openalex.org:443 "GET /works?filter=author.id%3Ahttps%3A%2F%2Fopenalex.org%2FA5024161948&per-page=200&cursor=%2A HTTP/1.1" 200 64870
[2025-09-12 06:53:58,947] DEBUG: Fetched 18 results at cursor '*'
[2025-09-12 06:53:58,949] DEBUG: Starting new HTTPS connection (1): api.openalex.org:443
[2025-09-12 06:53:59,043] DEBUG: https://api.openalex.org:443 "GET /works?filter=author.id%3Ahttps%3A%2F%2Fopenalex.org%2FA5024161948&per-page=200&cursor=Ils2NC4wLCAwLCAnaHR0cHM6Ly9vcGVuYWxleC5vcmcvVzI4OTY1NDMwMDEnXSI%3D HTTP/1.1" 200 141
[2025-09-12 06:53:59,045] DEBUG: Fetched 0 results at cursor 'Ils2NC4wLCAwLCAnaHR0cHM6Ly9vcGVuYWxleC5vcmcvVzI4OTY1NDMwMDEnXSI='
[2025-09-12 06:53:59,075] DEBUG: Flattened df_all missing expected columns: ['host_venue__display_name', 'author_name', 'author_openalex_id']
[2025-09-12 06:53:59,096] INFO: Appended 18 lifetime works for Kristen Conn
[2025-09-12 06:53:59,098] INFO: Appended 4 last-5y works for Kristen Conn
[2025-09-12 06:53:59,099] INFO: Processing John Ellis (https://openalex.org/A5007566988)
[2025-09-12 06:53:59,099] INFO: OpenAlex fetch for https://openalex.org/A5007566988 (last 5 years >= 2021)
[2025-09-12 06:53:59,100] DEBUG: Starting new HTTPS connection (1): api.openalex.org:443
[2025-09-12 06:53:59,295] DEBUG: https://api.openalex.org:443 "GET /works?filter=author.id%3Ahttps%3A%2F%2Fopenalex.org%2FA5007566988&per-page=200&cursor=%2A HTTP/1.1" 200 548736
[2025-09-12 06:53:59,362] DEBUG: Fetched 200 results at cursor '*'
[2025-09-12 06:53:59,363] DEBUG: Starting new HTTPS connection (1): api.openalex.org:443
[2025-09-12 06:53:59,633] DEBUG: https://api.openalex.org:443 "GET /works?filter=author.id%3Ahttps%3A%2F%2Fopenalex.org%2FA5007566988&per-page=200&cursor=Ils5MS4wLCAxOSwgJ2h0dHBzOi8vb3BlbmFsZXgub3JnL1cyNzYzMjk0NzIxJ10i HTTP/1.1" 200 444732
[2025-09-12 06:53:59,712] DEBUG: Fetched 200 results at cursor 'Ils5MS4wLCAxOSwgJ2h0dHBzOi8vb3BlbmFsZXgub3JnL1cyNzYzMjk0NzIxJ10i'
[2025-09-12 06:53:59,713] DEBUG: Starting new HTTPS connection (1): api.openalex.org:443
[2025-09-12 06:53:59,854] DEBUG: https://api.openalex.org:443 "GET /works?filter=author.id%3Ahttps%3A%2F%2Fopenalex.org%2FA5007566988&per-page=200&cursor=Ils2OS4wLCAxLCAnaHR0cHM6Ly9vcGVuYWxleC5vcmcvVzI5NDQ1MTYwMTMnXSI%3D HTTP/1.1" 200 178068
[2025-09-12 06:53:59,887] DEBUG: Fetched 103 results at cursor 'Ils2OS4wLCAxLCAnaHR0cHM6Ly9vcGVuYWxleC5vcmcvVzI5NDQ1MTYwMTMnXSI='
[2025-09-12 06:53:59,888] DEBUG: Starting new HTTPS connection (1): api.openalex.org:443
[2025-09-12 06:54:00,125] DEBUG: https://api.openalex.org:443 "GET /works?filter=author.id%3Ahttps%3A%2F%2Fopenalex.org%2FA5007566988&per-page=200&cursor=Ils1My4wLCAwLCAnaHR0cHM6Ly9vcGVuYWxleC5vcmcvVzQyNTYzMjc2MzYnXSI%3D HTTP/1.1" 200 141
[2025-09-12 06:54:00,127] DEBUG: Fetched 0 results at cursor 'Ils1My4wLCAwLCAnaHR0cHM6Ly9vcGVuYWxleC5vcmcvVzQyNTYzMjc2MzYnXSI='
[2025-09-12 06:54:00,842] DEBUG: Flattened df_all missing expected columns: ['host_venue__display_name', 'author_name', 'author_openalex_id']
[2025-09-12 06:54:00,864] INFO: Appended 503 lifetime works for John Ellis
[2025-09-12 06:54:00,869] INFO: Appended 47 last-5y works for John Ellis
[2025-09-12 06:54:00,870] INFO: Processing Volker Gerdts (https://openalex.org/A5054537882)
[2025-09-12 06:54:00,870] INFO: OpenAlex fetch for https://openalex.org/A5054537882 (last 5 years >= 2021)
[2025-09-12 06:54:00,871] DEBUG: Starting new HTTPS connection (1): api.openalex.org:443
[2025-09-12 06:54:01,096] DEBUG: https://api.openalex.org:443 "GET /works?filter=author.id%3Ahttps%3A%2F%2Fopenalex.org%2FA5054537882&per-page=200&cursor=%2A HTTP/1.1" 200 598554
[2025-09-12 06:54:01,214] DEBUG: Fetched 200 results at cursor '*'
[2025-09-12 06:54:01,215] DEBUG: Starting new HTTPS connection (1): api.openalex.org:443
[2025-09-12 06:54:01,357] DEBUG: https://api.openalex.org:443 "GET /works?filter=author.id%3Ahttps%3A%2F%2Fopenalex.org%2FA5054537882&per-page=200&cursor=Ils2MC4wLCAwLCAnaHR0cHM6Ly9vcGVuYWxleC5vcmcvVzMwODgwMzcwNjEnXSI%3D HTTP/1.1" 200 10586
[2025-09-12 06:54:01,360] DEBUG: Fetched 6 results at cursor 'Ils2MC4wLCAwLCAnaHR0cHM6Ly9vcGVuYWxleC5vcmcvVzMwODgwMzcwNjEnXSI='
[2025-09-12 06:54:01,361] DEBUG: Starting new HTTPS connection (1): api.openalex.org:443
[2025-09-12 06:54:01,476] DEBUG: https://api.openalex.org:443 "GET /works?filter=author.id%3Ahttps%3A%2F%2Fopenalex.org%2FA5054537882&per-page=200&cursor=Ils1Ni4wLCAwLCAnaHR0cHM6Ly9vcGVuYWxleC5vcmcvVzMyMTcxNTYxODQnXSI%3D HTTP/1.1" 200 142
[2025-09-12 06:54:01,478] DEBUG: Fetched 0 results at cursor 'Ils1Ni4wLCAwLCAnaHR0cHM6Ly9vcGVuYWxleC5vcmcvVzMyMTcxNTYxODQnXSI='
[2025-09-12 06:54:01,701] DEBUG: Flattened df_all missing expected columns: ['host_venue__display_name', 'author_name', 'author_openalex_id']
[2025-09-12 06:54:01,739] INFO: Appended 206 lifetime works for Volker Gerdts
[2025-09-12 06:54:01,744] INFO: Appended 49 last-5y works for Volker Gerdts
[2025-09-12 06:54:01,744] INFO: Processing Emily Jenkins (https://openalex.org/A5075278671)
[2025-09-12 06:54:01,744] INFO: OpenAlex fetch for https://openalex.org/A5075278671 (last 5 years >= 2021)
[2025-09-12 06:54:01,745] DEBUG: Starting new HTTPS connection (1): api.openalex.org:443
[2025-09-12 06:54:02,009] DEBUG: https://api.openalex.org:443 "GET /works?filter=author.id%3Ahttps%3A%2F%2Fopenalex.org%2FA5075278671&per-page=200&cursor=%2A HTTP/1.1" 200 593924
[2025-09-12 06:54:02,169] DEBUG: Fetched 177 results at cursor '*'
[2025-09-12 06:54:02,170] DEBUG: Starting new HTTPS connection (1): api.openalex.org:443
[2025-09-12 06:54:02,302] DEBUG: https://api.openalex.org:443 "GET /works?filter=author.id%3Ahttps%3A%2F%2Fopenalex.org%2FA5075278671&per-page=200&cursor=Ils1Ni4wLCAwLCAnaHR0cHM6Ly9vcGVuYWxleC5vcmcvVzMyMTEwMTg2MzcnXSI%3D HTTP/1.1" 200 141
[2025-09-12 06:54:02,304] DEBUG: Fetched 0 results at cursor 'Ils1Ni4wLCAwLCAnaHR0cHM6Ly9vcGVuYWxleC5vcmcvVzMyMTEwMTg2MzcnXSI='
[2025-09-12 06:54:02,607] DEBUG: Flattened df_all missing expected columns: ['host_venue__display_name', 'author_name', 'author_openalex_id']
[2025-09-12 06:54:02,629] INFO: Appended 177 lifetime works for Emily Jenkins
[2025-09-12 06:54:02,634] INFO: Appended 63 last-5y works for Emily Jenkins
[2025-09-12 06:54:02,634] INFO: Processing Joseph Rubin (https://openalex.org/A5032938268)
[2025-09-12 06:54:02,634] INFO: OpenAlex fetch for https://openalex.org/A5032938268 (last 5 years >= 2021)
[2025-09-12 06:54:02,635] DEBUG: Starting new HTTPS connection (1): api.openalex.org:443
[2025-09-12 06:54:02,763] DEBUG: https://api.openalex.org:443 "GET /works?filter=author.id%3Ahttps%3A%2F%2Fopenalex.org%2FA5032938268&per-page=200&cursor=%2A HTTP/1.1" 200 190221
[2025-09-12 06:54:02,802] DEBUG: Fetched 79 results at cursor '*'
[2025-09-12 06:54:02,803] DEBUG: Starting new HTTPS connection (1): api.openalex.org:443
[2025-09-12 06:54:02,927] DEBUG: https://api.openalex.org:443 "GET /works?filter=author.id%3Ahttps%3A%2F%2Fopenalex.org%2FA5032938268&per-page=200&cursor=Ils1OC4wLCAwLCAnaHR0cHM6Ly9vcGVuYWxleC5vcmcvVzQzMDE4MTkxMTInXSI%3D HTTP/1.1" 200 140
[2025-09-12 06:54:02,929] DEBUG: Fetched 0 results at cursor 'Ils1OC4wLCAwLCAnaHR0cHM6Ly9vcGVuYWxleC5vcmcvVzQzMDE4MTkxMTInXSI='
[2025-09-12 06:54:03,015] DEBUG: Flattened df_all missing expected columns: ['host_venue__display_name', 'author_name', 'author_openalex_id']
[2025-09-12 06:54:03,036] INFO: Appended 79 lifetime works for Joseph Rubin
[2025-09-12 06:54:03,039] INFO: Appended 18 last-5y works for Joseph Rubin
[2025-09-12 06:54:03,039] INFO: Processing Tony Ruzzini (https://openalex.org/A5016372093)
[2025-09-12 06:54:03,040] INFO: OpenAlex fetch for https://openalex.org/A5016372093 (last 5 years >= 2021)
[2025-09-12 06:54:03,040] DEBUG: Starting new HTTPS connection (1): api.openalex.org:443
[2025-09-12 06:54:03,731] DEBUG: https://api.openalex.org:443 "GET /works?filter=author.id%3Ahttps%3A%2F%2Fopenalex.org%2FA5016372093&per-page=200&cursor=%2A HTTP/1.1" 200 103207
[2025-09-12 06:54:03,789] DEBUG: Fetched 37 results at cursor '*'
[2025-09-12 06:54:03,790] DEBUG: Starting new HTTPS connection (1): api.openalex.org:443
[2025-09-12 06:54:03,983] DEBUG: https://api.openalex.org:443 "GET /works?filter=author.id%3Ahttps%3A%2F%2Fopenalex.org%2FA5016372093&per-page=200&cursor=Ils2MS4wLCAwLCAnaHR0cHM6Ly9vcGVuYWxleC5vcmcvVzI5NzA5NjgzMTYnXSI%3D HTTP/1.1" 200 140
[2025-09-12 06:54:03,984] DEBUG: Fetched 0 results at cursor 'Ils2MS4wLCAwLCAnaHR0cHM6Ly9vcGVuYWxleC5vcmcvVzI5NzA5NjgzMTYnXSI='
[2025-09-12 06:54:04,032] DEBUG: Flattened df_all missing expected columns: ['host_venue__display_name', 'author_name', 'author_openalex_id']
[2025-09-12 06:54:04,041] INFO: Appended 37 lifetime works for Tony Ruzzini
[2025-09-12 06:54:04,044] INFO: Appended 12 last-5y works for Tony Ruzzini
[2025-09-12 06:54:04,044] INFO: Processing Maarten Voordouw (https://openalex.org/A5026690931)
[2025-09-12 06:54:04,044] INFO: OpenAlex fetch for https://openalex.org/A5026690931 (last 5 years >= 2021)
[2025-09-12 06:54:04,045] DEBUG: Starting new HTTPS connection (1): api.openalex.org:443
[2025-09-12 06:54:04,901] DEBUG: https://api.openalex.org:443 "GET /works?filter=author.id%3Ahttps%3A%2F%2Fopenalex.org%2FA5026690931&per-page=200&cursor=%2A HTTP/1.1" 200 295747
[2025-09-12 06:54:04,945] DEBUG: Fetched 96 results at cursor '*'
[2025-09-12 06:54:04,946] DEBUG: Starting new HTTPS connection (1): api.openalex.org:443
[2025-09-12 06:54:05,087] DEBUG: https://api.openalex.org:443 "GET /works?filter=author.id%3Ahttps%3A%2F%2Fopenalex.org%2FA5026690931&per-page=200&cursor=Ils1Ni4wLCAwLCAnaHR0cHM6Ly9vcGVuYWxleC5vcmcvVzQzOTQwODAwNzgnXSI%3D HTTP/1.1" 200 140
[2025-09-12 06:54:05,088] DEBUG: Fetched 0 results at cursor 'Ils1Ni4wLCAwLCAnaHR0cHM6Ly9vcGVuYWxleC5vcmcvVzQzOTQwODAwNzgnXSI='
[2025-09-12 06:54:05,186] DEBUG: Flattened df_all missing expected columns: ['host_venue__display_name', 'author_name', 'author_openalex_id']
[2025-09-12 06:54:05,195] INFO: Appended 96 lifetime works for Maarten Voordouw
[2025-09-12 06:54:05,198] INFO: Appended 26 last-5y works for Maarten Voordouw
[2025-09-12 06:54:05,199] INFO: Processing Arinjay Banerjee (https://openalex.org/A5050567215)
[2025-09-12 06:54:05,199] INFO: OpenAlex fetch for https://openalex.org/A5050567215 (last 5 years >= 2021)
[2025-09-12 06:54:05,200] DEBUG: Starting new HTTPS connection (1): api.openalex.org:443
[2025-09-12 06:54:05,479] DEBUG: https://api.openalex.org:443 "GET /works?filter=author.id%3Ahttps%3A%2F%2Fopenalex.org%2FA5050567215&per-page=200&cursor=%2A HTTP/1.1" 200 428854
[2025-09-12 06:54:05,553] DEBUG: Fetched 110 results at cursor '*'
[2025-09-12 06:54:05,554] DEBUG: Starting new HTTPS connection (1): api.openalex.org:443
[2025-09-12 06:54:05,743] DEBUG: https://api.openalex.org:443 "GET /works?filter=author.id%3Ahttps%3A%2F%2Fopenalex.org%2FA5050567215&per-page=200&cursor=Ils1Ni4wLCAwLCAnaHR0cHM6Ly9vcGVuYWxleC5vcmcvVzMxNzYwNDkxMTYnXSI%3D HTTP/1.1" 200 141
[2025-09-12 06:54:05,744] DEBUG: Fetched 0 results at cursor 'Ils1Ni4wLCAwLCAnaHR0cHM6Ly9vcGVuYWxleC5vcmcvVzMxNzYwNDkxMTYnXSI='
[2025-09-12 06:54:05,895] DEBUG: Flattened df_all missing expected columns: ['host_venue__display_name', 'author_name', 'author_openalex_id']
[2025-09-12 06:54:05,909] INFO: Appended 110 lifetime works for Arinjay Banerjee
[2025-09-12 06:54:05,914] INFO: Appended 72 last-5y works for Arinjay Banerjee
[2025-09-12 06:54:05,914] INFO: Processing Jeffrey Chen (https://openalex.org/A5000375230)
[2025-09-12 06:54:05,914] INFO: OpenAlex fetch for https://openalex.org/A5000375230 (last 5 years >= 2021)
[2025-09-12 06:54:05,915] DEBUG: Starting new HTTPS connection (1): api.openalex.org:443
[2025-09-12 06:54:06,098] DEBUG: https://api.openalex.org:443 "GET /works?filter=author.id%3Ahttps%3A%2F%2Fopenalex.org%2FA5000375230&per-page=200&cursor=%2A HTTP/1.1" 200 86509
[2025-09-12 06:54:06,140] DEBUG: Fetched 30 results at cursor '*'
[2025-09-12 06:54:06,141] DEBUG: Starting new HTTPS connection (1): api.openalex.org:443
[2025-09-12 06:54:06,232] DEBUG: https://api.openalex.org:443 "GET /works?filter=author.id%3Ahttps%3A%2F%2Fopenalex.org%2FA5000375230&per-page=200&cursor=Ils1Ni4wLCAwLCAnaHR0cHM6Ly9vcGVuYWxleC5vcmcvVzMyMDg4MDU3MjQnXSI%3D HTTP/1.1" 200 140
[2025-09-12 06:54:06,234] DEBUG: Fetched 0 results at cursor 'Ils1Ni4wLCAwLCAnaHR0cHM6Ly9vcGVuYWxleC5vcmcvVzMyMDg4MDU3MjQnXSI='
[2025-09-12 06:54:06,277] DEBUG: Flattened df_all missing expected columns: ['host_venue__display_name', 'author_name', 'author_openalex_id']
[2025-09-12 06:54:06,290] INFO: Appended 30 lifetime works for Jeffrey Chen
[2025-09-12 06:54:06,292] INFO: Appended 9 last-5y works for Jeffrey Chen
[2025-09-12 06:54:06,292] INFO: Processing Antonio Facciuolo (https://openalex.org/A5088785492)
[2025-09-12 06:54:06,292] INFO: OpenAlex fetch for https://openalex.org/A5088785492 (last 5 years >= 2021)
[2025-09-12 06:54:06,293] DEBUG: Starting new HTTPS connection (1): api.openalex.org:443
[2025-09-12 06:54:07,062] DEBUG: https://api.openalex.org:443 "GET /works?filter=author.id%3Ahttps%3A%2F%2Fopenalex.org%2FA5088785492&per-page=200&cursor=%2A HTTP/1.1" 200 91120
[2025-09-12 06:54:07,121] DEBUG: Fetched 28 results at cursor '*'
[2025-09-12 06:54:07,122] DEBUG: Starting new HTTPS connection (1): api.openalex.org:443
[2025-09-12 06:54:07,234] DEBUG: https://api.openalex.org:443 "GET /works?filter=author.id%3Ahttps%3A%2F%2Fopenalex.org%2FA5088785492&per-page=200&cursor=Ils2My4wLCAwLCAnaHR0cHM6Ly9vcGVuYWxleC5vcmcvVzQzODczNzY0NDgnXSI%3D HTTP/1.1" 200 140
[2025-09-12 06:54:07,236] DEBUG: Fetched 0 results at cursor 'Ils2My4wLCAwLCAnaHR0cHM6Ly9vcGVuYWxleC5vcmcvVzQzODczNzY0NDgnXSI='
[2025-09-12 06:54:07,280] DEBUG: Flattened df_all missing expected columns: ['host_venue__display_name', 'author_name', 'author_openalex_id']
[2025-09-12 06:54:07,287] INFO: Appended 28 lifetime works for Antonio Facciuolo
[2025-09-12 06:54:07,290] INFO: Appended 18 last-5y works for Antonio Facciuolo
[2025-09-12 06:54:07,290] INFO: Processing Darryl Falzarano (https://openalex.org/A5041967571)
[2025-09-12 06:54:07,290] INFO: OpenAlex fetch for https://openalex.org/A5041967571 (last 5 years >= 2021)
[2025-09-12 06:54:07,291] DEBUG: Starting new HTTPS connection (1): api.openalex.org:443
[2025-09-12 06:54:07,530] DEBUG: https://api.openalex.org:443 "GET /works?filter=author.id%3Ahttps%3A%2F%2Fopenalex.org%2FA5041967571&per-page=200&cursor=%2A HTTP/1.1" 200 476099
[2025-09-12 06:54:07,610] DEBUG: Fetched 132 results at cursor '*'
[2025-09-12 06:54:07,611] DEBUG: Starting new HTTPS connection (1): api.openalex.org:443
[2025-09-12 06:54:07,911] DEBUG: https://api.openalex.org:443 "GET /works?filter=author.id%3Ahttps%3A%2F%2Fopenalex.org%2FA5041967571&per-page=200&cursor=Ils1Ni4wLCAwLCAnaHR0cHM6Ly9vcGVuYWxleC5vcmcvVzMyMTQ5NTI4NDInXSI%3D HTTP/1.1" 200 141
[2025-09-12 06:54:07,912] DEBUG: Fetched 0 results at cursor 'Ils1Ni4wLCAwLCAnaHR0cHM6Ly9vcGVuYWxleC5vcmcvVzMyMTQ5NTI4NDInXSI='
[2025-09-12 06:54:08,083] DEBUG: Flattened df_all missing expected columns: ['host_venue__display_name', 'author_name', 'author_openalex_id']
[2025-09-12 06:54:08,095] INFO: Appended 132 lifetime works for Darryl Falzarano
[2025-09-12 06:54:08,100] INFO: Appended 70 last-5y works for Darryl Falzarano
[2025-09-12 06:54:08,100] INFO: Processing Kazal Ghosh (https://openalex.org/A5073467123)
[2025-09-12 06:54:08,100] INFO: OpenAlex fetch for https://openalex.org/A5073467123 (last 5 years >= 2021)
[2025-09-12 06:54:08,102] DEBUG: Starting new HTTPS connection (1): api.openalex.org:443
[2025-09-12 06:54:08,263] DEBUG: https://api.openalex.org:443 "GET /works?filter=author.id%3Ahttps%3A%2F%2Fopenalex.org%2FA5073467123&per-page=200&cursor=%2A HTTP/1.1" 200 23139
[2025-09-12 06:54:08,283] DEBUG: Fetched 9 results at cursor '*'
[2025-09-12 06:54:08,284] DEBUG: Starting new HTTPS connection (1): api.openalex.org:443
[2025-09-12 06:54:08,387] DEBUG: https://api.openalex.org:443 "GET /works?filter=author.id%3Ahttps%3A%2F%2Fopenalex.org%2FA5073467123&per-page=200&cursor=Ils1OC4wLCAwLCAnaHR0cHM6Ly9vcGVuYWxleC5vcmcvVzQzMjEwMDMxOTknXSI%3D HTTP/1.1" 200 139
[2025-09-12 06:54:08,389] DEBUG: Fetched 0 results at cursor 'Ils1OC4wLCAwLCAnaHR0cHM6Ly9vcGVuYWxleC5vcmcvVzQzMjEwMDMxOTknXSI='
[2025-09-12 06:54:08,409] DEBUG: Flattened df_all missing expected columns: ['host_venue__display_name', 'author_name', 'author_openalex_id']
[2025-09-12 06:54:08,421] INFO: Appended 9 lifetime works for Kazal Ghosh
[2025-09-12 06:54:08,424] INFO: Appended 7 last-5y works for Kazal Ghosh
[2025-09-12 06:54:08,424] INFO: Processing Uladzimir Karniychuk (https://openalex.org/A5012825986)
[2025-09-12 06:54:08,424] INFO: OpenAlex fetch for https://openalex.org/A5012825986 (last 5 years >= 2021)
[2025-09-12 06:54:08,425] DEBUG: Starting new HTTPS connection (1): api.openalex.org:443
[2025-09-12 06:54:08,546] DEBUG: https://api.openalex.org:443 "GET /works?filter=author.id%3Ahttps%3A%2F%2Fopenalex.org%2FA5012825986&per-page=200&cursor=%2A HTTP/1.1" 200 139020
[2025-09-12 06:54:08,576] DEBUG: Fetched 62 results at cursor '*'
[2025-09-12 06:54:08,577] DEBUG: Starting new HTTPS connection (1): api.openalex.org:443
[2025-09-12 06:54:08,673] DEBUG: https://api.openalex.org:443 "GET /works?filter=author.id%3Ahttps%3A%2F%2Fopenalex.org%2FA5012825986&per-page=200&cursor=Ils2MS4wLCAwLCAnaHR0cHM6Ly9vcGVuYWxleC5vcmcvVzQzOTQ0NDg4MzQnXSI%3D HTTP/1.1" 200 140
[2025-09-12 06:54:08,675] DEBUG: Fetched 0 results at cursor 'Ils2MS4wLCAwLCAnaHR0cHM6Ly9vcGVuYWxleC5vcmcvVzQzOTQ0NDg4MzQnXSI='
[2025-09-12 06:54:08,727] DEBUG: Flattened df_all missing expected columns: ['host_venue__display_name', 'author_name', 'author_openalex_id']
[2025-09-12 06:54:08,733] INFO: Appended 62 lifetime works for Uladzimir Karniychuk
[2025-09-12 06:54:08,735] INFO: Appended 15 last-5y works for Uladzimir Karniychuk
[2025-09-12 06:54:08,736] INFO: Processing Wolfgang Koester (https://openalex.org/A5053166362)
[2025-09-12 06:54:08,736] INFO: OpenAlex fetch for https://openalex.org/A5053166362 (last 5 years >= 2021)
[2025-09-12 06:54:08,737] DEBUG: Starting new HTTPS connection (1): api.openalex.org:443
[2025-09-12 06:54:08,931] DEBUG: https://api.openalex.org:443 "GET /works?filter=author.id%3Ahttps%3A%2F%2Fopenalex.org%2FA5053166362&per-page=200&cursor=%2A HTTP/1.1" 200 179694
[2025-09-12 06:54:08,977] DEBUG: Fetched 67 results at cursor '*'
[2025-09-12 06:54:08,979] DEBUG: Starting new HTTPS connection (1): api.openalex.org:443
[2025-09-12 06:54:09,216] DEBUG: https://api.openalex.org:443 "GET /works?filter=author.id%3Ahttps%3A%2F%2Fopenalex.org%2FA5053166362&per-page=200&cursor=Ils1My4wLCAwLCAnaHR0cHM6Ly9vcGVuYWxleC5vcmcvVzE1Mzg4NzQ0MSddIg%3D%3D HTTP/1.1" 200 140
[2025-09-12 06:54:09,218] DEBUG: Fetched 0 results at cursor 'Ils1My4wLCAwLCAnaHR0cHM6Ly9vcGVuYWxleC5vcmcvVzE1Mzg4NzQ0MSddIg=='
[2025-09-12 06:54:09,288] DEBUG: Flattened df_all missing expected columns: ['host_venue__display_name', 'author_name', 'author_openalex_id']
[2025-09-12 06:54:09,297] INFO: Appended 67 lifetime works for Wolfgang Koester
[2025-09-12 06:54:09,300] INFO: Appended 11 last-5y works for Wolfgang Koester
[2025-09-12 06:54:09,300] INFO: Processing Qiang Liu (https://openalex.org/A5100409525)
[2025-09-12 06:54:09,300] INFO: OpenAlex fetch for https://openalex.org/A5100409525 (last 5 years >= 2021)
[2025-09-12 06:54:09,301] DEBUG: Starting new HTTPS connection (1): api.openalex.org:443
[2025-09-12 06:54:10,057] DEBUG: https://api.openalex.org:443 "GET /works?filter=author.id%3Ahttps%3A%2F%2Fopenalex.org%2FA5100409525&per-page=200&cursor=%2A HTTP/1.1" 200 269188
[2025-09-12 06:54:10,099] DEBUG: Fetched 97 results at cursor '*'
[2025-09-12 06:54:10,100] DEBUG: Starting new HTTPS connection (1): api.openalex.org:443
[2025-09-12 06:54:10,437] DEBUG: https://api.openalex.org:443 "GET /works?filter=author.id%3Ahttps%3A%2F%2Fopenalex.org%2FA5100409525&per-page=200&cursor=Ils1NS4wLCAwLCAnaHR0cHM6Ly9vcGVuYWxleC5vcmcvVzI3NzQ0Nzc2ODInXSI%3D HTTP/1.1" 200 141
[2025-09-12 06:54:10,438] DEBUG: Fetched 0 results at cursor 'Ils1NS4wLCAwLCAnaHR0cHM6Ly9vcGVuYWxleC5vcmcvVzI3NzQ0Nzc2ODInXSI='
[2025-09-12 06:54:10,558] DEBUG: Flattened df_all missing expected columns: ['host_venue__display_name', 'author_name', 'author_openalex_id']
[2025-09-12 06:54:10,568] INFO: Appended 97 lifetime works for Qiang Liu
[2025-09-12 06:54:10,571] INFO: Appended 25 last-5y works for Qiang Liu
[2025-09-12 06:54:10,571] INFO: Processing Musangu Ngeleka (https://openalex.org/A5018933207)
[2025-09-12 06:54:10,571] INFO: OpenAlex fetch for https://openalex.org/A5018933207 (last 5 years >= 2021)
[2025-09-12 06:54:10,572] DEBUG: Starting new HTTPS connection (1): api.openalex.org:443
[2025-09-12 06:54:10,777] DEBUG: https://api.openalex.org:443 "GET /works?filter=author.id%3Ahttps%3A%2F%2Fopenalex.org%2FA5018933207&per-page=200&cursor=%2A HTTP/1.1" 200 110794
[2025-09-12 06:54:10,860] DEBUG: Fetched 42 results at cursor '*'
[2025-09-12 06:54:10,861] DEBUG: Starting new HTTPS connection (1): api.openalex.org:443
[2025-09-12 06:54:10,977] DEBUG: https://api.openalex.org:443 "GET /works?filter=author.id%3Ahttps%3A%2F%2Fopenalex.org%2FA5018933207&per-page=200&cursor=Ils1Ni4wLCAwLCAnaHR0cHM6Ly9vcGVuYWxleC5vcmcvVzQyNDQ1NDM2MzMnXSI%3D HTTP/1.1" 200 140
[2025-09-12 06:54:10,979] DEBUG: Fetched 0 results at cursor 'Ils1Ni4wLCAwLCAnaHR0cHM6Ly9vcGVuYWxleC5vcmcvVzQyNDQ1NDM2MzMnXSI='
[2025-09-12 06:54:11,035] DEBUG: Flattened df_all missing expected columns: ['host_venue__display_name', 'author_name', 'author_openalex_id']
[2025-09-12 06:54:11,046] INFO: Appended 42 lifetime works for Musangu Ngeleka
[2025-09-12 06:54:11,046] INFO: No last-5y works for Musangu Ngeleka
[2025-09-12 06:54:11,046] INFO: Processing Jose Perez-casal (https://openalex.org/A5075533328)
[2025-09-12 06:54:11,046] INFO: OpenAlex fetch for https://openalex.org/A5075533328 (last 5 years >= 2021)
[2025-09-12 06:54:11,047] DEBUG: Starting new HTTPS connection (1): api.openalex.org:443
[2025-09-12 06:54:11,771] DEBUG: https://api.openalex.org:443 "GET /works?filter=author.id%3Ahttps%3A%2F%2Fopenalex.org%2FA5075533328&per-page=200&cursor=%2A HTTP/1.1" 200 159426
[2025-09-12 06:54:11,803] DEBUG: Fetched 75 results at cursor '*'
[2025-09-12 06:54:11,804] DEBUG: Starting new HTTPS connection (1): api.openalex.org:443
[2025-09-12 06:54:11,927] DEBUG: https://api.openalex.org:443 "GET /works?filter=author.id%3Ahttps%3A%2F%2Fopenalex.org%2FA5075533328&per-page=200&cursor=Ils1Ni4wLCAwLCAnaHR0cHM6Ly9vcGVuYWxleC5vcmcvVzQzOTQxMjMxNjEnXSI%3D HTTP/1.1" 200 140
[2025-09-12 06:54:11,928] DEBUG: Fetched 0 results at cursor 'Ils1Ni4wLCAwLCAnaHR0cHM6Ly9vcGVuYWxleC5vcmcvVzQzOTQxMjMxNjEnXSI='
[2025-09-12 06:54:11,984] DEBUG: Flattened df_all missing expected columns: ['host_venue__display_name', 'author_name', 'author_openalex_id']
[2025-09-12 06:54:11,993] INFO: Appended 75 lifetime works for Jose Perez-casal
[2025-09-12 06:54:11,995] INFO: Appended 11 last-5y works for Jose Perez-casal
[2025-09-12 06:54:11,996] INFO: Processing Camila Queiroz (https://openalex.org/A5061580720)
[2025-09-12 06:54:11,996] INFO: OpenAlex fetch for https://openalex.org/A5061580720 (last 5 years >= 2021)
[2025-09-12 06:54:11,997] DEBUG: Starting new HTTPS connection (1): api.openalex.org:443
[2025-09-12 06:54:12,093] DEBUG: https://api.openalex.org:443 "GET /works?filter=author.id%3Ahttps%3A%2F%2Fopenalex.org%2FA5061580720&per-page=200&cursor=%2A HTTP/1.1" 200 18201
[2025-09-12 06:54:12,100] DEBUG: Fetched 7 results at cursor '*'
[2025-09-12 06:54:12,101] DEBUG: Starting new HTTPS connection (1): api.openalex.org:443
[2025-09-12 06:54:12,203] DEBUG: https://api.openalex.org:443 "GET /works?filter=author.id%3Ahttps%3A%2F%2Fopenalex.org%2FA5061580720&per-page=200&cursor=Ils1Ni4wLCAwLCAnaHR0cHM6Ly9vcGVuYWxleC5vcmcvVzQzOTQxMTE1NTQnXSI%3D HTTP/1.1" 200 140
[2025-09-12 06:54:12,206] DEBUG: Fetched 0 results at cursor 'Ils1Ni4wLCAwLCAnaHR0cHM6Ly9vcGVuYWxleC5vcmcvVzQzOTQxMTE1NTQnXSI='
[2025-09-12 06:54:12,220] DEBUG: Flattened df_all missing expected columns: ['host_venue__display_name', 'author_name', 'author_openalex_id']
[2025-09-12 06:54:12,228] INFO: Appended 7 lifetime works for Camila Queiroz
[2025-09-12 06:54:12,230] INFO: Appended 1 last-5y works for Camila Queiroz
[2025-09-12 06:54:12,230] INFO: Processing Loki Snyman (https://openalex.org/A5095017105)
[2025-09-12 06:54:12,230] INFO: OpenAlex fetch for https://openalex.org/A5095017105 (last 5 years >= 2021)
[2025-09-12 06:54:12,231] DEBUG: Starting new HTTPS connection (1): api.openalex.org:443
[2025-09-12 06:54:12,330] DEBUG: https://api.openalex.org:443 "GET /works?filter=author.id%3Ahttps%3A%2F%2Fopenalex.org%2FA5095017105&per-page=200&cursor=%2A HTTP/1.1" 200 1928
[2025-09-12 06:54:12,331] DEBUG: Fetched 1 results at cursor '*'
[2025-09-12 06:54:12,332] DEBUG: Starting new HTTPS connection (1): api.openalex.org:443
[2025-09-12 06:54:12,452] DEBUG: https://api.openalex.org:443 "GET /works?filter=author.id%3Ahttps%3A%2F%2Fopenalex.org%2FA5095017105&per-page=200&cursor=Ils1Ni4wLCAwLCAnaHR0cHM6Ly9vcGVuYWxleC5vcmcvVzQzOTQzODc3MTMnXSI%3D HTTP/1.1" 200 139
[2025-09-12 06:54:12,454] DEBUG: Fetched 0 results at cursor 'Ils1Ni4wLCAwLCAnaHR0cHM6Ly9vcGVuYWxleC5vcmcvVzQzOTQzODc3MTMnXSI='
[2025-09-12 06:54:12,459] DEBUG: Flattened df_all missing expected columns: ['host_venue__display_name', 'author_name', 'author_openalex_id']
[2025-09-12 06:54:12,464] INFO: Appended 1 lifetime works for Loki Snyman
[2025-09-12 06:54:12,466] INFO: Appended 1 last-5y works for Loki Snyman
[2025-09-12 06:54:12,466] INFO: Processing Heather Wilson (https://openalex.org/A5002970194)
[2025-09-12 06:54:12,466] INFO: OpenAlex fetch for https://openalex.org/A5002970194 (last 5 years >= 2021)
[2025-09-12 06:54:12,467] DEBUG: Starting new HTTPS connection (1): api.openalex.org:443
[2025-09-12 06:54:12,714] DEBUG: https://api.openalex.org:443 "GET /works?filter=author.id%3Ahttps%3A%2F%2Fopenalex.org%2FA5002970194&per-page=200&cursor=%2A HTTP/1.1" 200 483582
[2025-09-12 06:54:12,832] DEBUG: Fetched 169 results at cursor '*'
[2025-09-12 06:54:12,834] DEBUG: Starting new HTTPS connection (1): api.openalex.org:443
[2025-09-12 06:54:12,959] DEBUG: https://api.openalex.org:443 "GET /works?filter=author.id%3Ahttps%3A%2F%2Fopenalex.org%2FA5002970194&per-page=200&cursor=Ils1My4wLCAwLCAnaHR0cHM6Ly9vcGVuYWxleC5vcmcvVzQyNDYxOTI2NTcnXSI%3D HTTP/1.1" 200 141
[2025-09-12 06:54:12,961] DEBUG: Fetched 0 results at cursor 'Ils1My4wLCAwLCAnaHR0cHM6Ly9vcGVuYWxleC5vcmcvVzQyNDYxOTI2NTcnXSI='
[2025-09-12 06:54:13,222] DEBUG: Flattened df_all missing expected columns: ['host_venue__display_name', 'author_name', 'author_openalex_id']
[2025-09-12 06:54:13,232] INFO: Appended 169 lifetime works for Heather Wilson
[2025-09-12 06:54:13,236] INFO: Appended 34 last-5y works for Heather Wilson
[2025-09-12 06:54:13,236] INFO: Processing Yan Zhou (https://openalex.org/A5032015135)
[2025-09-12 06:54:13,236] INFO: OpenAlex fetch for https://openalex.org/A5032015135 (last 5 years >= 2021)
[2025-09-12 06:54:13,237] DEBUG: Starting new HTTPS connection (1): api.openalex.org:443
[2025-09-12 06:54:13,523] DEBUG: https://api.openalex.org:443 "GET /works?filter=author.id%3Ahttps%3A%2F%2Fopenalex.org%2FA5032015135&per-page=200&cursor=%2A HTTP/1.1" 200 364277
[2025-09-12 06:54:13,636] DEBUG: Fetched 121 results at cursor '*'
[2025-09-12 06:54:13,637] DEBUG: Starting new HTTPS connection (1): api.openalex.org:443
[2025-09-12 06:54:13,784] DEBUG: https://api.openalex.org:443 "GET /works?filter=author.id%3Ahttps%3A%2F%2Fopenalex.org%2FA5032015135&per-page=200&cursor=Ils1NS4wLCAwLCAnaHR0cHM6Ly9vcGVuYWxleC5vcmcvVzI0MTE0NDk1NjAnXSI%3D HTTP/1.1" 200 141
[2025-09-12 06:54:13,786] DEBUG: Fetched 0 results at cursor 'Ils1NS4wLCAwLCAnaHR0cHM6Ly9vcGVuYWxleC5vcmcvVzI0MTE0NDk1NjAnXSI='
[2025-09-12 06:54:13,945] DEBUG: Flattened df_all missing expected columns: ['host_venue__display_name', 'author_name', 'author_openalex_id']
[2025-09-12 06:54:13,962] INFO: Appended 121 lifetime works for Yan Zhou
[2025-09-12 06:54:13,966] INFO: Appended 46 last-5y works for Yan Zhou
[2025-09-12 06:54:13,966] INFO: Processing Suresh Tikoo (https://openalex.org/A5028351806)
[2025-09-12 06:54:13,966] INFO: OpenAlex fetch for https://openalex.org/A5028351806 (last 5 years >= 2021)
[2025-09-12 06:54:13,967] DEBUG: Starting new HTTPS connection (1): api.openalex.org:443
[2025-09-12 06:54:14,179] DEBUG: https://api.openalex.org:443 "GET /works?filter=author.id%3Ahttps%3A%2F%2Fopenalex.org%2FA5028351806&per-page=200&cursor=%2A HTTP/1.1" 200 433273
[2025-09-12 06:54:14,241] DEBUG: Fetched 183 results at cursor '*'
[2025-09-12 06:54:14,242] DEBUG: Starting new HTTPS connection (1): api.openalex.org:443
[2025-09-12 06:54:14,375] DEBUG: https://api.openalex.org:443 "GET /works?filter=author.id%3Ahttps%3A%2F%2Fopenalex.org%2FA5028351806&per-page=200&cursor=Ils1My4wLCAwLCAnaHR0cHM6Ly9vcGVuYWxleC5vcmcvVzMyMDI5MjM4OTQnXSI%3D HTTP/1.1" 200 141
[2025-09-12 06:54:14,376] DEBUG: Fetched 0 results at cursor 'Ils1My4wLCAwLCAnaHR0cHM6Ly9vcGVuYWxleC5vcmcvVzMyMDI5MjM4OTQnXSI='
[2025-09-12 06:54:14,542] DEBUG: Flattened df_all missing expected columns: ['host_venue__display_name', 'author_name', 'author_openalex_id']
[2025-09-12 06:54:14,558] INFO: Appended 183 lifetime works for Suresh Tikoo
[2025-09-12 06:54:14,562] INFO: Appended 27 last-5y works for Suresh Tikoo
[2025-09-12 06:54:14,562] INFO: Processing Manuel Chirino (https://openalex.org/A5073090598)
[2025-09-12 06:54:14,562] INFO: OpenAlex fetch for https://openalex.org/A5073090598 (last 5 years >= 2021)
[2025-09-12 06:54:14,563] DEBUG: Starting new HTTPS connection (1): api.openalex.org:443
[2025-09-12 06:54:15,204] DEBUG: https://api.openalex.org:443 "GET /works?filter=author.id%3Ahttps%3A%2F%2Fopenalex.org%2FA5073090598&per-page=200&cursor=%2A HTTP/1.1" 200 154219
[2025-09-12 06:54:15,260] DEBUG: Fetched 68 results at cursor '*'
[2025-09-12 06:54:15,261] DEBUG: Starting new HTTPS connection (1): api.openalex.org:443
[2025-09-12 06:54:15,662] DEBUG: https://api.openalex.org:443 "GET /works?filter=author.id%3Ahttps%3A%2F%2Fopenalex.org%2FA5073090598&per-page=200&cursor=Ils1Ny4wLCAwLCAnaHR0cHM6Ly9vcGVuYWxleC5vcmcvVzMxNzU0NDMwMDEnXSI%3D HTTP/1.1" 200 141
[2025-09-12 06:54:15,663] DEBUG: Fetched 0 results at cursor 'Ils1Ny4wLCAwLCAnaHR0cHM6Ly9vcGVuYWxleC5vcmcvVzMxNzU0NDMwMDEnXSI='
[2025-09-12 06:54:15,735] DEBUG: Flattened df_all missing expected columns: ['host_venue__display_name', 'author_name', 'author_openalex_id']
[2025-09-12 06:54:15,752] INFO: Appended 68 lifetime works for Manuel Chirino
[2025-09-12 06:54:15,754] INFO: Appended 1 last-5y works for Manuel Chirino
[2025-09-12 06:54:15,754] INFO: Processing Debbie Haines (https://openalex.org/A5070489863)
[2025-09-12 06:54:15,755] INFO: OpenAlex fetch for https://openalex.org/A5070489863 (last 5 years >= 2021)
[2025-09-12 06:54:15,756] DEBUG: Starting new HTTPS connection (1): api.openalex.org:443
[2025-09-12 06:54:16,871] DEBUG: https://api.openalex.org:443 "GET /works?filter=author.id%3Ahttps%3A%2F%2Fopenalex.org%2FA5070489863&per-page=200&cursor=%2A HTTP/1.1" 200 463795
[2025-09-12 06:54:16,934] DEBUG: Fetched 200 results at cursor '*'
[2025-09-12 06:54:16,935] DEBUG: Starting new HTTPS connection (1): api.openalex.org:443
[2025-09-12 06:54:17,207] DEBUG: https://api.openalex.org:443 "GET /works?filter=author.id%3Ahttps%3A%2F%2Fopenalex.org%2FA5070489863&per-page=200&cursor=Ils2My4wLCAwLCAnaHR0cHM6Ly9vcGVuYWxleC5vcmcvVzIyNjU2NDIwNzMnXSI%3D HTTP/1.1" 200 22634
[2025-09-12 06:54:17,228] DEBUG: Fetched 13 results at cursor 'Ils2My4wLCAwLCAnaHR0cHM6Ly9vcGVuYWxleC5vcmcvVzIyNjU2NDIwNzMnXSI='
[2025-09-12 06:54:17,230] DEBUG: Starting new HTTPS connection (1): api.openalex.org:443
[2025-09-12 06:54:17,323] DEBUG: https://api.openalex.org:443 "GET /works?filter=author.id%3Ahttps%3A%2F%2Fopenalex.org%2FA5070489863&per-page=200&cursor=Ils1My4wLCAwLCAnaHR0cHM6Ly9vcGVuYWxleC5vcmcvVzQyMzY4Njc1MjAnXSI%3D HTTP/1.1" 200 141
[2025-09-12 06:54:17,324] DEBUG: Fetched 0 results at cursor 'Ils1My4wLCAwLCAnaHR0cHM6Ly9vcGVuYWxleC5vcmcvVzQyMzY4Njc1MjAnXSI='
[2025-09-12 06:54:17,588] DEBUG: Flattened df_all missing expected columns: ['host_venue__display_name', 'author_name', 'author_openalex_id']
[2025-09-12 06:54:17,602] INFO: Appended 213 lifetime works for Debbie Haines
[2025-09-12 06:54:17,605] INFO: Appended 12 last-5y works for Debbie Haines
[2025-09-12 06:54:17,606] INFO: Processing Vikram Misra (https://openalex.org/A5018540324)
[2025-09-12 06:54:17,606] INFO: OpenAlex fetch for https://openalex.org/A5018540324 (last 5 years >= 2021)
[2025-09-12 06:54:17,607] DEBUG: Starting new HTTPS connection (1): api.openalex.org:443
[2025-09-12 06:54:17,841] DEBUG: https://api.openalex.org:443 "GET /works?filter=author.id%3Ahttps%3A%2F%2Fopenalex.org%2FA5018540324&per-page=200&cursor=%2A HTTP/1.1" 200 427857
[2025-09-12 06:54:17,982] DEBUG: Fetched 158 results at cursor '*'
[2025-09-12 06:54:17,983] DEBUG: Starting new HTTPS connection (1): api.openalex.org:443
[2025-09-12 06:54:18,135] DEBUG: https://api.openalex.org:443 "GET /works?filter=author.id%3Ahttps%3A%2F%2Fopenalex.org%2FA5018540324&per-page=200&cursor=Ils1My4wLCAwLCAnaHR0cHM6Ly9vcGVuYWxleC5vcmcvVzIxNDQ0ODI4NjMnXSI%3D HTTP/1.1" 200 142
[2025-09-12 06:54:18,137] DEBUG: Fetched 0 results at cursor 'Ils1My4wLCAwLCAnaHR0cHM6Ly9vcGVuYWxleC5vcmcvVzIxNDQ0ODI4NjMnXSI='
[2025-09-12 06:54:18,359] DEBUG: Flattened df_all missing expected columns: ['host_venue__display_name', 'author_name', 'author_openalex_id']
[2025-09-12 06:54:18,381] INFO: Appended 158 lifetime works for Vikram Misra
[2025-09-12 06:54:18,384] INFO: Appended 16 last-5y works for Vikram Misra
[2025-09-12 06:54:18,384] INFO: Processing Lydden Polley (https://openalex.org/A5070489863)
[2025-09-12 06:54:18,384] INFO: OpenAlex fetch for https://openalex.org/A5070489863 (last 5 years >= 2021)
[2025-09-12 06:54:18,385] DEBUG: Starting new HTTPS connection (1): api.openalex.org:443
[2025-09-12 06:54:18,627] DEBUG: https://api.openalex.org:443 "GET /works?filter=author.id%3Ahttps%3A%2F%2Fopenalex.org%2FA5070489863&per-page=200&cursor=%2A HTTP/1.1" 200 463714
[2025-09-12 06:54:18,756] DEBUG: Fetched 200 results at cursor '*'
[2025-09-12 06:54:18,757] DEBUG: Starting new HTTPS connection (1): api.openalex.org:443
[2025-09-12 06:54:18,876] DEBUG: https://api.openalex.org:443 "GET /works?filter=author.id%3Ahttps%3A%2F%2Fopenalex.org%2FA5070489863&per-page=200&cursor=Ils2My4wLCAwLCAnaHR0cHM6Ly9vcGVuYWxleC5vcmcvVzIyNjU2NDIwNzMnXSI%3D HTTP/1.1" 200 22634
[2025-09-12 06:54:18,887] DEBUG: Fetched 13 results at cursor 'Ils2My4wLCAwLCAnaHR0cHM6Ly9vcGVuYWxleC5vcmcvVzIyNjU2NDIwNzMnXSI='
[2025-09-12 06:54:18,888] DEBUG: Starting new HTTPS connection (1): api.openalex.org:443
[2025-09-12 06:54:18,987] DEBUG: https://api.openalex.org:443 "GET /works?filter=author.id%3Ahttps%3A%2F%2Fopenalex.org%2FA5070489863&per-page=200&cursor=Ils1My4wLCAwLCAnaHR0cHM6Ly9vcGVuYWxleC5vcmcvVzQyMzY4Njc1MjAnXSI%3D HTTP/1.1" 200 141
[2025-09-12 06:54:18,989] DEBUG: Fetched 0 results at cursor 'Ils1My4wLCAwLCAnaHR0cHM6Ly9vcGVuYWxleC5vcmcvVzQyMzY4Njc1MjAnXSI='
[2025-09-12 06:54:19,248] DEBUG: Flattened df_all missing expected columns: ['host_venue__display_name', 'author_name', 'author_openalex_id']
[2025-09-12 06:54:19,268] INFO: Appended 213 lifetime works for Lydden Polley
[2025-09-12 06:54:19,272] INFO: Appended 12 last-5y works for Lydden Polley
[2025-09-12 06:54:19,272] INFO: Processing Andrew Potter (https://openalex.org/A5035086403)
[2025-09-12 06:54:19,272] INFO: OpenAlex fetch for https://openalex.org/A5035086403 (last 5 years >= 2021)
[2025-09-12 06:54:19,273] DEBUG: Starting new HTTPS connection (1): api.openalex.org:443
[2025-09-12 06:54:21,664] DEBUG: https://api.openalex.org:443 "GET /works?filter=author.id%3Ahttps%3A%2F%2Fopenalex.org%2FA5035086403&per-page=200&cursor=%2A HTTP/1.1" 200 547197
[2025-09-12 06:54:21,813] DEBUG: Fetched 200 results at cursor '*'
[2025-09-12 06:54:21,814] DEBUG: Starting new HTTPS connection (1): api.openalex.org:443
[2025-09-12 06:54:22,278] DEBUG: https://api.openalex.org:443 "GET /works?filter=author.id%3Ahttps%3A%2F%2Fopenalex.org%2FA5035086403&per-page=200&cursor=Ils4MS4wLCAxMywgJ2h0dHBzOi8vb3BlbmFsZXgub3JnL1cyMTM3MzQ4MjYzJ10i HTTP/1.1" 200 97612
[2025-09-12 06:54:22,303] DEBUG: Fetched 46 results at cursor 'Ils4MS4wLCAxMywgJ2h0dHBzOi8vb3BlbmFsZXgub3JnL1cyMTM3MzQ4MjYzJ10i'
[2025-09-12 06:54:22,304] DEBUG: Starting new HTTPS connection (1): api.openalex.org:443
[2025-09-12 06:54:22,690] DEBUG: https://api.openalex.org:443 "GET /works?filter=author.id%3Ahttps%3A%2F%2Fopenalex.org%2FA5035086403&per-page=200&cursor=Ils1My4wLCAwLCAnaHR0cHM6Ly9vcGVuYWxleC5vcmcvVzQyMDU4Mzk1MzgnXSI%3D HTTP/1.1" 200 142
[2025-09-12 06:54:22,691] DEBUG: Fetched 0 results at cursor 'Ils1My4wLCAwLCAnaHR0cHM6Ly9vcGVuYWxleC5vcmcvVzQyMDU4Mzk1MzgnXSI='
[2025-09-12 06:54:22,998] DEBUG: Flattened df_all missing expected columns: ['host_venue__display_name', 'author_name', 'author_openalex_id']
[2025-09-12 06:54:23,023] INFO: Appended 246 lifetime works for Andrew Potter
[2025-09-12 06:54:23,027] INFO: Appended 21 last-5y works for Andrew Potter
[2025-09-12 06:54:23,027] INFO: Processing Henry Tabel (nan)
[2025-09-12 06:54:23,027] INFO: OpenAlex fetch for https://openalex.org/nan (last 5 years >= 2021)
[2025-09-12 06:54:23,028] DEBUG: Starting new HTTPS connection (1): api.openalex.org:443
[2025-09-12 06:54:23,210] DEBUG: https://api.openalex.org:443 "GET /works?filter=author.id%3Ahttps%3A%2F%2Fopenalex.org%2Fnan&per-page=200&cursor=%2A HTTP/1.1" 403 90
[2025-09-12 06:54:23,210] ERROR: HTTP error from OpenAlex: 403 Client Error: FORBIDDEN for url: https://api.openalex.org/works?filter=author.id%3Ahttps%3A%2F%2Fopenalex.org%2Fnan&per-page=200&cursor=%2A
Traceback (most recent call last):
  File "/home/runner/work/WCVM_VetMic/WCVM_VetMic/etl/WCVM_VetMic_works.py", line 273, in fetch_author_works_filtered
    resp.raise_for_status()
  File "/opt/hostedtoolcache/Python/3.11.13/x64/lib/python3.11/site-packages/requests/models.py", line 1026, in raise_for_status
    raise HTTPError(http_error_msg, response=self)
requests.exceptions.HTTPError: 403 Client Error: FORBIDDEN for url: https://api.openalex.org/works?filter=author.id%3Ahttps%3A%2F%2Fopenalex.org%2Fnan&per-page=200&cursor=%2A
[2025-09-12 06:54:23,211] INFO: No works returned from OpenAlex for this author.
[2025-09-12 06:54:23,230] INFO: No lifetime works for Henry Tabel
[2025-09-12 06:54:23,230] INFO: No last-5y works for Henry Tabel
[2025-09-12 06:54:23,230] INFO: Total skipped rows due to missing ID: 0
[2025-09-12 06:54:23,245] INFO: Deduplicating 1370 -> 575 rows
[2025-09-12 06:54:23,255] INFO: Deduplicated file written to data/openalex_all_authors_last5y_key_fields_dedup.csv
