[2025-09-05 06:54:36,412] INFO: Removed old artifact: data/openalex_all_authors_lifetime.csv
[2025-09-05 06:54:36,412] INFO: Removed old artifact: data/openalex_all_authors_last5y_key_fields.csv
[2025-09-05 06:54:36,412] INFO: Removed old artifact: data/openalex_all_authors_last5y_key_fields_dedup.csv
[2025-09-05 06:54:36,412] INFO: Reading roster from data/roster_with_metrics.csv
[2025-09-05 06:54:36,415] INFO: Processing Janet Hill (A5022032110)
[2025-09-05 06:54:36,415] INFO: OpenAlex fetch for https://openalex.org/A5022032110 (last 5 years >= 2021)
[2025-09-05 06:54:36,417] DEBUG: Starting new HTTPS connection (1): api.openalex.org:443
[2025-09-05 06:54:36,812] DEBUG: https://api.openalex.org:443 "GET /works?filter=author.id%3Ahttps%3A%2F%2Fopenalex.org%2FA5022032110&per-page=200&cursor=%2A HTTP/1.1" 200 570982
[2025-09-05 06:54:36,922] DEBUG: Fetched 200 results at cursor '*'
[2025-09-05 06:54:36,923] DEBUG: Starting new HTTPS connection (1): api.openalex.org:443
[2025-09-05 06:54:37,585] DEBUG: https://api.openalex.org:443 "GET /works?filter=author.id%3Ahttps%3A%2F%2Fopenalex.org%2FA5022032110&per-page=200&cursor=Ils3MC4wLCAwLCAnaHR0cHM6Ly9vcGVuYWxleC5vcmcvVzQzOTE0MDEzOTEnXSI%3D HTTP/1.1" 200 102483
[2025-09-05 06:54:37,601] DEBUG: Fetched 63 results at cursor 'Ils3MC4wLCAwLCAnaHR0cHM6Ly9vcGVuYWxleC5vcmcvVzQzOTE0MDEzOTEnXSI='
[2025-09-05 06:54:37,602] DEBUG: Starting new HTTPS connection (1): api.openalex.org:443
[2025-09-05 06:54:37,798] DEBUG: https://api.openalex.org:443 "GET /works?filter=author.id%3Ahttps%3A%2F%2Fopenalex.org%2FA5022032110&per-page=200&cursor=Ils1My4wLCAwLCAnaHR0cHM6Ly9vcGVuYWxleC5vcmcvVzI5NTMxODg0MzgnXSI%3D HTTP/1.1" 200 142
[2025-09-05 06:54:37,799] DEBUG: Fetched 0 results at cursor 'Ils1My4wLCAwLCAnaHR0cHM6Ly9vcGVuYWxleC5vcmcvVzI5NTMxODg0MzgnXSI='
[2025-09-05 06:54:38,162] DEBUG: Flattened df_all missing expected columns: ['host_venue__display_name', 'author_name', 'author_openalex_id']
[2025-09-05 06:54:38,176] INFO: Appended 263 lifetime works for Janet Hill
[2025-09-05 06:54:38,180] INFO: Appended 57 last-5y works for Janet Hill
[2025-09-05 06:54:38,181] INFO: Processing Kristen Conn (A5024161948)
[2025-09-05 06:54:38,181] INFO: OpenAlex fetch for https://openalex.org/A5024161948 (last 5 years >= 2021)
[2025-09-05 06:54:38,182] DEBUG: Starting new HTTPS connection (1): api.openalex.org:443
[2025-09-05 06:54:38,496] DEBUG: https://api.openalex.org:443 "GET /works?filter=author.id%3Ahttps%3A%2F%2Fopenalex.org%2FA5024161948&per-page=200&cursor=%2A HTTP/1.1" 200 64946
[2025-09-05 06:54:38,505] DEBUG: Fetched 18 results at cursor '*'
[2025-09-05 06:54:38,506] DEBUG: Starting new HTTPS connection (1): api.openalex.org:443
[2025-09-05 06:54:38,779] DEBUG: https://api.openalex.org:443 "GET /works?filter=author.id%3Ahttps%3A%2F%2Fopenalex.org%2FA5024161948&per-page=200&cursor=Ils2NC4wLCAwLCAnaHR0cHM6Ly9vcGVuYWxleC5vcmcvVzI4OTY1NDMwMDEnXSI%3D HTTP/1.1" 200 140
[2025-09-05 06:54:38,780] DEBUG: Fetched 0 results at cursor 'Ils2NC4wLCAwLCAnaHR0cHM6Ly9vcGVuYWxleC5vcmcvVzI4OTY1NDMwMDEnXSI='
[2025-09-05 06:54:38,808] DEBUG: Flattened df_all missing expected columns: ['host_venue__display_name', 'author_name', 'author_openalex_id']
[2025-09-05 06:54:38,823] INFO: Appended 18 lifetime works for Kristen Conn
[2025-09-05 06:54:38,825] INFO: Appended 4 last-5y works for Kristen Conn
[2025-09-05 06:54:38,826] INFO: Processing John Ellis (A5007566988)
[2025-09-05 06:54:38,826] INFO: OpenAlex fetch for https://openalex.org/A5007566988 (last 5 years >= 2021)
[2025-09-05 06:54:38,827] DEBUG: Starting new HTTPS connection (1): api.openalex.org:443
[2025-09-05 06:54:39,311] DEBUG: https://api.openalex.org:443 "GET /works?filter=author.id%3Ahttps%3A%2F%2Fopenalex.org%2FA5007566988&per-page=200&cursor=%2A HTTP/1.1" 200 548789
[2025-09-05 06:54:39,416] DEBUG: Fetched 200 results at cursor '*'
[2025-09-05 06:54:39,417] DEBUG: Starting new HTTPS connection (1): api.openalex.org:443
[2025-09-05 06:54:39,758] DEBUG: https://api.openalex.org:443 "GET /works?filter=author.id%3Ahttps%3A%2F%2Fopenalex.org%2FA5007566988&per-page=200&cursor=Ils5MS4wLCAxOSwgJ2h0dHBzOi8vb3BlbmFsZXgub3JnL1cyNzYzMjk0NzIxJ10i HTTP/1.1" 200 444671
[2025-09-05 06:54:39,821] DEBUG: Fetched 200 results at cursor 'Ils5MS4wLCAxOSwgJ2h0dHBzOi8vb3BlbmFsZXgub3JnL1cyNzYzMjk0NzIxJ10i'
[2025-09-05 06:54:39,822] DEBUG: Starting new HTTPS connection (1): api.openalex.org:443
[2025-09-05 06:54:39,952] DEBUG: https://api.openalex.org:443 "GET /works?filter=author.id%3Ahttps%3A%2F%2Fopenalex.org%2FA5007566988&per-page=200&cursor=Ils2OS4wLCAxLCAnaHR0cHM6Ly9vcGVuYWxleC5vcmcvVzI5NDQ1MTYwMTMnXSI%3D HTTP/1.1" 200 178252
[2025-09-05 06:54:39,975] DEBUG: Fetched 103 results at cursor 'Ils2OS4wLCAxLCAnaHR0cHM6Ly9vcGVuYWxleC5vcmcvVzI5NDQ1MTYwMTMnXSI='
[2025-09-05 06:54:39,976] DEBUG: Starting new HTTPS connection (1): api.openalex.org:443
[2025-09-05 06:54:40,242] DEBUG: https://api.openalex.org:443 "GET /works?filter=author.id%3Ahttps%3A%2F%2Fopenalex.org%2FA5007566988&per-page=200&cursor=Ils1My4wLCAwLCAnaHR0cHM6Ly9vcGVuYWxleC5vcmcvVzQyNTYzMjc2MzYnXSI%3D HTTP/1.1" 200 142
[2025-09-05 06:54:40,244] DEBUG: Fetched 0 results at cursor 'Ils1My4wLCAwLCAnaHR0cHM6Ly9vcGVuYWxleC5vcmcvVzQyNTYzMjc2MzYnXSI='
[2025-09-05 06:54:40,919] DEBUG: Flattened df_all missing expected columns: ['host_venue__display_name', 'author_name', 'author_openalex_id']
[2025-09-05 06:54:40,940] INFO: Appended 503 lifetime works for John Ellis
[2025-09-05 06:54:40,944] INFO: Appended 47 last-5y works for John Ellis
[2025-09-05 06:54:40,945] INFO: Processing Volker Gerdts (A5054537882)
[2025-09-05 06:54:40,945] INFO: OpenAlex fetch for https://openalex.org/A5054537882 (last 5 years >= 2021)
[2025-09-05 06:54:40,946] DEBUG: Starting new HTTPS connection (1): api.openalex.org:443
[2025-09-05 06:54:41,402] DEBUG: https://api.openalex.org:443 "GET /works?filter=author.id%3Ahttps%3A%2F%2Fopenalex.org%2FA5054537882&per-page=200&cursor=%2A HTTP/1.1" 200 598558
[2025-09-05 06:54:41,539] DEBUG: Fetched 200 results at cursor '*'
[2025-09-05 06:54:41,540] DEBUG: Starting new HTTPS connection (1): api.openalex.org:443
[2025-09-05 06:54:41,636] DEBUG: https://api.openalex.org:443 "GET /works?filter=author.id%3Ahttps%3A%2F%2Fopenalex.org%2FA5054537882&per-page=200&cursor=Ils2MC4wLCAwLCAnaHR0cHM6Ly9vcGVuYWxleC5vcmcvVzMwODgwMzcwNjEnXSI%3D HTTP/1.1" 200 10593
[2025-09-05 06:54:41,638] DEBUG: Fetched 6 results at cursor 'Ils2MC4wLCAwLCAnaHR0cHM6Ly9vcGVuYWxleC5vcmcvVzMwODgwMzcwNjEnXSI='
[2025-09-05 06:54:41,639] DEBUG: Starting new HTTPS connection (1): api.openalex.org:443
[2025-09-05 06:54:41,719] DEBUG: https://api.openalex.org:443 "GET /works?filter=author.id%3Ahttps%3A%2F%2Fopenalex.org%2FA5054537882&per-page=200&cursor=Ils1Ni4wLCAwLCAnaHR0cHM6Ly9vcGVuYWxleC5vcmcvVzMyMTcxNTYxODQnXSI%3D HTTP/1.1" 200 142
[2025-09-05 06:54:41,720] DEBUG: Fetched 0 results at cursor 'Ils1Ni4wLCAwLCAnaHR0cHM6Ly9vcGVuYWxleC5vcmcvVzMyMTcxNTYxODQnXSI='
[2025-09-05 06:54:41,941] DEBUG: Flattened df_all missing expected columns: ['host_venue__display_name', 'author_name', 'author_openalex_id']
[2025-09-05 06:54:41,976] INFO: Appended 206 lifetime works for Volker Gerdts
[2025-09-05 06:54:41,980] INFO: Appended 49 last-5y works for Volker Gerdts
[2025-09-05 06:54:41,980] INFO: Processing Emily Jenkins (A5075278671)
[2025-09-05 06:54:41,980] INFO: OpenAlex fetch for https://openalex.org/A5075278671 (last 5 years >= 2021)
[2025-09-05 06:54:41,981] DEBUG: Starting new HTTPS connection (1): api.openalex.org:443
[2025-09-05 06:54:42,166] DEBUG: https://api.openalex.org:443 "GET /works?filter=author.id%3Ahttps%3A%2F%2Fopenalex.org%2FA5075278671&per-page=200&cursor=%2A HTTP/1.1" 200 593859
[2025-09-05 06:54:42,213] DEBUG: Fetched 177 results at cursor '*'
[2025-09-05 06:54:42,214] DEBUG: Starting new HTTPS connection (1): api.openalex.org:443
[2025-09-05 06:54:42,505] DEBUG: https://api.openalex.org:443 "GET /works?filter=author.id%3Ahttps%3A%2F%2Fopenalex.org%2FA5075278671&per-page=200&cursor=Ils1Ni4wLCAwLCAnaHR0cHM6Ly9vcGVuYWxleC5vcmcvVzMyMTEwMTg2MzcnXSI%3D HTTP/1.1" 200 142
[2025-09-05 06:54:42,507] DEBUG: Fetched 0 results at cursor 'Ils1Ni4wLCAwLCAnaHR0cHM6Ly9vcGVuYWxleC5vcmcvVzMyMTEwMTg2MzcnXSI='
[2025-09-05 06:54:42,838] DEBUG: Flattened df_all missing expected columns: ['host_venue__display_name', 'author_name', 'author_openalex_id']
[2025-09-05 06:54:42,860] INFO: Appended 177 lifetime works for Emily Jenkins
[2025-09-05 06:54:42,865] INFO: Appended 63 last-5y works for Emily Jenkins
[2025-09-05 06:54:42,865] INFO: Processing Joseph Rubin (A5032938268)
[2025-09-05 06:54:42,865] INFO: OpenAlex fetch for https://openalex.org/A5032938268 (last 5 years >= 2021)
[2025-09-05 06:54:42,866] DEBUG: Starting new HTTPS connection (1): api.openalex.org:443
[2025-09-05 06:54:42,992] DEBUG: https://api.openalex.org:443 "GET /works?filter=author.id%3Ahttps%3A%2F%2Fopenalex.org%2FA5032938268&per-page=200&cursor=%2A HTTP/1.1" 200 190656
[2025-09-05 06:54:43,013] DEBUG: Fetched 79 results at cursor '*'
[2025-09-05 06:54:43,014] DEBUG: Starting new HTTPS connection (1): api.openalex.org:443
[2025-09-05 06:54:43,090] DEBUG: https://api.openalex.org:443 "GET /works?filter=author.id%3Ahttps%3A%2F%2Fopenalex.org%2FA5032938268&per-page=200&cursor=Ils1OC4wLCAwLCAnaHR0cHM6Ly9vcGVuYWxleC5vcmcvVzQzMDE4MTkxMTInXSI%3D HTTP/1.1" 200 140
[2025-09-05 06:54:43,091] DEBUG: Fetched 0 results at cursor 'Ils1OC4wLCAwLCAnaHR0cHM6Ly9vcGVuYWxleC5vcmcvVzQzMDE4MTkxMTInXSI='
[2025-09-05 06:54:43,173] DEBUG: Flattened df_all missing expected columns: ['host_venue__display_name', 'author_name', 'author_openalex_id']
[2025-09-05 06:54:43,194] INFO: Appended 79 lifetime works for Joseph Rubin
[2025-09-05 06:54:43,196] INFO: Appended 18 last-5y works for Joseph Rubin
[2025-09-05 06:54:43,197] INFO: Processing Tony Ruzzini (A5016372093)
[2025-09-05 06:54:43,197] INFO: OpenAlex fetch for https://openalex.org/A5016372093 (last 5 years >= 2021)
[2025-09-05 06:54:43,198] DEBUG: Starting new HTTPS connection (1): api.openalex.org:443
[2025-09-05 06:54:43,353] DEBUG: https://api.openalex.org:443 "GET /works?filter=author.id%3Ahttps%3A%2F%2Fopenalex.org%2FA5016372093&per-page=200&cursor=%2A HTTP/1.1" 200 104009
[2025-09-05 06:54:43,403] DEBUG: Fetched 37 results at cursor '*'
[2025-09-05 06:54:43,404] DEBUG: Starting new HTTPS connection (1): api.openalex.org:443
[2025-09-05 06:54:43,677] DEBUG: https://api.openalex.org:443 "GET /works?filter=author.id%3Ahttps%3A%2F%2Fopenalex.org%2FA5016372093&per-page=200&cursor=Ils2MS4wLCAwLCAnaHR0cHM6Ly9vcGVuYWxleC5vcmcvVzI5NzA5NjgzMTYnXSI%3D HTTP/1.1" 200 141
[2025-09-05 06:54:43,679] DEBUG: Fetched 0 results at cursor 'Ils2MS4wLCAwLCAnaHR0cHM6Ly9vcGVuYWxleC5vcmcvVzI5NzA5NjgzMTYnXSI='
[2025-09-05 06:54:43,725] DEBUG: Flattened df_all missing expected columns: ['host_venue__display_name', 'author_name', 'author_openalex_id']
[2025-09-05 06:54:43,733] INFO: Appended 37 lifetime works for Tony Ruzzini
[2025-09-05 06:54:43,736] INFO: Appended 12 last-5y works for Tony Ruzzini
[2025-09-05 06:54:43,736] INFO: Processing Maarten Voordouw (A5026690931)
[2025-09-05 06:54:43,736] INFO: OpenAlex fetch for https://openalex.org/A5026690931 (last 5 years >= 2021)
[2025-09-05 06:54:43,737] DEBUG: Starting new HTTPS connection (1): api.openalex.org:443
[2025-09-05 06:54:43,972] DEBUG: https://api.openalex.org:443 "GET /works?filter=author.id%3Ahttps%3A%2F%2Fopenalex.org%2FA5026690931&per-page=200&cursor=%2A HTTP/1.1" 200 295590
[2025-09-05 06:54:44,001] DEBUG: Fetched 96 results at cursor '*'
[2025-09-05 06:54:44,002] DEBUG: Starting new HTTPS connection (1): api.openalex.org:443
[2025-09-05 06:54:44,145] DEBUG: https://api.openalex.org:443 "GET /works?filter=author.id%3Ahttps%3A%2F%2Fopenalex.org%2FA5026690931&per-page=200&cursor=Ils1Ni4wLCAwLCAnaHR0cHM6Ly9vcGVuYWxleC5vcmcvVzQzOTQwODAwNzgnXSI%3D HTTP/1.1" 200 141
[2025-09-05 06:54:44,146] DEBUG: Fetched 0 results at cursor 'Ils1Ni4wLCAwLCAnaHR0cHM6Ly9vcGVuYWxleC5vcmcvVzQzOTQwODAwNzgnXSI='
[2025-09-05 06:54:44,237] DEBUG: Flattened df_all missing expected columns: ['host_venue__display_name', 'author_name', 'author_openalex_id']
[2025-09-05 06:54:44,246] INFO: Appended 96 lifetime works for Maarten Voordouw
[2025-09-05 06:54:44,249] INFO: Appended 26 last-5y works for Maarten Voordouw
[2025-09-05 06:54:44,249] INFO: Processing Arinjay Banerjee (A5050567215)
[2025-09-05 06:54:44,249] INFO: OpenAlex fetch for https://openalex.org/A5050567215 (last 5 years >= 2021)
[2025-09-05 06:54:44,250] DEBUG: Starting new HTTPS connection (1): api.openalex.org:443
[2025-09-05 06:54:44,468] DEBUG: https://api.openalex.org:443 "GET /works?filter=author.id%3Ahttps%3A%2F%2Fopenalex.org%2FA5050567215&per-page=200&cursor=%2A HTTP/1.1" 200 429687
[2025-09-05 06:54:44,521] DEBUG: Fetched 110 results at cursor '*'
[2025-09-05 06:54:44,522] DEBUG: Starting new HTTPS connection (1): api.openalex.org:443
[2025-09-05 06:54:44,654] DEBUG: https://api.openalex.org:443 "GET /works?filter=author.id%3Ahttps%3A%2F%2Fopenalex.org%2FA5050567215&per-page=200&cursor=Ils1Ni4wLCAwLCAnaHR0cHM6Ly9vcGVuYWxleC5vcmcvVzMxNzYwNDkxMTYnXSI%3D HTTP/1.1" 200 141
[2025-09-05 06:54:44,656] DEBUG: Fetched 0 results at cursor 'Ils1Ni4wLCAwLCAnaHR0cHM6Ly9vcGVuYWxleC5vcmcvVzMxNzYwNDkxMTYnXSI='
[2025-09-05 06:54:44,804] DEBUG: Flattened df_all missing expected columns: ['host_venue__display_name', 'author_name', 'author_openalex_id']
[2025-09-05 06:54:44,817] INFO: Appended 110 lifetime works for Arinjay Banerjee
[2025-09-05 06:54:44,823] INFO: Appended 72 last-5y works for Arinjay Banerjee
[2025-09-05 06:54:44,823] INFO: Processing Jeffrey Chen (a5000375230)
[2025-09-05 06:54:44,823] INFO: OpenAlex fetch for https://openalex.org/a5000375230 (last 5 years >= 2021)
[2025-09-05 06:54:44,824] DEBUG: Starting new HTTPS connection (1): api.openalex.org:443
[2025-09-05 06:54:45,186] DEBUG: https://api.openalex.org:443 "GET /works?filter=author.id%3Ahttps%3A%2F%2Fopenalex.org%2Fa5000375230&per-page=200&cursor=%2A HTTP/1.1" 200 86296
[2025-09-05 06:54:45,220] DEBUG: Fetched 30 results at cursor '*'
[2025-09-05 06:54:45,221] DEBUG: Starting new HTTPS connection (1): api.openalex.org:443
[2025-09-05 06:54:45,298] DEBUG: https://api.openalex.org:443 "GET /works?filter=author.id%3Ahttps%3A%2F%2Fopenalex.org%2Fa5000375230&per-page=200&cursor=Ils1Ni4wLCAwLCAnaHR0cHM6Ly9vcGVuYWxleC5vcmcvVzMyMDg4MDU3MjQnXSI%3D HTTP/1.1" 200 140
[2025-09-05 06:54:45,299] DEBUG: Fetched 0 results at cursor 'Ils1Ni4wLCAwLCAnaHR0cHM6Ly9vcGVuYWxleC5vcmcvVzMyMDg4MDU3MjQnXSI='
[2025-09-05 06:54:45,339] DEBUG: Flattened df_all missing expected columns: ['host_venue__display_name', 'author_name', 'author_openalex_id']
[2025-09-05 06:54:45,351] INFO: Appended 30 lifetime works for Jeffrey Chen
[2025-09-05 06:54:45,353] INFO: Appended 9 last-5y works for Jeffrey Chen
[2025-09-05 06:54:45,353] INFO: Processing Antonio Facciuolo (A5088785492)
[2025-09-05 06:54:45,353] INFO: OpenAlex fetch for https://openalex.org/A5088785492 (last 5 years >= 2021)
[2025-09-05 06:54:45,354] DEBUG: Starting new HTTPS connection (1): api.openalex.org:443
[2025-09-05 06:54:45,686] DEBUG: https://api.openalex.org:443 "GET /works?filter=author.id%3Ahttps%3A%2F%2Fopenalex.org%2FA5088785492&per-page=200&cursor=%2A HTTP/1.1" 200 88343
[2025-09-05 06:54:45,732] DEBUG: Fetched 27 results at cursor '*'
[2025-09-05 06:54:45,733] DEBUG: Starting new HTTPS connection (1): api.openalex.org:443
[2025-09-05 06:54:45,998] DEBUG: https://api.openalex.org:443 "GET /works?filter=author.id%3Ahttps%3A%2F%2Fopenalex.org%2FA5088785492&per-page=200&cursor=Ils2My4wLCAwLCAnaHR0cHM6Ly9vcGVuYWxleC5vcmcvVzQzODczNzY0NDgnXSI%3D HTTP/1.1" 200 141
[2025-09-05 06:54:45,999] DEBUG: Fetched 0 results at cursor 'Ils2My4wLCAwLCAnaHR0cHM6Ly9vcGVuYWxleC5vcmcvVzQzODczNzY0NDgnXSI='
[2025-09-05 06:54:46,041] DEBUG: Flattened df_all missing expected columns: ['host_venue__display_name', 'author_name', 'author_openalex_id']
[2025-09-05 06:54:46,047] INFO: Appended 27 lifetime works for Antonio Facciuolo
[2025-09-05 06:54:46,049] INFO: Appended 17 last-5y works for Antonio Facciuolo
[2025-09-05 06:54:46,049] INFO: Processing Darryl Falzarano (A5041967571)
[2025-09-05 06:54:46,050] INFO: OpenAlex fetch for https://openalex.org/A5041967571 (last 5 years >= 2021)
[2025-09-05 06:54:46,051] DEBUG: Starting new HTTPS connection (1): api.openalex.org:443
[2025-09-05 06:54:46,262] DEBUG: https://api.openalex.org:443 "GET /works?filter=author.id%3Ahttps%3A%2F%2Fopenalex.org%2FA5041967571&per-page=200&cursor=%2A HTTP/1.1" 200 476474
[2025-09-05 06:54:46,302] DEBUG: Fetched 132 results at cursor '*'
[2025-09-05 06:54:46,303] DEBUG: Starting new HTTPS connection (1): api.openalex.org:443
[2025-09-05 06:54:46,565] DEBUG: https://api.openalex.org:443 "GET /works?filter=author.id%3Ahttps%3A%2F%2Fopenalex.org%2FA5041967571&per-page=200&cursor=Ils1Ni4wLCAwLCAnaHR0cHM6Ly9vcGVuYWxleC5vcmcvVzMyMTQ5NTI4NDInXSI%3D HTTP/1.1" 200 141
[2025-09-05 06:54:46,567] DEBUG: Fetched 0 results at cursor 'Ils1Ni4wLCAwLCAnaHR0cHM6Ly9vcGVuYWxleC5vcmcvVzMyMTQ5NTI4NDInXSI='
[2025-09-05 06:54:46,731] DEBUG: Flattened df_all missing expected columns: ['host_venue__display_name', 'author_name', 'author_openalex_id']
[2025-09-05 06:54:46,742] INFO: Appended 132 lifetime works for Darryl Falzarano
[2025-09-05 06:54:46,747] INFO: Appended 70 last-5y works for Darryl Falzarano
[2025-09-05 06:54:46,747] INFO: Processing Kazal Ghosh (A5073467123)
[2025-09-05 06:54:46,747] INFO: OpenAlex fetch for https://openalex.org/A5073467123 (last 5 years >= 2021)
[2025-09-05 06:54:46,748] DEBUG: Starting new HTTPS connection (1): api.openalex.org:443
[2025-09-05 06:54:46,864] DEBUG: https://api.openalex.org:443 "GET /works?filter=author.id%3Ahttps%3A%2F%2Fopenalex.org%2FA5073467123&per-page=200&cursor=%2A HTTP/1.1" 200 23145
[2025-09-05 06:54:46,889] DEBUG: Fetched 9 results at cursor '*'
[2025-09-05 06:54:46,890] DEBUG: Starting new HTTPS connection (1): api.openalex.org:443
[2025-09-05 06:54:47,005] DEBUG: https://api.openalex.org:443 "GET /works?filter=author.id%3Ahttps%3A%2F%2Fopenalex.org%2FA5073467123&per-page=200&cursor=Ils1OC4wLCAwLCAnaHR0cHM6Ly9vcGVuYWxleC5vcmcvVzQzMjEwMDMxOTknXSI%3D HTTP/1.1" 200 139
[2025-09-05 06:54:47,007] DEBUG: Fetched 0 results at cursor 'Ils1OC4wLCAwLCAnaHR0cHM6Ly9vcGVuYWxleC5vcmcvVzQzMjEwMDMxOTknXSI='
[2025-09-05 06:54:47,025] DEBUG: Flattened df_all missing expected columns: ['host_venue__display_name', 'author_name', 'author_openalex_id']
[2025-09-05 06:54:47,037] INFO: Appended 9 lifetime works for Kazal Ghosh
[2025-09-05 06:54:47,040] INFO: Appended 7 last-5y works for Kazal Ghosh
[2025-09-05 06:54:47,040] INFO: Processing Uladzimir Karniychuk (a5012825986)
[2025-09-05 06:54:47,040] INFO: OpenAlex fetch for https://openalex.org/a5012825986 (last 5 years >= 2021)
[2025-09-05 06:54:47,041] DEBUG: Starting new HTTPS connection (1): api.openalex.org:443
[2025-09-05 06:54:47,222] DEBUG: https://api.openalex.org:443 "GET /works?filter=author.id%3Ahttps%3A%2F%2Fopenalex.org%2Fa5012825986&per-page=200&cursor=%2A HTTP/1.1" 200 139039
[2025-09-05 06:54:47,273] DEBUG: Fetched 62 results at cursor '*'
[2025-09-05 06:54:47,274] DEBUG: Starting new HTTPS connection (1): api.openalex.org:443
[2025-09-05 06:54:47,399] DEBUG: https://api.openalex.org:443 "GET /works?filter=author.id%3Ahttps%3A%2F%2Fopenalex.org%2Fa5012825986&per-page=200&cursor=Ils2MS4wLCAwLCAnaHR0cHM6Ly9vcGVuYWxleC5vcmcvVzQzOTQ0NDg4MzQnXSI%3D HTTP/1.1" 200 140
[2025-09-05 06:54:47,401] DEBUG: Fetched 0 results at cursor 'Ils2MS4wLCAwLCAnaHR0cHM6Ly9vcGVuYWxleC5vcmcvVzQzOTQ0NDg4MzQnXSI='
[2025-09-05 06:54:47,449] DEBUG: Flattened df_all missing expected columns: ['host_venue__display_name', 'author_name', 'author_openalex_id']
[2025-09-05 06:54:47,455] INFO: Appended 62 lifetime works for Uladzimir Karniychuk
[2025-09-05 06:54:47,458] INFO: Appended 15 last-5y works for Uladzimir Karniychuk
[2025-09-05 06:54:47,458] INFO: Processing Wolfgang Koester (a5053166362)
[2025-09-05 06:54:47,458] INFO: OpenAlex fetch for https://openalex.org/a5053166362 (last 5 years >= 2021)
[2025-09-05 06:54:47,459] DEBUG: Starting new HTTPS connection (1): api.openalex.org:443
[2025-09-05 06:54:47,600] DEBUG: https://api.openalex.org:443 "GET /works?filter=author.id%3Ahttps%3A%2F%2Fopenalex.org%2Fa5053166362&per-page=200&cursor=%2A HTTP/1.1" 200 179558
[2025-09-05 06:54:47,621] DEBUG: Fetched 67 results at cursor '*'
[2025-09-05 06:54:47,622] DEBUG: Starting new HTTPS connection (1): api.openalex.org:443
[2025-09-05 06:54:47,748] DEBUG: https://api.openalex.org:443 "GET /works?filter=author.id%3Ahttps%3A%2F%2Fopenalex.org%2Fa5053166362&per-page=200&cursor=Ils1My4wLCAwLCAnaHR0cHM6Ly9vcGVuYWxleC5vcmcvVzE1Mzg4NzQ0MSddIg%3D%3D HTTP/1.1" 200 141
[2025-09-05 06:54:47,750] DEBUG: Fetched 0 results at cursor 'Ils1My4wLCAwLCAnaHR0cHM6Ly9vcGVuYWxleC5vcmcvVzE1Mzg4NzQ0MSddIg=='
[2025-09-05 06:54:47,816] DEBUG: Flattened df_all missing expected columns: ['host_venue__display_name', 'author_name', 'author_openalex_id']
[2025-09-05 06:54:47,824] INFO: Appended 67 lifetime works for Wolfgang Koester
[2025-09-05 06:54:47,827] INFO: Appended 11 last-5y works for Wolfgang Koester
[2025-09-05 06:54:47,827] INFO: Processing Qiang Liu (A5100409525)
[2025-09-05 06:54:47,827] INFO: OpenAlex fetch for https://openalex.org/A5100409525 (last 5 years >= 2021)
[2025-09-05 06:54:47,828] DEBUG: Starting new HTTPS connection (1): api.openalex.org:443
[2025-09-05 06:54:47,956] DEBUG: https://api.openalex.org:443 "GET /works?filter=author.id%3Ahttps%3A%2F%2Fopenalex.org%2FA5100409525&per-page=200&cursor=%2A HTTP/1.1" 200 269050
[2025-09-05 06:54:47,984] DEBUG: Fetched 97 results at cursor '*'
[2025-09-05 06:54:47,985] DEBUG: Starting new HTTPS connection (1): api.openalex.org:443
[2025-09-05 06:54:48,239] DEBUG: https://api.openalex.org:443 "GET /works?filter=author.id%3Ahttps%3A%2F%2Fopenalex.org%2FA5100409525&per-page=200&cursor=Ils1NS4wLCAwLCAnaHR0cHM6Ly9vcGVuYWxleC5vcmcvVzI3NzQ0Nzc2ODInXSI%3D HTTP/1.1" 200 141
[2025-09-05 06:54:48,240] DEBUG: Fetched 0 results at cursor 'Ils1NS4wLCAwLCAnaHR0cHM6Ly9vcGVuYWxleC5vcmcvVzI3NzQ0Nzc2ODInXSI='
[2025-09-05 06:54:48,353] DEBUG: Flattened df_all missing expected columns: ['host_venue__display_name', 'author_name', 'author_openalex_id']
[2025-09-05 06:54:48,363] INFO: Appended 97 lifetime works for Qiang Liu
[2025-09-05 06:54:48,366] INFO: Appended 25 last-5y works for Qiang Liu
[2025-09-05 06:54:48,366] INFO: Processing Musangu Ngeleka (a5018933207)
[2025-09-05 06:54:48,366] INFO: OpenAlex fetch for https://openalex.org/a5018933207 (last 5 years >= 2021)
[2025-09-05 06:54:48,367] DEBUG: Starting new HTTPS connection (1): api.openalex.org:443
[2025-09-05 06:54:48,505] DEBUG: https://api.openalex.org:443 "GET /works?filter=author.id%3Ahttps%3A%2F%2Fopenalex.org%2Fa5018933207&per-page=200&cursor=%2A HTTP/1.1" 200 110858
[2025-09-05 06:54:48,518] DEBUG: Fetched 42 results at cursor '*'
[2025-09-05 06:54:48,519] DEBUG: Starting new HTTPS connection (1): api.openalex.org:443
[2025-09-05 06:54:48,664] DEBUG: https://api.openalex.org:443 "GET /works?filter=author.id%3Ahttps%3A%2F%2Fopenalex.org%2Fa5018933207&per-page=200&cursor=Ils1Ni4wLCAwLCAnaHR0cHM6Ly9vcGVuYWxleC5vcmcvVzQyNDQ1NDM2MzMnXSI%3D HTTP/1.1" 200 141
[2025-09-05 06:54:48,666] DEBUG: Fetched 0 results at cursor 'Ils1Ni4wLCAwLCAnaHR0cHM6Ly9vcGVuYWxleC5vcmcvVzQyNDQ1NDM2MzMnXSI='
[2025-09-05 06:54:48,717] DEBUG: Flattened df_all missing expected columns: ['host_venue__display_name', 'author_name', 'author_openalex_id']
[2025-09-05 06:54:48,727] INFO: Appended 42 lifetime works for Musangu Ngeleka
[2025-09-05 06:54:48,727] INFO: No last-5y works for Musangu Ngeleka
[2025-09-05 06:54:48,727] INFO: Processing Jose Perez-casal (a5075533328)
[2025-09-05 06:54:48,727] INFO: OpenAlex fetch for https://openalex.org/a5075533328 (last 5 years >= 2021)
[2025-09-05 06:54:48,728] DEBUG: Starting new HTTPS connection (1): api.openalex.org:443
[2025-09-05 06:54:49,044] DEBUG: https://api.openalex.org:443 "GET /works?filter=author.id%3Ahttps%3A%2F%2Fopenalex.org%2Fa5075533328&per-page=200&cursor=%2A HTTP/1.1" 200 159463
[2025-09-05 06:54:49,081] DEBUG: Fetched 75 results at cursor '*'
[2025-09-05 06:54:49,082] DEBUG: Starting new HTTPS connection (1): api.openalex.org:443
[2025-09-05 06:54:49,356] DEBUG: https://api.openalex.org:443 "GET /works?filter=author.id%3Ahttps%3A%2F%2Fopenalex.org%2Fa5075533328&per-page=200&cursor=Ils1Ni4wLCAwLCAnaHR0cHM6Ly9vcGVuYWxleC5vcmcvVzQzOTQxMjMxNjEnXSI%3D HTTP/1.1" 200 140
[2025-09-05 06:54:49,357] DEBUG: Fetched 0 results at cursor 'Ils1Ni4wLCAwLCAnaHR0cHM6Ly9vcGVuYWxleC5vcmcvVzQzOTQxMjMxNjEnXSI='
[2025-09-05 06:54:49,411] DEBUG: Flattened df_all missing expected columns: ['host_venue__display_name', 'author_name', 'author_openalex_id']
[2025-09-05 06:54:49,419] INFO: Appended 75 lifetime works for Jose Perez-casal
[2025-09-05 06:54:49,421] INFO: Appended 11 last-5y works for Jose Perez-casal
[2025-09-05 06:54:49,421] INFO: Processing Camila Queiroz (a5061580720)
[2025-09-05 06:54:49,421] INFO: OpenAlex fetch for https://openalex.org/a5061580720 (last 5 years >= 2021)
[2025-09-05 06:54:49,422] DEBUG: Starting new HTTPS connection (1): api.openalex.org:443
[2025-09-05 06:54:49,542] DEBUG: https://api.openalex.org:443 "GET /works?filter=author.id%3Ahttps%3A%2F%2Fopenalex.org%2Fa5061580720&per-page=200&cursor=%2A HTTP/1.1" 200 18241
[2025-09-05 06:54:49,558] DEBUG: Fetched 7 results at cursor '*'
[2025-09-05 06:54:49,559] DEBUG: Starting new HTTPS connection (1): api.openalex.org:443
[2025-09-05 06:54:49,976] DEBUG: https://api.openalex.org:443 "GET /works?filter=author.id%3Ahttps%3A%2F%2Fopenalex.org%2Fa5061580720&per-page=200&cursor=Ils1Ni4wLCAwLCAnaHR0cHM6Ly9vcGVuYWxleC5vcmcvVzQzOTQxMTE1NTQnXSI%3D HTTP/1.1" 200 140
[2025-09-05 06:54:49,978] DEBUG: Fetched 0 results at cursor 'Ils1Ni4wLCAwLCAnaHR0cHM6Ly9vcGVuYWxleC5vcmcvVzQzOTQxMTE1NTQnXSI='
[2025-09-05 06:54:49,992] DEBUG: Flattened df_all missing expected columns: ['host_venue__display_name', 'author_name', 'author_openalex_id']
[2025-09-05 06:54:49,998] INFO: Appended 7 lifetime works for Camila Queiroz
[2025-09-05 06:54:50,000] INFO: Appended 1 last-5y works for Camila Queiroz
[2025-09-05 06:54:50,000] INFO: Processing Loki Snyman (a5095017105)
[2025-09-05 06:54:50,000] INFO: OpenAlex fetch for https://openalex.org/a5095017105 (last 5 years >= 2021)
[2025-09-05 06:54:50,001] DEBUG: Starting new HTTPS connection (1): api.openalex.org:443
[2025-09-05 06:54:50,137] DEBUG: https://api.openalex.org:443 "GET /works?filter=author.id%3Ahttps%3A%2F%2Fopenalex.org%2Fa5095017105&per-page=200&cursor=%2A HTTP/1.1" 200 1937
[2025-09-05 06:54:50,138] DEBUG: Fetched 1 results at cursor '*'
[2025-09-05 06:54:50,139] DEBUG: Starting new HTTPS connection (1): api.openalex.org:443
[2025-09-05 06:54:50,232] DEBUG: https://api.openalex.org:443 "GET /works?filter=author.id%3Ahttps%3A%2F%2Fopenalex.org%2Fa5095017105&per-page=200&cursor=Ils1Ni4wLCAwLCAnaHR0cHM6Ly9vcGVuYWxleC5vcmcvVzQzOTQzODc3MTMnXSI%3D HTTP/1.1" 200 140
[2025-09-05 06:54:50,234] DEBUG: Fetched 0 results at cursor 'Ils1Ni4wLCAwLCAnaHR0cHM6Ly9vcGVuYWxleC5vcmcvVzQzOTQzODc3MTMnXSI='
[2025-09-05 06:54:50,239] DEBUG: Flattened df_all missing expected columns: ['host_venue__display_name', 'author_name', 'author_openalex_id']
[2025-09-05 06:54:50,242] INFO: Appended 1 lifetime works for Loki Snyman
[2025-09-05 06:54:50,244] INFO: Appended 1 last-5y works for Loki Snyman
[2025-09-05 06:54:50,244] INFO: Processing Heather Wilson (A5002970194)
[2025-09-05 06:54:50,244] INFO: OpenAlex fetch for https://openalex.org/A5002970194 (last 5 years >= 2021)
[2025-09-05 06:54:50,245] DEBUG: Starting new HTTPS connection (1): api.openalex.org:443
[2025-09-05 06:54:50,486] DEBUG: https://api.openalex.org:443 "GET /works?filter=author.id%3Ahttps%3A%2F%2Fopenalex.org%2FA5002970194&per-page=200&cursor=%2A HTTP/1.1" 200 483820
[2025-09-05 06:54:50,525] DEBUG: Fetched 169 results at cursor '*'
[2025-09-05 06:54:50,526] DEBUG: Starting new HTTPS connection (1): api.openalex.org:443
[2025-09-05 06:54:50,634] DEBUG: https://api.openalex.org:443 "GET /works?filter=author.id%3Ahttps%3A%2F%2Fopenalex.org%2FA5002970194&per-page=200&cursor=Ils1My4wLCAwLCAnaHR0cHM6Ly9vcGVuYWxleC5vcmcvVzQyNDYxOTI2NTcnXSI%3D HTTP/1.1" 200 141
[2025-09-05 06:54:50,635] DEBUG: Fetched 0 results at cursor 'Ils1My4wLCAwLCAnaHR0cHM6Ly9vcGVuYWxleC5vcmcvVzQyNDYxOTI2NTcnXSI='
[2025-09-05 06:54:50,888] DEBUG: Flattened df_all missing expected columns: ['host_venue__display_name', 'author_name', 'author_openalex_id']
[2025-09-05 06:54:50,898] INFO: Appended 169 lifetime works for Heather Wilson
[2025-09-05 06:54:50,901] INFO: Appended 34 last-5y works for Heather Wilson
[2025-09-05 06:54:50,902] INFO: Processing Yan Zhou (A5032015135)
[2025-09-05 06:54:50,902] INFO: OpenAlex fetch for https://openalex.org/A5032015135 (last 5 years >= 2021)
[2025-09-05 06:54:50,903] DEBUG: Starting new HTTPS connection (1): api.openalex.org:443
[2025-09-05 06:54:51,054] DEBUG: https://api.openalex.org:443 "GET /works?filter=author.id%3Ahttps%3A%2F%2Fopenalex.org%2FA5032015135&per-page=200&cursor=%2A HTTP/1.1" 200 363972
[2025-09-05 06:54:51,109] DEBUG: Fetched 121 results at cursor '*'
[2025-09-05 06:54:51,110] DEBUG: Starting new HTTPS connection (1): api.openalex.org:443
[2025-09-05 06:54:51,197] DEBUG: https://api.openalex.org:443 "GET /works?filter=author.id%3Ahttps%3A%2F%2Fopenalex.org%2FA5032015135&per-page=200&cursor=Ils1NS4wLCAwLCAnaHR0cHM6Ly9vcGVuYWxleC5vcmcvVzI0MTE0NDk1NjAnXSI%3D HTTP/1.1" 200 141
[2025-09-05 06:54:51,199] DEBUG: Fetched 0 results at cursor 'Ils1NS4wLCAwLCAnaHR0cHM6Ly9vcGVuYWxleC5vcmcvVzI0MTE0NDk1NjAnXSI='
[2025-09-05 06:54:51,352] DEBUG: Flattened df_all missing expected columns: ['host_venue__display_name', 'author_name', 'author_openalex_id']
[2025-09-05 06:54:51,369] INFO: Appended 121 lifetime works for Yan Zhou
[2025-09-05 06:54:51,372] INFO: Appended 46 last-5y works for Yan Zhou
[2025-09-05 06:54:51,373] INFO: Processing Suresh Tikoo (A5028351806)
[2025-09-05 06:54:51,373] INFO: OpenAlex fetch for https://openalex.org/A5028351806 (last 5 years >= 2021)
[2025-09-05 06:54:51,374] DEBUG: Starting new HTTPS connection (1): api.openalex.org:443
[2025-09-05 06:54:51,578] DEBUG: https://api.openalex.org:443 "GET /works?filter=author.id%3Ahttps%3A%2F%2Fopenalex.org%2FA5028351806&per-page=200&cursor=%2A HTTP/1.1" 200 432596
[2025-09-05 06:54:51,675] DEBUG: Fetched 183 results at cursor '*'
[2025-09-05 06:54:51,676] DEBUG: Starting new HTTPS connection (1): api.openalex.org:443
[2025-09-05 06:54:51,765] DEBUG: https://api.openalex.org:443 "GET /works?filter=author.id%3Ahttps%3A%2F%2Fopenalex.org%2FA5028351806&per-page=200&cursor=Ils1My4wLCAwLCAnaHR0cHM6Ly9vcGVuYWxleC5vcmcvVzMyMDI5MjM4OTQnXSI%3D HTTP/1.1" 200 141
[2025-09-05 06:54:51,766] DEBUG: Fetched 0 results at cursor 'Ils1My4wLCAwLCAnaHR0cHM6Ly9vcGVuYWxleC5vcmcvVzMyMDI5MjM4OTQnXSI='
[2025-09-05 06:54:51,919] DEBUG: Flattened df_all missing expected columns: ['host_venue__display_name', 'author_name', 'author_openalex_id']
[2025-09-05 06:54:51,935] INFO: Appended 183 lifetime works for Suresh Tikoo
[2025-09-05 06:54:51,938] INFO: Appended 27 last-5y works for Suresh Tikoo
[2025-09-05 06:54:51,939] INFO: Processing Manuel Chirino (a5073090598)
[2025-09-05 06:54:51,939] INFO: OpenAlex fetch for https://openalex.org/a5073090598 (last 5 years >= 2021)
[2025-09-05 06:54:51,940] DEBUG: Starting new HTTPS connection (1): api.openalex.org:443
[2025-09-05 06:54:52,094] DEBUG: https://api.openalex.org:443 "GET /works?filter=author.id%3Ahttps%3A%2F%2Fopenalex.org%2Fa5073090598&per-page=200&cursor=%2A HTTP/1.1" 200 154105
[2025-09-05 06:54:52,112] DEBUG: Fetched 68 results at cursor '*'
[2025-09-05 06:54:52,113] DEBUG: Starting new HTTPS connection (1): api.openalex.org:443
[2025-09-05 06:54:52,194] DEBUG: https://api.openalex.org:443 "GET /works?filter=author.id%3Ahttps%3A%2F%2Fopenalex.org%2Fa5073090598&per-page=200&cursor=Ils1Ny4wLCAwLCAnaHR0cHM6Ly9vcGVuYWxleC5vcmcvVzMxNzU0NDMwMDEnXSI%3D HTTP/1.1" 200 141
[2025-09-05 06:54:52,195] DEBUG: Fetched 0 results at cursor 'Ils1Ny4wLCAwLCAnaHR0cHM6Ly9vcGVuYWxleC5vcmcvVzMxNzU0NDMwMDEnXSI='
[2025-09-05 06:54:52,262] DEBUG: Flattened df_all missing expected columns: ['host_venue__display_name', 'author_name', 'author_openalex_id']
[2025-09-05 06:54:52,276] INFO: Appended 68 lifetime works for Manuel Chirino
[2025-09-05 06:54:52,278] INFO: Appended 1 last-5y works for Manuel Chirino
[2025-09-05 06:54:52,278] INFO: Processing Debbie Haines (a5070489863)
[2025-09-05 06:54:52,278] INFO: OpenAlex fetch for https://openalex.org/a5070489863 (last 5 years >= 2021)
[2025-09-05 06:54:52,279] DEBUG: Starting new HTTPS connection (1): api.openalex.org:443
[2025-09-05 06:54:52,448] DEBUG: https://api.openalex.org:443 "GET /works?filter=author.id%3Ahttps%3A%2F%2Fopenalex.org%2Fa5070489863&per-page=200&cursor=%2A HTTP/1.1" 200 464605
[2025-09-05 06:54:52,503] DEBUG: Fetched 200 results at cursor '*'
[2025-09-05 06:54:52,504] DEBUG: Starting new HTTPS connection (1): api.openalex.org:443
[2025-09-05 06:54:52,683] DEBUG: https://api.openalex.org:443 "GET /works?filter=author.id%3Ahttps%3A%2F%2Fopenalex.org%2Fa5070489863&per-page=200&cursor=Ils2My4wLCAwLCAnaHR0cHM6Ly9vcGVuYWxleC5vcmcvVzIyNjU2NDIwNzMnXSI%3D HTTP/1.1" 200 22637
[2025-09-05 06:54:52,690] DEBUG: Fetched 13 results at cursor 'Ils2My4wLCAwLCAnaHR0cHM6Ly9vcGVuYWxleC5vcmcvVzIyNjU2NDIwNzMnXSI='
[2025-09-05 06:54:52,691] DEBUG: Starting new HTTPS connection (1): api.openalex.org:443
[2025-09-05 06:54:52,787] DEBUG: https://api.openalex.org:443 "GET /works?filter=author.id%3Ahttps%3A%2F%2Fopenalex.org%2Fa5070489863&per-page=200&cursor=Ils1My4wLCAwLCAnaHR0cHM6Ly9vcGVuYWxleC5vcmcvVzQyMzY4Njc1MjAnXSI%3D HTTP/1.1" 200 141
[2025-09-05 06:54:52,788] DEBUG: Fetched 0 results at cursor 'Ils1My4wLCAwLCAnaHR0cHM6Ly9vcGVuYWxleC5vcmcvVzQyMzY4Njc1MjAnXSI='
[2025-09-05 06:54:53,041] DEBUG: Flattened df_all missing expected columns: ['host_venue__display_name', 'author_name', 'author_openalex_id']
[2025-09-05 06:54:53,055] INFO: Appended 213 lifetime works for Debbie Haines
[2025-09-05 06:54:53,058] INFO: Appended 12 last-5y works for Debbie Haines
[2025-09-05 06:54:53,058] INFO: Processing Vikram Misra (A5018540324)
[2025-09-05 06:54:53,058] INFO: OpenAlex fetch for https://openalex.org/A5018540324 (last 5 years >= 2021)
[2025-09-05 06:54:53,059] DEBUG: Starting new HTTPS connection (1): api.openalex.org:443
[2025-09-05 06:54:53,243] DEBUG: https://api.openalex.org:443 "GET /works?filter=author.id%3Ahttps%3A%2F%2Fopenalex.org%2FA5018540324&per-page=200&cursor=%2A HTTP/1.1" 200 428223
[2025-09-05 06:54:53,281] DEBUG: Fetched 158 results at cursor '*'
[2025-09-05 06:54:53,282] DEBUG: Starting new HTTPS connection (1): api.openalex.org:443
[2025-09-05 06:54:53,537] DEBUG: https://api.openalex.org:443 "GET /works?filter=author.id%3Ahttps%3A%2F%2Fopenalex.org%2FA5018540324&per-page=200&cursor=Ils1My4wLCAwLCAnaHR0cHM6Ly9vcGVuYWxleC5vcmcvVzIxNDQ0ODI4NjMnXSI%3D HTTP/1.1" 200 141
[2025-09-05 06:54:53,539] DEBUG: Fetched 0 results at cursor 'Ils1My4wLCAwLCAnaHR0cHM6Ly9vcGVuYWxleC5vcmcvVzIxNDQ0ODI4NjMnXSI='
[2025-09-05 06:54:53,777] DEBUG: Flattened df_all missing expected columns: ['host_venue__display_name', 'author_name', 'author_openalex_id']
[2025-09-05 06:54:53,796] INFO: Appended 158 lifetime works for Vikram Misra
[2025-09-05 06:54:53,799] INFO: Appended 16 last-5y works for Vikram Misra
[2025-09-05 06:54:53,799] INFO: Processing Lydden Polley (a5070489863)
[2025-09-05 06:54:53,800] INFO: OpenAlex fetch for https://openalex.org/a5070489863 (last 5 years >= 2021)
[2025-09-05 06:54:53,801] DEBUG: Starting new HTTPS connection (1): api.openalex.org:443
[2025-09-05 06:54:53,977] DEBUG: https://api.openalex.org:443 "GET /works?filter=author.id%3Ahttps%3A%2F%2Fopenalex.org%2Fa5070489863&per-page=200&cursor=%2A HTTP/1.1" 200 464605
[2025-09-05 06:54:54,022] DEBUG: Fetched 200 results at cursor '*'
[2025-09-05 06:54:54,023] DEBUG: Starting new HTTPS connection (1): api.openalex.org:443
[2025-09-05 06:54:54,201] DEBUG: https://api.openalex.org:443 "GET /works?filter=author.id%3Ahttps%3A%2F%2Fopenalex.org%2Fa5070489863&per-page=200&cursor=Ils2My4wLCAwLCAnaHR0cHM6Ly9vcGVuYWxleC5vcmcvVzIyNjU2NDIwNzMnXSI%3D HTTP/1.1" 200 22637
[2025-09-05 06:54:54,206] DEBUG: Fetched 13 results at cursor 'Ils2My4wLCAwLCAnaHR0cHM6Ly9vcGVuYWxleC5vcmcvVzIyNjU2NDIwNzMnXSI='
[2025-09-05 06:54:54,207] DEBUG: Starting new HTTPS connection (1): api.openalex.org:443
[2025-09-05 06:54:54,340] DEBUG: https://api.openalex.org:443 "GET /works?filter=author.id%3Ahttps%3A%2F%2Fopenalex.org%2Fa5070489863&per-page=200&cursor=Ils1My4wLCAwLCAnaHR0cHM6Ly9vcGVuYWxleC5vcmcvVzQyMzY4Njc1MjAnXSI%3D HTTP/1.1" 200 141
[2025-09-05 06:54:54,341] DEBUG: Fetched 0 results at cursor 'Ils1My4wLCAwLCAnaHR0cHM6Ly9vcGVuYWxleC5vcmcvVzQyMzY4Njc1MjAnXSI='
[2025-09-05 06:54:54,590] DEBUG: Flattened df_all missing expected columns: ['host_venue__display_name', 'author_name', 'author_openalex_id']
[2025-09-05 06:54:54,608] INFO: Appended 213 lifetime works for Lydden Polley
[2025-09-05 06:54:54,611] INFO: Appended 12 last-5y works for Lydden Polley
[2025-09-05 06:54:54,611] INFO: Processing Andrew Potter (a5035086403)
[2025-09-05 06:54:54,611] INFO: OpenAlex fetch for https://openalex.org/a5035086403 (last 5 years >= 2021)
[2025-09-05 06:54:54,612] DEBUG: Starting new HTTPS connection (1): api.openalex.org:443
[2025-09-05 06:54:54,837] DEBUG: https://api.openalex.org:443 "GET /works?filter=author.id%3Ahttps%3A%2F%2Fopenalex.org%2Fa5035086403&per-page=200&cursor=%2A HTTP/1.1" 200 547070
[2025-09-05 06:54:54,904] DEBUG: Fetched 200 results at cursor '*'
[2025-09-05 06:54:54,905] DEBUG: Starting new HTTPS connection (1): api.openalex.org:443
[2025-09-05 06:54:55,034] DEBUG: https://api.openalex.org:443 "GET /works?filter=author.id%3Ahttps%3A%2F%2Fopenalex.org%2Fa5035086403&per-page=200&cursor=Ils4MS4wLCAxMywgJ2h0dHBzOi8vb3BlbmFsZXgub3JnL1cyMTM3MzQ4MjYzJ10i HTTP/1.1" 200 97449
[2025-09-05 06:54:55,049] DEBUG: Fetched 46 results at cursor 'Ils4MS4wLCAxMywgJ2h0dHBzOi8vb3BlbmFsZXgub3JnL1cyMTM3MzQ4MjYzJ10i'
[2025-09-05 06:54:55,050] DEBUG: Starting new HTTPS connection (1): api.openalex.org:443
[2025-09-05 06:54:55,338] DEBUG: https://api.openalex.org:443 "GET /works?filter=author.id%3Ahttps%3A%2F%2Fopenalex.org%2Fa5035086403&per-page=200&cursor=Ils1My4wLCAwLCAnaHR0cHM6Ly9vcGVuYWxleC5vcmcvVzQyMDU4Mzk1MzgnXSI%3D HTTP/1.1" 200 142
[2025-09-05 06:54:55,339] DEBUG: Fetched 0 results at cursor 'Ils1My4wLCAwLCAnaHR0cHM6Ly9vcGVuYWxleC5vcmcvVzQyMDU4Mzk1MzgnXSI='
[2025-09-05 06:54:55,628] DEBUG: Flattened df_all missing expected columns: ['host_venue__display_name', 'author_name', 'author_openalex_id']
[2025-09-05 06:54:55,651] INFO: Appended 246 lifetime works for Andrew Potter
[2025-09-05 06:54:55,654] INFO: Appended 21 last-5y works for Andrew Potter
[2025-09-05 06:54:55,655] INFO: Processing Henry Tabel (nan)
[2025-09-05 06:54:55,655] INFO: OpenAlex fetch for https://openalex.org/nan (last 5 years >= 2021)
[2025-09-05 06:54:55,656] DEBUG: Starting new HTTPS connection (1): api.openalex.org:443
[2025-09-05 06:54:55,777] DEBUG: https://api.openalex.org:443 "GET /works?filter=author.id%3Ahttps%3A%2F%2Fopenalex.org%2Fnan&per-page=200&cursor=%2A HTTP/1.1" 403 90
[2025-09-05 06:54:55,777] ERROR: HTTP error from OpenAlex: 403 Client Error: FORBIDDEN for url: https://api.openalex.org/works?filter=author.id%3Ahttps%3A%2F%2Fopenalex.org%2Fnan&per-page=200&cursor=%2A
Traceback (most recent call last):
  File "/home/runner/work/WCVM_VetMic/WCVM_VetMic/etl/WCVM_VetMic_works.py", line 273, in fetch_author_works_filtered
    resp.raise_for_status()
  File "/opt/hostedtoolcache/Python/3.11.13/x64/lib/python3.11/site-packages/requests/models.py", line 1026, in raise_for_status
    raise HTTPError(http_error_msg, response=self)
requests.exceptions.HTTPError: 403 Client Error: FORBIDDEN for url: https://api.openalex.org/works?filter=author.id%3Ahttps%3A%2F%2Fopenalex.org%2Fnan&per-page=200&cursor=%2A
[2025-09-05 06:54:55,778] INFO: No works returned from OpenAlex for this author.
[2025-09-05 06:54:55,795] INFO: No lifetime works for Henry Tabel
[2025-09-05 06:54:55,795] INFO: No last-5y works for Henry Tabel
[2025-09-05 06:54:55,796] INFO: Total skipped rows due to missing ID: 0
[2025-09-05 06:54:55,808] INFO: Deduplicating 1368 -> 574 rows
[2025-09-05 06:54:55,817] INFO: Deduplicated file written to data/openalex_all_authors_last5y_key_fields_dedup.csv
[2025-09-05 06:54:55,819] INFO: Removed old artifact: data/openalex_all_authors_lifetime.csv
[2025-09-05 06:54:55,819] INFO: Removed old artifact: data/openalex_all_authors_last5y_key_fields.csv
[2025-09-05 06:54:55,819] INFO: Removed old artifact: data/openalex_all_authors_last5y_key_fields_dedup.csv
[2025-09-05 06:54:55,819] INFO: Reading roster from data/roster_with_metrics.csv
[2025-09-05 06:54:55,820] INFO: Processing Janet Hill (A5022032110)
[2025-09-05 06:54:55,820] INFO: OpenAlex fetch for https://openalex.org/A5022032110 (last 5 years >= 2021)
[2025-09-05 06:54:55,821] DEBUG: Starting new HTTPS connection (1): api.openalex.org:443
[2025-09-05 06:54:56,274] DEBUG: https://api.openalex.org:443 "GET /works?filter=author.id%3Ahttps%3A%2F%2Fopenalex.org%2FA5022032110&per-page=200&cursor=%2A HTTP/1.1" 200 570982
[2025-09-05 06:54:56,339] DEBUG: Fetched 200 results at cursor '*'
[2025-09-05 06:54:56,340] DEBUG: Starting new HTTPS connection (1): api.openalex.org:443
[2025-09-05 06:54:56,588] DEBUG: https://api.openalex.org:443 "GET /works?filter=author.id%3Ahttps%3A%2F%2Fopenalex.org%2FA5022032110&per-page=200&cursor=Ils3MC4wLCAwLCAnaHR0cHM6Ly9vcGVuYWxleC5vcmcvVzQzOTE0MDEzOTEnXSI%3D HTTP/1.1" 200 102488
[2025-09-05 06:54:56,636] DEBUG: Fetched 63 results at cursor 'Ils3MC4wLCAwLCAnaHR0cHM6Ly9vcGVuYWxleC5vcmcvVzQzOTE0MDEzOTEnXSI='
[2025-09-05 06:54:56,637] DEBUG: Starting new HTTPS connection (1): api.openalex.org:443
[2025-09-05 06:54:56,719] DEBUG: https://api.openalex.org:443 "GET /works?filter=author.id%3Ahttps%3A%2F%2Fopenalex.org%2FA5022032110&per-page=200&cursor=Ils1My4wLCAwLCAnaHR0cHM6Ly9vcGVuYWxleC5vcmcvVzI5NTMxODg0MzgnXSI%3D HTTP/1.1" 200 142
[2025-09-05 06:54:56,720] DEBUG: Fetched 0 results at cursor 'Ils1My4wLCAwLCAnaHR0cHM6Ly9vcGVuYWxleC5vcmcvVzI5NTMxODg0MzgnXSI='
[2025-09-05 06:54:57,058] DEBUG: Flattened df_all missing expected columns: ['host_venue__display_name', 'author_name', 'author_openalex_id']
[2025-09-05 06:54:57,072] INFO: Appended 263 lifetime works for Janet Hill
[2025-09-05 06:54:57,076] INFO: Appended 57 last-5y works for Janet Hill
[2025-09-05 06:54:57,076] INFO: Processing Kristen Conn (A5024161948)
[2025-09-05 06:54:57,076] INFO: OpenAlex fetch for https://openalex.org/A5024161948 (last 5 years >= 2021)
[2025-09-05 06:54:57,077] DEBUG: Starting new HTTPS connection (1): api.openalex.org:443
[2025-09-05 06:54:57,245] DEBUG: https://api.openalex.org:443 "GET /works?filter=author.id%3Ahttps%3A%2F%2Fopenalex.org%2FA5024161948&per-page=200&cursor=%2A HTTP/1.1" 200 64946
[2025-09-05 06:54:57,278] DEBUG: Fetched 18 results at cursor '*'
[2025-09-05 06:54:57,279] DEBUG: Starting new HTTPS connection (1): api.openalex.org:443
[2025-09-05 06:54:57,538] DEBUG: https://api.openalex.org:443 "GET /works?filter=author.id%3Ahttps%3A%2F%2Fopenalex.org%2FA5024161948&per-page=200&cursor=Ils2NC4wLCAwLCAnaHR0cHM6Ly9vcGVuYWxleC5vcmcvVzI4OTY1NDMwMDEnXSI%3D HTTP/1.1" 200 140
[2025-09-05 06:54:57,540] DEBUG: Fetched 0 results at cursor 'Ils2NC4wLCAwLCAnaHR0cHM6Ly9vcGVuYWxleC5vcmcvVzI4OTY1NDMwMDEnXSI='
[2025-09-05 06:54:57,568] DEBUG: Flattened df_all missing expected columns: ['host_venue__display_name', 'author_name', 'author_openalex_id']
[2025-09-05 06:54:57,584] INFO: Appended 18 lifetime works for Kristen Conn
[2025-09-05 06:54:57,586] INFO: Appended 4 last-5y works for Kristen Conn
[2025-09-05 06:54:57,586] INFO: Processing John Ellis (A5007566988)
[2025-09-05 06:54:57,586] INFO: OpenAlex fetch for https://openalex.org/A5007566988 (last 5 years >= 2021)
[2025-09-05 06:54:57,587] DEBUG: Starting new HTTPS connection (1): api.openalex.org:443
[2025-09-05 06:54:58,977] DEBUG: https://api.openalex.org:443 "GET /works?filter=author.id%3Ahttps%3A%2F%2Fopenalex.org%2FA5007566988&per-page=200&cursor=%2A HTTP/1.1" 200 548911
[2025-09-05 06:54:59,024] DEBUG: Fetched 200 results at cursor '*'
[2025-09-05 06:54:59,025] DEBUG: Starting new HTTPS connection (1): api.openalex.org:443
[2025-09-05 06:54:59,195] DEBUG: https://api.openalex.org:443 "GET /works?filter=author.id%3Ahttps%3A%2F%2Fopenalex.org%2FA5007566988&per-page=200&cursor=Ils5MS4wLCAxOSwgJ2h0dHBzOi8vb3BlbmFsZXgub3JnL1cyNzYzMjk0NzIxJ10i HTTP/1.1" 200 444671
[2025-09-05 06:54:59,257] DEBUG: Fetched 200 results at cursor 'Ils5MS4wLCAxOSwgJ2h0dHBzOi8vb3BlbmFsZXgub3JnL1cyNzYzMjk0NzIxJ10i'
[2025-09-05 06:54:59,258] DEBUG: Starting new HTTPS connection (1): api.openalex.org:443
[2025-09-05 06:54:59,850] DEBUG: https://api.openalex.org:443 "GET /works?filter=author.id%3Ahttps%3A%2F%2Fopenalex.org%2FA5007566988&per-page=200&cursor=Ils2OS4wLCAxLCAnaHR0cHM6Ly9vcGVuYWxleC5vcmcvVzI5NDQ1MTYwMTMnXSI%3D HTTP/1.1" 200 178275
[2025-09-05 06:54:59,870] DEBUG: Fetched 103 results at cursor 'Ils2OS4wLCAxLCAnaHR0cHM6Ly9vcGVuYWxleC5vcmcvVzI5NDQ1MTYwMTMnXSI='
[2025-09-05 06:54:59,871] DEBUG: Starting new HTTPS connection (1): api.openalex.org:443
[2025-09-05 06:54:59,953] DEBUG: https://api.openalex.org:443 "GET /works?filter=author.id%3Ahttps%3A%2F%2Fopenalex.org%2FA5007566988&per-page=200&cursor=Ils1My4wLCAwLCAnaHR0cHM6Ly9vcGVuYWxleC5vcmcvVzQyNTYzMjc2MzYnXSI%3D HTTP/1.1" 200 142
[2025-09-05 06:54:59,954] DEBUG: Fetched 0 results at cursor 'Ils1My4wLCAwLCAnaHR0cHM6Ly9vcGVuYWxleC5vcmcvVzQyNTYzMjc2MzYnXSI='
[2025-09-05 06:55:00,635] DEBUG: Flattened df_all missing expected columns: ['host_venue__display_name', 'author_name', 'author_openalex_id']
[2025-09-05 06:55:00,657] INFO: Appended 503 lifetime works for John Ellis
[2025-09-05 06:55:00,661] INFO: Appended 47 last-5y works for John Ellis
[2025-09-05 06:55:00,662] INFO: Processing Volker Gerdts (A5054537882)
[2025-09-05 06:55:00,662] INFO: OpenAlex fetch for https://openalex.org/A5054537882 (last 5 years >= 2021)
[2025-09-05 06:55:00,663] DEBUG: Starting new HTTPS connection (1): api.openalex.org:443
[2025-09-05 06:55:00,883] DEBUG: https://api.openalex.org:443 "GET /works?filter=author.id%3Ahttps%3A%2F%2Fopenalex.org%2FA5054537882&per-page=200&cursor=%2A HTTP/1.1" 200 598585
[2025-09-05 06:55:00,964] DEBUG: Fetched 200 results at cursor '*'
[2025-09-05 06:55:00,965] DEBUG: Starting new HTTPS connection (1): api.openalex.org:443
[2025-09-05 06:55:01,053] DEBUG: https://api.openalex.org:443 "GET /works?filter=author.id%3Ahttps%3A%2F%2Fopenalex.org%2FA5054537882&per-page=200&cursor=Ils2MC4wLCAwLCAnaHR0cHM6Ly9vcGVuYWxleC5vcmcvVzMwODgwMzcwNjEnXSI%3D HTTP/1.1" 200 10593
[2025-09-05 06:55:01,055] DEBUG: Fetched 6 results at cursor 'Ils2MC4wLCAwLCAnaHR0cHM6Ly9vcGVuYWxleC5vcmcvVzMwODgwMzcwNjEnXSI='
[2025-09-05 06:55:01,056] DEBUG: Starting new HTTPS connection (1): api.openalex.org:443
[2025-09-05 06:55:01,135] DEBUG: https://api.openalex.org:443 "GET /works?filter=author.id%3Ahttps%3A%2F%2Fopenalex.org%2FA5054537882&per-page=200&cursor=Ils1Ni4wLCAwLCAnaHR0cHM6Ly9vcGVuYWxleC5vcmcvVzMyMTcxNTYxODQnXSI%3D HTTP/1.1" 200 142
[2025-09-05 06:55:01,136] DEBUG: Fetched 0 results at cursor 'Ils1Ni4wLCAwLCAnaHR0cHM6Ly9vcGVuYWxleC5vcmcvVzMyMTcxNTYxODQnXSI='
[2025-09-05 06:55:01,351] DEBUG: Flattened df_all missing expected columns: ['host_venue__display_name', 'author_name', 'author_openalex_id']
[2025-09-05 06:55:01,387] INFO: Appended 206 lifetime works for Volker Gerdts
[2025-09-05 06:55:01,392] INFO: Appended 49 last-5y works for Volker Gerdts
[2025-09-05 06:55:01,392] INFO: Processing Emily Jenkins (A5075278671)
[2025-09-05 06:55:01,392] INFO: OpenAlex fetch for https://openalex.org/A5075278671 (last 5 years >= 2021)
[2025-09-05 06:55:01,393] DEBUG: Starting new HTTPS connection (1): api.openalex.org:443
[2025-09-05 06:55:01,643] DEBUG: https://api.openalex.org:443 "GET /works?filter=author.id%3Ahttps%3A%2F%2Fopenalex.org%2FA5075278671&per-page=200&cursor=%2A HTTP/1.1" 200 593964
[2025-09-05 06:55:01,726] DEBUG: Fetched 177 results at cursor '*'
[2025-09-05 06:55:01,727] DEBUG: Starting new HTTPS connection (1): api.openalex.org:443
[2025-09-05 06:55:02,080] DEBUG: https://api.openalex.org:443 "GET /works?filter=author.id%3Ahttps%3A%2F%2Fopenalex.org%2FA5075278671&per-page=200&cursor=Ils1Ni4wLCAwLCAnaHR0cHM6Ly9vcGVuYWxleC5vcmcvVzMyMTEwMTg2MzcnXSI%3D HTTP/1.1" 200 141
[2025-09-05 06:55:02,081] DEBUG: Fetched 0 results at cursor 'Ils1Ni4wLCAwLCAnaHR0cHM6Ly9vcGVuYWxleC5vcmcvVzMyMTEwMTg2MzcnXSI='
[2025-09-05 06:55:02,360] DEBUG: Flattened df_all missing expected columns: ['host_venue__display_name', 'author_name', 'author_openalex_id']
[2025-09-05 06:55:02,381] INFO: Appended 177 lifetime works for Emily Jenkins
[2025-09-05 06:55:02,386] INFO: Appended 63 last-5y works for Emily Jenkins
[2025-09-05 06:55:02,386] INFO: Processing Joseph Rubin (A5032938268)
[2025-09-05 06:55:02,386] INFO: OpenAlex fetch for https://openalex.org/A5032938268 (last 5 years >= 2021)
[2025-09-05 06:55:02,387] DEBUG: Starting new HTTPS connection (1): api.openalex.org:443
[2025-09-05 06:55:02,518] DEBUG: https://api.openalex.org:443 "GET /works?filter=author.id%3Ahttps%3A%2F%2Fopenalex.org%2FA5032938268&per-page=200&cursor=%2A HTTP/1.1" 200 190656
[2025-09-05 06:55:02,541] DEBUG: Fetched 79 results at cursor '*'
[2025-09-05 06:55:02,542] DEBUG: Starting new HTTPS connection (1): api.openalex.org:443
[2025-09-05 06:55:02,742] DEBUG: https://api.openalex.org:443 "GET /works?filter=author.id%3Ahttps%3A%2F%2Fopenalex.org%2FA5032938268&per-page=200&cursor=Ils1OC4wLCAwLCAnaHR0cHM6Ly9vcGVuYWxleC5vcmcvVzQzMDE4MTkxMTInXSI%3D HTTP/1.1" 200 140
[2025-09-05 06:55:02,744] DEBUG: Fetched 0 results at cursor 'Ils1OC4wLCAwLCAnaHR0cHM6Ly9vcGVuYWxleC5vcmcvVzQzMDE4MTkxMTInXSI='
[2025-09-05 06:55:02,827] DEBUG: Flattened df_all missing expected columns: ['host_venue__display_name', 'author_name', 'author_openalex_id']
[2025-09-05 06:55:02,848] INFO: Appended 79 lifetime works for Joseph Rubin
[2025-09-05 06:55:02,850] INFO: Appended 18 last-5y works for Joseph Rubin
[2025-09-05 06:55:02,850] INFO: Processing Tony Ruzzini (A5016372093)
[2025-09-05 06:55:02,851] INFO: OpenAlex fetch for https://openalex.org/A5016372093 (last 5 years >= 2021)
[2025-09-05 06:55:02,852] DEBUG: Starting new HTTPS connection (1): api.openalex.org:443
[2025-09-05 06:55:03,099] DEBUG: https://api.openalex.org:443 "GET /works?filter=author.id%3Ahttps%3A%2F%2Fopenalex.org%2FA5016372093&per-page=200&cursor=%2A HTTP/1.1" 200 104016
[2025-09-05 06:55:03,147] DEBUG: Fetched 37 results at cursor '*'
[2025-09-05 06:55:03,148] DEBUG: Starting new HTTPS connection (1): api.openalex.org:443
[2025-09-05 06:55:03,273] DEBUG: https://api.openalex.org:443 "GET /works?filter=author.id%3Ahttps%3A%2F%2Fopenalex.org%2FA5016372093&per-page=200&cursor=Ils2MS4wLCAwLCAnaHR0cHM6Ly9vcGVuYWxleC5vcmcvVzI5NzA5NjgzMTYnXSI%3D HTTP/1.1" 200 141
[2025-09-05 06:55:03,275] DEBUG: Fetched 0 results at cursor 'Ils2MS4wLCAwLCAnaHR0cHM6Ly9vcGVuYWxleC5vcmcvVzI5NzA5NjgzMTYnXSI='
[2025-09-05 06:55:03,321] DEBUG: Flattened df_all missing expected columns: ['host_venue__display_name', 'author_name', 'author_openalex_id']
[2025-09-05 06:55:03,329] INFO: Appended 37 lifetime works for Tony Ruzzini
[2025-09-05 06:55:03,332] INFO: Appended 12 last-5y works for Tony Ruzzini
[2025-09-05 06:55:03,332] INFO: Processing Maarten Voordouw (A5026690931)
[2025-09-05 06:55:03,332] INFO: OpenAlex fetch for https://openalex.org/A5026690931 (last 5 years >= 2021)
[2025-09-05 06:55:03,333] DEBUG: Starting new HTTPS connection (1): api.openalex.org:443
[2025-09-05 06:55:03,558] DEBUG: https://api.openalex.org:443 "GET /works?filter=author.id%3Ahttps%3A%2F%2Fopenalex.org%2FA5026690931&per-page=200&cursor=%2A HTTP/1.1" 200 295666
[2025-09-05 06:55:03,632] DEBUG: Fetched 96 results at cursor '*'
[2025-09-05 06:55:03,634] DEBUG: Starting new HTTPS connection (1): api.openalex.org:443
[2025-09-05 06:55:03,720] DEBUG: https://api.openalex.org:443 "GET /works?filter=author.id%3Ahttps%3A%2F%2Fopenalex.org%2FA5026690931&per-page=200&cursor=Ils1Ni4wLCAwLCAnaHR0cHM6Ly9vcGVuYWxleC5vcmcvVzQzOTQwODAwNzgnXSI%3D HTTP/1.1" 200 141
[2025-09-05 06:55:03,721] DEBUG: Fetched 0 results at cursor 'Ils1Ni4wLCAwLCAnaHR0cHM6Ly9vcGVuYWxleC5vcmcvVzQzOTQwODAwNzgnXSI='
[2025-09-05 06:55:03,811] DEBUG: Flattened df_all missing expected columns: ['host_venue__display_name', 'author_name', 'author_openalex_id']
[2025-09-05 06:55:03,821] INFO: Appended 96 lifetime works for Maarten Voordouw
[2025-09-05 06:55:03,824] INFO: Appended 26 last-5y works for Maarten Voordouw
[2025-09-05 06:55:03,824] INFO: Processing Arinjay Banerjee (A5050567215)
[2025-09-05 06:55:03,824] INFO: OpenAlex fetch for https://openalex.org/A5050567215 (last 5 years >= 2021)
[2025-09-05 06:55:03,825] DEBUG: Starting new HTTPS connection (1): api.openalex.org:443
[2025-09-05 06:55:04,019] DEBUG: https://api.openalex.org:443 "GET /works?filter=author.id%3Ahttps%3A%2F%2Fopenalex.org%2FA5050567215&per-page=200&cursor=%2A HTTP/1.1" 200 429733
[2025-09-05 06:55:04,071] DEBUG: Fetched 110 results at cursor '*'
[2025-09-05 06:55:04,073] DEBUG: Starting new HTTPS connection (1): api.openalex.org:443
[2025-09-05 06:55:04,153] DEBUG: https://api.openalex.org:443 "GET /works?filter=author.id%3Ahttps%3A%2F%2Fopenalex.org%2FA5050567215&per-page=200&cursor=Ils1Ni4wLCAwLCAnaHR0cHM6Ly9vcGVuYWxleC5vcmcvVzMxNzYwNDkxMTYnXSI%3D HTTP/1.1" 200 142
[2025-09-05 06:55:04,154] DEBUG: Fetched 0 results at cursor 'Ils1Ni4wLCAwLCAnaHR0cHM6Ly9vcGVuYWxleC5vcmcvVzMxNzYwNDkxMTYnXSI='
[2025-09-05 06:55:04,301] DEBUG: Flattened df_all missing expected columns: ['host_venue__display_name', 'author_name', 'author_openalex_id']
[2025-09-05 06:55:04,316] INFO: Appended 110 lifetime works for Arinjay Banerjee
[2025-09-05 06:55:04,321] INFO: Appended 72 last-5y works for Arinjay Banerjee
[2025-09-05 06:55:04,321] INFO: Processing Jeffrey Chen (a5000375230)
[2025-09-05 06:55:04,321] INFO: OpenAlex fetch for https://openalex.org/a5000375230 (last 5 years >= 2021)
[2025-09-05 06:55:04,322] DEBUG: Starting new HTTPS connection (1): api.openalex.org:443
[2025-09-05 06:55:04,428] DEBUG: https://api.openalex.org:443 "GET /works?filter=author.id%3Ahttps%3A%2F%2Fopenalex.org%2Fa5000375230&per-page=200&cursor=%2A HTTP/1.1" 200 86296
[2025-09-05 06:55:04,441] DEBUG: Fetched 30 results at cursor '*'
[2025-09-05 06:55:04,442] DEBUG: Starting new HTTPS connection (1): api.openalex.org:443
[2025-09-05 06:55:04,851] DEBUG: https://api.openalex.org:443 "GET /works?filter=author.id%3Ahttps%3A%2F%2Fopenalex.org%2Fa5000375230&per-page=200&cursor=Ils1Ni4wLCAwLCAnaHR0cHM6Ly9vcGVuYWxleC5vcmcvVzMyMDg4MDU3MjQnXSI%3D HTTP/1.1" 200 140
[2025-09-05 06:55:04,853] DEBUG: Fetched 0 results at cursor 'Ils1Ni4wLCAwLCAnaHR0cHM6Ly9vcGVuYWxleC5vcmcvVzMyMDg4MDU3MjQnXSI='
[2025-09-05 06:55:04,894] DEBUG: Flattened df_all missing expected columns: ['host_venue__display_name', 'author_name', 'author_openalex_id']
[2025-09-05 06:55:04,907] INFO: Appended 30 lifetime works for Jeffrey Chen
[2025-09-05 06:55:04,909] INFO: Appended 9 last-5y works for Jeffrey Chen
[2025-09-05 06:55:04,910] INFO: Processing Antonio Facciuolo (A5088785492)
[2025-09-05 06:55:04,910] INFO: OpenAlex fetch for https://openalex.org/A5088785492 (last 5 years >= 2021)
[2025-09-05 06:55:04,911] DEBUG: Starting new HTTPS connection (1): api.openalex.org:443
[2025-09-05 06:55:05,059] DEBUG: https://api.openalex.org:443 "GET /works?filter=author.id%3Ahttps%3A%2F%2Fopenalex.org%2FA5088785492&per-page=200&cursor=%2A HTTP/1.1" 200 88343
[2025-09-05 06:55:05,071] DEBUG: Fetched 27 results at cursor '*'
[2025-09-05 06:55:05,072] DEBUG: Starting new HTTPS connection (1): api.openalex.org:443
[2025-09-05 06:55:05,161] DEBUG: https://api.openalex.org:443 "GET /works?filter=author.id%3Ahttps%3A%2F%2Fopenalex.org%2FA5088785492&per-page=200&cursor=Ils2My4wLCAwLCAnaHR0cHM6Ly9vcGVuYWxleC5vcmcvVzQzODczNzY0NDgnXSI%3D HTTP/1.1" 200 141
[2025-09-05 06:55:05,162] DEBUG: Fetched 0 results at cursor 'Ils2My4wLCAwLCAnaHR0cHM6Ly9vcGVuYWxleC5vcmcvVzQzODczNzY0NDgnXSI='
[2025-09-05 06:55:05,204] DEBUG: Flattened df_all missing expected columns: ['host_venue__display_name', 'author_name', 'author_openalex_id']
[2025-09-05 06:55:05,210] INFO: Appended 27 lifetime works for Antonio Facciuolo
[2025-09-05 06:55:05,213] INFO: Appended 17 last-5y works for Antonio Facciuolo
[2025-09-05 06:55:05,213] INFO: Processing Darryl Falzarano (A5041967571)
[2025-09-05 06:55:05,213] INFO: OpenAlex fetch for https://openalex.org/A5041967571 (last 5 years >= 2021)
[2025-09-05 06:55:05,214] DEBUG: Starting new HTTPS connection (1): api.openalex.org:443
[2025-09-05 06:55:05,405] DEBUG: https://api.openalex.org:443 "GET /works?filter=author.id%3Ahttps%3A%2F%2Fopenalex.org%2FA5041967571&per-page=200&cursor=%2A HTTP/1.1" 200 476474
[2025-09-05 06:55:05,466] DEBUG: Fetched 132 results at cursor '*'
[2025-09-05 06:55:05,467] DEBUG: Starting new HTTPS connection (1): api.openalex.org:443
[2025-09-05 06:55:05,568] DEBUG: https://api.openalex.org:443 "GET /works?filter=author.id%3Ahttps%3A%2F%2Fopenalex.org%2FA5041967571&per-page=200&cursor=Ils1Ni4wLCAwLCAnaHR0cHM6Ly9vcGVuYWxleC5vcmcvVzMyMTQ5NTI4NDInXSI%3D HTTP/1.1" 200 141
[2025-09-05 06:55:05,570] DEBUG: Fetched 0 results at cursor 'Ils1Ni4wLCAwLCAnaHR0cHM6Ly9vcGVuYWxleC5vcmcvVzMyMTQ5NTI4NDInXSI='
[2025-09-05 06:55:05,729] DEBUG: Flattened df_all missing expected columns: ['host_venue__display_name', 'author_name', 'author_openalex_id']
[2025-09-05 06:55:05,740] INFO: Appended 132 lifetime works for Darryl Falzarano
[2025-09-05 06:55:05,745] INFO: Appended 70 last-5y works for Darryl Falzarano
[2025-09-05 06:55:05,745] INFO: Processing Kazal Ghosh (A5073467123)
[2025-09-05 06:55:05,745] INFO: OpenAlex fetch for https://openalex.org/A5073467123 (last 5 years >= 2021)
[2025-09-05 06:55:05,746] DEBUG: Starting new HTTPS connection (1): api.openalex.org:443
[2025-09-05 06:55:05,838] DEBUG: https://api.openalex.org:443 "GET /works?filter=author.id%3Ahttps%3A%2F%2Fopenalex.org%2FA5073467123&per-page=200&cursor=%2A HTTP/1.1" 200 23147
[2025-09-05 06:55:05,842] DEBUG: Fetched 9 results at cursor '*'
[2025-09-05 06:55:05,843] DEBUG: Starting new HTTPS connection (1): api.openalex.org:443
[2025-09-05 06:55:05,959] DEBUG: https://api.openalex.org:443 "GET /works?filter=author.id%3Ahttps%3A%2F%2Fopenalex.org%2FA5073467123&per-page=200&cursor=Ils1OC4wLCAwLCAnaHR0cHM6Ly9vcGVuYWxleC5vcmcvVzQzMjEwMDMxOTknXSI%3D HTTP/1.1" 200 139
[2025-09-05 06:55:05,961] DEBUG: Fetched 0 results at cursor 'Ils1OC4wLCAwLCAnaHR0cHM6Ly9vcGVuYWxleC5vcmcvVzQzMjEwMDMxOTknXSI='
[2025-09-05 06:55:05,979] DEBUG: Flattened df_all missing expected columns: ['host_venue__display_name', 'author_name', 'author_openalex_id']
[2025-09-05 06:55:05,993] INFO: Appended 9 lifetime works for Kazal Ghosh
[2025-09-05 06:55:05,995] INFO: Appended 7 last-5y works for Kazal Ghosh
[2025-09-05 06:55:05,995] INFO: Processing Uladzimir Karniychuk (a5012825986)
[2025-09-05 06:55:05,995] INFO: OpenAlex fetch for https://openalex.org/a5012825986 (last 5 years >= 2021)
[2025-09-05 06:55:05,996] DEBUG: Starting new HTTPS connection (1): api.openalex.org:443
[2025-09-05 06:55:06,261] DEBUG: https://api.openalex.org:443 "GET /works?filter=author.id%3Ahttps%3A%2F%2Fopenalex.org%2Fa5012825986&per-page=200&cursor=%2A HTTP/1.1" 200 139039
[2025-09-05 06:55:06,279] DEBUG: Fetched 62 results at cursor '*'
[2025-09-05 06:55:06,280] DEBUG: Starting new HTTPS connection (1): api.openalex.org:443
[2025-09-05 06:55:06,364] DEBUG: https://api.openalex.org:443 "GET /works?filter=author.id%3Ahttps%3A%2F%2Fopenalex.org%2Fa5012825986&per-page=200&cursor=Ils2MS4wLCAwLCAnaHR0cHM6Ly9vcGVuYWxleC5vcmcvVzQzOTQ0NDg4MzQnXSI%3D HTTP/1.1" 200 140
[2025-09-05 06:55:06,366] DEBUG: Fetched 0 results at cursor 'Ils2MS4wLCAwLCAnaHR0cHM6Ly9vcGVuYWxleC5vcmcvVzQzOTQ0NDg4MzQnXSI='
[2025-09-05 06:55:06,413] DEBUG: Flattened df_all missing expected columns: ['host_venue__display_name', 'author_name', 'author_openalex_id']
[2025-09-05 06:55:06,419] INFO: Appended 62 lifetime works for Uladzimir Karniychuk
[2025-09-05 06:55:06,421] INFO: Appended 15 last-5y works for Uladzimir Karniychuk
[2025-09-05 06:55:06,421] INFO: Processing Wolfgang Koester (a5053166362)
[2025-09-05 06:55:06,422] INFO: OpenAlex fetch for https://openalex.org/a5053166362 (last 5 years >= 2021)
[2025-09-05 06:55:06,423] DEBUG: Starting new HTTPS connection (1): api.openalex.org:443
[2025-09-05 06:55:06,723] DEBUG: https://api.openalex.org:443 "GET /works?filter=author.id%3Ahttps%3A%2F%2Fopenalex.org%2Fa5053166362&per-page=200&cursor=%2A HTTP/1.1" 200 179527
[2025-09-05 06:55:06,744] DEBUG: Fetched 67 results at cursor '*'
[2025-09-05 06:55:06,745] DEBUG: Starting new HTTPS connection (1): api.openalex.org:443
[2025-09-05 06:55:06,857] DEBUG: https://api.openalex.org:443 "GET /works?filter=author.id%3Ahttps%3A%2F%2Fopenalex.org%2Fa5053166362&per-page=200&cursor=Ils1My4wLCAwLCAnaHR0cHM6Ly9vcGVuYWxleC5vcmcvVzE1Mzg4NzQ0MSddIg%3D%3D HTTP/1.1" 200 140
[2025-09-05 06:55:06,858] DEBUG: Fetched 0 results at cursor 'Ils1My4wLCAwLCAnaHR0cHM6Ly9vcGVuYWxleC5vcmcvVzE1Mzg4NzQ0MSddIg=='
[2025-09-05 06:55:06,927] DEBUG: Flattened df_all missing expected columns: ['host_venue__display_name', 'author_name', 'author_openalex_id']
[2025-09-05 06:55:06,935] INFO: Appended 67 lifetime works for Wolfgang Koester
[2025-09-05 06:55:06,938] INFO: Appended 11 last-5y works for Wolfgang Koester
[2025-09-05 06:55:06,938] INFO: Processing Qiang Liu (A5100409525)
[2025-09-05 06:55:06,938] INFO: OpenAlex fetch for https://openalex.org/A5100409525 (last 5 years >= 2021)
[2025-09-05 06:55:06,939] DEBUG: Starting new HTTPS connection (1): api.openalex.org:443
[2025-09-05 06:55:07,293] DEBUG: https://api.openalex.org:443 "GET /works?filter=author.id%3Ahttps%3A%2F%2Fopenalex.org%2FA5100409525&per-page=200&cursor=%2A HTTP/1.1" 200 269025
[2025-09-05 06:55:07,319] DEBUG: Fetched 97 results at cursor '*'
[2025-09-05 06:55:07,320] DEBUG: Starting new HTTPS connection (1): api.openalex.org:443
[2025-09-05 06:55:07,456] DEBUG: https://api.openalex.org:443 "GET /works?filter=author.id%3Ahttps%3A%2F%2Fopenalex.org%2FA5100409525&per-page=200&cursor=Ils1NS4wLCAwLCAnaHR0cHM6Ly9vcGVuYWxleC5vcmcvVzI3NzQ0Nzc2ODInXSI%3D HTTP/1.1" 200 140
[2025-09-05 06:55:07,457] DEBUG: Fetched 0 results at cursor 'Ils1NS4wLCAwLCAnaHR0cHM6Ly9vcGVuYWxleC5vcmcvVzI3NzQ0Nzc2ODInXSI='
[2025-09-05 06:55:07,572] DEBUG: Flattened df_all missing expected columns: ['host_venue__display_name', 'author_name', 'author_openalex_id']
[2025-09-05 06:55:07,582] INFO: Appended 97 lifetime works for Qiang Liu
[2025-09-05 06:55:07,585] INFO: Appended 25 last-5y works for Qiang Liu
[2025-09-05 06:55:07,585] INFO: Processing Musangu Ngeleka (a5018933207)
[2025-09-05 06:55:07,585] INFO: OpenAlex fetch for https://openalex.org/a5018933207 (last 5 years >= 2021)
[2025-09-05 06:55:07,586] DEBUG: Starting new HTTPS connection (1): api.openalex.org:443
[2025-09-05 06:55:07,710] DEBUG: https://api.openalex.org:443 "GET /works?filter=author.id%3Ahttps%3A%2F%2Fopenalex.org%2Fa5018933207&per-page=200&cursor=%2A HTTP/1.1" 200 110858
[2025-09-05 06:55:07,741] DEBUG: Fetched 42 results at cursor '*'
[2025-09-05 06:55:07,742] DEBUG: Starting new HTTPS connection (1): api.openalex.org:443
[2025-09-05 06:55:07,817] DEBUG: https://api.openalex.org:443 "GET /works?filter=author.id%3Ahttps%3A%2F%2Fopenalex.org%2Fa5018933207&per-page=200&cursor=Ils1Ni4wLCAwLCAnaHR0cHM6Ly9vcGVuYWxleC5vcmcvVzQyNDQ1NDM2MzMnXSI%3D HTTP/1.1" 200 141
[2025-09-05 06:55:07,819] DEBUG: Fetched 0 results at cursor 'Ils1Ni4wLCAwLCAnaHR0cHM6Ly9vcGVuYWxleC5vcmcvVzQyNDQ1NDM2MzMnXSI='
[2025-09-05 06:55:07,871] DEBUG: Flattened df_all missing expected columns: ['host_venue__display_name', 'author_name', 'author_openalex_id']
[2025-09-05 06:55:07,881] INFO: Appended 42 lifetime works for Musangu Ngeleka
[2025-09-05 06:55:07,881] INFO: No last-5y works for Musangu Ngeleka
[2025-09-05 06:55:07,881] INFO: Processing Jose Perez-casal (a5075533328)
[2025-09-05 06:55:07,881] INFO: OpenAlex fetch for https://openalex.org/a5075533328 (last 5 years >= 2021)
[2025-09-05 06:55:07,882] DEBUG: Starting new HTTPS connection (1): api.openalex.org:443
[2025-09-05 06:55:08,165] DEBUG: https://api.openalex.org:443 "GET /works?filter=author.id%3Ahttps%3A%2F%2Fopenalex.org%2Fa5075533328&per-page=200&cursor=%2A HTTP/1.1" 200 159447
[2025-09-05 06:55:08,218] DEBUG: Fetched 75 results at cursor '*'
[2025-09-05 06:55:08,219] DEBUG: Starting new HTTPS connection (1): api.openalex.org:443
[2025-09-05 06:55:08,346] DEBUG: https://api.openalex.org:443 "GET /works?filter=author.id%3Ahttps%3A%2F%2Fopenalex.org%2Fa5075533328&per-page=200&cursor=Ils1Ni4wLCAwLCAnaHR0cHM6Ly9vcGVuYWxleC5vcmcvVzQzOTQxMjMxNjEnXSI%3D HTTP/1.1" 200 140
[2025-09-05 06:55:08,347] DEBUG: Fetched 0 results at cursor 'Ils1Ni4wLCAwLCAnaHR0cHM6Ly9vcGVuYWxleC5vcmcvVzQzOTQxMjMxNjEnXSI='
[2025-09-05 06:55:08,401] DEBUG: Flattened df_all missing expected columns: ['host_venue__display_name', 'author_name', 'author_openalex_id']
[2025-09-05 06:55:08,409] INFO: Appended 75 lifetime works for Jose Perez-casal
[2025-09-05 06:55:08,411] INFO: Appended 11 last-5y works for Jose Perez-casal
[2025-09-05 06:55:08,412] INFO: Processing Camila Queiroz (a5061580720)
[2025-09-05 06:55:08,412] INFO: OpenAlex fetch for https://openalex.org/a5061580720 (last 5 years >= 2021)
[2025-09-05 06:55:08,413] DEBUG: Starting new HTTPS connection (1): api.openalex.org:443
[2025-09-05 06:55:08,497] DEBUG: https://api.openalex.org:443 "GET /works?filter=author.id%3Ahttps%3A%2F%2Fopenalex.org%2Fa5061580720&per-page=200&cursor=%2A HTTP/1.1" 200 18241
[2025-09-05 06:55:08,500] DEBUG: Fetched 7 results at cursor '*'
[2025-09-05 06:55:08,501] DEBUG: Starting new HTTPS connection (1): api.openalex.org:443
[2025-09-05 06:55:08,609] DEBUG: https://api.openalex.org:443 "GET /works?filter=author.id%3Ahttps%3A%2F%2Fopenalex.org%2Fa5061580720&per-page=200&cursor=Ils1Ni4wLCAwLCAnaHR0cHM6Ly9vcGVuYWxleC5vcmcvVzQzOTQxMTE1NTQnXSI%3D HTTP/1.1" 200 140
[2025-09-05 06:55:08,610] DEBUG: Fetched 0 results at cursor 'Ils1Ni4wLCAwLCAnaHR0cHM6Ly9vcGVuYWxleC5vcmcvVzQzOTQxMTE1NTQnXSI='
[2025-09-05 06:55:08,624] DEBUG: Flattened df_all missing expected columns: ['host_venue__display_name', 'author_name', 'author_openalex_id']
[2025-09-05 06:55:08,631] INFO: Appended 7 lifetime works for Camila Queiroz
[2025-09-05 06:55:08,632] INFO: Appended 1 last-5y works for Camila Queiroz
[2025-09-05 06:55:08,633] INFO: Processing Loki Snyman (a5095017105)
[2025-09-05 06:55:08,633] INFO: OpenAlex fetch for https://openalex.org/a5095017105 (last 5 years >= 2021)
[2025-09-05 06:55:08,634] DEBUG: Starting new HTTPS connection (1): api.openalex.org:443
[2025-09-05 06:55:08,715] DEBUG: https://api.openalex.org:443 "GET /works?filter=author.id%3Ahttps%3A%2F%2Fopenalex.org%2Fa5095017105&per-page=200&cursor=%2A HTTP/1.1" 200 1937
[2025-09-05 06:55:08,715] DEBUG: Fetched 1 results at cursor '*'
[2025-09-05 06:55:08,716] DEBUG: Starting new HTTPS connection (1): api.openalex.org:443
[2025-09-05 06:55:08,824] DEBUG: https://api.openalex.org:443 "GET /works?filter=author.id%3Ahttps%3A%2F%2Fopenalex.org%2Fa5095017105&per-page=200&cursor=Ils1Ni4wLCAwLCAnaHR0cHM6Ly9vcGVuYWxleC5vcmcvVzQzOTQzODc3MTMnXSI%3D HTTP/1.1" 200 139
[2025-09-05 06:55:08,825] DEBUG: Fetched 0 results at cursor 'Ils1Ni4wLCAwLCAnaHR0cHM6Ly9vcGVuYWxleC5vcmcvVzQzOTQzODc3MTMnXSI='
[2025-09-05 06:55:08,830] DEBUG: Flattened df_all missing expected columns: ['host_venue__display_name', 'author_name', 'author_openalex_id']
[2025-09-05 06:55:08,834] INFO: Appended 1 lifetime works for Loki Snyman
[2025-09-05 06:55:08,835] INFO: Appended 1 last-5y works for Loki Snyman
[2025-09-05 06:55:08,836] INFO: Processing Heather Wilson (A5002970194)
[2025-09-05 06:55:08,836] INFO: OpenAlex fetch for https://openalex.org/A5002970194 (last 5 years >= 2021)
[2025-09-05 06:55:08,837] DEBUG: Starting new HTTPS connection (1): api.openalex.org:443
[2025-09-05 06:55:09,024] DEBUG: https://api.openalex.org:443 "GET /works?filter=author.id%3Ahttps%3A%2F%2Fopenalex.org%2FA5002970194&per-page=200&cursor=%2A HTTP/1.1" 200 483900
[2025-09-05 06:55:09,066] DEBUG: Fetched 169 results at cursor '*'
[2025-09-05 06:55:09,067] DEBUG: Starting new HTTPS connection (1): api.openalex.org:443
[2025-09-05 06:55:09,149] DEBUG: https://api.openalex.org:443 "GET /works?filter=author.id%3Ahttps%3A%2F%2Fopenalex.org%2FA5002970194&per-page=200&cursor=Ils1My4wLCAwLCAnaHR0cHM6Ly9vcGVuYWxleC5vcmcvVzQyNDYxOTI2NTcnXSI%3D HTTP/1.1" 200 141
[2025-09-05 06:55:09,151] DEBUG: Fetched 0 results at cursor 'Ils1My4wLCAwLCAnaHR0cHM6Ly9vcGVuYWxleC5vcmcvVzQyNDYxOTI2NTcnXSI='
[2025-09-05 06:55:09,406] DEBUG: Flattened df_all missing expected columns: ['host_venue__display_name', 'author_name', 'author_openalex_id']
[2025-09-05 06:55:09,418] INFO: Appended 169 lifetime works for Heather Wilson
[2025-09-05 06:55:09,424] INFO: Appended 34 last-5y works for Heather Wilson
[2025-09-05 06:55:09,425] INFO: Processing Yan Zhou (A5032015135)
[2025-09-05 06:55:09,425] INFO: OpenAlex fetch for https://openalex.org/A5032015135 (last 5 years >= 2021)
[2025-09-05 06:55:09,426] DEBUG: Starting new HTTPS connection (1): api.openalex.org:443
[2025-09-05 06:55:09,643] DEBUG: https://api.openalex.org:443 "GET /works?filter=author.id%3Ahttps%3A%2F%2Fopenalex.org%2FA5032015135&per-page=200&cursor=%2A HTTP/1.1" 200 363917
[2025-09-05 06:55:09,691] DEBUG: Fetched 121 results at cursor '*'
[2025-09-05 06:55:09,692] DEBUG: Starting new HTTPS connection (1): api.openalex.org:443
[2025-09-05 06:55:09,922] DEBUG: https://api.openalex.org:443 "GET /works?filter=author.id%3Ahttps%3A%2F%2Fopenalex.org%2FA5032015135&per-page=200&cursor=Ils1NS4wLCAwLCAnaHR0cHM6Ly9vcGVuYWxleC5vcmcvVzI0MTE0NDk1NjAnXSI%3D HTTP/1.1" 200 141
[2025-09-05 06:55:09,923] DEBUG: Fetched 0 results at cursor 'Ils1NS4wLCAwLCAnaHR0cHM6Ly9vcGVuYWxleC5vcmcvVzI0MTE0NDk1NjAnXSI='
[2025-09-05 06:55:10,078] DEBUG: Flattened df_all missing expected columns: ['host_venue__display_name', 'author_name', 'author_openalex_id']
[2025-09-05 06:55:10,094] INFO: Appended 121 lifetime works for Yan Zhou
[2025-09-05 06:55:10,098] INFO: Appended 46 last-5y works for Yan Zhou
[2025-09-05 06:55:10,098] INFO: Processing Suresh Tikoo (A5028351806)
[2025-09-05 06:55:10,098] INFO: OpenAlex fetch for https://openalex.org/A5028351806 (last 5 years >= 2021)
[2025-09-05 06:55:10,099] DEBUG: Starting new HTTPS connection (1): api.openalex.org:443
[2025-09-05 06:55:10,269] DEBUG: https://api.openalex.org:443 "GET /works?filter=author.id%3Ahttps%3A%2F%2Fopenalex.org%2FA5028351806&per-page=200&cursor=%2A HTTP/1.1" 200 432596
[2025-09-05 06:55:10,310] DEBUG: Fetched 183 results at cursor '*'
[2025-09-05 06:55:10,311] DEBUG: Starting new HTTPS connection (1): api.openalex.org:443
[2025-09-05 06:55:10,388] DEBUG: https://api.openalex.org:443 "GET /works?filter=author.id%3Ahttps%3A%2F%2Fopenalex.org%2FA5028351806&per-page=200&cursor=Ils1My4wLCAwLCAnaHR0cHM6Ly9vcGVuYWxleC5vcmcvVzMyMDI5MjM4OTQnXSI%3D HTTP/1.1" 200 141
[2025-09-05 06:55:10,389] DEBUG: Fetched 0 results at cursor 'Ils1My4wLCAwLCAnaHR0cHM6Ly9vcGVuYWxleC5vcmcvVzMyMDI5MjM4OTQnXSI='
[2025-09-05 06:55:10,542] DEBUG: Flattened df_all missing expected columns: ['host_venue__display_name', 'author_name', 'author_openalex_id']
[2025-09-05 06:55:10,558] INFO: Appended 183 lifetime works for Suresh Tikoo
[2025-09-05 06:55:10,561] INFO: Appended 27 last-5y works for Suresh Tikoo
[2025-09-05 06:55:10,561] INFO: Processing Manuel Chirino (a5073090598)
[2025-09-05 06:55:10,561] INFO: OpenAlex fetch for https://openalex.org/a5073090598 (last 5 years >= 2021)
[2025-09-05 06:55:10,562] DEBUG: Starting new HTTPS connection (1): api.openalex.org:443
[2025-09-05 06:55:10,769] DEBUG: https://api.openalex.org:443 "GET /works?filter=author.id%3Ahttps%3A%2F%2Fopenalex.org%2Fa5073090598&per-page=200&cursor=%2A HTTP/1.1" 200 154144
[2025-09-05 06:55:10,840] DEBUG: Fetched 68 results at cursor '*'
[2025-09-05 06:55:10,841] DEBUG: Starting new HTTPS connection (1): api.openalex.org:443
[2025-09-05 06:55:10,919] DEBUG: https://api.openalex.org:443 "GET /works?filter=author.id%3Ahttps%3A%2F%2Fopenalex.org%2Fa5073090598&per-page=200&cursor=Ils1Ny4wLCAwLCAnaHR0cHM6Ly9vcGVuYWxleC5vcmcvVzMxNzU0NDMwMDEnXSI%3D HTTP/1.1" 200 141
[2025-09-05 06:55:10,921] DEBUG: Fetched 0 results at cursor 'Ils1Ny4wLCAwLCAnaHR0cHM6Ly9vcGVuYWxleC5vcmcvVzMxNzU0NDMwMDEnXSI='
[2025-09-05 06:55:10,988] DEBUG: Flattened df_all missing expected columns: ['host_venue__display_name', 'author_name', 'author_openalex_id']
[2025-09-05 06:55:11,002] INFO: Appended 68 lifetime works for Manuel Chirino
[2025-09-05 06:55:11,004] INFO: Appended 1 last-5y works for Manuel Chirino
[2025-09-05 06:55:11,004] INFO: Processing Debbie Haines (a5070489863)
[2025-09-05 06:55:11,004] INFO: OpenAlex fetch for https://openalex.org/a5070489863 (last 5 years >= 2021)
[2025-09-05 06:55:11,005] DEBUG: Starting new HTTPS connection (1): api.openalex.org:443
[2025-09-05 06:55:11,205] DEBUG: https://api.openalex.org:443 "GET /works?filter=author.id%3Ahttps%3A%2F%2Fopenalex.org%2Fa5070489863&per-page=200&cursor=%2A HTTP/1.1" 200 464553
[2025-09-05 06:55:11,246] DEBUG: Fetched 200 results at cursor '*'
[2025-09-05 06:55:11,248] DEBUG: Starting new HTTPS connection (1): api.openalex.org:443
[2025-09-05 06:55:11,334] DEBUG: https://api.openalex.org:443 "GET /works?filter=author.id%3Ahttps%3A%2F%2Fopenalex.org%2Fa5070489863&per-page=200&cursor=Ils2My4wLCAwLCAnaHR0cHM6Ly9vcGVuYWxleC5vcmcvVzIyNjU2NDIwNzMnXSI%3D HTTP/1.1" 200 22637
[2025-09-05 06:55:11,340] DEBUG: Fetched 13 results at cursor 'Ils2My4wLCAwLCAnaHR0cHM6Ly9vcGVuYWxleC5vcmcvVzIyNjU2NDIwNzMnXSI='
[2025-09-05 06:55:11,341] DEBUG: Starting new HTTPS connection (1): api.openalex.org:443
[2025-09-05 06:55:11,423] DEBUG: https://api.openalex.org:443 "GET /works?filter=author.id%3Ahttps%3A%2F%2Fopenalex.org%2Fa5070489863&per-page=200&cursor=Ils1My4wLCAwLCAnaHR0cHM6Ly9vcGVuYWxleC5vcmcvVzQyMzY4Njc1MjAnXSI%3D HTTP/1.1" 200 141
[2025-09-05 06:55:11,424] DEBUG: Fetched 0 results at cursor 'Ils1My4wLCAwLCAnaHR0cHM6Ly9vcGVuYWxleC5vcmcvVzQyMzY4Njc1MjAnXSI='
[2025-09-05 06:55:11,673] DEBUG: Flattened df_all missing expected columns: ['host_venue__display_name', 'author_name', 'author_openalex_id']
[2025-09-05 06:55:11,688] INFO: Appended 213 lifetime works for Debbie Haines
[2025-09-05 06:55:11,690] INFO: Appended 12 last-5y works for Debbie Haines
[2025-09-05 06:55:11,691] INFO: Processing Vikram Misra (A5018540324)
[2025-09-05 06:55:11,691] INFO: OpenAlex fetch for https://openalex.org/A5018540324 (last 5 years >= 2021)
[2025-09-05 06:55:11,692] DEBUG: Starting new HTTPS connection (1): api.openalex.org:443
[2025-09-05 06:55:11,914] DEBUG: https://api.openalex.org:443 "GET /works?filter=author.id%3Ahttps%3A%2F%2Fopenalex.org%2FA5018540324&per-page=200&cursor=%2A HTTP/1.1" 200 428227
[2025-09-05 06:55:11,975] DEBUG: Fetched 158 results at cursor '*'
[2025-09-05 06:55:11,976] DEBUG: Starting new HTTPS connection (1): api.openalex.org:443
[2025-09-05 06:55:12,055] DEBUG: https://api.openalex.org:443 "GET /works?filter=author.id%3Ahttps%3A%2F%2Fopenalex.org%2FA5018540324&per-page=200&cursor=Ils1My4wLCAwLCAnaHR0cHM6Ly9vcGVuYWxleC5vcmcvVzIxNDQ0ODI4NjMnXSI%3D HTTP/1.1" 200 141
[2025-09-05 06:55:12,056] DEBUG: Fetched 0 results at cursor 'Ils1My4wLCAwLCAnaHR0cHM6Ly9vcGVuYWxleC5vcmcvVzIxNDQ0ODI4NjMnXSI='
[2025-09-05 06:55:12,265] DEBUG: Flattened df_all missing expected columns: ['host_venue__display_name', 'author_name', 'author_openalex_id']
[2025-09-05 06:55:12,283] INFO: Appended 158 lifetime works for Vikram Misra
[2025-09-05 06:55:12,286] INFO: Appended 16 last-5y works for Vikram Misra
[2025-09-05 06:55:12,287] INFO: Processing Lydden Polley (a5070489863)
[2025-09-05 06:55:12,287] INFO: OpenAlex fetch for https://openalex.org/a5070489863 (last 5 years >= 2021)
[2025-09-05 06:55:12,288] DEBUG: Starting new HTTPS connection (1): api.openalex.org:443
[2025-09-05 06:55:12,566] DEBUG: https://api.openalex.org:443 "GET /works?filter=author.id%3Ahttps%3A%2F%2Fopenalex.org%2Fa5070489863&per-page=200&cursor=%2A HTTP/1.1" 200 464553
[2025-09-05 06:55:12,615] DEBUG: Fetched 200 results at cursor '*'
[2025-09-05 06:55:12,616] DEBUG: Starting new HTTPS connection (1): api.openalex.org:443
[2025-09-05 06:55:12,772] DEBUG: https://api.openalex.org:443 "GET /works?filter=author.id%3Ahttps%3A%2F%2Fopenalex.org%2Fa5070489863&per-page=200&cursor=Ils2My4wLCAwLCAnaHR0cHM6Ly9vcGVuYWxleC5vcmcvVzIyNjU2NDIwNzMnXSI%3D HTTP/1.1" 200 22637
[2025-09-05 06:55:12,789] DEBUG: Fetched 13 results at cursor 'Ils2My4wLCAwLCAnaHR0cHM6Ly9vcGVuYWxleC5vcmcvVzIyNjU2NDIwNzMnXSI='
[2025-09-05 06:55:12,790] DEBUG: Starting new HTTPS connection (1): api.openalex.org:443
[2025-09-05 06:55:12,919] DEBUG: https://api.openalex.org:443 "GET /works?filter=author.id%3Ahttps%3A%2F%2Fopenalex.org%2Fa5070489863&per-page=200&cursor=Ils1My4wLCAwLCAnaHR0cHM6Ly9vcGVuYWxleC5vcmcvVzQyMzY4Njc1MjAnXSI%3D HTTP/1.1" 200 142
[2025-09-05 06:55:12,921] DEBUG: Fetched 0 results at cursor 'Ils1My4wLCAwLCAnaHR0cHM6Ly9vcGVuYWxleC5vcmcvVzQyMzY4Njc1MjAnXSI='
[2025-09-05 06:55:13,173] DEBUG: Flattened df_all missing expected columns: ['host_venue__display_name', 'author_name', 'author_openalex_id']
[2025-09-05 06:55:13,191] INFO: Appended 213 lifetime works for Lydden Polley
[2025-09-05 06:55:13,194] INFO: Appended 12 last-5y works for Lydden Polley
[2025-09-05 06:55:13,194] INFO: Processing Andrew Potter (a5035086403)
[2025-09-05 06:55:13,194] INFO: OpenAlex fetch for https://openalex.org/a5035086403 (last 5 years >= 2021)
[2025-09-05 06:55:13,195] DEBUG: Starting new HTTPS connection (1): api.openalex.org:443
[2025-09-05 06:55:13,467] DEBUG: https://api.openalex.org:443 "GET /works?filter=author.id%3Ahttps%3A%2F%2Fopenalex.org%2Fa5035086403&per-page=200&cursor=%2A HTTP/1.1" 200 547070
[2025-09-05 06:55:13,535] DEBUG: Fetched 200 results at cursor '*'
[2025-09-05 06:55:13,536] DEBUG: Starting new HTTPS connection (1): api.openalex.org:443
[2025-09-05 06:55:13,671] DEBUG: https://api.openalex.org:443 "GET /works?filter=author.id%3Ahttps%3A%2F%2Fopenalex.org%2Fa5035086403&per-page=200&cursor=Ils4MS4wLCAxMywgJ2h0dHBzOi8vb3BlbmFsZXgub3JnL1cyMTM3MzQ4MjYzJ10i HTTP/1.1" 200 97449
[2025-09-05 06:55:13,719] DEBUG: Fetched 46 results at cursor 'Ils4MS4wLCAxMywgJ2h0dHBzOi8vb3BlbmFsZXgub3JnL1cyMTM3MzQ4MjYzJ10i'
[2025-09-05 06:55:13,720] DEBUG: Starting new HTTPS connection (1): api.openalex.org:443
[2025-09-05 06:55:13,799] DEBUG: https://api.openalex.org:443 "GET /works?filter=author.id%3Ahttps%3A%2F%2Fopenalex.org%2Fa5035086403&per-page=200&cursor=Ils1My4wLCAwLCAnaHR0cHM6Ly9vcGVuYWxleC5vcmcvVzQyMDU4Mzk1MzgnXSI%3D HTTP/1.1" 200 142
[2025-09-05 06:55:13,800] DEBUG: Fetched 0 results at cursor 'Ils1My4wLCAwLCAnaHR0cHM6Ly9vcGVuYWxleC5vcmcvVzQyMDU4Mzk1MzgnXSI='
[2025-09-05 06:55:14,089] DEBUG: Flattened df_all missing expected columns: ['host_venue__display_name', 'author_name', 'author_openalex_id']
[2025-09-05 06:55:14,112] INFO: Appended 246 lifetime works for Andrew Potter
[2025-09-05 06:55:14,115] INFO: Appended 21 last-5y works for Andrew Potter
[2025-09-05 06:55:14,115] INFO: Processing Henry Tabel (nan)
[2025-09-05 06:55:14,115] INFO: OpenAlex fetch for https://openalex.org/nan (last 5 years >= 2021)
[2025-09-05 06:55:14,116] DEBUG: Starting new HTTPS connection (1): api.openalex.org:443
[2025-09-05 06:55:14,280] DEBUG: https://api.openalex.org:443 "GET /works?filter=author.id%3Ahttps%3A%2F%2Fopenalex.org%2Fnan&per-page=200&cursor=%2A HTTP/1.1" 403 90
[2025-09-05 06:55:14,281] ERROR: HTTP error from OpenAlex: 403 Client Error: FORBIDDEN for url: https://api.openalex.org/works?filter=author.id%3Ahttps%3A%2F%2Fopenalex.org%2Fnan&per-page=200&cursor=%2A
Traceback (most recent call last):
  File "/home/runner/work/WCVM_VetMic/WCVM_VetMic/etl/WCVM_VetMic_works.py", line 273, in fetch_author_works_filtered
    resp.raise_for_status()
  File "/opt/hostedtoolcache/Python/3.11.13/x64/lib/python3.11/site-packages/requests/models.py", line 1026, in raise_for_status
    raise HTTPError(http_error_msg, response=self)
requests.exceptions.HTTPError: 403 Client Error: FORBIDDEN for url: https://api.openalex.org/works?filter=author.id%3Ahttps%3A%2F%2Fopenalex.org%2Fnan&per-page=200&cursor=%2A
[2025-09-05 06:55:14,281] INFO: No works returned from OpenAlex for this author.
[2025-09-05 06:55:14,299] INFO: No lifetime works for Henry Tabel
[2025-09-05 06:55:14,299] INFO: No last-5y works for Henry Tabel
[2025-09-05 06:55:14,299] INFO: Total skipped rows due to missing ID: 0
[2025-09-05 06:55:14,312] INFO: Deduplicating 1368 -> 574 rows
[2025-09-05 06:55:14,321] INFO: Deduplicated file written to data/openalex_all_authors_last5y_key_fields_dedup.csv
