[2025-09-07 23:02:55,638] INFO: Removed old artifact: data/openalex_all_authors_lifetime.csv
[2025-09-07 23:02:55,639] INFO: Removed old artifact: data/openalex_all_authors_last5y_key_fields.csv
[2025-09-07 23:02:55,639] INFO: Removed old artifact: data/openalex_all_authors_last5y_key_fields_dedup.csv
[2025-09-07 23:02:55,639] INFO: Reading roster from data/roster_with_metrics.csv
[2025-09-07 23:02:55,641] INFO: Processing Janet Hill (https://openalex.org/A5022032110)
[2025-09-07 23:02:55,642] INFO: OpenAlex fetch for https://openalex.org/A5022032110 (last 5 years >= 2021)
[2025-09-07 23:02:55,643] DEBUG: Starting new HTTPS connection (1): api.openalex.org:443
[2025-09-07 23:02:57,165] DEBUG: https://api.openalex.org:443 "GET /works?filter=author.id%3Ahttps%3A%2F%2Fopenalex.org%2FA5022032110&per-page=200&cursor=%2A HTTP/1.1" 200 571278
[2025-09-07 23:02:57,222] DEBUG: Fetched 200 results at cursor '*'
[2025-09-07 23:02:57,224] DEBUG: Starting new HTTPS connection (1): api.openalex.org:443
[2025-09-07 23:02:57,784] DEBUG: https://api.openalex.org:443 "GET /works?filter=author.id%3Ahttps%3A%2F%2Fopenalex.org%2FA5022032110&per-page=200&cursor=Ils3MC4wLCAwLCAnaHR0cHM6Ly9vcGVuYWxleC5vcmcvVzQzOTE0MDEzOTEnXSI%3D HTTP/1.1" 200 102527
[2025-09-07 23:02:57,801] DEBUG: Fetched 63 results at cursor 'Ils3MC4wLCAwLCAnaHR0cHM6Ly9vcGVuYWxleC5vcmcvVzQzOTE0MDEzOTEnXSI='
[2025-09-07 23:02:57,802] DEBUG: Starting new HTTPS connection (1): api.openalex.org:443
[2025-09-07 23:02:57,907] DEBUG: https://api.openalex.org:443 "GET /works?filter=author.id%3Ahttps%3A%2F%2Fopenalex.org%2FA5022032110&per-page=200&cursor=Ils1My4wLCAwLCAnaHR0cHM6Ly9vcGVuYWxleC5vcmcvVzI5NTMxODg0MzgnXSI%3D HTTP/1.1" 200 141
[2025-09-07 23:02:57,909] DEBUG: Fetched 0 results at cursor 'Ils1My4wLCAwLCAnaHR0cHM6Ly9vcGVuYWxleC5vcmcvVzI5NTMxODg0MzgnXSI='
[2025-09-07 23:02:58,270] DEBUG: Flattened df_all missing expected columns: ['host_venue__display_name', 'author_name', 'author_openalex_id']
[2025-09-07 23:02:58,284] INFO: Appended 263 lifetime works for Janet Hill
[2025-09-07 23:02:58,288] INFO: Appended 57 last-5y works for Janet Hill
[2025-09-07 23:02:58,289] INFO: Processing Kristen Conn (https://openalex.org/A5024161948)
[2025-09-07 23:02:58,289] INFO: OpenAlex fetch for https://openalex.org/A5024161948 (last 5 years >= 2021)
[2025-09-07 23:02:58,290] DEBUG: Starting new HTTPS connection (1): api.openalex.org:443
[2025-09-07 23:02:58,797] DEBUG: https://api.openalex.org:443 "GET /works?filter=author.id%3Ahttps%3A%2F%2Fopenalex.org%2FA5024161948&per-page=200&cursor=%2A HTTP/1.1" 200 64930
[2025-09-07 23:02:58,832] DEBUG: Fetched 18 results at cursor '*'
[2025-09-07 23:02:58,833] DEBUG: Starting new HTTPS connection (1): api.openalex.org:443
[2025-09-07 23:02:58,999] DEBUG: https://api.openalex.org:443 "GET /works?filter=author.id%3Ahttps%3A%2F%2Fopenalex.org%2FA5024161948&per-page=200&cursor=Ils2NC4wLCAwLCAnaHR0cHM6Ly9vcGVuYWxleC5vcmcvVzI4OTY1NDMwMDEnXSI%3D HTTP/1.1" 200 140
[2025-09-07 23:02:59,000] DEBUG: Fetched 0 results at cursor 'Ils2NC4wLCAwLCAnaHR0cHM6Ly9vcGVuYWxleC5vcmcvVzI4OTY1NDMwMDEnXSI='
[2025-09-07 23:02:59,028] DEBUG: Flattened df_all missing expected columns: ['host_venue__display_name', 'author_name', 'author_openalex_id']
[2025-09-07 23:02:59,044] INFO: Appended 18 lifetime works for Kristen Conn
[2025-09-07 23:02:59,046] INFO: Appended 4 last-5y works for Kristen Conn
[2025-09-07 23:02:59,046] INFO: Processing John Ellis (https://openalex.org/A5007566988)
[2025-09-07 23:02:59,046] INFO: OpenAlex fetch for https://openalex.org/A5007566988 (last 5 years >= 2021)
[2025-09-07 23:02:59,047] DEBUG: Starting new HTTPS connection (1): api.openalex.org:443
[2025-09-07 23:02:59,538] DEBUG: https://api.openalex.org:443 "GET /works?filter=author.id%3Ahttps%3A%2F%2Fopenalex.org%2FA5007566988&per-page=200&cursor=%2A HTTP/1.1" 200 548785
[2025-09-07 23:02:59,584] DEBUG: Fetched 200 results at cursor '*'
[2025-09-07 23:02:59,585] DEBUG: Starting new HTTPS connection (1): api.openalex.org:443
[2025-09-07 23:02:59,795] DEBUG: https://api.openalex.org:443 "GET /works?filter=author.id%3Ahttps%3A%2F%2Fopenalex.org%2FA5007566988&per-page=200&cursor=Ils5MS4wLCAxOSwgJ2h0dHBzOi8vb3BlbmFsZXgub3JnL1cyNzYzMjk0NzIxJ10i HTTP/1.1" 200 444800
[2025-09-07 23:02:59,861] DEBUG: Fetched 200 results at cursor 'Ils5MS4wLCAxOSwgJ2h0dHBzOi8vb3BlbmFsZXgub3JnL1cyNzYzMjk0NzIxJ10i'
[2025-09-07 23:02:59,862] DEBUG: Starting new HTTPS connection (1): api.openalex.org:443
[2025-09-07 23:03:00,038] DEBUG: https://api.openalex.org:443 "GET /works?filter=author.id%3Ahttps%3A%2F%2Fopenalex.org%2FA5007566988&per-page=200&cursor=Ils2OS4wLCAxLCAnaHR0cHM6Ly9vcGVuYWxleC5vcmcvVzI5NDQ1MTYwMTMnXSI%3D HTTP/1.1" 200 178264
[2025-09-07 23:03:00,063] DEBUG: Fetched 103 results at cursor 'Ils2OS4wLCAxLCAnaHR0cHM6Ly9vcGVuYWxleC5vcmcvVzI5NDQ1MTYwMTMnXSI='
[2025-09-07 23:03:00,065] DEBUG: Starting new HTTPS connection (1): api.openalex.org:443
[2025-09-07 23:03:00,437] DEBUG: https://api.openalex.org:443 "GET /works?filter=author.id%3Ahttps%3A%2F%2Fopenalex.org%2FA5007566988&per-page=200&cursor=Ils1My4wLCAwLCAnaHR0cHM6Ly9vcGVuYWxleC5vcmcvVzQyNTYzMjc2MzYnXSI%3D HTTP/1.1" 200 141
[2025-09-07 23:03:00,438] DEBUG: Fetched 0 results at cursor 'Ils1My4wLCAwLCAnaHR0cHM6Ly9vcGVuYWxleC5vcmcvVzQyNTYzMjc2MzYnXSI='
[2025-09-07 23:03:01,123] DEBUG: Flattened df_all missing expected columns: ['host_venue__display_name', 'author_name', 'author_openalex_id']
[2025-09-07 23:03:01,144] INFO: Appended 503 lifetime works for John Ellis
[2025-09-07 23:03:01,149] INFO: Appended 47 last-5y works for John Ellis
[2025-09-07 23:03:01,149] INFO: Processing Volker Gerdts (https://openalex.org/A5054537882)
[2025-09-07 23:03:01,149] INFO: OpenAlex fetch for https://openalex.org/A5054537882 (last 5 years >= 2021)
[2025-09-07 23:03:01,150] DEBUG: Starting new HTTPS connection (1): api.openalex.org:443
[2025-09-07 23:03:02,391] DEBUG: https://api.openalex.org:443 "GET /works?filter=author.id%3Ahttps%3A%2F%2Fopenalex.org%2FA5054537882&per-page=200&cursor=%2A HTTP/1.1" 200 598801
[2025-09-07 23:03:02,479] DEBUG: Fetched 200 results at cursor '*'
[2025-09-07 23:03:02,480] DEBUG: Starting new HTTPS connection (1): api.openalex.org:443
[2025-09-07 23:03:02,923] DEBUG: https://api.openalex.org:443 "GET /works?filter=author.id%3Ahttps%3A%2F%2Fopenalex.org%2FA5054537882&per-page=200&cursor=Ils2MC4wLCAwLCAnaHR0cHM6Ly9vcGVuYWxleC5vcmcvVzMwODgwMzcwNjEnXSI%3D HTTP/1.1" 200 10601
[2025-09-07 23:03:02,925] DEBUG: Fetched 6 results at cursor 'Ils2MC4wLCAwLCAnaHR0cHM6Ly9vcGVuYWxleC5vcmcvVzMwODgwMzcwNjEnXSI='
[2025-09-07 23:03:02,926] DEBUG: Starting new HTTPS connection (1): api.openalex.org:443
[2025-09-07 23:03:03,323] DEBUG: https://api.openalex.org:443 "GET /works?filter=author.id%3Ahttps%3A%2F%2Fopenalex.org%2FA5054537882&per-page=200&cursor=Ils1Ni4wLCAwLCAnaHR0cHM6Ly9vcGVuYWxleC5vcmcvVzMyMTcxNTYxODQnXSI%3D HTTP/1.1" 200 141
[2025-09-07 23:03:03,324] DEBUG: Fetched 0 results at cursor 'Ils1Ni4wLCAwLCAnaHR0cHM6Ly9vcGVuYWxleC5vcmcvVzMyMTcxNTYxODQnXSI='
[2025-09-07 23:03:03,544] DEBUG: Flattened df_all missing expected columns: ['host_venue__display_name', 'author_name', 'author_openalex_id']
[2025-09-07 23:03:03,579] INFO: Appended 206 lifetime works for Volker Gerdts
[2025-09-07 23:03:03,584] INFO: Appended 49 last-5y works for Volker Gerdts
[2025-09-07 23:03:03,584] INFO: Processing Emily Jenkins (https://openalex.org/A5075278671)
[2025-09-07 23:03:03,584] INFO: OpenAlex fetch for https://openalex.org/A5075278671 (last 5 years >= 2021)
[2025-09-07 23:03:03,585] DEBUG: Starting new HTTPS connection (1): api.openalex.org:443
[2025-09-07 23:03:04,866] DEBUG: https://api.openalex.org:443 "GET /works?filter=author.id%3Ahttps%3A%2F%2Fopenalex.org%2FA5075278671&per-page=200&cursor=%2A HTTP/1.1" 200 593666
[2025-09-07 23:03:04,974] DEBUG: Fetched 177 results at cursor '*'
[2025-09-07 23:03:04,976] DEBUG: Starting new HTTPS connection (1): api.openalex.org:443
[2025-09-07 23:03:05,069] DEBUG: https://api.openalex.org:443 "GET /works?filter=author.id%3Ahttps%3A%2F%2Fopenalex.org%2FA5075278671&per-page=200&cursor=Ils1Ni4wLCAwLCAnaHR0cHM6Ly9vcGVuYWxleC5vcmcvVzMyMTEwMTg2MzcnXSI%3D HTTP/1.1" 200 141
[2025-09-07 23:03:05,070] DEBUG: Fetched 0 results at cursor 'Ils1Ni4wLCAwLCAnaHR0cHM6Ly9vcGVuYWxleC5vcmcvVzMyMTEwMTg2MzcnXSI='
[2025-09-07 23:03:05,391] DEBUG: Flattened df_all missing expected columns: ['host_venue__display_name', 'author_name', 'author_openalex_id']
[2025-09-07 23:03:05,412] INFO: Appended 177 lifetime works for Emily Jenkins
[2025-09-07 23:03:05,417] INFO: Appended 63 last-5y works for Emily Jenkins
[2025-09-07 23:03:05,417] INFO: Processing Joseph Rubin (https://openalex.org/A5032938268)
[2025-09-07 23:03:05,417] INFO: OpenAlex fetch for https://openalex.org/A5032938268 (last 5 years >= 2021)
[2025-09-07 23:03:05,418] DEBUG: Starting new HTTPS connection (1): api.openalex.org:443
[2025-09-07 23:03:05,758] DEBUG: https://api.openalex.org:443 "GET /works?filter=author.id%3Ahttps%3A%2F%2Fopenalex.org%2FA5032938268&per-page=200&cursor=%2A HTTP/1.1" 200 190664
[2025-09-07 23:03:05,786] DEBUG: Fetched 79 results at cursor '*'
[2025-09-07 23:03:05,787] DEBUG: Starting new HTTPS connection (1): api.openalex.org:443
[2025-09-07 23:03:05,942] DEBUG: https://api.openalex.org:443 "GET /works?filter=author.id%3Ahttps%3A%2F%2Fopenalex.org%2FA5032938268&per-page=200&cursor=Ils1OC4wLCAwLCAnaHR0cHM6Ly9vcGVuYWxleC5vcmcvVzQzMDE4MTkxMTInXSI%3D HTTP/1.1" 200 140
[2025-09-07 23:03:05,944] DEBUG: Fetched 0 results at cursor 'Ils1OC4wLCAwLCAnaHR0cHM6Ly9vcGVuYWxleC5vcmcvVzQzMDE4MTkxMTInXSI='
[2025-09-07 23:03:06,025] DEBUG: Flattened df_all missing expected columns: ['host_venue__display_name', 'author_name', 'author_openalex_id']
[2025-09-07 23:03:06,046] INFO: Appended 79 lifetime works for Joseph Rubin
[2025-09-07 23:03:06,048] INFO: Appended 18 last-5y works for Joseph Rubin
[2025-09-07 23:03:06,048] INFO: Processing Tony Ruzzini (https://openalex.org/A5016372093)
[2025-09-07 23:03:06,049] INFO: OpenAlex fetch for https://openalex.org/A5016372093 (last 5 years >= 2021)
[2025-09-07 23:03:06,050] DEBUG: Starting new HTTPS connection (1): api.openalex.org:443
[2025-09-07 23:03:06,688] DEBUG: https://api.openalex.org:443 "GET /works?filter=author.id%3Ahttps%3A%2F%2Fopenalex.org%2FA5016372093&per-page=200&cursor=%2A HTTP/1.1" 200 103228
[2025-09-07 23:03:06,703] DEBUG: Fetched 37 results at cursor '*'
[2025-09-07 23:03:06,705] DEBUG: Starting new HTTPS connection (1): api.openalex.org:443
[2025-09-07 23:03:07,026] DEBUG: https://api.openalex.org:443 "GET /works?filter=author.id%3Ahttps%3A%2F%2Fopenalex.org%2FA5016372093&per-page=200&cursor=Ils2MS4wLCAwLCAnaHR0cHM6Ly9vcGVuYWxleC5vcmcvVzI5NzA5NjgzMTYnXSI%3D HTTP/1.1" 200 140
[2025-09-07 23:03:07,028] DEBUG: Fetched 0 results at cursor 'Ils2MS4wLCAwLCAnaHR0cHM6Ly9vcGVuYWxleC5vcmcvVzI5NzA5NjgzMTYnXSI='
[2025-09-07 23:03:07,074] DEBUG: Flattened df_all missing expected columns: ['host_venue__display_name', 'author_name', 'author_openalex_id']
[2025-09-07 23:03:07,083] INFO: Appended 37 lifetime works for Tony Ruzzini
[2025-09-07 23:03:07,086] INFO: Appended 12 last-5y works for Tony Ruzzini
[2025-09-07 23:03:07,086] INFO: Processing Maarten Voordouw (https://openalex.org/A5026690931)
[2025-09-07 23:03:07,086] INFO: OpenAlex fetch for https://openalex.org/A5026690931 (last 5 years >= 2021)
[2025-09-07 23:03:07,087] DEBUG: Starting new HTTPS connection (1): api.openalex.org:443
[2025-09-07 23:03:08,042] DEBUG: https://api.openalex.org:443 "GET /works?filter=author.id%3Ahttps%3A%2F%2Fopenalex.org%2FA5026690931&per-page=200&cursor=%2A HTTP/1.1" 200 295623
[2025-09-07 23:03:08,073] DEBUG: Fetched 96 results at cursor '*'
[2025-09-07 23:03:08,074] DEBUG: Starting new HTTPS connection (1): api.openalex.org:443
[2025-09-07 23:03:08,563] DEBUG: https://api.openalex.org:443 "GET /works?filter=author.id%3Ahttps%3A%2F%2Fopenalex.org%2FA5026690931&per-page=200&cursor=Ils1Ni4wLCAwLCAnaHR0cHM6Ly9vcGVuYWxleC5vcmcvVzQzOTQwODAwNzgnXSI%3D HTTP/1.1" 200 140
[2025-09-07 23:03:08,564] DEBUG: Fetched 0 results at cursor 'Ils1Ni4wLCAwLCAnaHR0cHM6Ly9vcGVuYWxleC5vcmcvVzQzOTQwODAwNzgnXSI='
[2025-09-07 23:03:08,652] DEBUG: Flattened df_all missing expected columns: ['host_venue__display_name', 'author_name', 'author_openalex_id']
[2025-09-07 23:03:08,661] INFO: Appended 96 lifetime works for Maarten Voordouw
[2025-09-07 23:03:08,665] INFO: Appended 26 last-5y works for Maarten Voordouw
[2025-09-07 23:03:08,665] INFO: Processing Arinjay Banerjee (https://openalex.org/A5050567215)
[2025-09-07 23:03:08,665] INFO: OpenAlex fetch for https://openalex.org/A5050567215 (last 5 years >= 2021)
[2025-09-07 23:03:08,666] DEBUG: Starting new HTTPS connection (1): api.openalex.org:443
[2025-09-07 23:03:10,097] DEBUG: https://api.openalex.org:443 "GET /works?filter=author.id%3Ahttps%3A%2F%2Fopenalex.org%2FA5050567215&per-page=200&cursor=%2A HTTP/1.1" 200 429879
[2025-09-07 23:03:10,154] DEBUG: Fetched 110 results at cursor '*'
[2025-09-07 23:03:10,155] DEBUG: Starting new HTTPS connection (1): api.openalex.org:443
[2025-09-07 23:03:10,334] DEBUG: https://api.openalex.org:443 "GET /works?filter=author.id%3Ahttps%3A%2F%2Fopenalex.org%2FA5050567215&per-page=200&cursor=Ils1Ni4wLCAwLCAnaHR0cHM6Ly9vcGVuYWxleC5vcmcvVzMxNzYwNDkxMTYnXSI%3D HTTP/1.1" 200 141
[2025-09-07 23:03:10,336] DEBUG: Fetched 0 results at cursor 'Ils1Ni4wLCAwLCAnaHR0cHM6Ly9vcGVuYWxleC5vcmcvVzMxNzYwNDkxMTYnXSI='
[2025-09-07 23:03:10,480] DEBUG: Flattened df_all missing expected columns: ['host_venue__display_name', 'author_name', 'author_openalex_id']
[2025-09-07 23:03:10,494] INFO: Appended 110 lifetime works for Arinjay Banerjee
[2025-09-07 23:03:10,499] INFO: Appended 72 last-5y works for Arinjay Banerjee
[2025-09-07 23:03:10,499] INFO: Processing Jeffrey Chen (https://openalex.org/A5000375230)
[2025-09-07 23:03:10,499] INFO: OpenAlex fetch for https://openalex.org/A5000375230 (last 5 years >= 2021)
[2025-09-07 23:03:10,500] DEBUG: Starting new HTTPS connection (1): api.openalex.org:443
[2025-09-07 23:03:10,983] DEBUG: https://api.openalex.org:443 "GET /works?filter=author.id%3Ahttps%3A%2F%2Fopenalex.org%2FA5000375230&per-page=200&cursor=%2A HTTP/1.1" 200 86526
[2025-09-07 23:03:10,996] DEBUG: Fetched 30 results at cursor '*'
[2025-09-07 23:03:10,997] DEBUG: Starting new HTTPS connection (1): api.openalex.org:443
[2025-09-07 23:03:11,290] DEBUG: https://api.openalex.org:443 "GET /works?filter=author.id%3Ahttps%3A%2F%2Fopenalex.org%2FA5000375230&per-page=200&cursor=Ils1Ni4wLCAwLCAnaHR0cHM6Ly9vcGVuYWxleC5vcmcvVzMyMDg4MDU3MjQnXSI%3D HTTP/1.1" 200 141
[2025-09-07 23:03:11,291] DEBUG: Fetched 0 results at cursor 'Ils1Ni4wLCAwLCAnaHR0cHM6Ly9vcGVuYWxleC5vcmcvVzMyMDg4MDU3MjQnXSI='
[2025-09-07 23:03:11,331] DEBUG: Flattened df_all missing expected columns: ['host_venue__display_name', 'author_name', 'author_openalex_id']
[2025-09-07 23:03:11,343] INFO: Appended 30 lifetime works for Jeffrey Chen
[2025-09-07 23:03:11,345] INFO: Appended 9 last-5y works for Jeffrey Chen
[2025-09-07 23:03:11,345] INFO: Processing Antonio Facciuolo (https://openalex.org/A5088785492)
[2025-09-07 23:03:11,346] INFO: OpenAlex fetch for https://openalex.org/A5088785492 (last 5 years >= 2021)
[2025-09-07 23:03:11,347] DEBUG: Starting new HTTPS connection (1): api.openalex.org:443
[2025-09-07 23:03:11,830] DEBUG: https://api.openalex.org:443 "GET /works?filter=author.id%3Ahttps%3A%2F%2Fopenalex.org%2FA5088785492&per-page=200&cursor=%2A HTTP/1.1" 200 91173
[2025-09-07 23:03:11,843] DEBUG: Fetched 28 results at cursor '*'
[2025-09-07 23:03:11,844] DEBUG: Starting new HTTPS connection (1): api.openalex.org:443
[2025-09-07 23:03:12,326] DEBUG: https://api.openalex.org:443 "GET /works?filter=author.id%3Ahttps%3A%2F%2Fopenalex.org%2FA5088785492&per-page=200&cursor=Ils2My4wLCAwLCAnaHR0cHM6Ly9vcGVuYWxleC5vcmcvVzQzODczNzY0NDgnXSI%3D HTTP/1.1" 200 140
[2025-09-07 23:03:12,328] DEBUG: Fetched 0 results at cursor 'Ils2My4wLCAwLCAnaHR0cHM6Ly9vcGVuYWxleC5vcmcvVzQzODczNzY0NDgnXSI='
[2025-09-07 23:03:12,371] DEBUG: Flattened df_all missing expected columns: ['host_venue__display_name', 'author_name', 'author_openalex_id']
[2025-09-07 23:03:12,377] INFO: Appended 28 lifetime works for Antonio Facciuolo
[2025-09-07 23:03:12,379] INFO: Appended 18 last-5y works for Antonio Facciuolo
[2025-09-07 23:03:12,380] INFO: Processing Darryl Falzarano (https://openalex.org/A5041967571)
[2025-09-07 23:03:12,380] INFO: OpenAlex fetch for https://openalex.org/A5041967571 (last 5 years >= 2021)
[2025-09-07 23:03:12,381] DEBUG: Starting new HTTPS connection (1): api.openalex.org:443
[2025-09-07 23:03:13,985] DEBUG: https://api.openalex.org:443 "GET /works?filter=author.id%3Ahttps%3A%2F%2Fopenalex.org%2FA5041967571&per-page=200&cursor=%2A HTTP/1.1" 200 476423
[2025-09-07 23:03:14,029] DEBUG: Fetched 132 results at cursor '*'
[2025-09-07 23:03:14,030] DEBUG: Starting new HTTPS connection (1): api.openalex.org:443
[2025-09-07 23:03:14,184] DEBUG: https://api.openalex.org:443 "GET /works?filter=author.id%3Ahttps%3A%2F%2Fopenalex.org%2FA5041967571&per-page=200&cursor=Ils1Ni4wLCAwLCAnaHR0cHM6Ly9vcGVuYWxleC5vcmcvVzMyMTQ5NTI4NDInXSI%3D HTTP/1.1" 200 142
[2025-09-07 23:03:14,186] DEBUG: Fetched 0 results at cursor 'Ils1Ni4wLCAwLCAnaHR0cHM6Ly9vcGVuYWxleC5vcmcvVzMyMTQ5NTI4NDInXSI='
[2025-09-07 23:03:14,351] DEBUG: Flattened df_all missing expected columns: ['host_venue__display_name', 'author_name', 'author_openalex_id']
[2025-09-07 23:03:14,362] INFO: Appended 132 lifetime works for Darryl Falzarano
[2025-09-07 23:03:14,367] INFO: Appended 70 last-5y works for Darryl Falzarano
[2025-09-07 23:03:14,367] INFO: Processing Kazal Ghosh (https://openalex.org/A5073467123)
[2025-09-07 23:03:14,367] INFO: OpenAlex fetch for https://openalex.org/A5073467123 (last 5 years >= 2021)
[2025-09-07 23:03:14,368] DEBUG: Starting new HTTPS connection (1): api.openalex.org:443
[2025-09-07 23:03:14,577] DEBUG: https://api.openalex.org:443 "GET /works?filter=author.id%3Ahttps%3A%2F%2Fopenalex.org%2FA5073467123&per-page=200&cursor=%2A HTTP/1.1" 200 23155
[2025-09-07 23:03:14,601] DEBUG: Fetched 9 results at cursor '*'
[2025-09-07 23:03:14,603] DEBUG: Starting new HTTPS connection (1): api.openalex.org:443
[2025-09-07 23:03:14,920] DEBUG: https://api.openalex.org:443 "GET /works?filter=author.id%3Ahttps%3A%2F%2Fopenalex.org%2FA5073467123&per-page=200&cursor=Ils1OC4wLCAwLCAnaHR0cHM6Ly9vcGVuYWxleC5vcmcvVzQzMjEwMDMxOTknXSI%3D HTTP/1.1" 200 139
[2025-09-07 23:03:14,922] DEBUG: Fetched 0 results at cursor 'Ils1OC4wLCAwLCAnaHR0cHM6Ly9vcGVuYWxleC5vcmcvVzQzMjEwMDMxOTknXSI='
[2025-09-07 23:03:14,940] DEBUG: Flattened df_all missing expected columns: ['host_venue__display_name', 'author_name', 'author_openalex_id']
[2025-09-07 23:03:14,952] INFO: Appended 9 lifetime works for Kazal Ghosh
[2025-09-07 23:03:14,954] INFO: Appended 7 last-5y works for Kazal Ghosh
[2025-09-07 23:03:14,955] INFO: Processing Uladzimir Karniychuk (https://openalex.org/A5012825986)
[2025-09-07 23:03:14,955] INFO: OpenAlex fetch for https://openalex.org/A5012825986 (last 5 years >= 2021)
[2025-09-07 23:03:14,956] DEBUG: Starting new HTTPS connection (1): api.openalex.org:443
[2025-09-07 23:03:15,804] DEBUG: https://api.openalex.org:443 "GET /works?filter=author.id%3Ahttps%3A%2F%2Fopenalex.org%2FA5012825986&per-page=200&cursor=%2A HTTP/1.1" 200 139051
[2025-09-07 23:03:15,857] DEBUG: Fetched 62 results at cursor '*'
[2025-09-07 23:03:15,858] DEBUG: Starting new HTTPS connection (1): api.openalex.org:443
[2025-09-07 23:03:16,208] DEBUG: https://api.openalex.org:443 "GET /works?filter=author.id%3Ahttps%3A%2F%2Fopenalex.org%2FA5012825986&per-page=200&cursor=Ils2MS4wLCAwLCAnaHR0cHM6Ly9vcGVuYWxleC5vcmcvVzQzOTQ0NDg4MzQnXSI%3D HTTP/1.1" 200 140
[2025-09-07 23:03:16,210] DEBUG: Fetched 0 results at cursor 'Ils2MS4wLCAwLCAnaHR0cHM6Ly9vcGVuYWxleC5vcmcvVzQzOTQ0NDg4MzQnXSI='
[2025-09-07 23:03:16,258] DEBUG: Flattened df_all missing expected columns: ['host_venue__display_name', 'author_name', 'author_openalex_id']
[2025-09-07 23:03:16,264] INFO: Appended 62 lifetime works for Uladzimir Karniychuk
[2025-09-07 23:03:16,267] INFO: Appended 15 last-5y works for Uladzimir Karniychuk
[2025-09-07 23:03:16,267] INFO: Processing Wolfgang Koester (https://openalex.org/A5053166362)
[2025-09-07 23:03:16,267] INFO: OpenAlex fetch for https://openalex.org/A5053166362 (last 5 years >= 2021)
[2025-09-07 23:03:16,268] DEBUG: Starting new HTTPS connection (1): api.openalex.org:443
[2025-09-07 23:03:16,923] DEBUG: https://api.openalex.org:443 "GET /works?filter=author.id%3Ahttps%3A%2F%2Fopenalex.org%2FA5053166362&per-page=200&cursor=%2A HTTP/1.1" 200 179607
[2025-09-07 23:03:16,978] DEBUG: Fetched 67 results at cursor '*'
[2025-09-07 23:03:16,979] DEBUG: Starting new HTTPS connection (1): api.openalex.org:443
[2025-09-07 23:03:17,130] DEBUG: https://api.openalex.org:443 "GET /works?filter=author.id%3Ahttps%3A%2F%2Fopenalex.org%2FA5053166362&per-page=200&cursor=Ils1My4wLCAwLCAnaHR0cHM6Ly9vcGVuYWxleC5vcmcvVzE1Mzg4NzQ0MSddIg%3D%3D HTTP/1.1" 200 140
[2025-09-07 23:03:17,131] DEBUG: Fetched 0 results at cursor 'Ils1My4wLCAwLCAnaHR0cHM6Ly9vcGVuYWxleC5vcmcvVzE1Mzg4NzQ0MSddIg=='
[2025-09-07 23:03:17,199] DEBUG: Flattened df_all missing expected columns: ['host_venue__display_name', 'author_name', 'author_openalex_id']
[2025-09-07 23:03:17,208] INFO: Appended 67 lifetime works for Wolfgang Koester
[2025-09-07 23:03:17,210] INFO: Appended 11 last-5y works for Wolfgang Koester
[2025-09-07 23:03:17,210] INFO: Processing Qiang Liu (https://openalex.org/A5100409525)
[2025-09-07 23:03:17,210] INFO: OpenAlex fetch for https://openalex.org/A5100409525 (last 5 years >= 2021)
[2025-09-07 23:03:17,211] DEBUG: Starting new HTTPS connection (1): api.openalex.org:443
[2025-09-07 23:03:17,581] DEBUG: https://api.openalex.org:443 "GET /works?filter=author.id%3Ahttps%3A%2F%2Fopenalex.org%2FA5100409525&per-page=200&cursor=%2A HTTP/1.1" 200 269012
[2025-09-07 23:03:17,610] DEBUG: Fetched 97 results at cursor '*'
[2025-09-07 23:03:17,611] DEBUG: Starting new HTTPS connection (1): api.openalex.org:443
[2025-09-07 23:03:17,829] DEBUG: https://api.openalex.org:443 "GET /works?filter=author.id%3Ahttps%3A%2F%2Fopenalex.org%2FA5100409525&per-page=200&cursor=Ils1NS4wLCAwLCAnaHR0cHM6Ly9vcGVuYWxleC5vcmcvVzI3NzQ0Nzc2ODInXSI%3D HTTP/1.1" 200 140
[2025-09-07 23:03:17,830] DEBUG: Fetched 0 results at cursor 'Ils1NS4wLCAwLCAnaHR0cHM6Ly9vcGVuYWxleC5vcmcvVzI3NzQ0Nzc2ODInXSI='
[2025-09-07 23:03:17,943] DEBUG: Flattened df_all missing expected columns: ['host_venue__display_name', 'author_name', 'author_openalex_id']
[2025-09-07 23:03:17,953] INFO: Appended 97 lifetime works for Qiang Liu
[2025-09-07 23:03:17,956] INFO: Appended 25 last-5y works for Qiang Liu
[2025-09-07 23:03:17,956] INFO: Processing Musangu Ngeleka (https://openalex.org/A5018933207)
[2025-09-07 23:03:17,956] INFO: OpenAlex fetch for https://openalex.org/A5018933207 (last 5 years >= 2021)
[2025-09-07 23:03:17,957] DEBUG: Starting new HTTPS connection (1): api.openalex.org:443
[2025-09-07 23:03:18,180] DEBUG: https://api.openalex.org:443 "GET /works?filter=author.id%3Ahttps%3A%2F%2Fopenalex.org%2FA5018933207&per-page=200&cursor=%2A HTTP/1.1" 200 110860
[2025-09-07 23:03:18,197] DEBUG: Fetched 42 results at cursor '*'
[2025-09-07 23:03:18,198] DEBUG: Starting new HTTPS connection (1): api.openalex.org:443
[2025-09-07 23:03:18,308] DEBUG: https://api.openalex.org:443 "GET /works?filter=author.id%3Ahttps%3A%2F%2Fopenalex.org%2FA5018933207&per-page=200&cursor=Ils1Ni4wLCAwLCAnaHR0cHM6Ly9vcGVuYWxleC5vcmcvVzQyNDQ1NDM2MzMnXSI%3D HTTP/1.1" 200 140
[2025-09-07 23:03:18,309] DEBUG: Fetched 0 results at cursor 'Ils1Ni4wLCAwLCAnaHR0cHM6Ly9vcGVuYWxleC5vcmcvVzQyNDQ1NDM2MzMnXSI='
[2025-09-07 23:03:18,362] DEBUG: Flattened df_all missing expected columns: ['host_venue__display_name', 'author_name', 'author_openalex_id']
[2025-09-07 23:03:18,371] INFO: Appended 42 lifetime works for Musangu Ngeleka
[2025-09-07 23:03:18,371] INFO: No last-5y works for Musangu Ngeleka
[2025-09-07 23:03:18,371] INFO: Processing Jose Perez-casal (https://openalex.org/A5075533328)
[2025-09-07 23:03:18,371] INFO: OpenAlex fetch for https://openalex.org/A5075533328 (last 5 years >= 2021)
[2025-09-07 23:03:18,372] DEBUG: Starting new HTTPS connection (1): api.openalex.org:443
[2025-09-07 23:03:18,853] DEBUG: https://api.openalex.org:443 "GET /works?filter=author.id%3Ahttps%3A%2F%2Fopenalex.org%2FA5075533328&per-page=200&cursor=%2A HTTP/1.1" 200 159475
[2025-09-07 23:03:18,888] DEBUG: Fetched 75 results at cursor '*'
[2025-09-07 23:03:18,889] DEBUG: Starting new HTTPS connection (1): api.openalex.org:443
[2025-09-07 23:03:19,045] DEBUG: https://api.openalex.org:443 "GET /works?filter=author.id%3Ahttps%3A%2F%2Fopenalex.org%2FA5075533328&per-page=200&cursor=Ils1Ni4wLCAwLCAnaHR0cHM6Ly9vcGVuYWxleC5vcmcvVzQzOTQxMjMxNjEnXSI%3D HTTP/1.1" 200 140
[2025-09-07 23:03:19,047] DEBUG: Fetched 0 results at cursor 'Ils1Ni4wLCAwLCAnaHR0cHM6Ly9vcGVuYWxleC5vcmcvVzQzOTQxMjMxNjEnXSI='
[2025-09-07 23:03:19,101] DEBUG: Flattened df_all missing expected columns: ['host_venue__display_name', 'author_name', 'author_openalex_id']
[2025-09-07 23:03:19,109] INFO: Appended 75 lifetime works for Jose Perez-casal
[2025-09-07 23:03:19,112] INFO: Appended 11 last-5y works for Jose Perez-casal
[2025-09-07 23:03:19,112] INFO: Processing Camila Queiroz (https://openalex.org/A5061580720)
[2025-09-07 23:03:19,112] INFO: OpenAlex fetch for https://openalex.org/A5061580720 (last 5 years >= 2021)
[2025-09-07 23:03:19,113] DEBUG: Starting new HTTPS connection (1): api.openalex.org:443
[2025-09-07 23:03:19,293] DEBUG: https://api.openalex.org:443 "GET /works?filter=author.id%3Ahttps%3A%2F%2Fopenalex.org%2FA5061580720&per-page=200&cursor=%2A HTTP/1.1" 200 18235
[2025-09-07 23:03:19,309] DEBUG: Fetched 7 results at cursor '*'
[2025-09-07 23:03:19,310] DEBUG: Starting new HTTPS connection (1): api.openalex.org:443
[2025-09-07 23:03:19,565] DEBUG: https://api.openalex.org:443 "GET /works?filter=author.id%3Ahttps%3A%2F%2Fopenalex.org%2FA5061580720&per-page=200&cursor=Ils1Ni4wLCAwLCAnaHR0cHM6Ly9vcGVuYWxleC5vcmcvVzQzOTQxMTE1NTQnXSI%3D HTTP/1.1" 200 139
[2025-09-07 23:03:19,566] DEBUG: Fetched 0 results at cursor 'Ils1Ni4wLCAwLCAnaHR0cHM6Ly9vcGVuYWxleC5vcmcvVzQzOTQxMTE1NTQnXSI='
[2025-09-07 23:03:19,581] DEBUG: Flattened df_all missing expected columns: ['host_venue__display_name', 'author_name', 'author_openalex_id']
[2025-09-07 23:03:19,587] INFO: Appended 7 lifetime works for Camila Queiroz
[2025-09-07 23:03:19,589] INFO: Appended 1 last-5y works for Camila Queiroz
[2025-09-07 23:03:19,589] INFO: Processing Loki Snyman (https://openalex.org/A5095017105)
[2025-09-07 23:03:19,589] INFO: OpenAlex fetch for https://openalex.org/A5095017105 (last 5 years >= 2021)
[2025-09-07 23:03:19,590] DEBUG: Starting new HTTPS connection (1): api.openalex.org:443
[2025-09-07 23:03:19,754] DEBUG: https://api.openalex.org:443 "GET /works?filter=author.id%3Ahttps%3A%2F%2Fopenalex.org%2FA5095017105&per-page=200&cursor=%2A HTTP/1.1" 200 1937
[2025-09-07 23:03:19,754] DEBUG: Fetched 1 results at cursor '*'
[2025-09-07 23:03:19,755] DEBUG: Starting new HTTPS connection (1): api.openalex.org:443
[2025-09-07 23:03:19,909] DEBUG: https://api.openalex.org:443 "GET /works?filter=author.id%3Ahttps%3A%2F%2Fopenalex.org%2FA5095017105&per-page=200&cursor=Ils1Ni4wLCAwLCAnaHR0cHM6Ly9vcGVuYWxleC5vcmcvVzQzOTQzODc3MTMnXSI%3D HTTP/1.1" 200 139
[2025-09-07 23:03:19,910] DEBUG: Fetched 0 results at cursor 'Ils1Ni4wLCAwLCAnaHR0cHM6Ly9vcGVuYWxleC5vcmcvVzQzOTQzODc3MTMnXSI='
[2025-09-07 23:03:19,915] DEBUG: Flattened df_all missing expected columns: ['host_venue__display_name', 'author_name', 'author_openalex_id']
[2025-09-07 23:03:19,919] INFO: Appended 1 lifetime works for Loki Snyman
[2025-09-07 23:03:19,921] INFO: Appended 1 last-5y works for Loki Snyman
[2025-09-07 23:03:19,921] INFO: Processing Heather Wilson (https://openalex.org/A5002970194)
[2025-09-07 23:03:19,921] INFO: OpenAlex fetch for https://openalex.org/A5002970194 (last 5 years >= 2021)
[2025-09-07 23:03:19,922] DEBUG: Starting new HTTPS connection (1): api.openalex.org:443
[2025-09-07 23:03:20,227] DEBUG: https://api.openalex.org:443 "GET /works?filter=author.id%3Ahttps%3A%2F%2Fopenalex.org%2FA5002970194&per-page=200&cursor=%2A HTTP/1.1" 200 483980
[2025-09-07 23:03:20,268] DEBUG: Fetched 169 results at cursor '*'
[2025-09-07 23:03:20,269] DEBUG: Starting new HTTPS connection (1): api.openalex.org:443
[2025-09-07 23:03:20,404] DEBUG: https://api.openalex.org:443 "GET /works?filter=author.id%3Ahttps%3A%2F%2Fopenalex.org%2FA5002970194&per-page=200&cursor=Ils1My4wLCAwLCAnaHR0cHM6Ly9vcGVuYWxleC5vcmcvVzQyNDYxOTI2NTcnXSI%3D HTTP/1.1" 200 141
[2025-09-07 23:03:20,405] DEBUG: Fetched 0 results at cursor 'Ils1My4wLCAwLCAnaHR0cHM6Ly9vcGVuYWxleC5vcmcvVzQyNDYxOTI2NTcnXSI='
[2025-09-07 23:03:20,658] DEBUG: Flattened df_all missing expected columns: ['host_venue__display_name', 'author_name', 'author_openalex_id']
[2025-09-07 23:03:20,668] INFO: Appended 169 lifetime works for Heather Wilson
[2025-09-07 23:03:20,672] INFO: Appended 34 last-5y works for Heather Wilson
[2025-09-07 23:03:20,672] INFO: Processing Yan Zhou (https://openalex.org/A5032015135)
[2025-09-07 23:03:20,672] INFO: OpenAlex fetch for https://openalex.org/A5032015135 (last 5 years >= 2021)
[2025-09-07 23:03:20,673] DEBUG: Starting new HTTPS connection (1): api.openalex.org:443
[2025-09-07 23:03:21,741] DEBUG: https://api.openalex.org:443 "GET /works?filter=author.id%3Ahttps%3A%2F%2Fopenalex.org%2FA5032015135&per-page=200&cursor=%2A HTTP/1.1" 200 364010
[2025-09-07 23:03:21,855] DEBUG: Fetched 121 results at cursor '*'
[2025-09-07 23:03:21,856] DEBUG: Starting new HTTPS connection (1): api.openalex.org:443
[2025-09-07 23:03:22,126] DEBUG: https://api.openalex.org:443 "GET /works?filter=author.id%3Ahttps%3A%2F%2Fopenalex.org%2FA5032015135&per-page=200&cursor=Ils1NS4wLCAwLCAnaHR0cHM6Ly9vcGVuYWxleC5vcmcvVzI0MTE0NDk1NjAnXSI%3D HTTP/1.1" 200 141
[2025-09-07 23:03:22,128] DEBUG: Fetched 0 results at cursor 'Ils1NS4wLCAwLCAnaHR0cHM6Ly9vcGVuYWxleC5vcmcvVzI0MTE0NDk1NjAnXSI='
[2025-09-07 23:03:22,286] DEBUG: Flattened df_all missing expected columns: ['host_venue__display_name', 'author_name', 'author_openalex_id']
[2025-09-07 23:03:22,303] INFO: Appended 121 lifetime works for Yan Zhou
[2025-09-07 23:03:22,307] INFO: Appended 46 last-5y works for Yan Zhou
[2025-09-07 23:03:22,307] INFO: Processing Suresh Tikoo (https://openalex.org/A5028351806)
[2025-09-07 23:03:22,307] INFO: OpenAlex fetch for https://openalex.org/A5028351806 (last 5 years >= 2021)
[2025-09-07 23:03:22,308] DEBUG: Starting new HTTPS connection (1): api.openalex.org:443
[2025-09-07 23:03:22,535] DEBUG: https://api.openalex.org:443 "GET /works?filter=author.id%3Ahttps%3A%2F%2Fopenalex.org%2FA5028351806&per-page=200&cursor=%2A HTTP/1.1" 200 432519
[2025-09-07 23:03:22,579] DEBUG: Fetched 183 results at cursor '*'
[2025-09-07 23:03:22,581] DEBUG: Starting new HTTPS connection (1): api.openalex.org:443
[2025-09-07 23:03:22,807] DEBUG: https://api.openalex.org:443 "GET /works?filter=author.id%3Ahttps%3A%2F%2Fopenalex.org%2FA5028351806&per-page=200&cursor=Ils1My4wLCAwLCAnaHR0cHM6Ly9vcGVuYWxleC5vcmcvVzMyMDI5MjM4OTQnXSI%3D HTTP/1.1" 200 141
[2025-09-07 23:03:22,809] DEBUG: Fetched 0 results at cursor 'Ils1My4wLCAwLCAnaHR0cHM6Ly9vcGVuYWxleC5vcmcvVzMyMDI5MjM4OTQnXSI='
[2025-09-07 23:03:22,965] DEBUG: Flattened df_all missing expected columns: ['host_venue__display_name', 'author_name', 'author_openalex_id']
[2025-09-07 23:03:22,982] INFO: Appended 183 lifetime works for Suresh Tikoo
[2025-09-07 23:03:22,986] INFO: Appended 27 last-5y works for Suresh Tikoo
[2025-09-07 23:03:22,986] INFO: Processing Manuel Chirino (https://openalex.org/A5073090598)
[2025-09-07 23:03:22,986] INFO: OpenAlex fetch for https://openalex.org/A5073090598 (last 5 years >= 2021)
[2025-09-07 23:03:22,987] DEBUG: Starting new HTTPS connection (1): api.openalex.org:443
[2025-09-07 23:03:23,501] DEBUG: https://api.openalex.org:443 "GET /works?filter=author.id%3Ahttps%3A%2F%2Fopenalex.org%2FA5073090598&per-page=200&cursor=%2A HTTP/1.1" 200 154108
[2025-09-07 23:03:23,557] DEBUG: Fetched 68 results at cursor '*'
[2025-09-07 23:03:23,558] DEBUG: Starting new HTTPS connection (1): api.openalex.org:443
[2025-09-07 23:03:23,698] DEBUG: https://api.openalex.org:443 "GET /works?filter=author.id%3Ahttps%3A%2F%2Fopenalex.org%2FA5073090598&per-page=200&cursor=Ils1Ny4wLCAwLCAnaHR0cHM6Ly9vcGVuYWxleC5vcmcvVzMxNzU0NDMwMDEnXSI%3D HTTP/1.1" 200 140
[2025-09-07 23:03:23,699] DEBUG: Fetched 0 results at cursor 'Ils1Ny4wLCAwLCAnaHR0cHM6Ly9vcGVuYWxleC5vcmcvVzMxNzU0NDMwMDEnXSI='
[2025-09-07 23:03:23,767] DEBUG: Flattened df_all missing expected columns: ['host_venue__display_name', 'author_name', 'author_openalex_id']
[2025-09-07 23:03:23,781] INFO: Appended 68 lifetime works for Manuel Chirino
[2025-09-07 23:03:23,783] INFO: Appended 1 last-5y works for Manuel Chirino
[2025-09-07 23:03:23,784] INFO: Processing Debbie Haines (https://openalex.org/A5070489863)
[2025-09-07 23:03:23,784] INFO: OpenAlex fetch for https://openalex.org/A5070489863 (last 5 years >= 2021)
[2025-09-07 23:03:23,785] DEBUG: Starting new HTTPS connection (1): api.openalex.org:443
[2025-09-07 23:03:24,906] DEBUG: https://api.openalex.org:443 "GET /works?filter=author.id%3Ahttps%3A%2F%2Fopenalex.org%2FA5070489863&per-page=200&cursor=%2A HTTP/1.1" 200 464456
[2025-09-07 23:03:24,966] DEBUG: Fetched 200 results at cursor '*'
[2025-09-07 23:03:24,967] DEBUG: Starting new HTTPS connection (1): api.openalex.org:443
[2025-09-07 23:03:25,092] DEBUG: https://api.openalex.org:443 "GET /works?filter=author.id%3Ahttps%3A%2F%2Fopenalex.org%2FA5070489863&per-page=200&cursor=Ils2My4wLCAwLCAnaHR0cHM6Ly9vcGVuYWxleC5vcmcvVzIyNjU2NDIwNzMnXSI%3D HTTP/1.1" 200 22640
[2025-09-07 23:03:25,099] DEBUG: Fetched 13 results at cursor 'Ils2My4wLCAwLCAnaHR0cHM6Ly9vcGVuYWxleC5vcmcvVzIyNjU2NDIwNzMnXSI='
[2025-09-07 23:03:25,100] DEBUG: Starting new HTTPS connection (1): api.openalex.org:443
[2025-09-07 23:03:25,209] DEBUG: https://api.openalex.org:443 "GET /works?filter=author.id%3Ahttps%3A%2F%2Fopenalex.org%2FA5070489863&per-page=200&cursor=Ils1My4wLCAwLCAnaHR0cHM6Ly9vcGVuYWxleC5vcmcvVzQyMzY4Njc1MjAnXSI%3D HTTP/1.1" 200 142
[2025-09-07 23:03:25,211] DEBUG: Fetched 0 results at cursor 'Ils1My4wLCAwLCAnaHR0cHM6Ly9vcGVuYWxleC5vcmcvVzQyMzY4Njc1MjAnXSI='
[2025-09-07 23:03:25,460] DEBUG: Flattened df_all missing expected columns: ['host_venue__display_name', 'author_name', 'author_openalex_id']
[2025-09-07 23:03:25,474] INFO: Appended 213 lifetime works for Debbie Haines
[2025-09-07 23:03:25,477] INFO: Appended 12 last-5y works for Debbie Haines
[2025-09-07 23:03:25,477] INFO: Processing Vikram Misra (https://openalex.org/A5018540324)
[2025-09-07 23:03:25,477] INFO: OpenAlex fetch for https://openalex.org/A5018540324 (last 5 years >= 2021)
[2025-09-07 23:03:25,478] DEBUG: Starting new HTTPS connection (1): api.openalex.org:443
[2025-09-07 23:03:26,661] DEBUG: https://api.openalex.org:443 "GET /works?filter=author.id%3Ahttps%3A%2F%2Fopenalex.org%2FA5018540324&per-page=200&cursor=%2A HTTP/1.1" 200 427836
[2025-09-07 23:03:26,700] DEBUG: Fetched 158 results at cursor '*'
[2025-09-07 23:03:26,702] DEBUG: Starting new HTTPS connection (1): api.openalex.org:443
[2025-09-07 23:03:26,902] DEBUG: https://api.openalex.org:443 "GET /works?filter=author.id%3Ahttps%3A%2F%2Fopenalex.org%2FA5018540324&per-page=200&cursor=Ils1My4wLCAwLCAnaHR0cHM6Ly9vcGVuYWxleC5vcmcvVzIxNDQ0ODI4NjMnXSI%3D HTTP/1.1" 200 141
[2025-09-07 23:03:26,903] DEBUG: Fetched 0 results at cursor 'Ils1My4wLCAwLCAnaHR0cHM6Ly9vcGVuYWxleC5vcmcvVzIxNDQ0ODI4NjMnXSI='
[2025-09-07 23:03:27,144] DEBUG: Flattened df_all missing expected columns: ['host_venue__display_name', 'author_name', 'author_openalex_id']
[2025-09-07 23:03:27,163] INFO: Appended 158 lifetime works for Vikram Misra
[2025-09-07 23:03:27,166] INFO: Appended 16 last-5y works for Vikram Misra
[2025-09-07 23:03:27,166] INFO: Processing Lydden Polley (https://openalex.org/A5070489863)
[2025-09-07 23:03:27,167] INFO: OpenAlex fetch for https://openalex.org/A5070489863 (last 5 years >= 2021)
[2025-09-07 23:03:27,168] DEBUG: Starting new HTTPS connection (1): api.openalex.org:443
[2025-09-07 23:03:28,409] DEBUG: https://api.openalex.org:443 "GET /works?filter=author.id%3Ahttps%3A%2F%2Fopenalex.org%2FA5070489863&per-page=200&cursor=%2A HTTP/1.1" 200 464457
[2025-09-07 23:03:28,456] DEBUG: Fetched 200 results at cursor '*'
[2025-09-07 23:03:28,457] DEBUG: Starting new HTTPS connection (1): api.openalex.org:443
[2025-09-07 23:03:28,699] DEBUG: https://api.openalex.org:443 "GET /works?filter=author.id%3Ahttps%3A%2F%2Fopenalex.org%2FA5070489863&per-page=200&cursor=Ils2My4wLCAwLCAnaHR0cHM6Ly9vcGVuYWxleC5vcmcvVzIyNjU2NDIwNzMnXSI%3D HTTP/1.1" 200 22638
[2025-09-07 23:03:28,705] DEBUG: Fetched 13 results at cursor 'Ils2My4wLCAwLCAnaHR0cHM6Ly9vcGVuYWxleC5vcmcvVzIyNjU2NDIwNzMnXSI='
[2025-09-07 23:03:28,706] DEBUG: Starting new HTTPS connection (1): api.openalex.org:443
[2025-09-07 23:03:28,889] DEBUG: https://api.openalex.org:443 "GET /works?filter=author.id%3Ahttps%3A%2F%2Fopenalex.org%2FA5070489863&per-page=200&cursor=Ils1My4wLCAwLCAnaHR0cHM6Ly9vcGVuYWxleC5vcmcvVzQyMzY4Njc1MjAnXSI%3D HTTP/1.1" 200 141
[2025-09-07 23:03:28,891] DEBUG: Fetched 0 results at cursor 'Ils1My4wLCAwLCAnaHR0cHM6Ly9vcGVuYWxleC5vcmcvVzQyMzY4Njc1MjAnXSI='
[2025-09-07 23:03:29,138] DEBUG: Flattened df_all missing expected columns: ['host_venue__display_name', 'author_name', 'author_openalex_id']
[2025-09-07 23:03:29,157] INFO: Appended 213 lifetime works for Lydden Polley
[2025-09-07 23:03:29,160] INFO: Appended 12 last-5y works for Lydden Polley
[2025-09-07 23:03:29,160] INFO: Processing Andrew Potter (https://openalex.org/A5035086403)
[2025-09-07 23:03:29,160] INFO: OpenAlex fetch for https://openalex.org/A5035086403 (last 5 years >= 2021)
[2025-09-07 23:03:29,161] DEBUG: Starting new HTTPS connection (1): api.openalex.org:443
[2025-09-07 23:03:31,751] DEBUG: https://api.openalex.org:443 "GET /works?filter=author.id%3Ahttps%3A%2F%2Fopenalex.org%2FA5035086403&per-page=200&cursor=%2A HTTP/1.1" 200 547288
[2025-09-07 23:03:31,824] DEBUG: Fetched 200 results at cursor '*'
[2025-09-07 23:03:31,826] DEBUG: Starting new HTTPS connection (1): api.openalex.org:443
[2025-09-07 23:03:32,021] DEBUG: https://api.openalex.org:443 "GET /works?filter=author.id%3Ahttps%3A%2F%2Fopenalex.org%2FA5035086403&per-page=200&cursor=Ils4MS4wLCAxMywgJ2h0dHBzOi8vb3BlbmFsZXgub3JnL1cyMTM3MzQ4MjYzJ10i HTTP/1.1" 200 97657
[2025-09-07 23:03:32,038] DEBUG: Fetched 46 results at cursor 'Ils4MS4wLCAxMywgJ2h0dHBzOi8vb3BlbmFsZXgub3JnL1cyMTM3MzQ4MjYzJ10i'
[2025-09-07 23:03:32,039] DEBUG: Starting new HTTPS connection (1): api.openalex.org:443
[2025-09-07 23:03:32,126] DEBUG: https://api.openalex.org:443 "GET /works?filter=author.id%3Ahttps%3A%2F%2Fopenalex.org%2FA5035086403&per-page=200&cursor=Ils1My4wLCAwLCAnaHR0cHM6Ly9vcGVuYWxleC5vcmcvVzQyMDU4Mzk1MzgnXSI%3D HTTP/1.1" 200 141
[2025-09-07 23:03:32,127] DEBUG: Fetched 0 results at cursor 'Ils1My4wLCAwLCAnaHR0cHM6Ly9vcGVuYWxleC5vcmcvVzQyMDU4Mzk1MzgnXSI='
[2025-09-07 23:03:32,416] DEBUG: Flattened df_all missing expected columns: ['host_venue__display_name', 'author_name', 'author_openalex_id']
[2025-09-07 23:03:32,438] INFO: Appended 246 lifetime works for Andrew Potter
[2025-09-07 23:03:32,442] INFO: Appended 21 last-5y works for Andrew Potter
[2025-09-07 23:03:32,442] INFO: Processing Henry Tabel (nan)
[2025-09-07 23:03:32,442] INFO: OpenAlex fetch for https://openalex.org/nan (last 5 years >= 2021)
[2025-09-07 23:03:32,443] DEBUG: Starting new HTTPS connection (1): api.openalex.org:443
[2025-09-07 23:03:32,538] DEBUG: https://api.openalex.org:443 "GET /works?filter=author.id%3Ahttps%3A%2F%2Fopenalex.org%2Fnan&per-page=200&cursor=%2A HTTP/1.1" 403 90
[2025-09-07 23:03:32,538] ERROR: HTTP error from OpenAlex: 403 Client Error: FORBIDDEN for url: https://api.openalex.org/works?filter=author.id%3Ahttps%3A%2F%2Fopenalex.org%2Fnan&per-page=200&cursor=%2A
Traceback (most recent call last):
  File "/home/runner/work/WCVM_VetMic/WCVM_VetMic/etl/WCVM_VetMic_works.py", line 273, in fetch_author_works_filtered
    resp.raise_for_status()
  File "/opt/hostedtoolcache/Python/3.11.13/x64/lib/python3.11/site-packages/requests/models.py", line 1026, in raise_for_status
    raise HTTPError(http_error_msg, response=self)
requests.exceptions.HTTPError: 403 Client Error: FORBIDDEN for url: https://api.openalex.org/works?filter=author.id%3Ahttps%3A%2F%2Fopenalex.org%2Fnan&per-page=200&cursor=%2A
[2025-09-07 23:03:32,539] INFO: No works returned from OpenAlex for this author.
[2025-09-07 23:03:32,558] INFO: No lifetime works for Henry Tabel
[2025-09-07 23:03:32,558] INFO: No last-5y works for Henry Tabel
[2025-09-07 23:03:32,558] INFO: Total skipped rows due to missing ID: 0
[2025-09-07 23:03:32,572] INFO: Deduplicating 1370 -> 575 rows
[2025-09-07 23:03:32,581] INFO: Deduplicated file written to data/openalex_all_authors_last5y_key_fields_dedup.csv
[2025-09-07 23:03:32,583] INFO: Removed old artifact: data/openalex_all_authors_lifetime.csv
[2025-09-07 23:03:32,583] INFO: Removed old artifact: data/openalex_all_authors_last5y_key_fields.csv
[2025-09-07 23:03:32,583] INFO: Removed old artifact: data/openalex_all_authors_last5y_key_fields_dedup.csv
[2025-09-07 23:03:32,583] INFO: Reading roster from data/roster_with_metrics.csv
[2025-09-07 23:03:32,585] INFO: Processing Janet Hill (https://openalex.org/A5022032110)
[2025-09-07 23:03:32,585] INFO: OpenAlex fetch for https://openalex.org/A5022032110 (last 5 years >= 2021)
[2025-09-07 23:03:32,586] DEBUG: Starting new HTTPS connection (1): api.openalex.org:443
[2025-09-07 23:03:32,840] DEBUG: https://api.openalex.org:443 "GET /works?filter=author.id%3Ahttps%3A%2F%2Fopenalex.org%2FA5022032110&per-page=200&cursor=%2A HTTP/1.1" 200 571278
[2025-09-07 23:03:32,911] DEBUG: Fetched 200 results at cursor '*'
[2025-09-07 23:03:32,912] DEBUG: Starting new HTTPS connection (1): api.openalex.org:443
[2025-09-07 23:03:33,073] DEBUG: https://api.openalex.org:443 "GET /works?filter=author.id%3Ahttps%3A%2F%2Fopenalex.org%2FA5022032110&per-page=200&cursor=Ils3MC4wLCAwLCAnaHR0cHM6Ly9vcGVuYWxleC5vcmcvVzQzOTE0MDEzOTEnXSI%3D HTTP/1.1" 200 102488
[2025-09-07 23:03:33,090] DEBUG: Fetched 63 results at cursor 'Ils3MC4wLCAwLCAnaHR0cHM6Ly9vcGVuYWxleC5vcmcvVzQzOTE0MDEzOTEnXSI='
[2025-09-07 23:03:33,091] DEBUG: Starting new HTTPS connection (1): api.openalex.org:443
[2025-09-07 23:03:33,548] DEBUG: https://api.openalex.org:443 "GET /works?filter=author.id%3Ahttps%3A%2F%2Fopenalex.org%2FA5022032110&per-page=200&cursor=Ils1My4wLCAwLCAnaHR0cHM6Ly9vcGVuYWxleC5vcmcvVzI5NTMxODg0MzgnXSI%3D HTTP/1.1" 200 142
[2025-09-07 23:03:33,549] DEBUG: Fetched 0 results at cursor 'Ils1My4wLCAwLCAnaHR0cHM6Ly9vcGVuYWxleC5vcmcvVzI5NTMxODg0MzgnXSI='
[2025-09-07 23:03:33,892] DEBUG: Flattened df_all missing expected columns: ['host_venue__display_name', 'author_name', 'author_openalex_id']
[2025-09-07 23:03:33,905] INFO: Appended 263 lifetime works for Janet Hill
[2025-09-07 23:03:33,909] INFO: Appended 57 last-5y works for Janet Hill
[2025-09-07 23:03:33,910] INFO: Processing Kristen Conn (https://openalex.org/A5024161948)
[2025-09-07 23:03:33,910] INFO: OpenAlex fetch for https://openalex.org/A5024161948 (last 5 years >= 2021)
[2025-09-07 23:03:33,911] DEBUG: Starting new HTTPS connection (1): api.openalex.org:443
[2025-09-07 23:03:34,056] DEBUG: https://api.openalex.org:443 "GET /works?filter=author.id%3Ahttps%3A%2F%2Fopenalex.org%2FA5024161948&per-page=200&cursor=%2A HTTP/1.1" 200 64927
[2025-09-07 23:03:34,067] DEBUG: Fetched 18 results at cursor '*'
[2025-09-07 23:03:34,068] DEBUG: Starting new HTTPS connection (1): api.openalex.org:443
[2025-09-07 23:03:34,200] DEBUG: https://api.openalex.org:443 "GET /works?filter=author.id%3Ahttps%3A%2F%2Fopenalex.org%2FA5024161948&per-page=200&cursor=Ils2NC4wLCAwLCAnaHR0cHM6Ly9vcGVuYWxleC5vcmcvVzI4OTY1NDMwMDEnXSI%3D HTTP/1.1" 200 140
[2025-09-07 23:03:34,202] DEBUG: Fetched 0 results at cursor 'Ils2NC4wLCAwLCAnaHR0cHM6Ly9vcGVuYWxleC5vcmcvVzI4OTY1NDMwMDEnXSI='
[2025-09-07 23:03:34,231] DEBUG: Flattened df_all missing expected columns: ['host_venue__display_name', 'author_name', 'author_openalex_id']
[2025-09-07 23:03:34,251] INFO: Appended 18 lifetime works for Kristen Conn
[2025-09-07 23:03:34,253] INFO: Appended 4 last-5y works for Kristen Conn
[2025-09-07 23:03:34,254] INFO: Processing John Ellis (https://openalex.org/A5007566988)
[2025-09-07 23:03:34,254] INFO: OpenAlex fetch for https://openalex.org/A5007566988 (last 5 years >= 2021)
[2025-09-07 23:03:34,255] DEBUG: Starting new HTTPS connection (1): api.openalex.org:443
[2025-09-07 23:03:35,365] DEBUG: https://api.openalex.org:443 "GET /works?filter=author.id%3Ahttps%3A%2F%2Fopenalex.org%2FA5007566988&per-page=200&cursor=%2A HTTP/1.1" 200 548951
[2025-09-07 23:03:35,417] DEBUG: Fetched 200 results at cursor '*'
[2025-09-07 23:03:35,418] DEBUG: Starting new HTTPS connection (1): api.openalex.org:443
[2025-09-07 23:03:35,804] DEBUG: https://api.openalex.org:443 "GET /works?filter=author.id%3Ahttps%3A%2F%2Fopenalex.org%2FA5007566988&per-page=200&cursor=Ils5MS4wLCAxOSwgJ2h0dHBzOi8vb3BlbmFsZXgub3JnL1cyNzYzMjk0NzIxJ10i HTTP/1.1" 200 444800
[2025-09-07 23:03:35,923] DEBUG: Fetched 200 results at cursor 'Ils5MS4wLCAxOSwgJ2h0dHBzOi8vb3BlbmFsZXgub3JnL1cyNzYzMjk0NzIxJ10i'
[2025-09-07 23:03:35,924] DEBUG: Starting new HTTPS connection (1): api.openalex.org:443
[2025-09-07 23:03:36,048] DEBUG: https://api.openalex.org:443 "GET /works?filter=author.id%3Ahttps%3A%2F%2Fopenalex.org%2FA5007566988&per-page=200&cursor=Ils2OS4wLCAxLCAnaHR0cHM6Ly9vcGVuYWxleC5vcmcvVzI5NDQ1MTYwMTMnXSI%3D HTTP/1.1" 200 178264
[2025-09-07 23:03:36,071] DEBUG: Fetched 103 results at cursor 'Ils2OS4wLCAxLCAnaHR0cHM6Ly9vcGVuYWxleC5vcmcvVzI5NDQ1MTYwMTMnXSI='
[2025-09-07 23:03:36,072] DEBUG: Starting new HTTPS connection (1): api.openalex.org:443
[2025-09-07 23:03:36,163] DEBUG: https://api.openalex.org:443 "GET /works?filter=author.id%3Ahttps%3A%2F%2Fopenalex.org%2FA5007566988&per-page=200&cursor=Ils1My4wLCAwLCAnaHR0cHM6Ly9vcGVuYWxleC5vcmcvVzQyNTYzMjc2MzYnXSI%3D HTTP/1.1" 200 141
[2025-09-07 23:03:36,165] DEBUG: Fetched 0 results at cursor 'Ils1My4wLCAwLCAnaHR0cHM6Ly9vcGVuYWxleC5vcmcvVzQyNTYzMjc2MzYnXSI='
[2025-09-07 23:03:36,852] DEBUG: Flattened df_all missing expected columns: ['host_venue__display_name', 'author_name', 'author_openalex_id']
[2025-09-07 23:03:36,874] INFO: Appended 503 lifetime works for John Ellis
[2025-09-07 23:03:36,879] INFO: Appended 47 last-5y works for John Ellis
[2025-09-07 23:03:36,879] INFO: Processing Volker Gerdts (https://openalex.org/A5054537882)
[2025-09-07 23:03:36,879] INFO: OpenAlex fetch for https://openalex.org/A5054537882 (last 5 years >= 2021)
[2025-09-07 23:03:36,880] DEBUG: Starting new HTTPS connection (1): api.openalex.org:443
[2025-09-07 23:03:37,143] DEBUG: https://api.openalex.org:443 "GET /works?filter=author.id%3Ahttps%3A%2F%2Fopenalex.org%2FA5054537882&per-page=200&cursor=%2A HTTP/1.1" 200 598801
[2025-09-07 23:03:37,295] DEBUG: Fetched 200 results at cursor '*'
[2025-09-07 23:03:37,296] DEBUG: Starting new HTTPS connection (1): api.openalex.org:443
[2025-09-07 23:03:37,406] DEBUG: https://api.openalex.org:443 "GET /works?filter=author.id%3Ahttps%3A%2F%2Fopenalex.org%2FA5054537882&per-page=200&cursor=Ils2MC4wLCAwLCAnaHR0cHM6Ly9vcGVuYWxleC5vcmcvVzMwODgwMzcwNjEnXSI%3D HTTP/1.1" 200 10598
[2025-09-07 23:03:37,411] DEBUG: Fetched 6 results at cursor 'Ils2MC4wLCAwLCAnaHR0cHM6Ly9vcGVuYWxleC5vcmcvVzMwODgwMzcwNjEnXSI='
[2025-09-07 23:03:37,412] DEBUG: Starting new HTTPS connection (1): api.openalex.org:443
[2025-09-07 23:03:37,596] DEBUG: https://api.openalex.org:443 "GET /works?filter=author.id%3Ahttps%3A%2F%2Fopenalex.org%2FA5054537882&per-page=200&cursor=Ils1Ni4wLCAwLCAnaHR0cHM6Ly9vcGVuYWxleC5vcmcvVzMyMTcxNTYxODQnXSI%3D HTTP/1.1" 200 142
[2025-09-07 23:03:37,598] DEBUG: Fetched 0 results at cursor 'Ils1Ni4wLCAwLCAnaHR0cHM6Ly9vcGVuYWxleC5vcmcvVzMyMTcxNTYxODQnXSI='
[2025-09-07 23:03:37,813] DEBUG: Flattened df_all missing expected columns: ['host_venue__display_name', 'author_name', 'author_openalex_id']
[2025-09-07 23:03:37,850] INFO: Appended 206 lifetime works for Volker Gerdts
[2025-09-07 23:03:37,854] INFO: Appended 49 last-5y works for Volker Gerdts
[2025-09-07 23:03:37,854] INFO: Processing Emily Jenkins (https://openalex.org/A5075278671)
[2025-09-07 23:03:37,854] INFO: OpenAlex fetch for https://openalex.org/A5075278671 (last 5 years >= 2021)
[2025-09-07 23:03:37,855] DEBUG: Starting new HTTPS connection (1): api.openalex.org:443
[2025-09-07 23:03:38,126] DEBUG: https://api.openalex.org:443 "GET /works?filter=author.id%3Ahttps%3A%2F%2Fopenalex.org%2FA5075278671&per-page=200&cursor=%2A HTTP/1.1" 200 593666
[2025-09-07 23:03:38,266] DEBUG: Fetched 177 results at cursor '*'
[2025-09-07 23:03:38,268] DEBUG: Starting new HTTPS connection (1): api.openalex.org:443
[2025-09-07 23:03:38,442] DEBUG: https://api.openalex.org:443 "GET /works?filter=author.id%3Ahttps%3A%2F%2Fopenalex.org%2FA5075278671&per-page=200&cursor=Ils1Ni4wLCAwLCAnaHR0cHM6Ly9vcGVuYWxleC5vcmcvVzMyMTEwMTg2MzcnXSI%3D HTTP/1.1" 200 141
[2025-09-07 23:03:38,443] DEBUG: Fetched 0 results at cursor 'Ils1Ni4wLCAwLCAnaHR0cHM6Ly9vcGVuYWxleC5vcmcvVzMyMTEwMTg2MzcnXSI='
[2025-09-07 23:03:38,743] DEBUG: Flattened df_all missing expected columns: ['host_venue__display_name', 'author_name', 'author_openalex_id']
[2025-09-07 23:03:38,765] INFO: Appended 177 lifetime works for Emily Jenkins
[2025-09-07 23:03:38,770] INFO: Appended 63 last-5y works for Emily Jenkins
[2025-09-07 23:03:38,770] INFO: Processing Joseph Rubin (https://openalex.org/A5032938268)
[2025-09-07 23:03:38,770] INFO: OpenAlex fetch for https://openalex.org/A5032938268 (last 5 years >= 2021)
[2025-09-07 23:03:38,771] DEBUG: Starting new HTTPS connection (1): api.openalex.org:443
[2025-09-07 23:03:39,376] DEBUG: https://api.openalex.org:443 "GET /works?filter=author.id%3Ahttps%3A%2F%2Fopenalex.org%2FA5032938268&per-page=200&cursor=%2A HTTP/1.1" 200 190643
[2025-09-07 23:03:39,400] DEBUG: Fetched 79 results at cursor '*'
[2025-09-07 23:03:39,402] DEBUG: Starting new HTTPS connection (1): api.openalex.org:443
[2025-09-07 23:03:39,538] DEBUG: https://api.openalex.org:443 "GET /works?filter=author.id%3Ahttps%3A%2F%2Fopenalex.org%2FA5032938268&per-page=200&cursor=Ils1OC4wLCAwLCAnaHR0cHM6Ly9vcGVuYWxleC5vcmcvVzQzMDE4MTkxMTInXSI%3D HTTP/1.1" 200 140
[2025-09-07 23:03:39,540] DEBUG: Fetched 0 results at cursor 'Ils1OC4wLCAwLCAnaHR0cHM6Ly9vcGVuYWxleC5vcmcvVzQzMDE4MTkxMTInXSI='
[2025-09-07 23:03:39,621] DEBUG: Flattened df_all missing expected columns: ['host_venue__display_name', 'author_name', 'author_openalex_id']
[2025-09-07 23:03:39,641] INFO: Appended 79 lifetime works for Joseph Rubin
[2025-09-07 23:03:39,643] INFO: Appended 18 last-5y works for Joseph Rubin
[2025-09-07 23:03:39,643] INFO: Processing Tony Ruzzini (https://openalex.org/A5016372093)
[2025-09-07 23:03:39,644] INFO: OpenAlex fetch for https://openalex.org/A5016372093 (last 5 years >= 2021)
[2025-09-07 23:03:39,645] DEBUG: Starting new HTTPS connection (1): api.openalex.org:443
[2025-09-07 23:03:39,846] DEBUG: https://api.openalex.org:443 "GET /works?filter=author.id%3Ahttps%3A%2F%2Fopenalex.org%2FA5016372093&per-page=200&cursor=%2A HTTP/1.1" 200 103183
[2025-09-07 23:03:39,896] DEBUG: Fetched 37 results at cursor '*'
[2025-09-07 23:03:39,898] DEBUG: Starting new HTTPS connection (1): api.openalex.org:443
[2025-09-07 23:03:40,060] DEBUG: https://api.openalex.org:443 "GET /works?filter=author.id%3Ahttps%3A%2F%2Fopenalex.org%2FA5016372093&per-page=200&cursor=Ils2MS4wLCAwLCAnaHR0cHM6Ly9vcGVuYWxleC5vcmcvVzI5NzA5NjgzMTYnXSI%3D HTTP/1.1" 200 140
[2025-09-07 23:03:40,061] DEBUG: Fetched 0 results at cursor 'Ils2MS4wLCAwLCAnaHR0cHM6Ly9vcGVuYWxleC5vcmcvVzI5NzA5NjgzMTYnXSI='
[2025-09-07 23:03:40,108] DEBUG: Flattened df_all missing expected columns: ['host_venue__display_name', 'author_name', 'author_openalex_id']
[2025-09-07 23:03:40,117] INFO: Appended 37 lifetime works for Tony Ruzzini
[2025-09-07 23:03:40,119] INFO: Appended 12 last-5y works for Tony Ruzzini
[2025-09-07 23:03:40,120] INFO: Processing Maarten Voordouw (https://openalex.org/A5026690931)
[2025-09-07 23:03:40,120] INFO: OpenAlex fetch for https://openalex.org/A5026690931 (last 5 years >= 2021)
[2025-09-07 23:03:40,121] DEBUG: Starting new HTTPS connection (1): api.openalex.org:443
[2025-09-07 23:03:40,431] DEBUG: https://api.openalex.org:443 "GET /works?filter=author.id%3Ahttps%3A%2F%2Fopenalex.org%2FA5026690931&per-page=200&cursor=%2A HTTP/1.1" 200 295623
[2025-09-07 23:03:40,462] DEBUG: Fetched 96 results at cursor '*'
[2025-09-07 23:03:40,463] DEBUG: Starting new HTTPS connection (1): api.openalex.org:443
[2025-09-07 23:03:40,672] DEBUG: https://api.openalex.org:443 "GET /works?filter=author.id%3Ahttps%3A%2F%2Fopenalex.org%2FA5026690931&per-page=200&cursor=Ils1Ni4wLCAwLCAnaHR0cHM6Ly9vcGVuYWxleC5vcmcvVzQzOTQwODAwNzgnXSI%3D HTTP/1.1" 200 140
[2025-09-07 23:03:40,673] DEBUG: Fetched 0 results at cursor 'Ils1Ni4wLCAwLCAnaHR0cHM6Ly9vcGVuYWxleC5vcmcvVzQzOTQwODAwNzgnXSI='
[2025-09-07 23:03:40,764] DEBUG: Flattened df_all missing expected columns: ['host_venue__display_name', 'author_name', 'author_openalex_id']
[2025-09-07 23:03:40,773] INFO: Appended 96 lifetime works for Maarten Voordouw
[2025-09-07 23:03:40,776] INFO: Appended 26 last-5y works for Maarten Voordouw
[2025-09-07 23:03:40,777] INFO: Processing Arinjay Banerjee (https://openalex.org/A5050567215)
[2025-09-07 23:03:40,777] INFO: OpenAlex fetch for https://openalex.org/A5050567215 (last 5 years >= 2021)
[2025-09-07 23:03:40,778] DEBUG: Starting new HTTPS connection (1): api.openalex.org:443
[2025-09-07 23:03:41,000] DEBUG: https://api.openalex.org:443 "GET /works?filter=author.id%3Ahttps%3A%2F%2Fopenalex.org%2FA5050567215&per-page=200&cursor=%2A HTTP/1.1" 200 429879
[2025-09-07 23:03:41,056] DEBUG: Fetched 110 results at cursor '*'
[2025-09-07 23:03:41,057] DEBUG: Starting new HTTPS connection (1): api.openalex.org:443
[2025-09-07 23:03:41,153] DEBUG: https://api.openalex.org:443 "GET /works?filter=author.id%3Ahttps%3A%2F%2Fopenalex.org%2FA5050567215&per-page=200&cursor=Ils1Ni4wLCAwLCAnaHR0cHM6Ly9vcGVuYWxleC5vcmcvVzMxNzYwNDkxMTYnXSI%3D HTTP/1.1" 200 141
[2025-09-07 23:03:41,155] DEBUG: Fetched 0 results at cursor 'Ils1Ni4wLCAwLCAnaHR0cHM6Ly9vcGVuYWxleC5vcmcvVzMxNzYwNDkxMTYnXSI='
[2025-09-07 23:03:41,298] DEBUG: Flattened df_all missing expected columns: ['host_venue__display_name', 'author_name', 'author_openalex_id']
[2025-09-07 23:03:41,312] INFO: Appended 110 lifetime works for Arinjay Banerjee
[2025-09-07 23:03:41,317] INFO: Appended 72 last-5y works for Arinjay Banerjee
[2025-09-07 23:03:41,317] INFO: Processing Jeffrey Chen (https://openalex.org/A5000375230)
[2025-09-07 23:03:41,317] INFO: OpenAlex fetch for https://openalex.org/A5000375230 (last 5 years >= 2021)
[2025-09-07 23:03:41,318] DEBUG: Starting new HTTPS connection (1): api.openalex.org:443
[2025-09-07 23:03:41,437] DEBUG: https://api.openalex.org:443 "GET /works?filter=author.id%3Ahttps%3A%2F%2Fopenalex.org%2FA5000375230&per-page=200&cursor=%2A HTTP/1.1" 200 86526
[2025-09-07 23:03:41,450] DEBUG: Fetched 30 results at cursor '*'
[2025-09-07 23:03:41,451] DEBUG: Starting new HTTPS connection (1): api.openalex.org:443
[2025-09-07 23:03:41,558] DEBUG: https://api.openalex.org:443 "GET /works?filter=author.id%3Ahttps%3A%2F%2Fopenalex.org%2FA5000375230&per-page=200&cursor=Ils1Ni4wLCAwLCAnaHR0cHM6Ly9vcGVuYWxleC5vcmcvVzMyMDg4MDU3MjQnXSI%3D HTTP/1.1" 200 141
[2025-09-07 23:03:41,560] DEBUG: Fetched 0 results at cursor 'Ils1Ni4wLCAwLCAnaHR0cHM6Ly9vcGVuYWxleC5vcmcvVzMyMDg4MDU3MjQnXSI='
[2025-09-07 23:03:41,601] DEBUG: Flattened df_all missing expected columns: ['host_venue__display_name', 'author_name', 'author_openalex_id']
[2025-09-07 23:03:41,613] INFO: Appended 30 lifetime works for Jeffrey Chen
[2025-09-07 23:03:41,615] INFO: Appended 9 last-5y works for Jeffrey Chen
[2025-09-07 23:03:41,615] INFO: Processing Antonio Facciuolo (https://openalex.org/A5088785492)
[2025-09-07 23:03:41,616] INFO: OpenAlex fetch for https://openalex.org/A5088785492 (last 5 years >= 2021)
[2025-09-07 23:03:41,617] DEBUG: Starting new HTTPS connection (1): api.openalex.org:443
[2025-09-07 23:03:41,749] DEBUG: https://api.openalex.org:443 "GET /works?filter=author.id%3Ahttps%3A%2F%2Fopenalex.org%2FA5088785492&per-page=200&cursor=%2A HTTP/1.1" 200 91163
[2025-09-07 23:03:41,764] DEBUG: Fetched 28 results at cursor '*'
[2025-09-07 23:03:41,765] DEBUG: Starting new HTTPS connection (1): api.openalex.org:443
[2025-09-07 23:03:41,947] DEBUG: https://api.openalex.org:443 "GET /works?filter=author.id%3Ahttps%3A%2F%2Fopenalex.org%2FA5088785492&per-page=200&cursor=Ils2My4wLCAwLCAnaHR0cHM6Ly9vcGVuYWxleC5vcmcvVzQzODczNzY0NDgnXSI%3D HTTP/1.1" 200 140
[2025-09-07 23:03:41,948] DEBUG: Fetched 0 results at cursor 'Ils2My4wLCAwLCAnaHR0cHM6Ly9vcGVuYWxleC5vcmcvVzQzODczNzY0NDgnXSI='
[2025-09-07 23:03:41,991] DEBUG: Flattened df_all missing expected columns: ['host_venue__display_name', 'author_name', 'author_openalex_id']
[2025-09-07 23:03:41,997] INFO: Appended 28 lifetime works for Antonio Facciuolo
[2025-09-07 23:03:42,000] INFO: Appended 18 last-5y works for Antonio Facciuolo
[2025-09-07 23:03:42,000] INFO: Processing Darryl Falzarano (https://openalex.org/A5041967571)
[2025-09-07 23:03:42,000] INFO: OpenAlex fetch for https://openalex.org/A5041967571 (last 5 years >= 2021)
[2025-09-07 23:03:42,001] DEBUG: Starting new HTTPS connection (1): api.openalex.org:443
[2025-09-07 23:03:42,242] DEBUG: https://api.openalex.org:443 "GET /works?filter=author.id%3Ahttps%3A%2F%2Fopenalex.org%2FA5041967571&per-page=200&cursor=%2A HTTP/1.1" 200 476423
[2025-09-07 23:03:42,302] DEBUG: Fetched 132 results at cursor '*'
[2025-09-07 23:03:42,303] DEBUG: Starting new HTTPS connection (1): api.openalex.org:443
[2025-09-07 23:03:42,437] DEBUG: https://api.openalex.org:443 "GET /works?filter=author.id%3Ahttps%3A%2F%2Fopenalex.org%2FA5041967571&per-page=200&cursor=Ils1Ni4wLCAwLCAnaHR0cHM6Ly9vcGVuYWxleC5vcmcvVzMyMTQ5NTI4NDInXSI%3D HTTP/1.1" 200 141
[2025-09-07 23:03:42,438] DEBUG: Fetched 0 results at cursor 'Ils1Ni4wLCAwLCAnaHR0cHM6Ly9vcGVuYWxleC5vcmcvVzMyMTQ5NTI4NDInXSI='
[2025-09-07 23:03:42,598] DEBUG: Flattened df_all missing expected columns: ['host_venue__display_name', 'author_name', 'author_openalex_id']
[2025-09-07 23:03:42,609] INFO: Appended 132 lifetime works for Darryl Falzarano
[2025-09-07 23:03:42,614] INFO: Appended 70 last-5y works for Darryl Falzarano
[2025-09-07 23:03:42,614] INFO: Processing Kazal Ghosh (https://openalex.org/A5073467123)
[2025-09-07 23:03:42,614] INFO: OpenAlex fetch for https://openalex.org/A5073467123 (last 5 years >= 2021)
[2025-09-07 23:03:42,615] DEBUG: Starting new HTTPS connection (1): api.openalex.org:443
[2025-09-07 23:03:42,922] DEBUG: https://api.openalex.org:443 "GET /works?filter=author.id%3Ahttps%3A%2F%2Fopenalex.org%2FA5073467123&per-page=200&cursor=%2A HTTP/1.1" 200 23153
[2025-09-07 23:03:42,926] DEBUG: Fetched 9 results at cursor '*'
[2025-09-07 23:03:42,927] DEBUG: Starting new HTTPS connection (1): api.openalex.org:443
[2025-09-07 23:03:43,052] DEBUG: https://api.openalex.org:443 "GET /works?filter=author.id%3Ahttps%3A%2F%2Fopenalex.org%2FA5073467123&per-page=200&cursor=Ils1OC4wLCAwLCAnaHR0cHM6Ly9vcGVuYWxleC5vcmcvVzQzMjEwMDMxOTknXSI%3D HTTP/1.1" 200 140
[2025-09-07 23:03:43,053] DEBUG: Fetched 0 results at cursor 'Ils1OC4wLCAwLCAnaHR0cHM6Ly9vcGVuYWxleC5vcmcvVzQzMjEwMDMxOTknXSI='
[2025-09-07 23:03:43,071] DEBUG: Flattened df_all missing expected columns: ['host_venue__display_name', 'author_name', 'author_openalex_id']
[2025-09-07 23:03:43,084] INFO: Appended 9 lifetime works for Kazal Ghosh
[2025-09-07 23:03:43,086] INFO: Appended 7 last-5y works for Kazal Ghosh
[2025-09-07 23:03:43,086] INFO: Processing Uladzimir Karniychuk (https://openalex.org/A5012825986)
[2025-09-07 23:03:43,086] INFO: OpenAlex fetch for https://openalex.org/A5012825986 (last 5 years >= 2021)
[2025-09-07 23:03:43,087] DEBUG: Starting new HTTPS connection (1): api.openalex.org:443
[2025-09-07 23:03:43,849] DEBUG: https://api.openalex.org:443 "GET /works?filter=author.id%3Ahttps%3A%2F%2Fopenalex.org%2FA5012825986&per-page=200&cursor=%2A HTTP/1.1" 200 139051
[2025-09-07 23:03:43,868] DEBUG: Fetched 62 results at cursor '*'
[2025-09-07 23:03:43,869] DEBUG: Starting new HTTPS connection (1): api.openalex.org:443
[2025-09-07 23:03:43,958] DEBUG: https://api.openalex.org:443 "GET /works?filter=author.id%3Ahttps%3A%2F%2Fopenalex.org%2FA5012825986&per-page=200&cursor=Ils2MS4wLCAwLCAnaHR0cHM6Ly9vcGVuYWxleC5vcmcvVzQzOTQ0NDg4MzQnXSI%3D HTTP/1.1" 200 140
[2025-09-07 23:03:43,960] DEBUG: Fetched 0 results at cursor 'Ils2MS4wLCAwLCAnaHR0cHM6Ly9vcGVuYWxleC5vcmcvVzQzOTQ0NDg4MzQnXSI='
[2025-09-07 23:03:44,006] DEBUG: Flattened df_all missing expected columns: ['host_venue__display_name', 'author_name', 'author_openalex_id']
[2025-09-07 23:03:44,012] INFO: Appended 62 lifetime works for Uladzimir Karniychuk
[2025-09-07 23:03:44,014] INFO: Appended 15 last-5y works for Uladzimir Karniychuk
[2025-09-07 23:03:44,014] INFO: Processing Wolfgang Koester (https://openalex.org/A5053166362)
[2025-09-07 23:03:44,015] INFO: OpenAlex fetch for https://openalex.org/A5053166362 (last 5 years >= 2021)
[2025-09-07 23:03:44,015] DEBUG: Starting new HTTPS connection (1): api.openalex.org:443
[2025-09-07 23:03:44,170] DEBUG: https://api.openalex.org:443 "GET /works?filter=author.id%3Ahttps%3A%2F%2Fopenalex.org%2FA5053166362&per-page=200&cursor=%2A HTTP/1.1" 200 179607
[2025-09-07 23:03:44,194] DEBUG: Fetched 67 results at cursor '*'
[2025-09-07 23:03:44,195] DEBUG: Starting new HTTPS connection (1): api.openalex.org:443
[2025-09-07 23:03:44,320] DEBUG: https://api.openalex.org:443 "GET /works?filter=author.id%3Ahttps%3A%2F%2Fopenalex.org%2FA5053166362&per-page=200&cursor=Ils1My4wLCAwLCAnaHR0cHM6Ly9vcGVuYWxleC5vcmcvVzE1Mzg4NzQ0MSddIg%3D%3D HTTP/1.1" 200 140
[2025-09-07 23:03:44,322] DEBUG: Fetched 0 results at cursor 'Ils1My4wLCAwLCAnaHR0cHM6Ly9vcGVuYWxleC5vcmcvVzE1Mzg4NzQ0MSddIg=='
[2025-09-07 23:03:44,389] DEBUG: Flattened df_all missing expected columns: ['host_venue__display_name', 'author_name', 'author_openalex_id']
[2025-09-07 23:03:44,398] INFO: Appended 67 lifetime works for Wolfgang Koester
[2025-09-07 23:03:44,400] INFO: Appended 11 last-5y works for Wolfgang Koester
[2025-09-07 23:03:44,401] INFO: Processing Qiang Liu (https://openalex.org/A5100409525)
[2025-09-07 23:03:44,401] INFO: OpenAlex fetch for https://openalex.org/A5100409525 (last 5 years >= 2021)
[2025-09-07 23:03:44,402] DEBUG: Starting new HTTPS connection (1): api.openalex.org:443
[2025-09-07 23:03:45,270] DEBUG: https://api.openalex.org:443 "GET /works?filter=author.id%3Ahttps%3A%2F%2Fopenalex.org%2FA5100409525&per-page=200&cursor=%2A HTTP/1.1" 200 268962
[2025-09-07 23:03:45,301] DEBUG: Fetched 97 results at cursor '*'
[2025-09-07 23:03:45,302] DEBUG: Starting new HTTPS connection (1): api.openalex.org:443
[2025-09-07 23:03:45,434] DEBUG: https://api.openalex.org:443 "GET /works?filter=author.id%3Ahttps%3A%2F%2Fopenalex.org%2FA5100409525&per-page=200&cursor=Ils1NS4wLCAwLCAnaHR0cHM6Ly9vcGVuYWxleC5vcmcvVzI3NzQ0Nzc2ODInXSI%3D HTTP/1.1" 200 140
[2025-09-07 23:03:45,435] DEBUG: Fetched 0 results at cursor 'Ils1NS4wLCAwLCAnaHR0cHM6Ly9vcGVuYWxleC5vcmcvVzI3NzQ0Nzc2ODInXSI='
[2025-09-07 23:03:45,547] DEBUG: Flattened df_all missing expected columns: ['host_venue__display_name', 'author_name', 'author_openalex_id']
[2025-09-07 23:03:45,557] INFO: Appended 97 lifetime works for Qiang Liu
[2025-09-07 23:03:45,560] INFO: Appended 25 last-5y works for Qiang Liu
[2025-09-07 23:03:45,560] INFO: Processing Musangu Ngeleka (https://openalex.org/A5018933207)
[2025-09-07 23:03:45,560] INFO: OpenAlex fetch for https://openalex.org/A5018933207 (last 5 years >= 2021)
[2025-09-07 23:03:45,561] DEBUG: Starting new HTTPS connection (1): api.openalex.org:443
[2025-09-07 23:03:45,721] DEBUG: https://api.openalex.org:443 "GET /works?filter=author.id%3Ahttps%3A%2F%2Fopenalex.org%2FA5018933207&per-page=200&cursor=%2A HTTP/1.1" 200 110839
[2025-09-07 23:03:45,752] DEBUG: Fetched 42 results at cursor '*'
[2025-09-07 23:03:45,753] DEBUG: Starting new HTTPS connection (1): api.openalex.org:443
[2025-09-07 23:03:45,904] DEBUG: https://api.openalex.org:443 "GET /works?filter=author.id%3Ahttps%3A%2F%2Fopenalex.org%2FA5018933207&per-page=200&cursor=Ils1Ni4wLCAwLCAnaHR0cHM6Ly9vcGVuYWxleC5vcmcvVzQyNDQ1NDM2MzMnXSI%3D HTTP/1.1" 200 140
[2025-09-07 23:03:45,906] DEBUG: Fetched 0 results at cursor 'Ils1Ni4wLCAwLCAnaHR0cHM6Ly9vcGVuYWxleC5vcmcvVzQyNDQ1NDM2MzMnXSI='
[2025-09-07 23:03:45,958] DEBUG: Flattened df_all missing expected columns: ['host_venue__display_name', 'author_name', 'author_openalex_id']
[2025-09-07 23:03:45,967] INFO: Appended 42 lifetime works for Musangu Ngeleka
[2025-09-07 23:03:45,967] INFO: No last-5y works for Musangu Ngeleka
[2025-09-07 23:03:45,967] INFO: Processing Jose Perez-casal (https://openalex.org/A5075533328)
[2025-09-07 23:03:45,967] INFO: OpenAlex fetch for https://openalex.org/A5075533328 (last 5 years >= 2021)
[2025-09-07 23:03:45,968] DEBUG: Starting new HTTPS connection (1): api.openalex.org:443
[2025-09-07 23:03:46,089] DEBUG: https://api.openalex.org:443 "GET /works?filter=author.id%3Ahttps%3A%2F%2Fopenalex.org%2FA5075533328&per-page=200&cursor=%2A HTTP/1.1" 200 159475
[2025-09-07 23:03:46,110] DEBUG: Fetched 75 results at cursor '*'
[2025-09-07 23:03:46,112] DEBUG: Starting new HTTPS connection (1): api.openalex.org:443
[2025-09-07 23:03:46,208] DEBUG: https://api.openalex.org:443 "GET /works?filter=author.id%3Ahttps%3A%2F%2Fopenalex.org%2FA5075533328&per-page=200&cursor=Ils1Ni4wLCAwLCAnaHR0cHM6Ly9vcGVuYWxleC5vcmcvVzQzOTQxMjMxNjEnXSI%3D HTTP/1.1" 200 140
[2025-09-07 23:03:46,209] DEBUG: Fetched 0 results at cursor 'Ils1Ni4wLCAwLCAnaHR0cHM6Ly9vcGVuYWxleC5vcmcvVzQzOTQxMjMxNjEnXSI='
[2025-09-07 23:03:46,263] DEBUG: Flattened df_all missing expected columns: ['host_venue__display_name', 'author_name', 'author_openalex_id']
[2025-09-07 23:03:46,271] INFO: Appended 75 lifetime works for Jose Perez-casal
[2025-09-07 23:03:46,273] INFO: Appended 11 last-5y works for Jose Perez-casal
[2025-09-07 23:03:46,274] INFO: Processing Camila Queiroz (https://openalex.org/A5061580720)
[2025-09-07 23:03:46,274] INFO: OpenAlex fetch for https://openalex.org/A5061580720 (last 5 years >= 2021)
[2025-09-07 23:03:46,275] DEBUG: Starting new HTTPS connection (1): api.openalex.org:443
[2025-09-07 23:03:46,534] DEBUG: https://api.openalex.org:443 "GET /works?filter=author.id%3Ahttps%3A%2F%2Fopenalex.org%2FA5061580720&per-page=200&cursor=%2A HTTP/1.1" 200 18229
[2025-09-07 23:03:46,538] DEBUG: Fetched 7 results at cursor '*'
[2025-09-07 23:03:46,539] DEBUG: Starting new HTTPS connection (1): api.openalex.org:443
[2025-09-07 23:03:46,651] DEBUG: https://api.openalex.org:443 "GET /works?filter=author.id%3Ahttps%3A%2F%2Fopenalex.org%2FA5061580720&per-page=200&cursor=Ils1Ni4wLCAwLCAnaHR0cHM6Ly9vcGVuYWxleC5vcmcvVzQzOTQxMTE1NTQnXSI%3D HTTP/1.1" 200 139
[2025-09-07 23:03:46,653] DEBUG: Fetched 0 results at cursor 'Ils1Ni4wLCAwLCAnaHR0cHM6Ly9vcGVuYWxleC5vcmcvVzQzOTQxMTE1NTQnXSI='
[2025-09-07 23:03:46,667] DEBUG: Flattened df_all missing expected columns: ['host_venue__display_name', 'author_name', 'author_openalex_id']
[2025-09-07 23:03:46,673] INFO: Appended 7 lifetime works for Camila Queiroz
[2025-09-07 23:03:46,675] INFO: Appended 1 last-5y works for Camila Queiroz
[2025-09-07 23:03:46,676] INFO: Processing Loki Snyman (https://openalex.org/A5095017105)
[2025-09-07 23:03:46,676] INFO: OpenAlex fetch for https://openalex.org/A5095017105 (last 5 years >= 2021)
[2025-09-07 23:03:46,677] DEBUG: Starting new HTTPS connection (1): api.openalex.org:443
[2025-09-07 23:03:46,787] DEBUG: https://api.openalex.org:443 "GET /works?filter=author.id%3Ahttps%3A%2F%2Fopenalex.org%2FA5095017105&per-page=200&cursor=%2A HTTP/1.1" 200 1936
[2025-09-07 23:03:46,787] DEBUG: Fetched 1 results at cursor '*'
[2025-09-07 23:03:46,788] DEBUG: Starting new HTTPS connection (1): api.openalex.org:443
[2025-09-07 23:03:46,865] DEBUG: https://api.openalex.org:443 "GET /works?filter=author.id%3Ahttps%3A%2F%2Fopenalex.org%2FA5095017105&per-page=200&cursor=Ils1Ni4wLCAwLCAnaHR0cHM6Ly9vcGVuYWxleC5vcmcvVzQzOTQzODc3MTMnXSI%3D HTTP/1.1" 200 139
[2025-09-07 23:03:46,867] DEBUG: Fetched 0 results at cursor 'Ils1Ni4wLCAwLCAnaHR0cHM6Ly9vcGVuYWxleC5vcmcvVzQzOTQzODc3MTMnXSI='
[2025-09-07 23:03:46,871] DEBUG: Flattened df_all missing expected columns: ['host_venue__display_name', 'author_name', 'author_openalex_id']
[2025-09-07 23:03:46,875] INFO: Appended 1 lifetime works for Loki Snyman
[2025-09-07 23:03:46,877] INFO: Appended 1 last-5y works for Loki Snyman
[2025-09-07 23:03:46,877] INFO: Processing Heather Wilson (https://openalex.org/A5002970194)
[2025-09-07 23:03:46,877] INFO: OpenAlex fetch for https://openalex.org/A5002970194 (last 5 years >= 2021)
[2025-09-07 23:03:46,878] DEBUG: Starting new HTTPS connection (1): api.openalex.org:443
[2025-09-07 23:03:47,960] DEBUG: https://api.openalex.org:443 "GET /works?filter=author.id%3Ahttps%3A%2F%2Fopenalex.org%2FA5002970194&per-page=200&cursor=%2A HTTP/1.1" 200 483828
[2025-09-07 23:03:48,003] DEBUG: Fetched 169 results at cursor '*'
[2025-09-07 23:03:48,004] DEBUG: Starting new HTTPS connection (1): api.openalex.org:443
[2025-09-07 23:03:48,156] DEBUG: https://api.openalex.org:443 "GET /works?filter=author.id%3Ahttps%3A%2F%2Fopenalex.org%2FA5002970194&per-page=200&cursor=Ils1My4wLCAwLCAnaHR0cHM6Ly9vcGVuYWxleC5vcmcvVzQyNDYxOTI2NTcnXSI%3D HTTP/1.1" 200 141
[2025-09-07 23:03:48,158] DEBUG: Fetched 0 results at cursor 'Ils1My4wLCAwLCAnaHR0cHM6Ly9vcGVuYWxleC5vcmcvVzQyNDYxOTI2NTcnXSI='
[2025-09-07 23:03:48,410] DEBUG: Flattened df_all missing expected columns: ['host_venue__display_name', 'author_name', 'author_openalex_id']
[2025-09-07 23:03:48,420] INFO: Appended 169 lifetime works for Heather Wilson
[2025-09-07 23:03:48,423] INFO: Appended 34 last-5y works for Heather Wilson
[2025-09-07 23:03:48,423] INFO: Processing Yan Zhou (https://openalex.org/A5032015135)
[2025-09-07 23:03:48,423] INFO: OpenAlex fetch for https://openalex.org/A5032015135 (last 5 years >= 2021)
[2025-09-07 23:03:48,424] DEBUG: Starting new HTTPS connection (1): api.openalex.org:443
[2025-09-07 23:03:48,611] DEBUG: https://api.openalex.org:443 "GET /works?filter=author.id%3Ahttps%3A%2F%2Fopenalex.org%2FA5032015135&per-page=200&cursor=%2A HTTP/1.1" 200 364010
[2025-09-07 23:03:48,663] DEBUG: Fetched 121 results at cursor '*'
[2025-09-07 23:03:48,664] DEBUG: Starting new HTTPS connection (1): api.openalex.org:443
[2025-09-07 23:03:48,778] DEBUG: https://api.openalex.org:443 "GET /works?filter=author.id%3Ahttps%3A%2F%2Fopenalex.org%2FA5032015135&per-page=200&cursor=Ils1NS4wLCAwLCAnaHR0cHM6Ly9vcGVuYWxleC5vcmcvVzI0MTE0NDk1NjAnXSI%3D HTTP/1.1" 200 141
[2025-09-07 23:03:48,779] DEBUG: Fetched 0 results at cursor 'Ils1NS4wLCAwLCAnaHR0cHM6Ly9vcGVuYWxleC5vcmcvVzI0MTE0NDk1NjAnXSI='
[2025-09-07 23:03:48,931] DEBUG: Flattened df_all missing expected columns: ['host_venue__display_name', 'author_name', 'author_openalex_id']
[2025-09-07 23:03:48,948] INFO: Appended 121 lifetime works for Yan Zhou
[2025-09-07 23:03:48,951] INFO: Appended 46 last-5y works for Yan Zhou
[2025-09-07 23:03:48,952] INFO: Processing Suresh Tikoo (https://openalex.org/A5028351806)
[2025-09-07 23:03:48,952] INFO: OpenAlex fetch for https://openalex.org/A5028351806 (last 5 years >= 2021)
[2025-09-07 23:03:48,953] DEBUG: Starting new HTTPS connection (1): api.openalex.org:443
[2025-09-07 23:03:50,074] DEBUG: https://api.openalex.org:443 "GET /works?filter=author.id%3Ahttps%3A%2F%2Fopenalex.org%2FA5028351806&per-page=200&cursor=%2A HTTP/1.1" 200 433302
[2025-09-07 23:03:50,114] DEBUG: Fetched 183 results at cursor '*'
[2025-09-07 23:03:50,115] DEBUG: Starting new HTTPS connection (1): api.openalex.org:443
[2025-09-07 23:03:50,198] DEBUG: https://api.openalex.org:443 "GET /works?filter=author.id%3Ahttps%3A%2F%2Fopenalex.org%2FA5028351806&per-page=200&cursor=Ils1My4wLCAwLCAnaHR0cHM6Ly9vcGVuYWxleC5vcmcvVzMyMDI5MjM4OTQnXSI%3D HTTP/1.1" 200 141
[2025-09-07 23:03:50,199] DEBUG: Fetched 0 results at cursor 'Ils1My4wLCAwLCAnaHR0cHM6Ly9vcGVuYWxleC5vcmcvVzMyMDI5MjM4OTQnXSI='
[2025-09-07 23:03:50,352] DEBUG: Flattened df_all missing expected columns: ['host_venue__display_name', 'author_name', 'author_openalex_id']
[2025-09-07 23:03:50,368] INFO: Appended 183 lifetime works for Suresh Tikoo
[2025-09-07 23:03:50,372] INFO: Appended 27 last-5y works for Suresh Tikoo
[2025-09-07 23:03:50,372] INFO: Processing Manuel Chirino (https://openalex.org/A5073090598)
[2025-09-07 23:03:50,372] INFO: OpenAlex fetch for https://openalex.org/A5073090598 (last 5 years >= 2021)
[2025-09-07 23:03:50,373] DEBUG: Starting new HTTPS connection (1): api.openalex.org:443
[2025-09-07 23:03:50,564] DEBUG: https://api.openalex.org:443 "GET /works?filter=author.id%3Ahttps%3A%2F%2Fopenalex.org%2FA5073090598&per-page=200&cursor=%2A HTTP/1.1" 200 154143
[2025-09-07 23:03:50,605] DEBUG: Fetched 68 results at cursor '*'
[2025-09-07 23:03:50,606] DEBUG: Starting new HTTPS connection (1): api.openalex.org:443
[2025-09-07 23:03:50,704] DEBUG: https://api.openalex.org:443 "GET /works?filter=author.id%3Ahttps%3A%2F%2Fopenalex.org%2FA5073090598&per-page=200&cursor=Ils1Ny4wLCAwLCAnaHR0cHM6Ly9vcGVuYWxleC5vcmcvVzMxNzU0NDMwMDEnXSI%3D HTTP/1.1" 200 140
[2025-09-07 23:03:50,705] DEBUG: Fetched 0 results at cursor 'Ils1Ny4wLCAwLCAnaHR0cHM6Ly9vcGVuYWxleC5vcmcvVzMxNzU0NDMwMDEnXSI='
[2025-09-07 23:03:50,772] DEBUG: Flattened df_all missing expected columns: ['host_venue__display_name', 'author_name', 'author_openalex_id']
[2025-09-07 23:03:50,786] INFO: Appended 68 lifetime works for Manuel Chirino
[2025-09-07 23:03:50,788] INFO: Appended 1 last-5y works for Manuel Chirino
[2025-09-07 23:03:50,788] INFO: Processing Debbie Haines (https://openalex.org/A5070489863)
[2025-09-07 23:03:50,788] INFO: OpenAlex fetch for https://openalex.org/A5070489863 (last 5 years >= 2021)
[2025-09-07 23:03:50,789] DEBUG: Starting new HTTPS connection (1): api.openalex.org:443
[2025-09-07 23:03:51,016] DEBUG: https://api.openalex.org:443 "GET /works?filter=author.id%3Ahttps%3A%2F%2Fopenalex.org%2FA5070489863&per-page=200&cursor=%2A HTTP/1.1" 200 464456
[2025-09-07 23:03:51,117] DEBUG: Fetched 200 results at cursor '*'
[2025-09-07 23:03:51,118] DEBUG: Starting new HTTPS connection (1): api.openalex.org:443
[2025-09-07 23:03:51,305] DEBUG: https://api.openalex.org:443 "GET /works?filter=author.id%3Ahttps%3A%2F%2Fopenalex.org%2FA5070489863&per-page=200&cursor=Ils2My4wLCAwLCAnaHR0cHM6Ly9vcGVuYWxleC5vcmcvVzIyNjU2NDIwNzMnXSI%3D HTTP/1.1" 200 22631
[2025-09-07 23:03:51,322] DEBUG: Fetched 13 results at cursor 'Ils2My4wLCAwLCAnaHR0cHM6Ly9vcGVuYWxleC5vcmcvVzIyNjU2NDIwNzMnXSI='
[2025-09-07 23:03:51,323] DEBUG: Starting new HTTPS connection (1): api.openalex.org:443
[2025-09-07 23:03:51,402] DEBUG: https://api.openalex.org:443 "GET /works?filter=author.id%3Ahttps%3A%2F%2Fopenalex.org%2FA5070489863&per-page=200&cursor=Ils1My4wLCAwLCAnaHR0cHM6Ly9vcGVuYWxleC5vcmcvVzQyMzY4Njc1MjAnXSI%3D HTTP/1.1" 200 141
[2025-09-07 23:03:51,404] DEBUG: Fetched 0 results at cursor 'Ils1My4wLCAwLCAnaHR0cHM6Ly9vcGVuYWxleC5vcmcvVzQyMzY4Njc1MjAnXSI='
[2025-09-07 23:03:51,648] DEBUG: Flattened df_all missing expected columns: ['host_venue__display_name', 'author_name', 'author_openalex_id']
[2025-09-07 23:03:51,662] INFO: Appended 213 lifetime works for Debbie Haines
[2025-09-07 23:03:51,665] INFO: Appended 12 last-5y works for Debbie Haines
[2025-09-07 23:03:51,665] INFO: Processing Vikram Misra (https://openalex.org/A5018540324)
[2025-09-07 23:03:51,665] INFO: OpenAlex fetch for https://openalex.org/A5018540324 (last 5 years >= 2021)
[2025-09-07 23:03:51,666] DEBUG: Starting new HTTPS connection (1): api.openalex.org:443
[2025-09-07 23:03:51,867] DEBUG: https://api.openalex.org:443 "GET /works?filter=author.id%3Ahttps%3A%2F%2Fopenalex.org%2FA5018540324&per-page=200&cursor=%2A HTTP/1.1" 200 427836
[2025-09-07 23:03:51,929] DEBUG: Fetched 158 results at cursor '*'
[2025-09-07 23:03:51,930] DEBUG: Starting new HTTPS connection (1): api.openalex.org:443
[2025-09-07 23:03:52,085] DEBUG: https://api.openalex.org:443 "GET /works?filter=author.id%3Ahttps%3A%2F%2Fopenalex.org%2FA5018540324&per-page=200&cursor=Ils1My4wLCAwLCAnaHR0cHM6Ly9vcGVuYWxleC5vcmcvVzIxNDQ0ODI4NjMnXSI%3D HTTP/1.1" 200 141
[2025-09-07 23:03:52,087] DEBUG: Fetched 0 results at cursor 'Ils1My4wLCAwLCAnaHR0cHM6Ly9vcGVuYWxleC5vcmcvVzIxNDQ0ODI4NjMnXSI='
[2025-09-07 23:03:52,296] DEBUG: Flattened df_all missing expected columns: ['host_venue__display_name', 'author_name', 'author_openalex_id']
[2025-09-07 23:03:52,315] INFO: Appended 158 lifetime works for Vikram Misra
[2025-09-07 23:03:52,318] INFO: Appended 16 last-5y works for Vikram Misra
[2025-09-07 23:03:52,318] INFO: Processing Lydden Polley (https://openalex.org/A5070489863)
[2025-09-07 23:03:52,318] INFO: OpenAlex fetch for https://openalex.org/A5070489863 (last 5 years >= 2021)
[2025-09-07 23:03:52,319] DEBUG: Starting new HTTPS connection (1): api.openalex.org:443
[2025-09-07 23:03:52,570] DEBUG: https://api.openalex.org:443 "GET /works?filter=author.id%3Ahttps%3A%2F%2Fopenalex.org%2FA5070489863&per-page=200&cursor=%2A HTTP/1.1" 200 464456
[2025-09-07 23:03:52,670] DEBUG: Fetched 200 results at cursor '*'
[2025-09-07 23:03:52,671] DEBUG: Starting new HTTPS connection (1): api.openalex.org:443
[2025-09-07 23:03:52,771] DEBUG: https://api.openalex.org:443 "GET /works?filter=author.id%3Ahttps%3A%2F%2Fopenalex.org%2FA5070489863&per-page=200&cursor=Ils2My4wLCAwLCAnaHR0cHM6Ly9vcGVuYWxleC5vcmcvVzIyNjU2NDIwNzMnXSI%3D HTTP/1.1" 200 22638
[2025-09-07 23:03:52,778] DEBUG: Fetched 13 results at cursor 'Ils2My4wLCAwLCAnaHR0cHM6Ly9vcGVuYWxleC5vcmcvVzIyNjU2NDIwNzMnXSI='
[2025-09-07 23:03:52,779] DEBUG: Starting new HTTPS connection (1): api.openalex.org:443
[2025-09-07 23:03:52,864] DEBUG: https://api.openalex.org:443 "GET /works?filter=author.id%3Ahttps%3A%2F%2Fopenalex.org%2FA5070489863&per-page=200&cursor=Ils1My4wLCAwLCAnaHR0cHM6Ly9vcGVuYWxleC5vcmcvVzQyMzY4Njc1MjAnXSI%3D HTTP/1.1" 200 141
[2025-09-07 23:03:52,865] DEBUG: Fetched 0 results at cursor 'Ils1My4wLCAwLCAnaHR0cHM6Ly9vcGVuYWxleC5vcmcvVzQyMzY4Njc1MjAnXSI='
[2025-09-07 23:03:53,111] DEBUG: Flattened df_all missing expected columns: ['host_venue__display_name', 'author_name', 'author_openalex_id']
[2025-09-07 23:03:53,129] INFO: Appended 213 lifetime works for Lydden Polley
[2025-09-07 23:03:53,132] INFO: Appended 12 last-5y works for Lydden Polley
[2025-09-07 23:03:53,132] INFO: Processing Andrew Potter (https://openalex.org/A5035086403)
[2025-09-07 23:03:53,132] INFO: OpenAlex fetch for https://openalex.org/A5035086403 (last 5 years >= 2021)
[2025-09-07 23:03:53,133] DEBUG: Starting new HTTPS connection (1): api.openalex.org:443
[2025-09-07 23:03:53,335] DEBUG: https://api.openalex.org:443 "GET /works?filter=author.id%3Ahttps%3A%2F%2Fopenalex.org%2FA5035086403&per-page=200&cursor=%2A HTTP/1.1" 200 547288
[2025-09-07 23:03:53,408] DEBUG: Fetched 200 results at cursor '*'
[2025-09-07 23:03:53,409] DEBUG: Starting new HTTPS connection (1): api.openalex.org:443
[2025-09-07 23:03:53,823] DEBUG: https://api.openalex.org:443 "GET /works?filter=author.id%3Ahttps%3A%2F%2Fopenalex.org%2FA5035086403&per-page=200&cursor=Ils4MS4wLCAxMywgJ2h0dHBzOi8vb3BlbmFsZXgub3JnL1cyMTM3MzQ4MjYzJ10i HTTP/1.1" 200 97644
[2025-09-07 23:03:53,838] DEBUG: Fetched 46 results at cursor 'Ils4MS4wLCAxMywgJ2h0dHBzOi8vb3BlbmFsZXgub3JnL1cyMTM3MzQ4MjYzJ10i'
[2025-09-07 23:03:53,839] DEBUG: Starting new HTTPS connection (1): api.openalex.org:443
[2025-09-07 23:03:53,921] DEBUG: https://api.openalex.org:443 "GET /works?filter=author.id%3Ahttps%3A%2F%2Fopenalex.org%2FA5035086403&per-page=200&cursor=Ils1My4wLCAwLCAnaHR0cHM6Ly9vcGVuYWxleC5vcmcvVzQyMDU4Mzk1MzgnXSI%3D HTTP/1.1" 200 141
[2025-09-07 23:03:53,923] DEBUG: Fetched 0 results at cursor 'Ils1My4wLCAwLCAnaHR0cHM6Ly9vcGVuYWxleC5vcmcvVzQyMDU4Mzk1MzgnXSI='
[2025-09-07 23:03:54,209] DEBUG: Flattened df_all missing expected columns: ['host_venue__display_name', 'author_name', 'author_openalex_id']
[2025-09-07 23:03:54,233] INFO: Appended 246 lifetime works for Andrew Potter
[2025-09-07 23:03:54,237] INFO: Appended 21 last-5y works for Andrew Potter
[2025-09-07 23:03:54,237] INFO: Processing Henry Tabel (nan)
[2025-09-07 23:03:54,237] INFO: OpenAlex fetch for https://openalex.org/nan (last 5 years >= 2021)
[2025-09-07 23:03:54,238] DEBUG: Starting new HTTPS connection (1): api.openalex.org:443
[2025-09-07 23:03:54,354] DEBUG: https://api.openalex.org:443 "GET /works?filter=author.id%3Ahttps%3A%2F%2Fopenalex.org%2Fnan&per-page=200&cursor=%2A HTTP/1.1" 403 90
[2025-09-07 23:03:54,355] ERROR: HTTP error from OpenAlex: 403 Client Error: FORBIDDEN for url: https://api.openalex.org/works?filter=author.id%3Ahttps%3A%2F%2Fopenalex.org%2Fnan&per-page=200&cursor=%2A
Traceback (most recent call last):
  File "/home/runner/work/WCVM_VetMic/WCVM_VetMic/etl/WCVM_VetMic_works.py", line 273, in fetch_author_works_filtered
    resp.raise_for_status()
  File "/opt/hostedtoolcache/Python/3.11.13/x64/lib/python3.11/site-packages/requests/models.py", line 1026, in raise_for_status
    raise HTTPError(http_error_msg, response=self)
requests.exceptions.HTTPError: 403 Client Error: FORBIDDEN for url: https://api.openalex.org/works?filter=author.id%3Ahttps%3A%2F%2Fopenalex.org%2Fnan&per-page=200&cursor=%2A
[2025-09-07 23:03:54,355] INFO: No works returned from OpenAlex for this author.
[2025-09-07 23:03:54,374] INFO: No lifetime works for Henry Tabel
[2025-09-07 23:03:54,374] INFO: No last-5y works for Henry Tabel
[2025-09-07 23:03:54,374] INFO: Total skipped rows due to missing ID: 0
[2025-09-07 23:03:54,388] INFO: Deduplicating 1370 -> 575 rows
[2025-09-07 23:03:54,398] INFO: Deduplicated file written to data/openalex_all_authors_last5y_key_fields_dedup.csv
