[2025-08-26 07:00:06,902] INFO: Removed old artifact: data/openalex_all_authors_lifetime.csv
[2025-08-26 07:00:06,902] INFO: Removed old artifact: data/openalex_all_authors_last5y_key_fields.csv
[2025-08-26 07:00:06,902] INFO: Removed old artifact: data/openalex_all_authors_last5y_key_fields_dedup.csv
[2025-08-26 07:00:06,902] INFO: Reading roster from data/roster_with_metrics.csv
[2025-08-26 07:00:06,904] INFO: Processing Janet Hill (A5022032110)
[2025-08-26 07:00:06,904] INFO: OpenAlex fetch for https://openalex.org/A5022032110 (last 5 years >= 2021)
[2025-08-26 07:00:06,906] DEBUG: Starting new HTTPS connection (1): api.openalex.org:443
[2025-08-26 07:00:08,155] DEBUG: https://api.openalex.org:443 "GET /works?filter=author.id%3Ahttps%3A%2F%2Fopenalex.org%2FA5022032110&per-page=200&cursor=%2A HTTP/1.1" 200 570237
[2025-08-26 07:00:08,363] DEBUG: Fetched 200 results at cursor '*'
[2025-08-26 07:00:08,364] DEBUG: Starting new HTTPS connection (1): api.openalex.org:443
[2025-08-26 07:00:09,171] DEBUG: https://api.openalex.org:443 "GET /works?filter=author.id%3Ahttps%3A%2F%2Fopenalex.org%2FA5022032110&per-page=200&cursor=Ils3MS4wLCAwLCAnaHR0cHM6Ly9vcGVuYWxleC5vcmcvVzQzOTE0MDEzOTEnXSI%3D HTTP/1.1" 200 102507
[2025-08-26 07:00:09,318] DEBUG: Fetched 63 results at cursor 'Ils3MS4wLCAwLCAnaHR0cHM6Ly9vcGVuYWxleC5vcmcvVzQzOTE0MDEzOTEnXSI='
[2025-08-26 07:00:09,319] DEBUG: Starting new HTTPS connection (1): api.openalex.org:443
[2025-08-26 07:00:09,702] DEBUG: https://api.openalex.org:443 "GET /works?filter=author.id%3Ahttps%3A%2F%2Fopenalex.org%2FA5022032110&per-page=200&cursor=Ils1My4wLCAwLCAnaHR0cHM6Ly9vcGVuYWxleC5vcmcvVzI5NTMxODg0MzgnXSI%3D HTTP/1.1" 200 141
[2025-08-26 07:00:09,703] DEBUG: Fetched 0 results at cursor 'Ils1My4wLCAwLCAnaHR0cHM6Ly9vcGVuYWxleC5vcmcvVzI5NTMxODg0MzgnXSI='
[2025-08-26 07:00:10,055] DEBUG: Flattened df_all missing expected columns: ['host_venue__display_name', 'author_name', 'author_openalex_id']
[2025-08-26 07:00:10,068] INFO: Appended 263 lifetime works for Janet Hill
[2025-08-26 07:00:10,072] INFO: Appended 57 last-5y works for Janet Hill
[2025-08-26 07:00:10,072] INFO: Processing Kristen Conn (A5024161948)
[2025-08-26 07:00:10,072] INFO: OpenAlex fetch for https://openalex.org/A5024161948 (last 5 years >= 2021)
[2025-08-26 07:00:10,074] DEBUG: Starting new HTTPS connection (1): api.openalex.org:443
[2025-08-26 07:00:10,592] DEBUG: https://api.openalex.org:443 "GET /works?filter=author.id%3Ahttps%3A%2F%2Fopenalex.org%2FA5024161948&per-page=200&cursor=%2A HTTP/1.1" 200 62169
[2025-08-26 07:00:10,685] DEBUG: Fetched 18 results at cursor '*'
[2025-08-26 07:00:10,686] DEBUG: Starting new HTTPS connection (1): api.openalex.org:443
[2025-08-26 07:00:11,103] DEBUG: https://api.openalex.org:443 "GET /works?filter=author.id%3Ahttps%3A%2F%2Fopenalex.org%2FA5024161948&per-page=200&cursor=Ils2NC4wLCAwLCAnaHR0cHM6Ly9vcGVuYWxleC5vcmcvVzI4OTY1NDMwMDEnXSI%3D HTTP/1.1" 200 140
[2025-08-26 07:00:11,104] DEBUG: Fetched 0 results at cursor 'Ils2NC4wLCAwLCAnaHR0cHM6Ly9vcGVuYWxleC5vcmcvVzI4OTY1NDMwMDEnXSI='
[2025-08-26 07:00:11,132] DEBUG: Flattened df_all missing expected columns: ['host_venue__display_name', 'author_name', 'author_openalex_id']
[2025-08-26 07:00:11,146] INFO: Appended 18 lifetime works for Kristen Conn
[2025-08-26 07:00:11,149] INFO: Appended 4 last-5y works for Kristen Conn
[2025-08-26 07:00:11,149] INFO: Processing John Ellis (A5007566988)
[2025-08-26 07:00:11,149] INFO: OpenAlex fetch for https://openalex.org/A5007566988 (last 5 years >= 2021)
[2025-08-26 07:00:11,150] DEBUG: Starting new HTTPS connection (1): api.openalex.org:443
[2025-08-26 07:00:12,857] DEBUG: https://api.openalex.org:443 "GET /works?filter=author.id%3Ahttps%3A%2F%2Fopenalex.org%2FA5007566988&per-page=200&cursor=%2A HTTP/1.1" 200 549468
[2025-08-26 07:00:13,053] DEBUG: Fetched 200 results at cursor '*'
[2025-08-26 07:00:13,054] DEBUG: Starting new HTTPS connection (1): api.openalex.org:443
[2025-08-26 07:00:14,371] DEBUG: https://api.openalex.org:443 "GET /works?filter=author.id%3Ahttps%3A%2F%2Fopenalex.org%2FA5007566988&per-page=200&cursor=Ils5MS4wLCAxOSwgJ2h0dHBzOi8vb3BlbmFsZXgub3JnL1cyNzYzMjk0NzIxJ10i HTTP/1.1" 200 445632
[2025-08-26 07:00:14,585] DEBUG: Fetched 200 results at cursor 'Ils5MS4wLCAxOSwgJ2h0dHBzOi8vb3BlbmFsZXgub3JnL1cyNzYzMjk0NzIxJ10i'
[2025-08-26 07:00:14,587] DEBUG: Starting new HTTPS connection (1): api.openalex.org:443
[2025-08-26 07:00:15,619] DEBUG: https://api.openalex.org:443 "GET /works?filter=author.id%3Ahttps%3A%2F%2Fopenalex.org%2FA5007566988&per-page=200&cursor=Ils2OS4wLCAxLCAnaHR0cHM6Ly9vcGVuYWxleC5vcmcvVzI5NDQ1MTYwMTMnXSI%3D HTTP/1.1" 200 178214
[2025-08-26 07:00:15,753] DEBUG: Fetched 103 results at cursor 'Ils2OS4wLCAxLCAnaHR0cHM6Ly9vcGVuYWxleC5vcmcvVzI5NDQ1MTYwMTMnXSI='
[2025-08-26 07:00:15,754] DEBUG: Starting new HTTPS connection (1): api.openalex.org:443
[2025-08-26 07:00:16,291] DEBUG: https://api.openalex.org:443 "GET /works?filter=author.id%3Ahttps%3A%2F%2Fopenalex.org%2FA5007566988&per-page=200&cursor=Ils1My4wLCAwLCAnaHR0cHM6Ly9vcGVuYWxleC5vcmcvVzQyNTYzMjc2MzYnXSI%3D HTTP/1.1" 200 141
[2025-08-26 07:00:16,293] DEBUG: Fetched 0 results at cursor 'Ils1My4wLCAwLCAnaHR0cHM6Ly9vcGVuYWxleC5vcmcvVzQyNTYzMjc2MzYnXSI='
[2025-08-26 07:00:16,974] DEBUG: Flattened df_all missing expected columns: ['host_venue__display_name', 'author_name', 'author_openalex_id']
[2025-08-26 07:00:16,995] INFO: Appended 503 lifetime works for John Ellis
[2025-08-26 07:00:16,999] INFO: Appended 47 last-5y works for John Ellis
[2025-08-26 07:00:16,999] INFO: Processing Volker Gerdts (A5054537882)
[2025-08-26 07:00:16,999] INFO: OpenAlex fetch for https://openalex.org/A5054537882 (last 5 years >= 2021)
[2025-08-26 07:00:17,000] DEBUG: Starting new HTTPS connection (1): api.openalex.org:443
[2025-08-26 07:00:18,688] DEBUG: https://api.openalex.org:443 "GET /works?filter=author.id%3Ahttps%3A%2F%2Fopenalex.org%2FA5054537882&per-page=200&cursor=%2A HTTP/1.1" 200 596590
[2025-08-26 07:00:18,920] DEBUG: Fetched 200 results at cursor '*'
[2025-08-26 07:00:18,922] DEBUG: Starting new HTTPS connection (1): api.openalex.org:443
[2025-08-26 07:00:19,214] DEBUG: https://api.openalex.org:443 "GET /works?filter=author.id%3Ahttps%3A%2F%2Fopenalex.org%2FA5054537882&per-page=200&cursor=Ils2MC4wLCAwLCAnaHR0cHM6Ly9vcGVuYWxleC5vcmcvVzMwODgwMzcwNjEnXSI%3D HTTP/1.1" 200 10593
[2025-08-26 07:00:19,216] DEBUG: Fetched 6 results at cursor 'Ils2MC4wLCAwLCAnaHR0cHM6Ly9vcGVuYWxleC5vcmcvVzMwODgwMzcwNjEnXSI='
[2025-08-26 07:00:19,217] DEBUG: Starting new HTTPS connection (1): api.openalex.org:443
[2025-08-26 07:00:19,497] DEBUG: https://api.openalex.org:443 "GET /works?filter=author.id%3Ahttps%3A%2F%2Fopenalex.org%2FA5054537882&per-page=200&cursor=Ils1Ni4wLCAwLCAnaHR0cHM6Ly9vcGVuYWxleC5vcmcvVzMyMTcxNTYxODQnXSI%3D HTTP/1.1" 200 141
[2025-08-26 07:00:19,498] DEBUG: Fetched 0 results at cursor 'Ils1Ni4wLCAwLCAnaHR0cHM6Ly9vcGVuYWxleC5vcmcvVzMyMTcxNTYxODQnXSI='
[2025-08-26 07:00:19,709] DEBUG: Flattened df_all missing expected columns: ['host_venue__display_name', 'author_name', 'author_openalex_id']
[2025-08-26 07:00:19,744] INFO: Appended 206 lifetime works for Volker Gerdts
[2025-08-26 07:00:19,749] INFO: Appended 49 last-5y works for Volker Gerdts
[2025-08-26 07:00:19,749] INFO: Processing Emily Jenkins (A5075278671)
[2025-08-26 07:00:19,749] INFO: OpenAlex fetch for https://openalex.org/A5075278671 (last 5 years >= 2021)
[2025-08-26 07:00:19,750] DEBUG: Starting new HTTPS connection (1): api.openalex.org:443
[2025-08-26 07:00:21,273] DEBUG: https://api.openalex.org:443 "GET /works?filter=author.id%3Ahttps%3A%2F%2Fopenalex.org%2FA5075278671&per-page=200&cursor=%2A HTTP/1.1" 200 592938
[2025-08-26 07:00:21,570] DEBUG: Fetched 176 results at cursor '*'
[2025-08-26 07:00:21,571] DEBUG: Starting new HTTPS connection (1): api.openalex.org:443
[2025-08-26 07:00:21,909] DEBUG: https://api.openalex.org:443 "GET /works?filter=author.id%3Ahttps%3A%2F%2Fopenalex.org%2FA5075278671&per-page=200&cursor=Ils1Ni4wLCAwLCAnaHR0cHM6Ly9vcGVuYWxleC5vcmcvVzMyMTEwMTg2MzcnXSI%3D HTTP/1.1" 200 141
[2025-08-26 07:00:21,910] DEBUG: Fetched 0 results at cursor 'Ils1Ni4wLCAwLCAnaHR0cHM6Ly9vcGVuYWxleC5vcmcvVzMyMTEwMTg2MzcnXSI='
[2025-08-26 07:00:22,216] DEBUG: Flattened df_all missing expected columns: ['host_venue__display_name', 'author_name', 'author_openalex_id']
[2025-08-26 07:00:22,238] INFO: Appended 176 lifetime works for Emily Jenkins
[2025-08-26 07:00:22,242] INFO: Appended 63 last-5y works for Emily Jenkins
[2025-08-26 07:00:22,243] INFO: Processing Joseph Rubin (A5032938268)
[2025-08-26 07:00:22,243] INFO: OpenAlex fetch for https://openalex.org/A5032938268 (last 5 years >= 2021)
[2025-08-26 07:00:22,244] DEBUG: Starting new HTTPS connection (1): api.openalex.org:443
[2025-08-26 07:00:22,992] DEBUG: https://api.openalex.org:443 "GET /works?filter=author.id%3Ahttps%3A%2F%2Fopenalex.org%2FA5032938268&per-page=200&cursor=%2A HTTP/1.1" 200 189265
[2025-08-26 07:00:23,215] DEBUG: Fetched 79 results at cursor '*'
[2025-08-26 07:00:23,216] DEBUG: Starting new HTTPS connection (1): api.openalex.org:443
[2025-08-26 07:00:23,652] DEBUG: https://api.openalex.org:443 "GET /works?filter=author.id%3Ahttps%3A%2F%2Fopenalex.org%2FA5032938268&per-page=200&cursor=Ils1OC4wLCAwLCAnaHR0cHM6Ly9vcGVuYWxleC5vcmcvVzQzMDE4MTkxMTInXSI%3D HTTP/1.1" 200 140
[2025-08-26 07:00:23,653] DEBUG: Fetched 0 results at cursor 'Ils1OC4wLCAwLCAnaHR0cHM6Ly9vcGVuYWxleC5vcmcvVzQzMDE4MTkxMTInXSI='
[2025-08-26 07:00:23,731] DEBUG: Flattened df_all missing expected columns: ['host_venue__display_name', 'author_name', 'author_openalex_id']
[2025-08-26 07:00:23,748] INFO: Appended 79 lifetime works for Joseph Rubin
[2025-08-26 07:00:23,751] INFO: Appended 18 last-5y works for Joseph Rubin
[2025-08-26 07:00:23,751] INFO: Processing Tony Ruzzini (A5016372093)
[2025-08-26 07:00:23,751] INFO: OpenAlex fetch for https://openalex.org/A5016372093 (last 5 years >= 2021)
[2025-08-26 07:00:23,752] DEBUG: Starting new HTTPS connection (1): api.openalex.org:443
[2025-08-26 07:00:24,552] DEBUG: https://api.openalex.org:443 "GET /works?filter=author.id%3Ahttps%3A%2F%2Fopenalex.org%2FA5016372093&per-page=200&cursor=%2A HTTP/1.1" 200 103736
[2025-08-26 07:00:24,658] DEBUG: Fetched 37 results at cursor '*'
[2025-08-26 07:00:24,659] DEBUG: Starting new HTTPS connection (1): api.openalex.org:443
[2025-08-26 07:00:25,097] DEBUG: https://api.openalex.org:443 "GET /works?filter=author.id%3Ahttps%3A%2F%2Fopenalex.org%2FA5016372093&per-page=200&cursor=Ils2MS4wLCAwLCAnaHR0cHM6Ly9vcGVuYWxleC5vcmcvVzI5NzA5NjgzMTYnXSI%3D HTTP/1.1" 200 140
[2025-08-26 07:00:25,098] DEBUG: Fetched 0 results at cursor 'Ils2MS4wLCAwLCAnaHR0cHM6Ly9vcGVuYWxleC5vcmcvVzI5NzA5NjgzMTYnXSI='
[2025-08-26 07:00:25,142] DEBUG: Flattened df_all missing expected columns: ['host_venue__display_name', 'author_name', 'author_openalex_id']
[2025-08-26 07:00:25,154] INFO: Appended 37 lifetime works for Tony Ruzzini
[2025-08-26 07:00:25,156] INFO: Appended 12 last-5y works for Tony Ruzzini
[2025-08-26 07:00:25,157] INFO: Processing Maarten Voordouw (A5026690931)
[2025-08-26 07:00:25,157] INFO: OpenAlex fetch for https://openalex.org/A5026690931 (last 5 years >= 2021)
[2025-08-26 07:00:25,158] DEBUG: Starting new HTTPS connection (1): api.openalex.org:443
[2025-08-26 07:00:26,126] DEBUG: https://api.openalex.org:443 "GET /works?filter=author.id%3Ahttps%3A%2F%2Fopenalex.org%2FA5026690931&per-page=200&cursor=%2A HTTP/1.1" 200 292127
[2025-08-26 07:00:26,351] DEBUG: Fetched 96 results at cursor '*'
[2025-08-26 07:00:26,352] DEBUG: Starting new HTTPS connection (1): api.openalex.org:443
[2025-08-26 07:00:26,811] DEBUG: https://api.openalex.org:443 "GET /works?filter=author.id%3Ahttps%3A%2F%2Fopenalex.org%2FA5026690931&per-page=200&cursor=Ils1Ni4wLCAwLCAnaHR0cHM6Ly9vcGVuYWxleC5vcmcvVzQzOTQwODAwNzgnXSI%3D HTTP/1.1" 200 141
[2025-08-26 07:00:26,812] DEBUG: Fetched 0 results at cursor 'Ils1Ni4wLCAwLCAnaHR0cHM6Ly9vcGVuYWxleC5vcmcvVzQzOTQwODAwNzgnXSI='
[2025-08-26 07:00:26,897] DEBUG: Flattened df_all missing expected columns: ['host_venue__display_name', 'author_name', 'author_openalex_id']
[2025-08-26 07:00:26,905] INFO: Appended 96 lifetime works for Maarten Voordouw
[2025-08-26 07:00:26,908] INFO: Appended 26 last-5y works for Maarten Voordouw
[2025-08-26 07:00:26,909] INFO: Processing Arinjay Banerjee (A5050567215)
[2025-08-26 07:00:26,909] INFO: OpenAlex fetch for https://openalex.org/A5050567215 (last 5 years >= 2021)
[2025-08-26 07:00:26,910] DEBUG: Starting new HTTPS connection (1): api.openalex.org:443
[2025-08-26 07:00:28,194] DEBUG: https://api.openalex.org:443 "GET /works?filter=author.id%3Ahttps%3A%2F%2Fopenalex.org%2FA5050567215&per-page=200&cursor=%2A HTTP/1.1" 200 422326
[2025-08-26 07:00:28,408] DEBUG: Fetched 102 results at cursor '*'
[2025-08-26 07:00:28,410] DEBUG: Starting new HTTPS connection (1): api.openalex.org:443
[2025-08-26 07:00:28,749] DEBUG: https://api.openalex.org:443 "GET /works?filter=author.id%3Ahttps%3A%2F%2Fopenalex.org%2FA5050567215&per-page=200&cursor=Ils1Ni4wLCAwLCAnaHR0cHM6Ly9vcGVuYWxleC5vcmcvVzMxNzYwNDkxMTYnXSI%3D HTTP/1.1" 200 141
[2025-08-26 07:00:28,750] DEBUG: Fetched 0 results at cursor 'Ils1Ni4wLCAwLCAnaHR0cHM6Ly9vcGVuYWxleC5vcmcvVzMxNzYwNDkxMTYnXSI='
[2025-08-26 07:00:28,890] DEBUG: Flattened df_all missing expected columns: ['host_venue__display_name', 'author_name', 'author_openalex_id']
[2025-08-26 07:00:28,903] INFO: Appended 102 lifetime works for Arinjay Banerjee
[2025-08-26 07:00:28,908] INFO: Appended 71 last-5y works for Arinjay Banerjee
[2025-08-26 07:00:28,908] INFO: Processing Jeffrey Chen (a5000375230)
[2025-08-26 07:00:28,908] INFO: OpenAlex fetch for https://openalex.org/a5000375230 (last 5 years >= 2021)
[2025-08-26 07:00:28,909] DEBUG: Starting new HTTPS connection (1): api.openalex.org:443
[2025-08-26 07:00:29,655] DEBUG: https://api.openalex.org:443 "GET /works?filter=author.id%3Ahttps%3A%2F%2Fopenalex.org%2Fa5000375230&per-page=200&cursor=%2A HTTP/1.1" 200 86474
[2025-08-26 07:00:29,728] DEBUG: Fetched 30 results at cursor '*'
[2025-08-26 07:00:29,730] DEBUG: Starting new HTTPS connection (1): api.openalex.org:443
[2025-08-26 07:00:30,089] DEBUG: https://api.openalex.org:443 "GET /works?filter=author.id%3Ahttps%3A%2F%2Fopenalex.org%2Fa5000375230&per-page=200&cursor=Ils1Ni4wLCAwLCAnaHR0cHM6Ly9vcGVuYWxleC5vcmcvVzMyMDg4MDU3MjQnXSI%3D HTTP/1.1" 200 140
[2025-08-26 07:00:30,090] DEBUG: Fetched 0 results at cursor 'Ils1Ni4wLCAwLCAnaHR0cHM6Ly9vcGVuYWxleC5vcmcvVzMyMDg4MDU3MjQnXSI='
[2025-08-26 07:00:30,128] DEBUG: Flattened df_all missing expected columns: ['host_venue__display_name', 'author_name', 'author_openalex_id']
[2025-08-26 07:00:30,140] INFO: Appended 30 lifetime works for Jeffrey Chen
[2025-08-26 07:00:30,142] INFO: Appended 9 last-5y works for Jeffrey Chen
[2025-08-26 07:00:30,142] INFO: Processing Antonio Facciuolo (A5088785492)
[2025-08-26 07:00:30,142] INFO: OpenAlex fetch for https://openalex.org/A5088785492 (last 5 years >= 2021)
[2025-08-26 07:00:30,143] DEBUG: Starting new HTTPS connection (1): api.openalex.org:443
[2025-08-26 07:00:30,585] DEBUG: https://api.openalex.org:443 "GET /works?filter=author.id%3Ahttps%3A%2F%2Fopenalex.org%2FA5088785492&per-page=200&cursor=%2A HTTP/1.1" 200 88977
[2025-08-26 07:00:30,686] DEBUG: Fetched 27 results at cursor '*'
[2025-08-26 07:00:30,687] DEBUG: Starting new HTTPS connection (1): api.openalex.org:443
[2025-08-26 07:00:30,957] DEBUG: https://api.openalex.org:443 "GET /works?filter=author.id%3Ahttps%3A%2F%2Fopenalex.org%2FA5088785492&per-page=200&cursor=Ils2My4wLCAwLCAnaHR0cHM6Ly9vcGVuYWxleC5vcmcvVzQzNjEyMDI1MTQnXSI%3D HTTP/1.1" 200 140
[2025-08-26 07:00:30,958] DEBUG: Fetched 0 results at cursor 'Ils2My4wLCAwLCAnaHR0cHM6Ly9vcGVuYWxleC5vcmcvVzQzNjEyMDI1MTQnXSI='
[2025-08-26 07:00:30,998] DEBUG: Flattened df_all missing expected columns: ['host_venue__display_name', 'author_name', 'author_openalex_id']
[2025-08-26 07:00:31,003] INFO: Appended 27 lifetime works for Antonio Facciuolo
[2025-08-26 07:00:31,006] INFO: Appended 17 last-5y works for Antonio Facciuolo
[2025-08-26 07:00:31,006] INFO: Processing Darryl Falzarano (A5041967571)
[2025-08-26 07:00:31,006] INFO: OpenAlex fetch for https://openalex.org/A5041967571 (last 5 years >= 2021)
[2025-08-26 07:00:31,007] DEBUG: Starting new HTTPS connection (1): api.openalex.org:443
[2025-08-26 07:00:32,549] DEBUG: https://api.openalex.org:443 "GET /works?filter=author.id%3Ahttps%3A%2F%2Fopenalex.org%2FA5041967571&per-page=200&cursor=%2A HTTP/1.1" 200 476104
[2025-08-26 07:00:32,807] DEBUG: Fetched 132 results at cursor '*'
[2025-08-26 07:00:32,808] DEBUG: Starting new HTTPS connection (1): api.openalex.org:443
[2025-08-26 07:00:33,211] DEBUG: https://api.openalex.org:443 "GET /works?filter=author.id%3Ahttps%3A%2F%2Fopenalex.org%2FA5041967571&per-page=200&cursor=Ils1Ni4wLCAwLCAnaHR0cHM6Ly9vcGVuYWxleC5vcmcvVzMyMTQ5NTI4NDInXSI%3D HTTP/1.1" 200 142
[2025-08-26 07:00:33,213] DEBUG: Fetched 0 results at cursor 'Ils1Ni4wLCAwLCAnaHR0cHM6Ly9vcGVuYWxleC5vcmcvVzMyMTQ5NTI4NDInXSI='
[2025-08-26 07:00:33,369] DEBUG: Flattened df_all missing expected columns: ['host_venue__display_name', 'author_name', 'author_openalex_id']
[2025-08-26 07:00:33,380] INFO: Appended 132 lifetime works for Darryl Falzarano
[2025-08-26 07:00:33,385] INFO: Appended 70 last-5y works for Darryl Falzarano
[2025-08-26 07:00:33,385] INFO: Processing Kazal Ghosh (A5073467123)
[2025-08-26 07:00:33,385] INFO: OpenAlex fetch for https://openalex.org/A5073467123 (last 5 years >= 2021)
[2025-08-26 07:00:33,386] DEBUG: Starting new HTTPS connection (1): api.openalex.org:443
[2025-08-26 07:00:34,297] DEBUG: https://api.openalex.org:443 "GET /works?filter=author.id%3Ahttps%3A%2F%2Fopenalex.org%2FA5073467123&per-page=200&cursor=%2A HTTP/1.1" 200 22962
[2025-08-26 07:00:34,367] DEBUG: Fetched 9 results at cursor '*'
[2025-08-26 07:00:34,368] DEBUG: Starting new HTTPS connection (1): api.openalex.org:443
[2025-08-26 07:00:34,727] DEBUG: https://api.openalex.org:443 "GET /works?filter=author.id%3Ahttps%3A%2F%2Fopenalex.org%2FA5073467123&per-page=200&cursor=Ils1OC4wLCAwLCAnaHR0cHM6Ly9vcGVuYWxleC5vcmcvVzQzMjEwMDMxOTknXSI%3D HTTP/1.1" 200 140
[2025-08-26 07:00:34,729] DEBUG: Fetched 0 results at cursor 'Ils1OC4wLCAwLCAnaHR0cHM6Ly9vcGVuYWxleC5vcmcvVzQzMjEwMDMxOTknXSI='
[2025-08-26 07:00:34,747] DEBUG: Flattened df_all missing expected columns: ['host_venue__display_name', 'author_name', 'author_openalex_id']
[2025-08-26 07:00:34,758] INFO: Appended 9 lifetime works for Kazal Ghosh
[2025-08-26 07:00:34,760] INFO: Appended 7 last-5y works for Kazal Ghosh
[2025-08-26 07:00:34,760] INFO: Processing Uladzimir Karniychuk (a5012825986)
[2025-08-26 07:00:34,760] INFO: OpenAlex fetch for https://openalex.org/a5012825986 (last 5 years >= 2021)
[2025-08-26 07:00:34,761] DEBUG: Starting new HTTPS connection (1): api.openalex.org:443
[2025-08-26 07:00:35,585] DEBUG: https://api.openalex.org:443 "GET /works?filter=author.id%3Ahttps%3A%2F%2Fopenalex.org%2Fa5012825986&per-page=200&cursor=%2A HTTP/1.1" 200 139056
[2025-08-26 07:00:35,744] DEBUG: Fetched 62 results at cursor '*'
[2025-08-26 07:00:35,745] DEBUG: Starting new HTTPS connection (1): api.openalex.org:443
[2025-08-26 07:00:36,044] DEBUG: https://api.openalex.org:443 "GET /works?filter=author.id%3Ahttps%3A%2F%2Fopenalex.org%2Fa5012825986&per-page=200&cursor=Ils2MS4wLCAwLCAnaHR0cHM6Ly9vcGVuYWxleC5vcmcvVzQzOTQ0NDg4MzQnXSI%3D HTTP/1.1" 200 140
[2025-08-26 07:00:36,045] DEBUG: Fetched 0 results at cursor 'Ils2MS4wLCAwLCAnaHR0cHM6Ly9vcGVuYWxleC5vcmcvVzQzOTQ0NDg4MzQnXSI='
[2025-08-26 07:00:36,091] DEBUG: Flattened df_all missing expected columns: ['host_venue__display_name', 'author_name', 'author_openalex_id']
[2025-08-26 07:00:36,096] INFO: Appended 62 lifetime works for Uladzimir Karniychuk
[2025-08-26 07:00:36,099] INFO: Appended 15 last-5y works for Uladzimir Karniychuk
[2025-08-26 07:00:36,099] INFO: Processing Wolfgang Koester (a5053166362)
[2025-08-26 07:00:36,099] INFO: OpenAlex fetch for https://openalex.org/a5053166362 (last 5 years >= 2021)
[2025-08-26 07:00:36,100] DEBUG: Starting new HTTPS connection (1): api.openalex.org:443
[2025-08-26 07:00:36,802] DEBUG: https://api.openalex.org:443 "GET /works?filter=author.id%3Ahttps%3A%2F%2Fopenalex.org%2Fa5053166362&per-page=200&cursor=%2A HTTP/1.1" 200 179221
[2025-08-26 07:00:36,915] DEBUG: Fetched 67 results at cursor '*'
[2025-08-26 07:00:36,916] DEBUG: Starting new HTTPS connection (1): api.openalex.org:443
[2025-08-26 07:00:37,176] DEBUG: https://api.openalex.org:443 "GET /works?filter=author.id%3Ahttps%3A%2F%2Fopenalex.org%2Fa5053166362&per-page=200&cursor=Ils1My4wLCAwLCAnaHR0cHM6Ly9vcGVuYWxleC5vcmcvVzE1Mzg4NzQ0MSddIg%3D%3D HTTP/1.1" 200 140
[2025-08-26 07:00:37,177] DEBUG: Fetched 0 results at cursor 'Ils1My4wLCAwLCAnaHR0cHM6Ly9vcGVuYWxleC5vcmcvVzE1Mzg4NzQ0MSddIg=='
[2025-08-26 07:00:37,243] DEBUG: Flattened df_all missing expected columns: ['host_venue__display_name', 'author_name', 'author_openalex_id']
[2025-08-26 07:00:37,250] INFO: Appended 67 lifetime works for Wolfgang Koester
[2025-08-26 07:00:37,253] INFO: Appended 11 last-5y works for Wolfgang Koester
[2025-08-26 07:00:37,253] INFO: Processing Qiang Liu (A5100409525)
[2025-08-26 07:00:37,253] INFO: OpenAlex fetch for https://openalex.org/A5100409525 (last 5 years >= 2021)
[2025-08-26 07:00:37,254] DEBUG: Starting new HTTPS connection (1): api.openalex.org:443
[2025-08-26 07:00:38,171] DEBUG: https://api.openalex.org:443 "GET /works?filter=author.id%3Ahttps%3A%2F%2Fopenalex.org%2FA5100409525&per-page=200&cursor=%2A HTTP/1.1" 200 269531
[2025-08-26 07:00:38,371] DEBUG: Fetched 97 results at cursor '*'
[2025-08-26 07:00:38,372] DEBUG: Starting new HTTPS connection (1): api.openalex.org:443
[2025-08-26 07:00:38,653] DEBUG: https://api.openalex.org:443 "GET /works?filter=author.id%3Ahttps%3A%2F%2Fopenalex.org%2FA5100409525&per-page=200&cursor=Ils1NS4wLCAwLCAnaHR0cHM6Ly9vcGVuYWxleC5vcmcvVzI3NzQ0Nzc2ODInXSI%3D HTTP/1.1" 200 140
[2025-08-26 07:00:38,654] DEBUG: Fetched 0 results at cursor 'Ils1NS4wLCAwLCAnaHR0cHM6Ly9vcGVuYWxleC5vcmcvVzI3NzQ0Nzc2ODInXSI='
[2025-08-26 07:00:38,763] DEBUG: Flattened df_all missing expected columns: ['host_venue__display_name', 'author_name', 'author_openalex_id']
[2025-08-26 07:00:38,773] INFO: Appended 97 lifetime works for Qiang Liu
[2025-08-26 07:00:38,776] INFO: Appended 25 last-5y works for Qiang Liu
[2025-08-26 07:00:38,776] INFO: Processing Musangu Ngeleka (a5018933207)
[2025-08-26 07:00:38,776] INFO: OpenAlex fetch for https://openalex.org/a5018933207 (last 5 years >= 2021)
[2025-08-26 07:00:38,777] DEBUG: Starting new HTTPS connection (1): api.openalex.org:443
[2025-08-26 07:00:39,364] DEBUG: https://api.openalex.org:443 "GET /works?filter=author.id%3Ahttps%3A%2F%2Fopenalex.org%2Fa5018933207&per-page=200&cursor=%2A HTTP/1.1" 200 110827
[2025-08-26 07:00:39,477] DEBUG: Fetched 42 results at cursor '*'
[2025-08-26 07:00:39,478] DEBUG: Starting new HTTPS connection (1): api.openalex.org:443
[2025-08-26 07:00:39,805] DEBUG: https://api.openalex.org:443 "GET /works?filter=author.id%3Ahttps%3A%2F%2Fopenalex.org%2Fa5018933207&per-page=200&cursor=Ils1Ni4wLCAwLCAnaHR0cHM6Ly9vcGVuYWxleC5vcmcvVzQyNDQ1NDM2MzMnXSI%3D HTTP/1.1" 200 140
[2025-08-26 07:00:39,806] DEBUG: Fetched 0 results at cursor 'Ils1Ni4wLCAwLCAnaHR0cHM6Ly9vcGVuYWxleC5vcmcvVzQyNDQ1NDM2MzMnXSI='
[2025-08-26 07:00:39,856] DEBUG: Flattened df_all missing expected columns: ['host_venue__display_name', 'author_name', 'author_openalex_id']
[2025-08-26 07:00:39,865] INFO: Appended 42 lifetime works for Musangu Ngeleka
[2025-08-26 07:00:39,865] INFO: No last-5y works for Musangu Ngeleka
[2025-08-26 07:00:39,865] INFO: Processing Jose Perez-casal (a5075533328)
[2025-08-26 07:00:39,865] INFO: OpenAlex fetch for https://openalex.org/a5075533328 (last 5 years >= 2021)
[2025-08-26 07:00:39,866] DEBUG: Starting new HTTPS connection (1): api.openalex.org:443
[2025-08-26 07:00:40,643] DEBUG: https://api.openalex.org:443 "GET /works?filter=author.id%3Ahttps%3A%2F%2Fopenalex.org%2Fa5075533328&per-page=200&cursor=%2A HTTP/1.1" 200 158575
[2025-08-26 07:00:40,808] DEBUG: Fetched 74 results at cursor '*'
[2025-08-26 07:00:40,809] DEBUG: Starting new HTTPS connection (1): api.openalex.org:443
[2025-08-26 07:00:41,079] DEBUG: https://api.openalex.org:443 "GET /works?filter=author.id%3Ahttps%3A%2F%2Fopenalex.org%2Fa5075533328&per-page=200&cursor=Ils1Ni4wLCAwLCAnaHR0cHM6Ly9vcGVuYWxleC5vcmcvVzQzOTQxMjMxNjEnXSI%3D HTTP/1.1" 200 140
[2025-08-26 07:00:41,081] DEBUG: Fetched 0 results at cursor 'Ils1Ni4wLCAwLCAnaHR0cHM6Ly9vcGVuYWxleC5vcmcvVzQzOTQxMjMxNjEnXSI='
[2025-08-26 07:00:41,133] DEBUG: Flattened df_all missing expected columns: ['host_venue__display_name', 'author_name', 'author_openalex_id']
[2025-08-26 07:00:41,140] INFO: Appended 74 lifetime works for Jose Perez-casal
[2025-08-26 07:00:41,142] INFO: Appended 11 last-5y works for Jose Perez-casal
[2025-08-26 07:00:41,142] INFO: Processing Camila Queiroz (a5061580720)
[2025-08-26 07:00:41,143] INFO: OpenAlex fetch for https://openalex.org/a5061580720 (last 5 years >= 2021)
[2025-08-26 07:00:41,143] DEBUG: Starting new HTTPS connection (1): api.openalex.org:443
[2025-08-26 07:00:41,458] DEBUG: https://api.openalex.org:443 "GET /works?filter=author.id%3Ahttps%3A%2F%2Fopenalex.org%2Fa5061580720&per-page=200&cursor=%2A HTTP/1.1" 200 18239
[2025-08-26 07:00:41,495] DEBUG: Fetched 7 results at cursor '*'
[2025-08-26 07:00:41,496] DEBUG: Starting new HTTPS connection (1): api.openalex.org:443
[2025-08-26 07:00:41,813] DEBUG: https://api.openalex.org:443 "GET /works?filter=author.id%3Ahttps%3A%2F%2Fopenalex.org%2Fa5061580720&per-page=200&cursor=Ils1Ni4wLCAwLCAnaHR0cHM6Ly9vcGVuYWxleC5vcmcvVzQzOTQxMTE1NTQnXSI%3D HTTP/1.1" 200 139
[2025-08-26 07:00:41,814] DEBUG: Fetched 0 results at cursor 'Ils1Ni4wLCAwLCAnaHR0cHM6Ly9vcGVuYWxleC5vcmcvVzQzOTQxMTE1NTQnXSI='
[2025-08-26 07:00:41,828] DEBUG: Flattened df_all missing expected columns: ['host_venue__display_name', 'author_name', 'author_openalex_id']
[2025-08-26 07:00:41,833] INFO: Appended 7 lifetime works for Camila Queiroz
[2025-08-26 07:00:41,835] INFO: Appended 1 last-5y works for Camila Queiroz
[2025-08-26 07:00:41,836] INFO: Processing Loki Snyman (a5095017105)
[2025-08-26 07:00:41,836] INFO: OpenAlex fetch for https://openalex.org/a5095017105 (last 5 years >= 2021)
[2025-08-26 07:00:41,837] DEBUG: Starting new HTTPS connection (1): api.openalex.org:443
[2025-08-26 07:00:42,130] DEBUG: https://api.openalex.org:443 "GET /works?filter=author.id%3Ahttps%3A%2F%2Fopenalex.org%2Fa5095017105&per-page=200&cursor=%2A HTTP/1.1" 200 1937
[2025-08-26 07:00:42,131] DEBUG: Fetched 1 results at cursor '*'
[2025-08-26 07:00:42,132] DEBUG: Starting new HTTPS connection (1): api.openalex.org:443
[2025-08-26 07:00:42,607] DEBUG: https://api.openalex.org:443 "GET /works?filter=author.id%3Ahttps%3A%2F%2Fopenalex.org%2Fa5095017105&per-page=200&cursor=Ils1Ni4wLCAwLCAnaHR0cHM6Ly9vcGVuYWxleC5vcmcvVzQzOTQzODc3MTMnXSI%3D HTTP/1.1" 200 139
[2025-08-26 07:00:42,608] DEBUG: Fetched 0 results at cursor 'Ils1Ni4wLCAwLCAnaHR0cHM6Ly9vcGVuYWxleC5vcmcvVzQzOTQzODc3MTMnXSI='
[2025-08-26 07:00:42,612] DEBUG: Flattened df_all missing expected columns: ['host_venue__display_name', 'author_name', 'author_openalex_id']
[2025-08-26 07:00:42,615] INFO: Appended 1 lifetime works for Loki Snyman
[2025-08-26 07:00:42,617] INFO: Appended 1 last-5y works for Loki Snyman
[2025-08-26 07:00:42,617] INFO: Processing Heather Wilson (A5002970194)
[2025-08-26 07:00:42,617] INFO: OpenAlex fetch for https://openalex.org/A5002970194 (last 5 years >= 2021)
[2025-08-26 07:00:42,618] DEBUG: Starting new HTTPS connection (1): api.openalex.org:443
[2025-08-26 07:00:44,475] DEBUG: https://api.openalex.org:443 "GET /works?filter=author.id%3Ahttps%3A%2F%2Fopenalex.org%2FA5002970194&per-page=200&cursor=%2A HTTP/1.1" 200 483814
[2025-08-26 07:00:44,722] DEBUG: Fetched 169 results at cursor '*'
[2025-08-26 07:00:44,723] DEBUG: Starting new HTTPS connection (1): api.openalex.org:443
[2025-08-26 07:00:44,976] DEBUG: https://api.openalex.org:443 "GET /works?filter=author.id%3Ahttps%3A%2F%2Fopenalex.org%2FA5002970194&per-page=200&cursor=Ils1My4wLCAwLCAnaHR0cHM6Ly9vcGVuYWxleC5vcmcvVzQyNDYxOTI2NTcnXSI%3D HTTP/1.1" 200 141
[2025-08-26 07:00:44,978] DEBUG: Fetched 0 results at cursor 'Ils1My4wLCAwLCAnaHR0cHM6Ly9vcGVuYWxleC5vcmcvVzQyNDYxOTI2NTcnXSI='
[2025-08-26 07:00:45,222] DEBUG: Flattened df_all missing expected columns: ['host_venue__display_name', 'author_name', 'author_openalex_id']
[2025-08-26 07:00:45,232] INFO: Appended 169 lifetime works for Heather Wilson
[2025-08-26 07:00:45,235] INFO: Appended 34 last-5y works for Heather Wilson
[2025-08-26 07:00:45,235] INFO: Processing Yan Zhou (A5032015135)
[2025-08-26 07:00:45,235] INFO: OpenAlex fetch for https://openalex.org/A5032015135 (last 5 years >= 2021)
[2025-08-26 07:00:45,236] DEBUG: Starting new HTTPS connection (1): api.openalex.org:443
[2025-08-26 07:00:46,397] DEBUG: https://api.openalex.org:443 "GET /works?filter=author.id%3Ahttps%3A%2F%2Fopenalex.org%2FA5032015135&per-page=200&cursor=%2A HTTP/1.1" 200 364799
[2025-08-26 07:00:46,570] DEBUG: Fetched 121 results at cursor '*'
[2025-08-26 07:00:46,571] DEBUG: Starting new HTTPS connection (1): api.openalex.org:443
[2025-08-26 07:00:47,004] DEBUG: https://api.openalex.org:443 "GET /works?filter=author.id%3Ahttps%3A%2F%2Fopenalex.org%2FA5032015135&per-page=200&cursor=Ils1NS4wLCAwLCAnaHR0cHM6Ly9vcGVuYWxleC5vcmcvVzI0MTE0NDk1NjAnXSI%3D HTTP/1.1" 200 141
[2025-08-26 07:00:47,006] DEBUG: Fetched 0 results at cursor 'Ils1NS4wLCAwLCAnaHR0cHM6Ly9vcGVuYWxleC5vcmcvVzI0MTE0NDk1NjAnXSI='
[2025-08-26 07:00:47,154] DEBUG: Flattened df_all missing expected columns: ['host_venue__display_name', 'author_name', 'author_openalex_id']
[2025-08-26 07:00:47,171] INFO: Appended 121 lifetime works for Yan Zhou
[2025-08-26 07:00:47,174] INFO: Appended 46 last-5y works for Yan Zhou
[2025-08-26 07:00:47,175] INFO: Processing Suresh Tikoo (A5028351806)
[2025-08-26 07:00:47,175] INFO: OpenAlex fetch for https://openalex.org/A5028351806 (last 5 years >= 2021)
[2025-08-26 07:00:47,176] DEBUG: Starting new HTTPS connection (1): api.openalex.org:443
[2025-08-26 07:00:49,403] DEBUG: https://api.openalex.org:443 "GET /works?filter=author.id%3Ahttps%3A%2F%2Fopenalex.org%2FA5028351806&per-page=200&cursor=%2A HTTP/1.1" 200 429229
[2025-08-26 07:00:49,598] DEBUG: Fetched 182 results at cursor '*'
[2025-08-26 07:00:49,599] DEBUG: Starting new HTTPS connection (1): api.openalex.org:443
[2025-08-26 07:00:49,881] DEBUG: https://api.openalex.org:443 "GET /works?filter=author.id%3Ahttps%3A%2F%2Fopenalex.org%2FA5028351806&per-page=200&cursor=Ils1My4wLCAwLCAnaHR0cHM6Ly9vcGVuYWxleC5vcmcvVzMyMDI5MjM4OTQnXSI%3D HTTP/1.1" 200 141
[2025-08-26 07:00:49,882] DEBUG: Fetched 0 results at cursor 'Ils1My4wLCAwLCAnaHR0cHM6Ly9vcGVuYWxleC5vcmcvVzMyMDI5MjM4OTQnXSI='
[2025-08-26 07:00:50,027] DEBUG: Flattened df_all missing expected columns: ['host_venue__display_name', 'author_name', 'author_openalex_id']
[2025-08-26 07:00:50,043] INFO: Appended 182 lifetime works for Suresh Tikoo
[2025-08-26 07:00:50,046] INFO: Appended 26 last-5y works for Suresh Tikoo
[2025-08-26 07:00:50,046] INFO: Processing Manuel Chirino (a5073090598)
[2025-08-26 07:00:50,046] INFO: OpenAlex fetch for https://openalex.org/a5073090598 (last 5 years >= 2021)
[2025-08-26 07:00:50,047] DEBUG: Starting new HTTPS connection (1): api.openalex.org:443
[2025-08-26 07:00:50,906] DEBUG: https://api.openalex.org:443 "GET /works?filter=author.id%3Ahttps%3A%2F%2Fopenalex.org%2Fa5073090598&per-page=200&cursor=%2A HTTP/1.1" 200 154364
[2025-08-26 07:00:51,019] DEBUG: Fetched 68 results at cursor '*'
[2025-08-26 07:00:51,020] DEBUG: Starting new HTTPS connection (1): api.openalex.org:443
[2025-08-26 07:00:51,324] DEBUG: https://api.openalex.org:443 "GET /works?filter=author.id%3Ahttps%3A%2F%2Fopenalex.org%2Fa5073090598&per-page=200&cursor=Ils1Ny4wLCAwLCAnaHR0cHM6Ly9vcGVuYWxleC5vcmcvVzMxNzU0NDMwMDEnXSI%3D HTTP/1.1" 200 140
[2025-08-26 07:00:51,325] DEBUG: Fetched 0 results at cursor 'Ils1Ny4wLCAwLCAnaHR0cHM6Ly9vcGVuYWxleC5vcmcvVzMxNzU0NDMwMDEnXSI='
[2025-08-26 07:00:51,390] DEBUG: Flattened df_all missing expected columns: ['host_venue__display_name', 'author_name', 'author_openalex_id']
[2025-08-26 07:00:51,403] INFO: Appended 68 lifetime works for Manuel Chirino
[2025-08-26 07:00:51,405] INFO: Appended 1 last-5y works for Manuel Chirino
[2025-08-26 07:00:51,406] INFO: Processing Debbie Haines (a5070489863)
[2025-08-26 07:00:51,406] INFO: OpenAlex fetch for https://openalex.org/a5070489863 (last 5 years >= 2021)
[2025-08-26 07:00:51,407] DEBUG: Starting new HTTPS connection (1): api.openalex.org:443
[2025-08-26 07:00:53,044] DEBUG: https://api.openalex.org:443 "GET /works?filter=author.id%3Ahttps%3A%2F%2Fopenalex.org%2Fa5070489863&per-page=200&cursor=%2A HTTP/1.1" 200 463481
[2025-08-26 07:00:53,348] DEBUG: Fetched 200 results at cursor '*'
[2025-08-26 07:00:53,349] DEBUG: Starting new HTTPS connection (1): api.openalex.org:443
[2025-08-26 07:00:53,723] DEBUG: https://api.openalex.org:443 "GET /works?filter=author.id%3Ahttps%3A%2F%2Fopenalex.org%2Fa5070489863&per-page=200&cursor=Ils2My4wLCAwLCAnaHR0cHM6Ly9vcGVuYWxleC5vcmcvVzIyNjU2NDIwNzMnXSI%3D HTTP/1.1" 200 22637
[2025-08-26 07:00:53,772] DEBUG: Fetched 13 results at cursor 'Ils2My4wLCAwLCAnaHR0cHM6Ly9vcGVuYWxleC5vcmcvVzIyNjU2NDIwNzMnXSI='
[2025-08-26 07:00:53,773] DEBUG: Starting new HTTPS connection (1): api.openalex.org:443
[2025-08-26 07:00:54,144] DEBUG: https://api.openalex.org:443 "GET /works?filter=author.id%3Ahttps%3A%2F%2Fopenalex.org%2Fa5070489863&per-page=200&cursor=Ils1My4wLCAwLCAnaHR0cHM6Ly9vcGVuYWxleC5vcmcvVzQyMzY4Njc1MjAnXSI%3D HTTP/1.1" 200 141
[2025-08-26 07:00:54,145] DEBUG: Fetched 0 results at cursor 'Ils1My4wLCAwLCAnaHR0cHM6Ly9vcGVuYWxleC5vcmcvVzQyMzY4Njc1MjAnXSI='
[2025-08-26 07:00:54,387] DEBUG: Flattened df_all missing expected columns: ['host_venue__display_name', 'author_name', 'author_openalex_id']
[2025-08-26 07:00:54,401] INFO: Appended 213 lifetime works for Debbie Haines
[2025-08-26 07:00:54,404] INFO: Appended 12 last-5y works for Debbie Haines
[2025-08-26 07:00:54,404] INFO: Processing Vikram Misra (A5018540324)
[2025-08-26 07:00:54,404] INFO: OpenAlex fetch for https://openalex.org/A5018540324 (last 5 years >= 2021)
[2025-08-26 07:00:54,405] DEBUG: Starting new HTTPS connection (1): api.openalex.org:443
[2025-08-26 07:00:55,615] DEBUG: https://api.openalex.org:443 "GET /works?filter=author.id%3Ahttps%3A%2F%2Fopenalex.org%2FA5018540324&per-page=200&cursor=%2A HTTP/1.1" 200 426567
[2025-08-26 07:00:55,805] DEBUG: Fetched 156 results at cursor '*'
[2025-08-26 07:00:55,806] DEBUG: Starting new HTTPS connection (1): api.openalex.org:443
[2025-08-26 07:00:56,084] DEBUG: https://api.openalex.org:443 "GET /works?filter=author.id%3Ahttps%3A%2F%2Fopenalex.org%2FA5018540324&per-page=200&cursor=Ils1My4wLCAwLCAnaHR0cHM6Ly9vcGVuYWxleC5vcmcvVzIxNDQ0ODI4NjMnXSI%3D HTTP/1.1" 200 141
[2025-08-26 07:00:56,085] DEBUG: Fetched 0 results at cursor 'Ils1My4wLCAwLCAnaHR0cHM6Ly9vcGVuYWxleC5vcmcvVzIxNDQ0ODI4NjMnXSI='
[2025-08-26 07:00:56,314] DEBUG: Flattened df_all missing expected columns: ['host_venue__display_name', 'author_name', 'author_openalex_id']
[2025-08-26 07:00:56,333] INFO: Appended 156 lifetime works for Vikram Misra
[2025-08-26 07:00:56,336] INFO: Appended 16 last-5y works for Vikram Misra
[2025-08-26 07:00:56,336] INFO: Processing Lydden Polley (a5070489863)
[2025-08-26 07:00:56,336] INFO: OpenAlex fetch for https://openalex.org/a5070489863 (last 5 years >= 2021)
[2025-08-26 07:00:56,337] DEBUG: Starting new HTTPS connection (1): api.openalex.org:443
[2025-08-26 07:00:56,650] DEBUG: https://api.openalex.org:443 "GET /works?filter=author.id%3Ahttps%3A%2F%2Fopenalex.org%2Fa5070489863&per-page=200&cursor=%2A HTTP/1.1" 200 463481
[2025-08-26 07:00:56,847] DEBUG: Fetched 200 results at cursor '*'
[2025-08-26 07:00:56,848] DEBUG: Starting new HTTPS connection (1): api.openalex.org:443
[2025-08-26 07:00:57,118] DEBUG: https://api.openalex.org:443 "GET /works?filter=author.id%3Ahttps%3A%2F%2Fopenalex.org%2Fa5070489863&per-page=200&cursor=Ils2My4wLCAwLCAnaHR0cHM6Ly9vcGVuYWxleC5vcmcvVzIyNjU2NDIwNzMnXSI%3D HTTP/1.1" 200 22637
[2025-08-26 07:00:57,165] DEBUG: Fetched 13 results at cursor 'Ils2My4wLCAwLCAnaHR0cHM6Ly9vcGVuYWxleC5vcmcvVzIyNjU2NDIwNzMnXSI='
[2025-08-26 07:00:57,166] DEBUG: Starting new HTTPS connection (1): api.openalex.org:443
[2025-08-26 07:00:57,339] DEBUG: https://api.openalex.org:443 "GET /works?filter=author.id%3Ahttps%3A%2F%2Fopenalex.org%2Fa5070489863&per-page=200&cursor=Ils1My4wLCAwLCAnaHR0cHM6Ly9vcGVuYWxleC5vcmcvVzQyMzY4Njc1MjAnXSI%3D HTTP/1.1" 200 141
[2025-08-26 07:00:57,340] DEBUG: Fetched 0 results at cursor 'Ils1My4wLCAwLCAnaHR0cHM6Ly9vcGVuYWxleC5vcmcvVzQyMzY4Njc1MjAnXSI='
[2025-08-26 07:00:57,579] DEBUG: Flattened df_all missing expected columns: ['host_venue__display_name', 'author_name', 'author_openalex_id']
[2025-08-26 07:00:57,598] INFO: Appended 213 lifetime works for Lydden Polley
[2025-08-26 07:00:57,601] INFO: Appended 12 last-5y works for Lydden Polley
[2025-08-26 07:00:57,601] INFO: Processing Andrew Potter (a5035086403)
[2025-08-26 07:00:57,601] INFO: OpenAlex fetch for https://openalex.org/a5035086403 (last 5 years >= 2021)
[2025-08-26 07:00:57,602] DEBUG: Starting new HTTPS connection (1): api.openalex.org:443
[2025-08-26 07:00:59,320] DEBUG: https://api.openalex.org:443 "GET /works?filter=author.id%3Ahttps%3A%2F%2Fopenalex.org%2Fa5035086403&per-page=200&cursor=%2A HTTP/1.1" 200 545532
[2025-08-26 07:00:59,545] DEBUG: Fetched 200 results at cursor '*'
[2025-08-26 07:00:59,546] DEBUG: Starting new HTTPS connection (1): api.openalex.org:443
[2025-08-26 07:01:00,104] DEBUG: https://api.openalex.org:443 "GET /works?filter=author.id%3Ahttps%3A%2F%2Fopenalex.org%2Fa5035086403&per-page=200&cursor=Ils4MS4wLCAxMywgJ2h0dHBzOi8vb3BlbmFsZXgub3JnL1cyMTM3MzQ4MjYzJ10i HTTP/1.1" 200 97605
[2025-08-26 07:01:00,245] DEBUG: Fetched 46 results at cursor 'Ils4MS4wLCAxMywgJ2h0dHBzOi8vb3BlbmFsZXgub3JnL1cyMTM3MzQ4MjYzJ10i'
[2025-08-26 07:01:00,246] DEBUG: Starting new HTTPS connection (1): api.openalex.org:443
[2025-08-26 07:01:00,532] DEBUG: https://api.openalex.org:443 "GET /works?filter=author.id%3Ahttps%3A%2F%2Fopenalex.org%2Fa5035086403&per-page=200&cursor=Ils1My4wLCAwLCAnaHR0cHM6Ly9vcGVuYWxleC5vcmcvVzQyMDU4Mzk1MzgnXSI%3D HTTP/1.1" 200 141
[2025-08-26 07:01:00,534] DEBUG: Fetched 0 results at cursor 'Ils1My4wLCAwLCAnaHR0cHM6Ly9vcGVuYWxleC5vcmcvVzQyMDU4Mzk1MzgnXSI='
[2025-08-26 07:01:00,815] DEBUG: Flattened df_all missing expected columns: ['host_venue__display_name', 'author_name', 'author_openalex_id']
[2025-08-26 07:01:00,838] INFO: Appended 246 lifetime works for Andrew Potter
[2025-08-26 07:01:00,841] INFO: Appended 21 last-5y works for Andrew Potter
[2025-08-26 07:01:00,841] INFO: Processing Henry Tabel (nan)
[2025-08-26 07:01:00,841] INFO: OpenAlex fetch for https://openalex.org/nan (last 5 years >= 2021)
[2025-08-26 07:01:00,842] DEBUG: Starting new HTTPS connection (1): api.openalex.org:443
[2025-08-26 07:01:01,041] DEBUG: https://api.openalex.org:443 "GET /works?filter=author.id%3Ahttps%3A%2F%2Fopenalex.org%2Fnan&per-page=200&cursor=%2A HTTP/1.1" 403 90
[2025-08-26 07:01:01,042] ERROR: HTTP error from OpenAlex: 403 Client Error: FORBIDDEN for url: https://api.openalex.org/works?filter=author.id%3Ahttps%3A%2F%2Fopenalex.org%2Fnan&per-page=200&cursor=%2A
Traceback (most recent call last):
  File "/home/runner/work/WCVM_VetMic/WCVM_VetMic/etl/WCVM_works.py", line 273, in fetch_author_works_filtered
    resp.raise_for_status()
  File "/opt/hostedtoolcache/Python/3.11.13/x64/lib/python3.11/site-packages/requests/models.py", line 1026, in raise_for_status
    raise HTTPError(http_error_msg, response=self)
requests.exceptions.HTTPError: 403 Client Error: FORBIDDEN for url: https://api.openalex.org/works?filter=author.id%3Ahttps%3A%2F%2Fopenalex.org%2Fnan&per-page=200&cursor=%2A
[2025-08-26 07:01:01,042] INFO: No works returned from OpenAlex for this author.
[2025-08-26 07:01:01,060] INFO: No lifetime works for Henry Tabel
[2025-08-26 07:01:01,061] INFO: No last-5y works for Henry Tabel
[2025-08-26 07:01:01,061] INFO: Total skipped rows due to missing ID: 0
[2025-08-26 07:01:01,074] INFO: Deduplicating 1364 -> 572 rows
[2025-08-26 07:01:01,084] INFO: Deduplicated file written to data/openalex_all_authors_last5y_key_fields_dedup.csv
[2025-08-26 07:01:01,085] INFO: Removed old artifact: data/openalex_all_authors_lifetime.csv
[2025-08-26 07:01:01,085] INFO: Removed old artifact: data/openalex_all_authors_last5y_key_fields.csv
[2025-08-26 07:01:01,086] INFO: Removed old artifact: data/openalex_all_authors_last5y_key_fields_dedup.csv
[2025-08-26 07:01:01,086] INFO: Reading roster from data/roster_with_metrics.csv
[2025-08-26 07:01:01,087] INFO: Processing Janet Hill (A5022032110)
[2025-08-26 07:01:01,087] INFO: OpenAlex fetch for https://openalex.org/A5022032110 (last 5 years >= 2021)
[2025-08-26 07:01:01,088] DEBUG: Starting new HTTPS connection (1): api.openalex.org:443
[2025-08-26 07:01:01,411] DEBUG: https://api.openalex.org:443 "GET /works?filter=author.id%3Ahttps%3A%2F%2Fopenalex.org%2FA5022032110&per-page=200&cursor=%2A HTTP/1.1" 200 570237
[2025-08-26 07:01:01,626] DEBUG: Fetched 200 results at cursor '*'
[2025-08-26 07:01:01,627] DEBUG: Starting new HTTPS connection (1): api.openalex.org:443
[2025-08-26 07:01:01,900] DEBUG: https://api.openalex.org:443 "GET /works?filter=author.id%3Ahttps%3A%2F%2Fopenalex.org%2FA5022032110&per-page=200&cursor=Ils3MS4wLCAwLCAnaHR0cHM6Ly9vcGVuYWxleC5vcmcvVzQzOTE0MDEzOTEnXSI%3D HTTP/1.1" 200 102507
[2025-08-26 07:01:02,063] DEBUG: Fetched 63 results at cursor 'Ils3MS4wLCAwLCAnaHR0cHM6Ly9vcGVuYWxleC5vcmcvVzQzOTE0MDEzOTEnXSI='
[2025-08-26 07:01:02,064] DEBUG: Starting new HTTPS connection (1): api.openalex.org:443
[2025-08-26 07:01:02,225] DEBUG: https://api.openalex.org:443 "GET /works?filter=author.id%3Ahttps%3A%2F%2Fopenalex.org%2FA5022032110&per-page=200&cursor=Ils1My4wLCAwLCAnaHR0cHM6Ly9vcGVuYWxleC5vcmcvVzI5NTMxODg0MzgnXSI%3D HTTP/1.1" 200 141
[2025-08-26 07:01:02,226] DEBUG: Fetched 0 results at cursor 'Ils1My4wLCAwLCAnaHR0cHM6Ly9vcGVuYWxleC5vcmcvVzI5NTMxODg0MzgnXSI='
[2025-08-26 07:01:02,560] DEBUG: Flattened df_all missing expected columns: ['host_venue__display_name', 'author_name', 'author_openalex_id']
[2025-08-26 07:01:02,573] INFO: Appended 263 lifetime works for Janet Hill
[2025-08-26 07:01:02,577] INFO: Appended 57 last-5y works for Janet Hill
[2025-08-26 07:01:02,577] INFO: Processing Kristen Conn (A5024161948)
[2025-08-26 07:01:02,577] INFO: OpenAlex fetch for https://openalex.org/A5024161948 (last 5 years >= 2021)
[2025-08-26 07:01:02,578] DEBUG: Starting new HTTPS connection (1): api.openalex.org:443
[2025-08-26 07:01:02,891] DEBUG: https://api.openalex.org:443 "GET /works?filter=author.id%3Ahttps%3A%2F%2Fopenalex.org%2FA5024161948&per-page=200&cursor=%2A HTTP/1.1" 200 62169
[2025-08-26 07:01:02,981] DEBUG: Fetched 18 results at cursor '*'
[2025-08-26 07:01:02,983] DEBUG: Starting new HTTPS connection (1): api.openalex.org:443
[2025-08-26 07:01:03,184] DEBUG: https://api.openalex.org:443 "GET /works?filter=author.id%3Ahttps%3A%2F%2Fopenalex.org%2FA5024161948&per-page=200&cursor=Ils2NC4wLCAwLCAnaHR0cHM6Ly9vcGVuYWxleC5vcmcvVzI4OTY1NDMwMDEnXSI%3D HTTP/1.1" 200 140
[2025-08-26 07:01:03,185] DEBUG: Fetched 0 results at cursor 'Ils2NC4wLCAwLCAnaHR0cHM6Ly9vcGVuYWxleC5vcmcvVzI4OTY1NDMwMDEnXSI='
[2025-08-26 07:01:03,212] DEBUG: Flattened df_all missing expected columns: ['host_venue__display_name', 'author_name', 'author_openalex_id']
[2025-08-26 07:01:03,231] INFO: Appended 18 lifetime works for Kristen Conn
[2025-08-26 07:01:03,233] INFO: Appended 4 last-5y works for Kristen Conn
[2025-08-26 07:01:03,233] INFO: Processing John Ellis (A5007566988)
[2025-08-26 07:01:03,233] INFO: OpenAlex fetch for https://openalex.org/A5007566988 (last 5 years >= 2021)
[2025-08-26 07:01:03,234] DEBUG: Starting new HTTPS connection (1): api.openalex.org:443
[2025-08-26 07:01:03,508] DEBUG: https://api.openalex.org:443 "GET /works?filter=author.id%3Ahttps%3A%2F%2Fopenalex.org%2FA5007566988&per-page=200&cursor=%2A HTTP/1.1" 200 549468
[2025-08-26 07:01:03,707] DEBUG: Fetched 200 results at cursor '*'
[2025-08-26 07:01:03,708] DEBUG: Starting new HTTPS connection (1): api.openalex.org:443
[2025-08-26 07:01:04,087] DEBUG: https://api.openalex.org:443 "GET /works?filter=author.id%3Ahttps%3A%2F%2Fopenalex.org%2FA5007566988&per-page=200&cursor=Ils5MS4wLCAxOSwgJ2h0dHBzOi8vb3BlbmFsZXgub3JnL1cyNzYzMjk0NzIxJ10i HTTP/1.1" 200 445632
[2025-08-26 07:01:04,363] DEBUG: Fetched 200 results at cursor 'Ils5MS4wLCAxOSwgJ2h0dHBzOi8vb3BlbmFsZXgub3JnL1cyNzYzMjk0NzIxJ10i'
[2025-08-26 07:01:04,364] DEBUG: Starting new HTTPS connection (1): api.openalex.org:443
[2025-08-26 07:01:04,648] DEBUG: https://api.openalex.org:443 "GET /works?filter=author.id%3Ahttps%3A%2F%2Fopenalex.org%2FA5007566988&per-page=200&cursor=Ils2OS4wLCAxLCAnaHR0cHM6Ly9vcGVuYWxleC5vcmcvVzI5NDQ1MTYwMTMnXSI%3D HTTP/1.1" 200 178214
[2025-08-26 07:01:04,768] DEBUG: Fetched 103 results at cursor 'Ils2OS4wLCAxLCAnaHR0cHM6Ly9vcGVuYWxleC5vcmcvVzI5NDQ1MTYwMTMnXSI='
[2025-08-26 07:01:04,769] DEBUG: Starting new HTTPS connection (1): api.openalex.org:443
[2025-08-26 07:01:05,044] DEBUG: https://api.openalex.org:443 "GET /works?filter=author.id%3Ahttps%3A%2F%2Fopenalex.org%2FA5007566988&per-page=200&cursor=Ils1My4wLCAwLCAnaHR0cHM6Ly9vcGVuYWxleC5vcmcvVzQyNTYzMjc2MzYnXSI%3D HTTP/1.1" 200 141
[2025-08-26 07:01:05,045] DEBUG: Fetched 0 results at cursor 'Ils1My4wLCAwLCAnaHR0cHM6Ly9vcGVuYWxleC5vcmcvVzQyNTYzMjc2MzYnXSI='
[2025-08-26 07:01:05,731] DEBUG: Flattened df_all missing expected columns: ['host_venue__display_name', 'author_name', 'author_openalex_id']
[2025-08-26 07:01:05,753] INFO: Appended 503 lifetime works for John Ellis
[2025-08-26 07:01:05,757] INFO: Appended 47 last-5y works for John Ellis
[2025-08-26 07:01:05,757] INFO: Processing Volker Gerdts (A5054537882)
[2025-08-26 07:01:05,757] INFO: OpenAlex fetch for https://openalex.org/A5054537882 (last 5 years >= 2021)
[2025-08-26 07:01:05,758] DEBUG: Starting new HTTPS connection (1): api.openalex.org:443
[2025-08-26 07:01:06,040] DEBUG: https://api.openalex.org:443 "GET /works?filter=author.id%3Ahttps%3A%2F%2Fopenalex.org%2FA5054537882&per-page=200&cursor=%2A HTTP/1.1" 200 596590
[2025-08-26 07:01:06,289] DEBUG: Fetched 200 results at cursor '*'
[2025-08-26 07:01:06,291] DEBUG: Starting new HTTPS connection (1): api.openalex.org:443
[2025-08-26 07:01:06,473] DEBUG: https://api.openalex.org:443 "GET /works?filter=author.id%3Ahttps%3A%2F%2Fopenalex.org%2FA5054537882&per-page=200&cursor=Ils2MC4wLCAwLCAnaHR0cHM6Ly9vcGVuYWxleC5vcmcvVzMwODgwMzcwNjEnXSI%3D HTTP/1.1" 200 10593
[2025-08-26 07:01:06,476] DEBUG: Fetched 6 results at cursor 'Ils2MC4wLCAwLCAnaHR0cHM6Ly9vcGVuYWxleC5vcmcvVzMwODgwMzcwNjEnXSI='
[2025-08-26 07:01:06,477] DEBUG: Starting new HTTPS connection (1): api.openalex.org:443
[2025-08-26 07:01:06,649] DEBUG: https://api.openalex.org:443 "GET /works?filter=author.id%3Ahttps%3A%2F%2Fopenalex.org%2FA5054537882&per-page=200&cursor=Ils1Ni4wLCAwLCAnaHR0cHM6Ly9vcGVuYWxleC5vcmcvVzMyMTcxNTYxODQnXSI%3D HTTP/1.1" 200 141
[2025-08-26 07:01:06,650] DEBUG: Fetched 0 results at cursor 'Ils1Ni4wLCAwLCAnaHR0cHM6Ly9vcGVuYWxleC5vcmcvVzMyMTcxNTYxODQnXSI='
[2025-08-26 07:01:06,852] DEBUG: Flattened df_all missing expected columns: ['host_venue__display_name', 'author_name', 'author_openalex_id']
[2025-08-26 07:01:06,889] INFO: Appended 206 lifetime works for Volker Gerdts
[2025-08-26 07:01:06,894] INFO: Appended 49 last-5y works for Volker Gerdts
[2025-08-26 07:01:06,894] INFO: Processing Emily Jenkins (A5075278671)
[2025-08-26 07:01:06,894] INFO: OpenAlex fetch for https://openalex.org/A5075278671 (last 5 years >= 2021)
[2025-08-26 07:01:06,895] DEBUG: Starting new HTTPS connection (1): api.openalex.org:443
[2025-08-26 07:01:07,286] DEBUG: https://api.openalex.org:443 "GET /works?filter=author.id%3Ahttps%3A%2F%2Fopenalex.org%2FA5075278671&per-page=200&cursor=%2A HTTP/1.1" 200 592938
[2025-08-26 07:01:07,565] DEBUG: Fetched 176 results at cursor '*'
[2025-08-26 07:01:07,566] DEBUG: Starting new HTTPS connection (1): api.openalex.org:443
[2025-08-26 07:01:07,755] DEBUG: https://api.openalex.org:443 "GET /works?filter=author.id%3Ahttps%3A%2F%2Fopenalex.org%2FA5075278671&per-page=200&cursor=Ils1Ni4wLCAwLCAnaHR0cHM6Ly9vcGVuYWxleC5vcmcvVzMyMTEwMTg2MzcnXSI%3D HTTP/1.1" 200 141
[2025-08-26 07:01:07,757] DEBUG: Fetched 0 results at cursor 'Ils1Ni4wLCAwLCAnaHR0cHM6Ly9vcGVuYWxleC5vcmcvVzMyMTEwMTg2MzcnXSI='
[2025-08-26 07:01:08,033] DEBUG: Flattened df_all missing expected columns: ['host_venue__display_name', 'author_name', 'author_openalex_id']
[2025-08-26 07:01:08,054] INFO: Appended 176 lifetime works for Emily Jenkins
[2025-08-26 07:01:08,059] INFO: Appended 63 last-5y works for Emily Jenkins
[2025-08-26 07:01:08,059] INFO: Processing Joseph Rubin (A5032938268)
[2025-08-26 07:01:08,059] INFO: OpenAlex fetch for https://openalex.org/A5032938268 (last 5 years >= 2021)
[2025-08-26 07:01:08,060] DEBUG: Starting new HTTPS connection (1): api.openalex.org:443
[2025-08-26 07:01:08,313] DEBUG: https://api.openalex.org:443 "GET /works?filter=author.id%3Ahttps%3A%2F%2Fopenalex.org%2FA5032938268&per-page=200&cursor=%2A HTTP/1.1" 200 189265
[2025-08-26 07:01:08,458] DEBUG: Fetched 79 results at cursor '*'
[2025-08-26 07:01:08,459] DEBUG: Starting new HTTPS connection (1): api.openalex.org:443
[2025-08-26 07:01:08,645] DEBUG: https://api.openalex.org:443 "GET /works?filter=author.id%3Ahttps%3A%2F%2Fopenalex.org%2FA5032938268&per-page=200&cursor=Ils1OC4wLCAwLCAnaHR0cHM6Ly9vcGVuYWxleC5vcmcvVzQzMDE4MTkxMTInXSI%3D HTTP/1.1" 200 140
[2025-08-26 07:01:08,646] DEBUG: Fetched 0 results at cursor 'Ils1OC4wLCAwLCAnaHR0cHM6Ly9vcGVuYWxleC5vcmcvVzQzMDE4MTkxMTInXSI='
[2025-08-26 07:01:08,724] DEBUG: Flattened df_all missing expected columns: ['host_venue__display_name', 'author_name', 'author_openalex_id']
[2025-08-26 07:01:08,743] INFO: Appended 79 lifetime works for Joseph Rubin
[2025-08-26 07:01:08,746] INFO: Appended 18 last-5y works for Joseph Rubin
[2025-08-26 07:01:08,746] INFO: Processing Tony Ruzzini (A5016372093)
[2025-08-26 07:01:08,746] INFO: OpenAlex fetch for https://openalex.org/A5016372093 (last 5 years >= 2021)
[2025-08-26 07:01:08,747] DEBUG: Starting new HTTPS connection (1): api.openalex.org:443
[2025-08-26 07:01:08,976] DEBUG: https://api.openalex.org:443 "GET /works?filter=author.id%3Ahttps%3A%2F%2Fopenalex.org%2FA5016372093&per-page=200&cursor=%2A HTTP/1.1" 200 103736
[2025-08-26 07:01:09,081] DEBUG: Fetched 37 results at cursor '*'
[2025-08-26 07:01:09,082] DEBUG: Starting new HTTPS connection (1): api.openalex.org:443
[2025-08-26 07:01:09,262] DEBUG: https://api.openalex.org:443 "GET /works?filter=author.id%3Ahttps%3A%2F%2Fopenalex.org%2FA5016372093&per-page=200&cursor=Ils2MS4wLCAwLCAnaHR0cHM6Ly9vcGVuYWxleC5vcmcvVzI5NzA5NjgzMTYnXSI%3D HTTP/1.1" 200 140
[2025-08-26 07:01:09,263] DEBUG: Fetched 0 results at cursor 'Ils2MS4wLCAwLCAnaHR0cHM6Ly9vcGVuYWxleC5vcmcvVzI5NzA5NjgzMTYnXSI='
[2025-08-26 07:01:09,307] DEBUG: Flattened df_all missing expected columns: ['host_venue__display_name', 'author_name', 'author_openalex_id']
[2025-08-26 07:01:09,315] INFO: Appended 37 lifetime works for Tony Ruzzini
[2025-08-26 07:01:09,317] INFO: Appended 12 last-5y works for Tony Ruzzini
[2025-08-26 07:01:09,318] INFO: Processing Maarten Voordouw (A5026690931)
[2025-08-26 07:01:09,318] INFO: OpenAlex fetch for https://openalex.org/A5026690931 (last 5 years >= 2021)
[2025-08-26 07:01:09,319] DEBUG: Starting new HTTPS connection (1): api.openalex.org:443
[2025-08-26 07:01:09,566] DEBUG: https://api.openalex.org:443 "GET /works?filter=author.id%3Ahttps%3A%2F%2Fopenalex.org%2FA5026690931&per-page=200&cursor=%2A HTTP/1.1" 200 292127
[2025-08-26 07:01:09,707] DEBUG: Fetched 96 results at cursor '*'
[2025-08-26 07:01:09,708] DEBUG: Starting new HTTPS connection (1): api.openalex.org:443
[2025-08-26 07:01:09,927] DEBUG: https://api.openalex.org:443 "GET /works?filter=author.id%3Ahttps%3A%2F%2Fopenalex.org%2FA5026690931&per-page=200&cursor=Ils1Ni4wLCAwLCAnaHR0cHM6Ly9vcGVuYWxleC5vcmcvVzQzOTQwODAwNzgnXSI%3D HTTP/1.1" 200 141
[2025-08-26 07:01:09,928] DEBUG: Fetched 0 results at cursor 'Ils1Ni4wLCAwLCAnaHR0cHM6Ly9vcGVuYWxleC5vcmcvVzQzOTQwODAwNzgnXSI='
[2025-08-26 07:01:10,014] DEBUG: Flattened df_all missing expected columns: ['host_venue__display_name', 'author_name', 'author_openalex_id']
[2025-08-26 07:01:10,023] INFO: Appended 96 lifetime works for Maarten Voordouw
[2025-08-26 07:01:10,026] INFO: Appended 26 last-5y works for Maarten Voordouw
[2025-08-26 07:01:10,026] INFO: Processing Arinjay Banerjee (A5050567215)
[2025-08-26 07:01:10,026] INFO: OpenAlex fetch for https://openalex.org/A5050567215 (last 5 years >= 2021)
[2025-08-26 07:01:10,027] DEBUG: Starting new HTTPS connection (1): api.openalex.org:443
[2025-08-26 07:01:10,334] DEBUG: https://api.openalex.org:443 "GET /works?filter=author.id%3Ahttps%3A%2F%2Fopenalex.org%2FA5050567215&per-page=200&cursor=%2A HTTP/1.1" 200 422326
[2025-08-26 07:01:10,537] DEBUG: Fetched 102 results at cursor '*'
[2025-08-26 07:01:10,538] DEBUG: Starting new HTTPS connection (1): api.openalex.org:443
[2025-08-26 07:01:10,746] DEBUG: https://api.openalex.org:443 "GET /works?filter=author.id%3Ahttps%3A%2F%2Fopenalex.org%2FA5050567215&per-page=200&cursor=Ils1Ni4wLCAwLCAnaHR0cHM6Ly9vcGVuYWxleC5vcmcvVzMxNzYwNDkxMTYnXSI%3D HTTP/1.1" 200 141
[2025-08-26 07:01:10,747] DEBUG: Fetched 0 results at cursor 'Ils1Ni4wLCAwLCAnaHR0cHM6Ly9vcGVuYWxleC5vcmcvVzMxNzYwNDkxMTYnXSI='
[2025-08-26 07:01:10,888] DEBUG: Flattened df_all missing expected columns: ['host_venue__display_name', 'author_name', 'author_openalex_id']
[2025-08-26 07:01:10,902] INFO: Appended 102 lifetime works for Arinjay Banerjee
[2025-08-26 07:01:10,907] INFO: Appended 71 last-5y works for Arinjay Banerjee
[2025-08-26 07:01:10,908] INFO: Processing Jeffrey Chen (a5000375230)
[2025-08-26 07:01:10,908] INFO: OpenAlex fetch for https://openalex.org/a5000375230 (last 5 years >= 2021)
[2025-08-26 07:01:10,909] DEBUG: Starting new HTTPS connection (1): api.openalex.org:443
[2025-08-26 07:01:11,108] DEBUG: https://api.openalex.org:443 "GET /works?filter=author.id%3Ahttps%3A%2F%2Fopenalex.org%2Fa5000375230&per-page=200&cursor=%2A HTTP/1.1" 200 86474
[2025-08-26 07:01:11,174] DEBUG: Fetched 30 results at cursor '*'
[2025-08-26 07:01:11,175] DEBUG: Starting new HTTPS connection (1): api.openalex.org:443
[2025-08-26 07:01:11,389] DEBUG: https://api.openalex.org:443 "GET /works?filter=author.id%3Ahttps%3A%2F%2Fopenalex.org%2Fa5000375230&per-page=200&cursor=Ils1Ni4wLCAwLCAnaHR0cHM6Ly9vcGVuYWxleC5vcmcvVzMyMDg4MDU3MjQnXSI%3D HTTP/1.1" 200 140
[2025-08-26 07:01:11,390] DEBUG: Fetched 0 results at cursor 'Ils1Ni4wLCAwLCAnaHR0cHM6Ly9vcGVuYWxleC5vcmcvVzMyMDg4MDU3MjQnXSI='
[2025-08-26 07:01:11,428] DEBUG: Flattened df_all missing expected columns: ['host_venue__display_name', 'author_name', 'author_openalex_id']
[2025-08-26 07:01:11,440] INFO: Appended 30 lifetime works for Jeffrey Chen
[2025-08-26 07:01:11,442] INFO: Appended 9 last-5y works for Jeffrey Chen
[2025-08-26 07:01:11,442] INFO: Processing Antonio Facciuolo (A5088785492)
[2025-08-26 07:01:11,442] INFO: OpenAlex fetch for https://openalex.org/A5088785492 (last 5 years >= 2021)
[2025-08-26 07:01:11,443] DEBUG: Starting new HTTPS connection (1): api.openalex.org:443
[2025-08-26 07:01:11,638] DEBUG: https://api.openalex.org:443 "GET /works?filter=author.id%3Ahttps%3A%2F%2Fopenalex.org%2FA5088785492&per-page=200&cursor=%2A HTTP/1.1" 200 88977
[2025-08-26 07:01:11,709] DEBUG: Fetched 27 results at cursor '*'
[2025-08-26 07:01:11,710] DEBUG: Starting new HTTPS connection (1): api.openalex.org:443
[2025-08-26 07:01:11,877] DEBUG: https://api.openalex.org:443 "GET /works?filter=author.id%3Ahttps%3A%2F%2Fopenalex.org%2FA5088785492&per-page=200&cursor=Ils2My4wLCAwLCAnaHR0cHM6Ly9vcGVuYWxleC5vcmcvVzQzNjEyMDI1MTQnXSI%3D HTTP/1.1" 200 140
[2025-08-26 07:01:11,878] DEBUG: Fetched 0 results at cursor 'Ils2My4wLCAwLCAnaHR0cHM6Ly9vcGVuYWxleC5vcmcvVzQzNjEyMDI1MTQnXSI='
[2025-08-26 07:01:11,917] DEBUG: Flattened df_all missing expected columns: ['host_venue__display_name', 'author_name', 'author_openalex_id']
[2025-08-26 07:01:11,922] INFO: Appended 27 lifetime works for Antonio Facciuolo
[2025-08-26 07:01:11,925] INFO: Appended 17 last-5y works for Antonio Facciuolo
[2025-08-26 07:01:11,926] INFO: Processing Darryl Falzarano (A5041967571)
[2025-08-26 07:01:11,926] INFO: OpenAlex fetch for https://openalex.org/A5041967571 (last 5 years >= 2021)
[2025-08-26 07:01:11,927] DEBUG: Starting new HTTPS connection (1): api.openalex.org:443
[2025-08-26 07:01:12,226] DEBUG: https://api.openalex.org:443 "GET /works?filter=author.id%3Ahttps%3A%2F%2Fopenalex.org%2FA5041967571&per-page=200&cursor=%2A HTTP/1.1" 200 476104
[2025-08-26 07:01:12,451] DEBUG: Fetched 132 results at cursor '*'
[2025-08-26 07:01:12,452] DEBUG: Starting new HTTPS connection (1): api.openalex.org:443
[2025-08-26 07:01:12,607] DEBUG: https://api.openalex.org:443 "GET /works?filter=author.id%3Ahttps%3A%2F%2Fopenalex.org%2FA5041967571&per-page=200&cursor=Ils1Ni4wLCAwLCAnaHR0cHM6Ly9vcGVuYWxleC5vcmcvVzMyMTQ5NTI4NDInXSI%3D HTTP/1.1" 200 142
[2025-08-26 07:01:12,609] DEBUG: Fetched 0 results at cursor 'Ils1Ni4wLCAwLCAnaHR0cHM6Ly9vcGVuYWxleC5vcmcvVzMyMTQ5NTI4NDInXSI='
[2025-08-26 07:01:12,766] DEBUG: Flattened df_all missing expected columns: ['host_venue__display_name', 'author_name', 'author_openalex_id']
[2025-08-26 07:01:12,777] INFO: Appended 132 lifetime works for Darryl Falzarano
[2025-08-26 07:01:12,781] INFO: Appended 70 last-5y works for Darryl Falzarano
[2025-08-26 07:01:12,782] INFO: Processing Kazal Ghosh (A5073467123)
[2025-08-26 07:01:12,782] INFO: OpenAlex fetch for https://openalex.org/A5073467123 (last 5 years >= 2021)
[2025-08-26 07:01:12,783] DEBUG: Starting new HTTPS connection (1): api.openalex.org:443
[2025-08-26 07:01:13,011] DEBUG: https://api.openalex.org:443 "GET /works?filter=author.id%3Ahttps%3A%2F%2Fopenalex.org%2FA5073467123&per-page=200&cursor=%2A HTTP/1.1" 200 22962
[2025-08-26 07:01:13,056] DEBUG: Fetched 9 results at cursor '*'
[2025-08-26 07:01:13,057] DEBUG: Starting new HTTPS connection (1): api.openalex.org:443
[2025-08-26 07:01:13,319] DEBUG: https://api.openalex.org:443 "GET /works?filter=author.id%3Ahttps%3A%2F%2Fopenalex.org%2FA5073467123&per-page=200&cursor=Ils1OC4wLCAwLCAnaHR0cHM6Ly9vcGVuYWxleC5vcmcvVzQzMjEwMDMxOTknXSI%3D HTTP/1.1" 200 140
[2025-08-26 07:01:13,320] DEBUG: Fetched 0 results at cursor 'Ils1OC4wLCAwLCAnaHR0cHM6Ly9vcGVuYWxleC5vcmcvVzQzMjEwMDMxOTknXSI='
[2025-08-26 07:01:13,337] DEBUG: Flattened df_all missing expected columns: ['host_venue__display_name', 'author_name', 'author_openalex_id']
[2025-08-26 07:01:13,349] INFO: Appended 9 lifetime works for Kazal Ghosh
[2025-08-26 07:01:13,351] INFO: Appended 7 last-5y works for Kazal Ghosh
[2025-08-26 07:01:13,351] INFO: Processing Uladzimir Karniychuk (a5012825986)
[2025-08-26 07:01:13,351] INFO: OpenAlex fetch for https://openalex.org/a5012825986 (last 5 years >= 2021)
[2025-08-26 07:01:13,352] DEBUG: Starting new HTTPS connection (1): api.openalex.org:443
[2025-08-26 07:01:13,780] DEBUG: https://api.openalex.org:443 "GET /works?filter=author.id%3Ahttps%3A%2F%2Fopenalex.org%2Fa5012825986&per-page=200&cursor=%2A HTTP/1.1" 200 139056
[2025-08-26 07:01:13,900] DEBUG: Fetched 62 results at cursor '*'
[2025-08-26 07:01:13,901] DEBUG: Starting new HTTPS connection (1): api.openalex.org:443
[2025-08-26 07:01:14,103] DEBUG: https://api.openalex.org:443 "GET /works?filter=author.id%3Ahttps%3A%2F%2Fopenalex.org%2Fa5012825986&per-page=200&cursor=Ils2MS4wLCAwLCAnaHR0cHM6Ly9vcGVuYWxleC5vcmcvVzQzOTQ0NDg4MzQnXSI%3D HTTP/1.1" 200 140
[2025-08-26 07:01:14,104] DEBUG: Fetched 0 results at cursor 'Ils2MS4wLCAwLCAnaHR0cHM6Ly9vcGVuYWxleC5vcmcvVzQzOTQ0NDg4MzQnXSI='
[2025-08-26 07:01:14,149] DEBUG: Flattened df_all missing expected columns: ['host_venue__display_name', 'author_name', 'author_openalex_id']
[2025-08-26 07:01:14,154] INFO: Appended 62 lifetime works for Uladzimir Karniychuk
[2025-08-26 07:01:14,156] INFO: Appended 15 last-5y works for Uladzimir Karniychuk
[2025-08-26 07:01:14,156] INFO: Processing Wolfgang Koester (a5053166362)
[2025-08-26 07:01:14,157] INFO: OpenAlex fetch for https://openalex.org/a5053166362 (last 5 years >= 2021)
[2025-08-26 07:01:14,157] DEBUG: Starting new HTTPS connection (1): api.openalex.org:443
[2025-08-26 07:01:14,504] DEBUG: https://api.openalex.org:443 "GET /works?filter=author.id%3Ahttps%3A%2F%2Fopenalex.org%2Fa5053166362&per-page=200&cursor=%2A HTTP/1.1" 200 179221
[2025-08-26 07:01:14,662] DEBUG: Fetched 67 results at cursor '*'
[2025-08-26 07:01:14,663] DEBUG: Starting new HTTPS connection (1): api.openalex.org:443
[2025-08-26 07:01:14,844] DEBUG: https://api.openalex.org:443 "GET /works?filter=author.id%3Ahttps%3A%2F%2Fopenalex.org%2Fa5053166362&per-page=200&cursor=Ils1My4wLCAwLCAnaHR0cHM6Ly9vcGVuYWxleC5vcmcvVzE1Mzg4NzQ0MSddIg%3D%3D HTTP/1.1" 200 140
[2025-08-26 07:01:14,845] DEBUG: Fetched 0 results at cursor 'Ils1My4wLCAwLCAnaHR0cHM6Ly9vcGVuYWxleC5vcmcvVzE1Mzg4NzQ0MSddIg=='
[2025-08-26 07:01:14,909] DEBUG: Flattened df_all missing expected columns: ['host_venue__display_name', 'author_name', 'author_openalex_id']
[2025-08-26 07:01:14,917] INFO: Appended 67 lifetime works for Wolfgang Koester
[2025-08-26 07:01:14,919] INFO: Appended 11 last-5y works for Wolfgang Koester
[2025-08-26 07:01:14,919] INFO: Processing Qiang Liu (A5100409525)
[2025-08-26 07:01:14,920] INFO: OpenAlex fetch for https://openalex.org/A5100409525 (last 5 years >= 2021)
[2025-08-26 07:01:14,920] DEBUG: Starting new HTTPS connection (1): api.openalex.org:443
[2025-08-26 07:01:15,150] DEBUG: https://api.openalex.org:443 "GET /works?filter=author.id%3Ahttps%3A%2F%2Fopenalex.org%2FA5100409525&per-page=200&cursor=%2A HTTP/1.1" 200 269531
[2025-08-26 07:01:15,302] DEBUG: Fetched 97 results at cursor '*'
[2025-08-26 07:01:15,303] DEBUG: Starting new HTTPS connection (1): api.openalex.org:443
[2025-08-26 07:01:15,502] DEBUG: https://api.openalex.org:443 "GET /works?filter=author.id%3Ahttps%3A%2F%2Fopenalex.org%2FA5100409525&per-page=200&cursor=Ils1NS4wLCAwLCAnaHR0cHM6Ly9vcGVuYWxleC5vcmcvVzI3NzQ0Nzc2ODInXSI%3D HTTP/1.1" 200 140
[2025-08-26 07:01:15,503] DEBUG: Fetched 0 results at cursor 'Ils1NS4wLCAwLCAnaHR0cHM6Ly9vcGVuYWxleC5vcmcvVzI3NzQ0Nzc2ODInXSI='
[2025-08-26 07:01:15,612] DEBUG: Flattened df_all missing expected columns: ['host_venue__display_name', 'author_name', 'author_openalex_id']
[2025-08-26 07:01:15,622] INFO: Appended 97 lifetime works for Qiang Liu
[2025-08-26 07:01:15,625] INFO: Appended 25 last-5y works for Qiang Liu
[2025-08-26 07:01:15,625] INFO: Processing Musangu Ngeleka (a5018933207)
[2025-08-26 07:01:15,625] INFO: OpenAlex fetch for https://openalex.org/a5018933207 (last 5 years >= 2021)
[2025-08-26 07:01:15,626] DEBUG: Starting new HTTPS connection (1): api.openalex.org:443
[2025-08-26 07:01:15,873] DEBUG: https://api.openalex.org:443 "GET /works?filter=author.id%3Ahttps%3A%2F%2Fopenalex.org%2Fa5018933207&per-page=200&cursor=%2A HTTP/1.1" 200 110827
[2025-08-26 07:01:16,025] DEBUG: Fetched 42 results at cursor '*'
[2025-08-26 07:01:16,026] DEBUG: Starting new HTTPS connection (1): api.openalex.org:443
[2025-08-26 07:01:16,193] DEBUG: https://api.openalex.org:443 "GET /works?filter=author.id%3Ahttps%3A%2F%2Fopenalex.org%2Fa5018933207&per-page=200&cursor=Ils1Ni4wLCAwLCAnaHR0cHM6Ly9vcGVuYWxleC5vcmcvVzQyNDQ1NDM2MzMnXSI%3D HTTP/1.1" 200 140
[2025-08-26 07:01:16,195] DEBUG: Fetched 0 results at cursor 'Ils1Ni4wLCAwLCAnaHR0cHM6Ly9vcGVuYWxleC5vcmcvVzQyNDQ1NDM2MzMnXSI='
[2025-08-26 07:01:16,245] DEBUG: Flattened df_all missing expected columns: ['host_venue__display_name', 'author_name', 'author_openalex_id']
[2025-08-26 07:01:16,253] INFO: Appended 42 lifetime works for Musangu Ngeleka
[2025-08-26 07:01:16,253] INFO: No last-5y works for Musangu Ngeleka
[2025-08-26 07:01:16,253] INFO: Processing Jose Perez-casal (a5075533328)
[2025-08-26 07:01:16,253] INFO: OpenAlex fetch for https://openalex.org/a5075533328 (last 5 years >= 2021)
[2025-08-26 07:01:16,254] DEBUG: Starting new HTTPS connection (1): api.openalex.org:443
[2025-08-26 07:01:16,526] DEBUG: https://api.openalex.org:443 "GET /works?filter=author.id%3Ahttps%3A%2F%2Fopenalex.org%2Fa5075533328&per-page=200&cursor=%2A HTTP/1.1" 200 158575
[2025-08-26 07:01:16,629] DEBUG: Fetched 74 results at cursor '*'
[2025-08-26 07:01:16,630] DEBUG: Starting new HTTPS connection (1): api.openalex.org:443
[2025-08-26 07:01:16,838] DEBUG: https://api.openalex.org:443 "GET /works?filter=author.id%3Ahttps%3A%2F%2Fopenalex.org%2Fa5075533328&per-page=200&cursor=Ils1Ni4wLCAwLCAnaHR0cHM6Ly9vcGVuYWxleC5vcmcvVzQzOTQxMjMxNjEnXSI%3D HTTP/1.1" 200 140
[2025-08-26 07:01:16,839] DEBUG: Fetched 0 results at cursor 'Ils1Ni4wLCAwLCAnaHR0cHM6Ly9vcGVuYWxleC5vcmcvVzQzOTQxMjMxNjEnXSI='
[2025-08-26 07:01:16,890] DEBUG: Flattened df_all missing expected columns: ['host_venue__display_name', 'author_name', 'author_openalex_id']
[2025-08-26 07:01:16,897] INFO: Appended 74 lifetime works for Jose Perez-casal
[2025-08-26 07:01:16,899] INFO: Appended 11 last-5y works for Jose Perez-casal
[2025-08-26 07:01:16,899] INFO: Processing Camila Queiroz (a5061580720)
[2025-08-26 07:01:16,899] INFO: OpenAlex fetch for https://openalex.org/a5061580720 (last 5 years >= 2021)
[2025-08-26 07:01:16,900] DEBUG: Starting new HTTPS connection (1): api.openalex.org:443
[2025-08-26 07:01:17,076] DEBUG: https://api.openalex.org:443 "GET /works?filter=author.id%3Ahttps%3A%2F%2Fopenalex.org%2Fa5061580720&per-page=200&cursor=%2A HTTP/1.1" 200 18239
[2025-08-26 07:01:17,109] DEBUG: Fetched 7 results at cursor '*'
[2025-08-26 07:01:17,110] DEBUG: Starting new HTTPS connection (1): api.openalex.org:443
[2025-08-26 07:01:17,289] DEBUG: https://api.openalex.org:443 "GET /works?filter=author.id%3Ahttps%3A%2F%2Fopenalex.org%2Fa5061580720&per-page=200&cursor=Ils1Ni4wLCAwLCAnaHR0cHM6Ly9vcGVuYWxleC5vcmcvVzQzOTQxMTE1NTQnXSI%3D HTTP/1.1" 200 139
[2025-08-26 07:01:17,290] DEBUG: Fetched 0 results at cursor 'Ils1Ni4wLCAwLCAnaHR0cHM6Ly9vcGVuYWxleC5vcmcvVzQzOTQxMTE1NTQnXSI='
[2025-08-26 07:01:17,304] DEBUG: Flattened df_all missing expected columns: ['host_venue__display_name', 'author_name', 'author_openalex_id']
[2025-08-26 07:01:17,309] INFO: Appended 7 lifetime works for Camila Queiroz
[2025-08-26 07:01:17,311] INFO: Appended 1 last-5y works for Camila Queiroz
[2025-08-26 07:01:17,311] INFO: Processing Loki Snyman (a5095017105)
[2025-08-26 07:01:17,311] INFO: OpenAlex fetch for https://openalex.org/a5095017105 (last 5 years >= 2021)
[2025-08-26 07:01:17,312] DEBUG: Starting new HTTPS connection (1): api.openalex.org:443
[2025-08-26 07:01:17,551] DEBUG: https://api.openalex.org:443 "GET /works?filter=author.id%3Ahttps%3A%2F%2Fopenalex.org%2Fa5095017105&per-page=200&cursor=%2A HTTP/1.1" 200 1937
[2025-08-26 07:01:17,552] DEBUG: Fetched 1 results at cursor '*'
[2025-08-26 07:01:17,553] DEBUG: Starting new HTTPS connection (1): api.openalex.org:443
[2025-08-26 07:01:17,728] DEBUG: https://api.openalex.org:443 "GET /works?filter=author.id%3Ahttps%3A%2F%2Fopenalex.org%2Fa5095017105&per-page=200&cursor=Ils1Ni4wLCAwLCAnaHR0cHM6Ly9vcGVuYWxleC5vcmcvVzQzOTQzODc3MTMnXSI%3D HTTP/1.1" 200 139
[2025-08-26 07:01:17,728] DEBUG: Fetched 0 results at cursor 'Ils1Ni4wLCAwLCAnaHR0cHM6Ly9vcGVuYWxleC5vcmcvVzQzOTQzODc3MTMnXSI='
[2025-08-26 07:01:17,733] DEBUG: Flattened df_all missing expected columns: ['host_venue__display_name', 'author_name', 'author_openalex_id']
[2025-08-26 07:01:17,736] INFO: Appended 1 lifetime works for Loki Snyman
[2025-08-26 07:01:17,738] INFO: Appended 1 last-5y works for Loki Snyman
[2025-08-26 07:01:17,738] INFO: Processing Heather Wilson (A5002970194)
[2025-08-26 07:01:17,738] INFO: OpenAlex fetch for https://openalex.org/A5002970194 (last 5 years >= 2021)
[2025-08-26 07:01:17,739] DEBUG: Starting new HTTPS connection (1): api.openalex.org:443
[2025-08-26 07:01:18,037] DEBUG: https://api.openalex.org:443 "GET /works?filter=author.id%3Ahttps%3A%2F%2Fopenalex.org%2FA5002970194&per-page=200&cursor=%2A HTTP/1.1" 200 483814
[2025-08-26 07:01:18,285] DEBUG: Fetched 169 results at cursor '*'
[2025-08-26 07:01:18,286] DEBUG: Starting new HTTPS connection (1): api.openalex.org:443
[2025-08-26 07:01:18,465] DEBUG: https://api.openalex.org:443 "GET /works?filter=author.id%3Ahttps%3A%2F%2Fopenalex.org%2FA5002970194&per-page=200&cursor=Ils1My4wLCAwLCAnaHR0cHM6Ly9vcGVuYWxleC5vcmcvVzQyNDYxOTI2NTcnXSI%3D HTTP/1.1" 200 141
[2025-08-26 07:01:18,466] DEBUG: Fetched 0 results at cursor 'Ils1My4wLCAwLCAnaHR0cHM6Ly9vcGVuYWxleC5vcmcvVzQyNDYxOTI2NTcnXSI='
[2025-08-26 07:01:18,711] DEBUG: Flattened df_all missing expected columns: ['host_venue__display_name', 'author_name', 'author_openalex_id']
[2025-08-26 07:01:18,721] INFO: Appended 169 lifetime works for Heather Wilson
[2025-08-26 07:01:18,725] INFO: Appended 34 last-5y works for Heather Wilson
[2025-08-26 07:01:18,725] INFO: Processing Yan Zhou (A5032015135)
[2025-08-26 07:01:18,725] INFO: OpenAlex fetch for https://openalex.org/A5032015135 (last 5 years >= 2021)
[2025-08-26 07:01:18,726] DEBUG: Starting new HTTPS connection (1): api.openalex.org:443
[2025-08-26 07:01:19,060] DEBUG: https://api.openalex.org:443 "GET /works?filter=author.id%3Ahttps%3A%2F%2Fopenalex.org%2FA5032015135&per-page=200&cursor=%2A HTTP/1.1" 200 364799
[2025-08-26 07:01:19,245] DEBUG: Fetched 121 results at cursor '*'
[2025-08-26 07:01:19,246] DEBUG: Starting new HTTPS connection (1): api.openalex.org:443
[2025-08-26 07:01:19,451] DEBUG: https://api.openalex.org:443 "GET /works?filter=author.id%3Ahttps%3A%2F%2Fopenalex.org%2FA5032015135&per-page=200&cursor=Ils1NS4wLCAwLCAnaHR0cHM6Ly9vcGVuYWxleC5vcmcvVzI0MTE0NDk1NjAnXSI%3D HTTP/1.1" 200 141
[2025-08-26 07:01:19,453] DEBUG: Fetched 0 results at cursor 'Ils1NS4wLCAwLCAnaHR0cHM6Ly9vcGVuYWxleC5vcmcvVzI0MTE0NDk1NjAnXSI='
[2025-08-26 07:01:19,609] DEBUG: Flattened df_all missing expected columns: ['host_venue__display_name', 'author_name', 'author_openalex_id']
[2025-08-26 07:01:19,625] INFO: Appended 121 lifetime works for Yan Zhou
[2025-08-26 07:01:19,629] INFO: Appended 46 last-5y works for Yan Zhou
[2025-08-26 07:01:19,629] INFO: Processing Suresh Tikoo (A5028351806)
[2025-08-26 07:01:19,629] INFO: OpenAlex fetch for https://openalex.org/A5028351806 (last 5 years >= 2021)
[2025-08-26 07:01:19,630] DEBUG: Starting new HTTPS connection (1): api.openalex.org:443
[2025-08-26 07:01:19,890] DEBUG: https://api.openalex.org:443 "GET /works?filter=author.id%3Ahttps%3A%2F%2Fopenalex.org%2FA5028351806&per-page=200&cursor=%2A HTTP/1.1" 200 429229
[2025-08-26 07:01:20,081] DEBUG: Fetched 182 results at cursor '*'
[2025-08-26 07:01:20,082] DEBUG: Starting new HTTPS connection (1): api.openalex.org:443
[2025-08-26 07:01:20,301] DEBUG: https://api.openalex.org:443 "GET /works?filter=author.id%3Ahttps%3A%2F%2Fopenalex.org%2FA5028351806&per-page=200&cursor=Ils1My4wLCAwLCAnaHR0cHM6Ly9vcGVuYWxleC5vcmcvVzMyMDI5MjM4OTQnXSI%3D HTTP/1.1" 200 141
[2025-08-26 07:01:20,303] DEBUG: Fetched 0 results at cursor 'Ils1My4wLCAwLCAnaHR0cHM6Ly9vcGVuYWxleC5vcmcvVzMyMDI5MjM4OTQnXSI='
[2025-08-26 07:01:20,449] DEBUG: Flattened df_all missing expected columns: ['host_venue__display_name', 'author_name', 'author_openalex_id']
[2025-08-26 07:01:20,465] INFO: Appended 182 lifetime works for Suresh Tikoo
[2025-08-26 07:01:20,468] INFO: Appended 26 last-5y works for Suresh Tikoo
[2025-08-26 07:01:20,468] INFO: Processing Manuel Chirino (a5073090598)
[2025-08-26 07:01:20,468] INFO: OpenAlex fetch for https://openalex.org/a5073090598 (last 5 years >= 2021)
[2025-08-26 07:01:20,469] DEBUG: Starting new HTTPS connection (1): api.openalex.org:443
[2025-08-26 07:01:20,674] DEBUG: https://api.openalex.org:443 "GET /works?filter=author.id%3Ahttps%3A%2F%2Fopenalex.org%2Fa5073090598&per-page=200&cursor=%2A HTTP/1.1" 200 154364
[2025-08-26 07:01:20,795] DEBUG: Fetched 68 results at cursor '*'
[2025-08-26 07:01:20,796] DEBUG: Starting new HTTPS connection (1): api.openalex.org:443
[2025-08-26 07:01:21,013] DEBUG: https://api.openalex.org:443 "GET /works?filter=author.id%3Ahttps%3A%2F%2Fopenalex.org%2Fa5073090598&per-page=200&cursor=Ils1Ny4wLCAwLCAnaHR0cHM6Ly9vcGVuYWxleC5vcmcvVzMxNzU0NDMwMDEnXSI%3D HTTP/1.1" 200 140
[2025-08-26 07:01:21,014] DEBUG: Fetched 0 results at cursor 'Ils1Ny4wLCAwLCAnaHR0cHM6Ly9vcGVuYWxleC5vcmcvVzMxNzU0NDMwMDEnXSI='
[2025-08-26 07:01:21,078] DEBUG: Flattened df_all missing expected columns: ['host_venue__display_name', 'author_name', 'author_openalex_id']
[2025-08-26 07:01:21,091] INFO: Appended 68 lifetime works for Manuel Chirino
[2025-08-26 07:01:21,093] INFO: Appended 1 last-5y works for Manuel Chirino
[2025-08-26 07:01:21,093] INFO: Processing Debbie Haines (a5070489863)
[2025-08-26 07:01:21,093] INFO: OpenAlex fetch for https://openalex.org/a5070489863 (last 5 years >= 2021)
[2025-08-26 07:01:21,094] DEBUG: Starting new HTTPS connection (1): api.openalex.org:443
[2025-08-26 07:01:21,364] DEBUG: https://api.openalex.org:443 "GET /works?filter=author.id%3Ahttps%3A%2F%2Fopenalex.org%2Fa5070489863&per-page=200&cursor=%2A HTTP/1.1" 200 463481
[2025-08-26 07:01:21,560] DEBUG: Fetched 200 results at cursor '*'
[2025-08-26 07:01:21,561] DEBUG: Starting new HTTPS connection (1): api.openalex.org:443
[2025-08-26 07:01:21,745] DEBUG: https://api.openalex.org:443 "GET /works?filter=author.id%3Ahttps%3A%2F%2Fopenalex.org%2Fa5070489863&per-page=200&cursor=Ils2My4wLCAwLCAnaHR0cHM6Ly9vcGVuYWxleC5vcmcvVzIyNjU2NDIwNzMnXSI%3D HTTP/1.1" 200 22637
[2025-08-26 07:01:21,782] DEBUG: Fetched 13 results at cursor 'Ils2My4wLCAwLCAnaHR0cHM6Ly9vcGVuYWxleC5vcmcvVzIyNjU2NDIwNzMnXSI='
[2025-08-26 07:01:21,783] DEBUG: Starting new HTTPS connection (1): api.openalex.org:443
[2025-08-26 07:01:21,977] DEBUG: https://api.openalex.org:443 "GET /works?filter=author.id%3Ahttps%3A%2F%2Fopenalex.org%2Fa5070489863&per-page=200&cursor=Ils1My4wLCAwLCAnaHR0cHM6Ly9vcGVuYWxleC5vcmcvVzQyMzY4Njc1MjAnXSI%3D HTTP/1.1" 200 141
[2025-08-26 07:01:21,978] DEBUG: Fetched 0 results at cursor 'Ils1My4wLCAwLCAnaHR0cHM6Ly9vcGVuYWxleC5vcmcvVzQyMzY4Njc1MjAnXSI='
[2025-08-26 07:01:22,217] DEBUG: Flattened df_all missing expected columns: ['host_venue__display_name', 'author_name', 'author_openalex_id']
[2025-08-26 07:01:22,231] INFO: Appended 213 lifetime works for Debbie Haines
[2025-08-26 07:01:22,233] INFO: Appended 12 last-5y works for Debbie Haines
[2025-08-26 07:01:22,233] INFO: Processing Vikram Misra (A5018540324)
[2025-08-26 07:01:22,233] INFO: OpenAlex fetch for https://openalex.org/A5018540324 (last 5 years >= 2021)
[2025-08-26 07:01:22,234] DEBUG: Starting new HTTPS connection (1): api.openalex.org:443
[2025-08-26 07:01:22,523] DEBUG: https://api.openalex.org:443 "GET /works?filter=author.id%3Ahttps%3A%2F%2Fopenalex.org%2FA5018540324&per-page=200&cursor=%2A HTTP/1.1" 200 426567
[2025-08-26 07:01:22,731] DEBUG: Fetched 156 results at cursor '*'
[2025-08-26 07:01:22,732] DEBUG: Starting new HTTPS connection (1): api.openalex.org:443
[2025-08-26 07:01:22,898] DEBUG: https://api.openalex.org:443 "GET /works?filter=author.id%3Ahttps%3A%2F%2Fopenalex.org%2FA5018540324&per-page=200&cursor=Ils1My4wLCAwLCAnaHR0cHM6Ly9vcGVuYWxleC5vcmcvVzIxNDQ0ODI4NjMnXSI%3D HTTP/1.1" 200 141
[2025-08-26 07:01:22,899] DEBUG: Fetched 0 results at cursor 'Ils1My4wLCAwLCAnaHR0cHM6Ly9vcGVuYWxleC5vcmcvVzIxNDQ0ODI4NjMnXSI='
[2025-08-26 07:01:23,100] DEBUG: Flattened df_all missing expected columns: ['host_venue__display_name', 'author_name', 'author_openalex_id']
[2025-08-26 07:01:23,119] INFO: Appended 156 lifetime works for Vikram Misra
[2025-08-26 07:01:23,122] INFO: Appended 16 last-5y works for Vikram Misra
[2025-08-26 07:01:23,122] INFO: Processing Lydden Polley (a5070489863)
[2025-08-26 07:01:23,122] INFO: OpenAlex fetch for https://openalex.org/a5070489863 (last 5 years >= 2021)
[2025-08-26 07:01:23,123] DEBUG: Starting new HTTPS connection (1): api.openalex.org:443
[2025-08-26 07:01:23,397] DEBUG: https://api.openalex.org:443 "GET /works?filter=author.id%3Ahttps%3A%2F%2Fopenalex.org%2Fa5070489863&per-page=200&cursor=%2A HTTP/1.1" 200 463481
[2025-08-26 07:01:23,582] DEBUG: Fetched 200 results at cursor '*'
[2025-08-26 07:01:23,583] DEBUG: Starting new HTTPS connection (1): api.openalex.org:443
[2025-08-26 07:01:23,762] DEBUG: https://api.openalex.org:443 "GET /works?filter=author.id%3Ahttps%3A%2F%2Fopenalex.org%2Fa5070489863&per-page=200&cursor=Ils2My4wLCAwLCAnaHR0cHM6Ly9vcGVuYWxleC5vcmcvVzIyNjU2NDIwNzMnXSI%3D HTTP/1.1" 200 22637
[2025-08-26 07:01:23,793] DEBUG: Fetched 13 results at cursor 'Ils2My4wLCAwLCAnaHR0cHM6Ly9vcGVuYWxleC5vcmcvVzIyNjU2NDIwNzMnXSI='
[2025-08-26 07:01:23,794] DEBUG: Starting new HTTPS connection (1): api.openalex.org:443
[2025-08-26 07:01:23,965] DEBUG: https://api.openalex.org:443 "GET /works?filter=author.id%3Ahttps%3A%2F%2Fopenalex.org%2Fa5070489863&per-page=200&cursor=Ils1My4wLCAwLCAnaHR0cHM6Ly9vcGVuYWxleC5vcmcvVzQyMzY4Njc1MjAnXSI%3D HTTP/1.1" 200 141
[2025-08-26 07:01:23,966] DEBUG: Fetched 0 results at cursor 'Ils1My4wLCAwLCAnaHR0cHM6Ly9vcGVuYWxleC5vcmcvVzQyMzY4Njc1MjAnXSI='
[2025-08-26 07:01:24,205] DEBUG: Flattened df_all missing expected columns: ['host_venue__display_name', 'author_name', 'author_openalex_id']
[2025-08-26 07:01:24,223] INFO: Appended 213 lifetime works for Lydden Polley
[2025-08-26 07:01:24,226] INFO: Appended 12 last-5y works for Lydden Polley
[2025-08-26 07:01:24,226] INFO: Processing Andrew Potter (a5035086403)
[2025-08-26 07:01:24,226] INFO: OpenAlex fetch for https://openalex.org/a5035086403 (last 5 years >= 2021)
[2025-08-26 07:01:24,227] DEBUG: Starting new HTTPS connection (1): api.openalex.org:443
[2025-08-26 07:01:24,526] DEBUG: https://api.openalex.org:443 "GET /works?filter=author.id%3Ahttps%3A%2F%2Fopenalex.org%2Fa5035086403&per-page=200&cursor=%2A HTTP/1.1" 200 545532
[2025-08-26 07:01:24,722] DEBUG: Fetched 200 results at cursor '*'
[2025-08-26 07:01:24,723] DEBUG: Starting new HTTPS connection (1): api.openalex.org:443
[2025-08-26 07:01:25,068] DEBUG: https://api.openalex.org:443 "GET /works?filter=author.id%3Ahttps%3A%2F%2Fopenalex.org%2Fa5035086403&per-page=200&cursor=Ils4MS4wLCAxMywgJ2h0dHBzOi8vb3BlbmFsZXgub3JnL1cyMTM3MzQ4MjYzJ10i HTTP/1.1" 200 97605
[2025-08-26 07:01:25,209] DEBUG: Fetched 46 results at cursor 'Ils4MS4wLCAxMywgJ2h0dHBzOi8vb3BlbmFsZXgub3JnL1cyMTM3MzQ4MjYzJ10i'
[2025-08-26 07:01:25,210] DEBUG: Starting new HTTPS connection (1): api.openalex.org:443
[2025-08-26 07:01:25,392] DEBUG: https://api.openalex.org:443 "GET /works?filter=author.id%3Ahttps%3A%2F%2Fopenalex.org%2Fa5035086403&per-page=200&cursor=Ils1My4wLCAwLCAnaHR0cHM6Ly9vcGVuYWxleC5vcmcvVzQyMDU4Mzk1MzgnXSI%3D HTTP/1.1" 200 141
[2025-08-26 07:01:25,393] DEBUG: Fetched 0 results at cursor 'Ils1My4wLCAwLCAnaHR0cHM6Ly9vcGVuYWxleC5vcmcvVzQyMDU4Mzk1MzgnXSI='
[2025-08-26 07:01:25,669] DEBUG: Flattened df_all missing expected columns: ['host_venue__display_name', 'author_name', 'author_openalex_id']
[2025-08-26 07:01:25,693] INFO: Appended 246 lifetime works for Andrew Potter
[2025-08-26 07:01:25,696] INFO: Appended 21 last-5y works for Andrew Potter
[2025-08-26 07:01:25,696] INFO: Processing Henry Tabel (nan)
[2025-08-26 07:01:25,696] INFO: OpenAlex fetch for https://openalex.org/nan (last 5 years >= 2021)
[2025-08-26 07:01:25,697] DEBUG: Starting new HTTPS connection (1): api.openalex.org:443
[2025-08-26 07:01:25,873] DEBUG: https://api.openalex.org:443 "GET /works?filter=author.id%3Ahttps%3A%2F%2Fopenalex.org%2Fnan&per-page=200&cursor=%2A HTTP/1.1" 403 90
[2025-08-26 07:01:25,874] ERROR: HTTP error from OpenAlex: 403 Client Error: FORBIDDEN for url: https://api.openalex.org/works?filter=author.id%3Ahttps%3A%2F%2Fopenalex.org%2Fnan&per-page=200&cursor=%2A
Traceback (most recent call last):
  File "/home/runner/work/WCVM_VetMic/WCVM_VetMic/etl/WCVM_works.py", line 273, in fetch_author_works_filtered
    resp.raise_for_status()
  File "/opt/hostedtoolcache/Python/3.11.13/x64/lib/python3.11/site-packages/requests/models.py", line 1026, in raise_for_status
    raise HTTPError(http_error_msg, response=self)
requests.exceptions.HTTPError: 403 Client Error: FORBIDDEN for url: https://api.openalex.org/works?filter=author.id%3Ahttps%3A%2F%2Fopenalex.org%2Fnan&per-page=200&cursor=%2A
[2025-08-26 07:01:25,874] INFO: No works returned from OpenAlex for this author.
[2025-08-26 07:01:25,891] INFO: No lifetime works for Henry Tabel
[2025-08-26 07:01:25,891] INFO: No last-5y works for Henry Tabel
[2025-08-26 07:01:25,891] INFO: Total skipped rows due to missing ID: 0
[2025-08-26 07:01:25,904] INFO: Deduplicating 1364 -> 572 rows
[2025-08-26 07:01:25,914] INFO: Deduplicated file written to data/openalex_all_authors_last5y_key_fields_dedup.csv
