[2025-08-25 00:32:50,029] INFO: Logging to data/logs/fetch_author_metrics_20250825_003250.log
[2025-08-25 00:32:50,030] WARNING: No contact email provided (--email/OPENALEX_MAILTO/CONTACT_EMAIL). Requests may be throttled.
[2025-08-25 00:32:50,032] INFO: Detected OpenAlex ID column: OpenAlexID
[2025-08-25 00:32:50,033] INFO: Loaded previous output for diffing: data/roster_with_metrics.csv
[2025-08-25 00:32:50,033] INFO: [fetch] Row 1/90: A5097476685
[2025-08-25 00:32:50,544] INFO: [skip] Row 2/90: missing OpenAlexID
[2025-08-25 00:32:50,544] INFO: [fetch] Row 3/90: A5089186675
[2025-08-25 00:32:50,844] INFO: [fetch] Row 4/90: A5054682662
[2025-08-25 00:32:51,156] INFO: [fetch] Row 5/90: A5015254879
[2025-08-25 00:32:51,456] INFO: [fetch] Row 6/90: A5046882263
[2025-08-25 00:32:51,759] INFO: [fetch] Row 7/90: A5062115118
[2025-08-25 00:32:52,065] INFO: [fetch] Row 8/90: A5061235320
[2025-08-25 00:32:52,373] INFO: [fetch] Row 9/90: A5057011174
[2025-08-25 00:32:52,679] INFO: [fetch] Row 10/90: A5063855248
[2025-08-25 00:32:52,974] INFO: [fetch] Row 11/90: A5084242333
[2025-08-25 00:32:53,277] INFO: [fetch] Row 12/90: A5074995793
[2025-08-25 00:32:53,629] INFO: [fetch] Row 13/90: A5058471690
[2025-08-25 00:32:53,929] INFO: [fetch] Row 14/90: A5007124437
[2025-08-25 00:32:54,242] INFO: [fetch] Row 15/90: A5076810213
[2025-08-25 00:32:54,558] INFO: [fetch] Row 16/90: A5086715306
[2025-08-25 00:32:54,858] INFO: [fetch] Row 17/90: A5010407946
[2025-08-25 00:32:55,181] INFO: [skip] Row 18/90: missing OpenAlexID
[2025-08-25 00:32:55,181] INFO: [fetch] Row 19/90: A5076221206
[2025-08-25 00:32:55,489] INFO: [fetch] Row 20/90: A5084554132
[2025-08-25 00:32:55,801] INFO: [fetch] Row 21/90: A5016108047
[2025-08-25 00:32:56,120] INFO: [fetch] Row 22/90: A5028898834
[2025-08-25 00:32:56,425] INFO: [fetch] Row 23/90: A5082336116
[2025-08-25 00:32:56,725] INFO: [fetch] Row 24/90: A5089212646
[2025-08-25 00:32:57,020] INFO: [fetch] Row 25/90: A5085308093
[2025-08-25 00:32:57,321] INFO: [fetch] Row 26/90: A5114186380
[2025-08-25 00:32:57,618] INFO: [fetch] Row 27/90: A5065275438
[2025-08-25 00:32:57,924] INFO: [fetch] Row 28/90: A5058811797
[2025-08-25 00:32:58,231] INFO: [fetch] Row 29/90: A5082097120
[2025-08-25 00:32:58,542] INFO: [fetch] Row 30/90: A5018244111
[2025-08-25 00:32:58,839] INFO: [fetch] Row 31/90: A5022359178
[2025-08-25 00:32:59,165] INFO: [fetch] Row 32/90: A5082450377
[2025-08-25 00:32:59,469] INFO: [fetch] Row 33/90: A5062550388
[2025-08-25 00:32:59,767] INFO: [fetch] Row 34/90: A5112215292
[2025-08-25 00:33:00,063] INFO: [fetch] Row 35/90: A5000020749
[2025-08-25 00:33:00,363] INFO: [fetch] Row 36/90: A5051997692
[2025-08-25 00:33:00,667] INFO: [fetch] Row 37/90: A5084958126
[2025-08-25 00:33:00,970] INFO: [fetch] Row 38/90: A5006542086
[2025-08-25 00:33:01,281] INFO: [fetch] Row 39/90: A5073152049
[2025-08-25 00:33:01,600] INFO: [fetch] Row 40/90: A5093283881
[2025-08-25 00:33:01,906] INFO: [fetch] Row 41/90: A5077397108
[2025-08-25 00:33:02,208] INFO: [fetch] Row 42/90: A5007745969
[2025-08-25 00:33:02,509] INFO: [fetch] Row 43/90: A5052740198
[2025-08-25 00:33:02,824] INFO: [fetch] Row 44/90: A5112268003
[2025-08-25 00:33:03,130] INFO: [fetch] Row 45/90: A5114186382
[2025-08-25 00:33:03,434] INFO: [fetch] Row 46/90: A5068916305
[2025-08-25 00:33:03,785] INFO: [fetch] Row 47/90: A5113946927
[2025-08-25 00:33:04,086] INFO: [fetch] Row 48/90: A5035027217
[2025-08-25 00:33:04,410] INFO: [fetch] Row 49/90: A5004098689
[2025-08-25 00:33:04,774] INFO: [fetch] Row 50/90: A5042612602
[2025-08-25 00:33:05,071] INFO: [fetch] Row 51/90: A5053168359
[2025-08-25 00:33:05,381] INFO: [fetch] Row 52/90: A5090343464
[2025-08-25 00:33:05,681] INFO: [fetch] Row 53/90: A5088238215
[2025-08-25 00:33:05,988] INFO: [fetch] Row 54/90: A5088351601
[2025-08-25 00:33:06,286] INFO: [fetch] Row 55/90: A5075424399
[2025-08-25 00:33:06,583] INFO: [fetch] Row 56/90: A5012761747
[2025-08-25 00:33:06,885] INFO: [fetch] Row 57/90: A5110510421
[2025-08-25 00:33:07,188] INFO: [fetch] Row 58/90: A5108237524
[2025-08-25 00:33:07,487] INFO: [fetch] Row 59/90: A5079324010
[2025-08-25 00:33:07,792] INFO: [fetch] Row 60/90: A5110138668
[2025-08-25 00:33:08,090] INFO: [fetch] Row 61/90: A5041791584
[2025-08-25 00:33:08,395] INFO: [fetch] Row 62/90: A5114252403
[2025-08-25 00:33:08,698] INFO: [fetch] Row 63/90: A5023258863
[2025-08-25 00:33:09,000] INFO: [fetch] Row 64/90: A5083737761
[2025-08-25 00:33:09,301] INFO: [fetch] Row 65/90: A5034547939
[2025-08-25 00:33:09,612] INFO: [fetch] Row 66/90: A5104182467
[2025-08-25 00:33:09,915] INFO: [fetch] Row 67/90: A5002583112
[2025-08-25 00:33:10,245] INFO: [fetch] Row 68/90: A5074399476
[2025-08-25 00:33:10,594] INFO: [fetch] Row 69/90: A5037393069
[2025-08-25 00:33:10,913] INFO: [fetch] Row 70/90: A5077375646
[2025-08-25 00:33:11,228] INFO: [fetch] Row 71/90: A5038571433
[2025-08-25 00:33:11,525] INFO: [fetch] Row 72/90: A5049770537
[2025-08-25 00:33:11,839] INFO: [fetch] Row 73/90: A5110902158
[2025-08-25 00:33:12,137] INFO: [fetch] Row 74/90: A5064980480
[2025-08-25 00:33:12,444] INFO: [fetch] Row 75/90: A5111941038
[2025-08-25 00:33:12,763] INFO: [fetch] Row 76/90: A5036733857
[2025-08-25 00:33:13,079] INFO: [fetch] Row 77/90: A5026303269
[2025-08-25 00:33:13,375] INFO: [fetch] Row 78/90: A5065334735
[2025-08-25 00:33:13,681] INFO: [fetch] Row 79/90: A5038141195
[2025-08-25 00:33:13,978] INFO: [fetch] Row 80/90: A5021898290
[2025-08-25 00:33:14,286] INFO: [fetch] Row 81/90: A5055196299
[2025-08-25 00:33:14,594] INFO: [fetch] Row 82/90: A5050841380
[2025-08-25 00:33:14,902] INFO: [fetch] Row 83/90: A5052164943
[2025-08-25 00:33:15,211] INFO: [fetch] Row 84/90: A5017321423
[2025-08-25 00:33:15,523] INFO: [fetch] Row 85/90: A5036556782
[2025-08-25 00:33:15,825] INFO: [fetch] Row 86/90: A5046493714
[2025-08-25 00:33:16,139] INFO: [fetch] Row 87/90: A5060461427
[2025-08-25 00:33:16,445] INFO: [fetch] Row 88/90: A5022803956
[2025-08-25 00:33:16,765] INFO: [fetch] Row 89/90: A5022803956
[2025-08-25 00:33:17,072] INFO: [fetch] Row 90/90: A5086163497
[2025-08-25 00:33:17,383] INFO: [diff] H_index: 0 rows changed; total delta = 0.0
[2025-08-25 00:33:17,384] INFO: [diff] I10_index: 0 rows changed; total delta = 0.0
[2025-08-25 00:33:17,385] INFO: [diff] Works_count: 0 rows changed; total delta = 0.0
[2025-08-25 00:33:17,385] INFO: [diff] Total_citations: 0 rows changed; total delta = 0.0
[2025-08-25 00:33:17,387] INFO: [ok] Wrote: data/roster_with_metrics.csv
