[2025-08-26 06:59:55,167] INFO: Logging to data/logs/fetch_author_metrics_20250826_065955.log
[2025-08-26 06:59:55,168] WARNING: No contact email provided (--email/OPENALEX_MAILTO/CONTACT_EMAIL). Requests may be throttled.
[2025-08-26 06:59:55,170] INFO: Detected OpenAlex ID column: OpenAlexID
[2025-08-26 06:59:55,171] INFO: Loaded previous output for diffing: data/roster_with_metrics.csv
[2025-08-26 06:59:55,172] INFO: [fetch] Row 1/29: A5022032110
[2025-08-26 06:59:55,821] INFO: [fetch] Row 2/29: A5024161948
[2025-08-26 06:59:56,194] INFO: [fetch] Row 3/29: A5007566988
[2025-08-26 06:59:56,575] INFO: [fetch] Row 4/29: A5054537882
[2025-08-26 06:59:56,945] INFO: [fetch] Row 5/29: A5075278671
[2025-08-26 06:59:57,349] INFO: [fetch] Row 6/29: A5032938268
[2025-08-26 06:59:57,706] INFO: [fetch] Row 7/29: A5016372093
[2025-08-26 06:59:58,144] INFO: [fetch] Row 8/29: A5026690931
[2025-08-26 06:59:58,501] INFO: [fetch] Row 9/29: A5050567215
[2025-08-26 06:59:58,855] INFO: [fetch] Row 10/29: a5000375230
[2025-08-26 06:59:59,258] INFO: [fetch] Row 11/29: A5088785492
[2025-08-26 06:59:59,619] INFO: [fetch] Row 12/29: A5041967571
[2025-08-26 06:59:59,973] INFO: [fetch] Row 13/29: A5073467123
[2025-08-26 07:00:00,374] INFO: [fetch] Row 14/29: a5012825986
[2025-08-26 07:00:00,744] INFO: [fetch] Row 15/29: a5053166362
[2025-08-26 07:00:01,102] INFO: [fetch] Row 16/29: A5100409525
[2025-08-26 07:00:01,580] INFO: [fetch] Row 17/29: a5018933207
[2025-08-26 07:00:02,039] INFO: [fetch] Row 18/29: a5075533328
[2025-08-26 07:00:02,429] INFO: [fetch] Row 19/29: a5061580720
[2025-08-26 07:00:02,875] INFO: [fetch] Row 20/29: a5095017105
[2025-08-26 07:00:03,253] INFO: [fetch] Row 21/29: A5002970194
[2025-08-26 07:00:03,620] INFO: [fetch] Row 22/29: A5032015135
[2025-08-26 07:00:04,035] INFO: [fetch] Row 23/29: A5028351806
[2025-08-26 07:00:04,470] INFO: [fetch] Row 24/29: a5073090598
[2025-08-26 07:00:04,830] INFO: [fetch] Row 25/29: a5070489863
[2025-08-26 07:00:05,210] INFO: [fetch] Row 26/29: A5018540324
[2025-08-26 07:00:05,600] INFO: [fetch] Row 27/29: a5070489863
[2025-08-26 07:00:05,937] INFO: [fetch] Row 28/29: a5035086403
[2025-08-26 07:00:06,525] INFO: [skip] Row 29/29: missing OpenAlexID
[2025-08-26 07:00:06,527] INFO: [diff] H_index: 0 rows changed; total delta = 0.0
[2025-08-26 07:00:06,528] INFO: [diff] I10_index: 0 rows changed; total delta = 0.0
[2025-08-26 07:00:06,528] INFO: [diff] Works_count: 0 rows changed; total delta = 0.0
[2025-08-26 07:00:06,529] INFO: [diff] Total_citations: 3 rows changed; total delta = 35.0
[2025-08-26 07:00:06,530] INFO: [ok] Wrote: data/roster_with_metrics.csv
