[2025-08-25 02:04:15,799] INFO: Logging to data/logs/fetch_author_metrics_20250825_020415.log
[2025-08-25 02:04:15,800] WARNING: No contact email provided (--email/OPENALEX_MAILTO/CONTACT_EMAIL). Requests may be throttled.
[2025-08-25 02:04:15,802] INFO: Detected OpenAlex ID column: OpenAlexID
[2025-08-25 02:04:15,803] INFO: Loaded previous output for diffing: data/roster_with_metrics.csv
[2025-08-25 02:04:15,804] INFO: [fetch] Row 1/29: A5022032110
[2025-08-25 02:04:16,477] INFO: [fetch] Row 2/29: A5024161948
[2025-08-25 02:04:16,874] INFO: [fetch] Row 3/29: A5007566988
[2025-08-25 02:04:17,240] INFO: [fetch] Row 4/29: A5054537882
[2025-08-25 02:04:17,639] INFO: [fetch] Row 5/29: A5075278671
[2025-08-25 02:04:18,009] INFO: [fetch] Row 6/29: A5032938268
[2025-08-25 02:04:18,373] INFO: [fetch] Row 7/29: A5016372093
[2025-08-25 02:04:18,769] INFO: [fetch] Row 8/29: A5026690931
[2025-08-25 02:04:19,139] INFO: [fetch] Row 9/29: A5050567215
[2025-08-25 02:04:19,506] INFO: [fetch] Row 10/29: a5000375230
[2025-08-25 02:04:19,870] INFO: [fetch] Row 11/29: A5088785492
[2025-08-25 02:04:20,236] INFO: [fetch] Row 12/29: A5041967571
[2025-08-25 02:04:20,601] INFO: [fetch] Row 13/29: A5073467123
[2025-08-25 02:04:20,963] INFO: [fetch] Row 14/29: a5012825986
[2025-08-25 02:04:21,331] INFO: [fetch] Row 15/29: a5053166362
[2025-08-25 02:04:21,713] INFO: [fetch] Row 16/29: A5100409525
[2025-08-25 02:04:22,102] INFO: [fetch] Row 17/29: a5018933207
[2025-08-25 02:04:22,532] INFO: [fetch] Row 18/29: a5075533328
[2025-08-25 02:04:22,925] INFO: [fetch] Row 19/29: a5061580720
[2025-08-25 02:04:23,289] INFO: [fetch] Row 20/29: a5095017105
[2025-08-25 02:04:23,669] INFO: [fetch] Row 21/29: A5002970194
[2025-08-25 02:04:24,043] INFO: [fetch] Row 22/29: A5032015135
[2025-08-25 02:04:24,406] INFO: [fetch] Row 23/29: A5028351806
[2025-08-25 02:04:24,892] INFO: [fetch] Row 24/29: a5073090598
[2025-08-25 02:04:25,262] INFO: [fetch] Row 25/29: a5070489863
[2025-08-25 02:04:25,634] INFO: [fetch] Row 26/29: A5018540324
[2025-08-25 02:04:26,006] INFO: [fetch] Row 27/29: a5070489863
[2025-08-25 02:04:26,429] INFO: [fetch] Row 28/29: a5035086403
[2025-08-25 02:04:26,788] INFO: [skip] Row 29/29: missing OpenAlexID
[2025-08-25 02:04:26,790] INFO: [diff] H_index: 0 rows changed; total delta = 0.0
[2025-08-25 02:04:26,791] INFO: [diff] I10_index: 0 rows changed; total delta = 0.0
[2025-08-25 02:04:26,791] INFO: [diff] Works_count: 0 rows changed; total delta = 0.0
[2025-08-25 02:04:26,792] INFO: [diff] Total_citations: 0 rows changed; total delta = 0.0
[2025-08-25 02:04:26,793] INFO: [ok] Wrote: data/roster_with_metrics.csv
