[2025-08-23 17:50:20,978] INFO: Logging to data/logs/fetch_author_metrics_20250823_175020.log
[2025-08-23 17:50:20,979] WARNING: No contact email provided (--email/OPENALEX_MAILTO/CONTACT_EMAIL). Requests may be throttled.
[2025-08-23 17:50:20,981] INFO: Detected OpenAlex ID column: OpenAlexID
[2025-08-23 17:50:20,982] INFO: Loaded previous output for diffing: data/roster_with_metrics.csv
[2025-08-23 17:50:20,983] INFO: [fetch] Row 1/90: A5097476685
[2025-08-23 17:50:21,662] INFO: [skip] Row 2/90: missing OpenAlexID
[2025-08-23 17:50:21,662] INFO: [fetch] Row 3/90: A5089186675
[2025-08-23 17:50:22,037] INFO: [fetch] Row 4/90: A5054682662
[2025-08-23 17:50:22,414] INFO: [fetch] Row 5/90: A5015254879
[2025-08-23 17:50:22,778] INFO: [fetch] Row 6/90: A5046882263
[2025-08-23 17:50:23,161] INFO: [fetch] Row 7/90: A5062115118
[2025-08-23 17:50:23,523] INFO: [fetch] Row 8/90: A5061235320
[2025-08-23 17:50:23,884] INFO: [fetch] Row 9/90: A5057011174
[2025-08-23 17:50:24,252] INFO: [fetch] Row 10/90: A5063855248
[2025-08-23 17:50:24,624] INFO: [fetch] Row 11/90: A5084242333
[2025-08-23 17:50:24,986] INFO: [fetch] Row 12/90: A5074995793
[2025-08-23 17:50:25,373] INFO: [fetch] Row 13/90: A5058471690
[2025-08-23 17:50:25,886] INFO: [fetch] Row 14/90: A5007124437
[2025-08-23 17:50:26,250] INFO: [fetch] Row 15/90: A5076810213
[2025-08-23 17:50:26,613] INFO: [fetch] Row 16/90: A5086715306
[2025-08-23 17:50:26,984] INFO: [fetch] Row 17/90: A5010407946
[2025-08-23 17:50:27,352] INFO: [skip] Row 18/90: missing OpenAlexID
[2025-08-23 17:50:27,353] INFO: [fetch] Row 19/90: A5076221206
[2025-08-23 17:50:27,709] INFO: [fetch] Row 20/90: A5084554132
[2025-08-23 17:50:28,093] INFO: [fetch] Row 21/90: A5016108047
[2025-08-23 17:50:28,483] INFO: [fetch] Row 22/90: A5028898834
[2025-08-23 17:50:28,844] INFO: [fetch] Row 23/90: A5082336116
[2025-08-23 17:50:29,250] INFO: [fetch] Row 24/90: A5089212646
[2025-08-23 17:50:29,611] INFO: [fetch] Row 25/90: A5085308093
[2025-08-23 17:50:29,993] INFO: [fetch] Row 26/90: A5114186380
[2025-08-23 17:50:30,358] INFO: [fetch] Row 27/90: A5065275438
[2025-08-23 17:50:30,719] INFO: [fetch] Row 28/90: A5058811797
[2025-08-23 17:50:31,093] INFO: [fetch] Row 29/90: A5082097120
[2025-08-23 17:50:31,466] INFO: [fetch] Row 30/90: A5018244111
[2025-08-23 17:50:31,839] INFO: [fetch] Row 31/90: A5022359178
[2025-08-23 17:50:32,205] INFO: [fetch] Row 32/90: A5082450377
[2025-08-23 17:50:32,609] INFO: [fetch] Row 33/90: A5062550388
[2025-08-23 17:50:32,985] INFO: [fetch] Row 34/90: A5112215292
[2025-08-23 17:50:33,351] INFO: [fetch] Row 35/90: A5000020749
[2025-08-23 17:50:33,714] INFO: [fetch] Row 36/90: A5051997692
[2025-08-23 17:50:34,080] INFO: [fetch] Row 37/90: A5084958126
[2025-08-23 17:50:34,447] INFO: [fetch] Row 38/90: A5006542086
[2025-08-23 17:50:34,809] INFO: [fetch] Row 39/90: A5073152049
[2025-08-23 17:50:35,174] INFO: [fetch] Row 40/90: A5093283881
[2025-08-23 17:50:35,548] INFO: [fetch] Row 41/90: A5077397108
[2025-08-23 17:50:35,914] INFO: [fetch] Row 42/90: A5007745969
[2025-08-23 17:50:36,293] INFO: [fetch] Row 43/90: A5052740198
[2025-08-23 17:50:36,683] INFO: [fetch] Row 44/90: A5112268003
[2025-08-23 17:50:37,046] INFO: [fetch] Row 45/90: A5114186382
[2025-08-23 17:50:37,415] INFO: [fetch] Row 46/90: A5068916305
[2025-08-23 17:50:37,788] INFO: [fetch] Row 47/90: A5113946927
[2025-08-23 17:50:38,147] INFO: [fetch] Row 48/90: A5035027217
[2025-08-23 17:50:38,535] INFO: [fetch] Row 49/90: A5004098689
[2025-08-23 17:50:38,932] INFO: [fetch] Row 50/90: A5042612602
[2025-08-23 17:50:39,328] INFO: [fetch] Row 51/90: A5053168359
[2025-08-23 17:50:39,709] INFO: [fetch] Row 52/90: A5090343464
[2025-08-23 17:50:40,080] INFO: [fetch] Row 53/90: A5088238215
[2025-08-23 17:50:40,451] INFO: [fetch] Row 54/90: A5088351601
[2025-08-23 17:50:40,810] INFO: [fetch] Row 55/90: A5075424399
[2025-08-23 17:50:41,184] INFO: [fetch] Row 56/90: A5012761747
[2025-08-23 17:50:41,553] INFO: [fetch] Row 57/90: A5110510421
[2025-08-23 17:50:41,922] INFO: [fetch] Row 58/90: A5108237524
[2025-08-23 17:50:42,285] INFO: [fetch] Row 59/90: A5079324010
[2025-08-23 17:50:42,653] INFO: [fetch] Row 60/90: A5110138668
[2025-08-23 17:50:43,019] INFO: [fetch] Row 61/90: A5041791584
[2025-08-23 17:50:43,429] INFO: [fetch] Row 62/90: A5114252403
[2025-08-23 17:50:43,818] INFO: [fetch] Row 63/90: A5023258863
[2025-08-23 17:50:44,249] INFO: [fetch] Row 64/90: A5083737761
[2025-08-23 17:50:44,631] INFO: [fetch] Row 65/90: A5034547939
[2025-08-23 17:50:45,000] INFO: [fetch] Row 66/90: A5104182467
[2025-08-23 17:50:45,366] INFO: [fetch] Row 67/90: A5002583112
[2025-08-23 17:50:45,748] INFO: [fetch] Row 68/90: A5074399476
[2025-08-23 17:50:46,133] INFO: [fetch] Row 69/90: A5037393069
[2025-08-23 17:50:46,506] INFO: [fetch] Row 70/90: A5077375646
[2025-08-23 17:50:46,867] INFO: [fetch] Row 71/90: A5038571433
[2025-08-23 17:50:47,244] INFO: [fetch] Row 72/90: A5049770537
[2025-08-23 17:50:47,610] INFO: [fetch] Row 73/90: A5110902158
[2025-08-23 17:50:47,970] INFO: [fetch] Row 74/90: A5064980480
[2025-08-23 17:50:48,340] INFO: [fetch] Row 75/90: A5111941038
[2025-08-23 17:50:48,706] INFO: [fetch] Row 76/90: A5036733857
[2025-08-23 17:50:49,091] INFO: [fetch] Row 77/90: A5026303269
[2025-08-23 17:50:49,454] INFO: [fetch] Row 78/90: A5065334735
[2025-08-23 17:50:49,812] INFO: [fetch] Row 79/90: A5038141195
[2025-08-23 17:50:50,185] INFO: [fetch] Row 80/90: A5021898290
[2025-08-23 17:50:50,573] INFO: [fetch] Row 81/90: A5055196299
[2025-08-23 17:50:50,975] INFO: [fetch] Row 82/90: A5050841380
[2025-08-23 17:50:51,341] INFO: [fetch] Row 83/90: A5052164943
[2025-08-23 17:50:51,700] INFO: [fetch] Row 84/90: A5017321423
[2025-08-23 17:50:52,056] INFO: [fetch] Row 85/90: A5036556782
[2025-08-23 17:50:52,416] INFO: [fetch] Row 86/90: A5046493714
[2025-08-23 17:50:52,784] INFO: [fetch] Row 87/90: A5060461427
[2025-08-23 17:50:53,143] INFO: [fetch] Row 88/90: A5022803956
[2025-08-23 17:50:53,511] INFO: [fetch] Row 89/90: A5022803956
[2025-08-23 17:50:53,880] INFO: [fetch] Row 90/90: A5086163497
[2025-08-23 17:50:54,282] INFO: [diff] H_index: 0 rows changed; total delta = 0.0
[2025-08-23 17:50:54,282] INFO: [diff] I10_index: 0 rows changed; total delta = 0.0
[2025-08-23 17:50:54,283] INFO: [diff] Works_count: 0 rows changed; total delta = 0.0
[2025-08-23 17:50:54,284] INFO: [diff] Total_citations: 0 rows changed; total delta = 0.0
[2025-08-23 17:50:54,285] INFO: [ok] Wrote: data/roster_with_metrics.csv
