[2025-08-23 17:59:17,155] INFO: Logging to data/logs/fetch_author_metrics_20250823_175917.log
[2025-08-23 17:59:17,156] WARNING: No contact email provided (--email/OPENALEX_MAILTO/CONTACT_EMAIL). Requests may be throttled.
[2025-08-23 17:59:17,158] INFO: Detected OpenAlex ID column: OpenAlexID
[2025-08-23 17:59:17,159] INFO: [fetch] Row 1/90: A5097476685
[2025-08-23 17:59:17,696] INFO: [skip] Row 2/90: missing OpenAlexID
[2025-08-23 17:59:17,696] INFO: [fetch] Row 3/90: A5089186675
[2025-08-23 17:59:18,005] INFO: [fetch] Row 4/90: A5054682662
[2025-08-23 17:59:18,314] INFO: [fetch] Row 5/90: A5015254879
[2025-08-23 17:59:18,626] INFO: [fetch] Row 6/90: A5046882263
[2025-08-23 17:59:18,925] INFO: [fetch] Row 7/90: A5062115118
[2025-08-23 17:59:19,275] INFO: [fetch] Row 8/90: A5061235320
[2025-08-23 17:59:19,586] INFO: [fetch] Row 9/90: A5057011174
[2025-08-23 17:59:19,913] INFO: [fetch] Row 10/90: A5063855248
[2025-08-23 17:59:20,226] INFO: [fetch] Row 11/90: A5084242333
[2025-08-23 17:59:20,538] INFO: [fetch] Row 12/90: A5074995793
[2025-08-23 17:59:20,852] INFO: [fetch] Row 13/90: A5058471690
[2025-08-23 17:59:21,156] INFO: [fetch] Row 14/90: A5007124437
[2025-08-23 17:59:21,455] INFO: [fetch] Row 15/90: A5076810213
[2025-08-23 17:59:21,756] INFO: [fetch] Row 16/90: A5086715306
[2025-08-23 17:59:22,063] INFO: [fetch] Row 17/90: A5010407946
[2025-08-23 17:59:22,431] INFO: [skip] Row 18/90: missing OpenAlexID
[2025-08-23 17:59:22,431] INFO: [fetch] Row 19/90: A5076221206
[2025-08-23 17:59:22,736] INFO: [fetch] Row 20/90: A5084554132
[2025-08-23 17:59:23,047] INFO: [fetch] Row 21/90: A5016108047
[2025-08-23 17:59:23,363] INFO: [fetch] Row 22/90: A5028898834
[2025-08-23 17:59:23,682] INFO: [fetch] Row 23/90: A5082336116
[2025-08-23 17:59:24,008] INFO: [fetch] Row 24/90: A5089212646
[2025-08-23 17:59:24,311] INFO: [fetch] Row 25/90: A5085308093
[2025-08-23 17:59:24,616] INFO: [fetch] Row 26/90: A5114186380
[2025-08-23 17:59:24,920] INFO: [fetch] Row 27/90: A5065275438
[2025-08-23 17:59:25,229] INFO: [fetch] Row 28/90: A5058811797
[2025-08-23 17:59:25,553] INFO: [fetch] Row 29/90: A5082097120
[2025-08-23 17:59:25,857] INFO: [fetch] Row 30/90: A5018244111
[2025-08-23 17:59:26,193] INFO: [fetch] Row 31/90: A5022359178
[2025-08-23 17:59:26,525] INFO: [fetch] Row 32/90: A5082450377
[2025-08-23 17:59:26,846] INFO: [fetch] Row 33/90: A5062550388
[2025-08-23 17:59:27,175] INFO: [fetch] Row 34/90: A5112215292
[2025-08-23 17:59:27,490] INFO: [fetch] Row 35/90: A5000020749
[2025-08-23 17:59:27,833] INFO: [fetch] Row 36/90: A5051997692
[2025-08-23 17:59:28,151] INFO: [fetch] Row 37/90: A5084958126
[2025-08-23 17:59:28,471] INFO: [fetch] Row 38/90: A5006542086
[2025-08-23 17:59:28,797] INFO: [fetch] Row 39/90: A5073152049
[2025-08-23 17:59:29,100] INFO: [fetch] Row 40/90: A5093283881
[2025-08-23 17:59:29,436] INFO: [fetch] Row 41/90: A5077397108
[2025-08-23 17:59:29,738] INFO: [fetch] Row 42/90: A5007745969
[2025-08-23 17:59:30,042] INFO: [fetch] Row 43/90: A5052740198
[2025-08-23 17:59:30,346] INFO: [fetch] Row 44/90: A5112268003
[2025-08-23 17:59:30,647] INFO: [fetch] Row 45/90: A5114186382
[2025-08-23 17:59:30,976] INFO: [fetch] Row 46/90: A5068916305
[2025-08-23 17:59:31,284] INFO: [fetch] Row 47/90: A5113946927
[2025-08-23 17:59:31,588] INFO: [fetch] Row 48/90: A5035027217
[2025-08-23 17:59:31,914] INFO: [fetch] Row 49/90: A5004098689
[2025-08-23 17:59:32,221] INFO: [fetch] Row 50/90: A5042612602
[2025-08-23 17:59:32,524] INFO: [fetch] Row 51/90: A5053168359
[2025-08-23 17:59:32,834] INFO: [fetch] Row 52/90: A5090343464
[2025-08-23 17:59:33,152] INFO: [fetch] Row 53/90: A5088238215
[2025-08-23 17:59:33,454] INFO: [fetch] Row 54/90: A5088351601
[2025-08-23 17:59:33,771] INFO: [fetch] Row 55/90: A5075424399
[2025-08-23 17:59:34,119] INFO: [fetch] Row 56/90: A5012761747
[2025-08-23 17:59:34,437] INFO: [fetch] Row 57/90: A5110510421
[2025-08-23 17:59:34,761] INFO: [fetch] Row 58/90: A5108237524
[2025-08-23 17:59:35,064] INFO: [fetch] Row 59/90: A5079324010
[2025-08-23 17:59:35,367] INFO: [fetch] Row 60/90: A5110138668
[2025-08-23 17:59:35,689] INFO: [fetch] Row 61/90: A5041791584
[2025-08-23 17:59:36,052] INFO: [fetch] Row 62/90: A5114252403
[2025-08-23 17:59:36,393] INFO: [fetch] Row 63/90: A5023258863
[2025-08-23 17:59:36,697] INFO: [fetch] Row 64/90: A5083737761
[2025-08-23 17:59:37,003] INFO: [fetch] Row 65/90: A5034547939
[2025-08-23 17:59:37,343] INFO: [fetch] Row 66/90: A5104182467
[2025-08-23 17:59:37,643] INFO: [fetch] Row 67/90: A5002583112
[2025-08-23 17:59:37,958] INFO: [fetch] Row 68/90: A5074399476
[2025-08-23 17:59:38,263] INFO: [fetch] Row 69/90: A5037393069
[2025-08-23 17:59:38,569] INFO: [fetch] Row 70/90: A5077375646
[2025-08-23 17:59:38,870] INFO: [fetch] Row 71/90: A5038571433
[2025-08-23 17:59:39,205] INFO: [fetch] Row 72/90: A5049770537
[2025-08-23 17:59:39,508] INFO: [fetch] Row 73/90: A5110902158
[2025-08-23 17:59:39,810] INFO: [fetch] Row 74/90: A5064980480
[2025-08-23 17:59:40,116] INFO: [fetch] Row 75/90: A5111941038
[2025-08-23 17:59:40,427] INFO: [fetch] Row 76/90: A5036733857
[2025-08-23 17:59:40,769] INFO: [fetch] Row 77/90: A5026303269
[2025-08-23 17:59:41,105] INFO: [fetch] Row 78/90: A5065334735
[2025-08-23 17:59:41,433] INFO: [fetch] Row 79/90: A5038141195
[2025-08-23 17:59:41,747] INFO: [fetch] Row 80/90: A5021898290
[2025-08-23 17:59:42,049] INFO: [fetch] Row 81/90: A5055196299
[2025-08-23 17:59:42,382] INFO: [fetch] Row 82/90: A5050841380
[2025-08-23 17:59:42,700] INFO: [fetch] Row 83/90: A5052164943
[2025-08-23 17:59:43,001] INFO: [fetch] Row 84/90: A5017321423
[2025-08-23 17:59:43,326] INFO: [fetch] Row 85/90: A5036556782
[2025-08-23 17:59:43,645] INFO: [fetch] Row 86/90: A5046493714
[2025-08-23 17:59:43,945] INFO: [fetch] Row 87/90: A5060461427
[2025-08-23 17:59:44,252] INFO: [fetch] Row 88/90: A5022803956
[2025-08-23 17:59:44,567] INFO: [fetch] Row 89/90: A5022803956
[2025-08-23 17:59:44,868] INFO: [fetch] Row 90/90: A5086163497
[2025-08-23 17:59:45,177] INFO: [ok] Wrote: data/roster_with_metrics.csv
