[2025-09-04 17:31:08,182] INFO: Logging to data/logs/fetch_author_metrics_20250904_173108.log
[2025-09-04 17:31:08,183] WARNING: No contact email provided (--email/OPENALEX_MAILTO/CONTACT_EMAIL). Requests may be throttled.
[2025-09-04 17:31:08,185] INFO: Detected OpenAlex ID column: OpenAlexID
[2025-09-04 17:31:08,186] INFO: Loaded previous output for diffing: data/roster_with_metrics.csv
[2025-09-04 17:31:08,186] INFO: [fetch] Row 1/29: A5022032110
[2025-09-04 17:31:08,834] INFO: [fetch] Row 2/29: A5024161948
[2025-09-04 17:31:09,218] INFO: [fetch] Row 3/29: A5007566988
[2025-09-04 17:31:09,715] INFO: [fetch] Row 4/29: A5054537882
[2025-09-04 17:31:10,175] INFO: [fetch] Row 5/29: A5075278671
[2025-09-04 17:31:10,737] INFO: [fetch] Row 6/29: A5032938268
[2025-09-04 17:31:11,217] INFO: [fetch] Row 7/29: A5016372093
[2025-09-04 17:31:11,611] INFO: [fetch] Row 8/29: A5026690931
[2025-09-04 17:31:12,334] INFO: [fetch] Row 9/29: A5050567215
[2025-09-04 17:31:13,098] INFO: [fetch] Row 10/29: a5000375230
[2025-09-04 17:31:13,456] INFO: [fetch] Row 11/29: A5088785492
[2025-09-04 17:31:13,828] INFO: [fetch] Row 12/29: A5041967571
[2025-09-04 17:31:14,195] INFO: [fetch] Row 13/29: A5073467123
[2025-09-04 17:31:14,673] INFO: [fetch] Row 14/29: a5012825986
[2025-09-04 17:31:15,170] INFO: [fetch] Row 15/29: a5053166362
[2025-09-04 17:31:15,539] INFO: [fetch] Row 16/29: A5100409525
[2025-09-04 17:31:16,059] INFO: [fetch] Row 17/29: a5018933207
[2025-09-04 17:31:16,488] INFO: [fetch] Row 18/29: a5075533328
[2025-09-04 17:31:16,855] INFO: [fetch] Row 19/29: a5061580720
[2025-09-04 17:31:17,288] INFO: [fetch] Row 20/29: a5095017105
[2025-09-04 17:31:17,683] INFO: [fetch] Row 21/29: A5002970194
[2025-09-04 17:31:18,029] INFO: [fetch] Row 22/29: A5032015135
[2025-09-04 17:31:18,436] INFO: [fetch] Row 23/29: A5028351806
[2025-09-04 17:31:18,822] INFO: [fetch] Row 24/29: a5073090598
[2025-09-04 17:31:19,220] INFO: [fetch] Row 25/29: a5070489863
[2025-09-04 17:31:19,606] INFO: [fetch] Row 26/29: A5018540324
[2025-09-04 17:31:19,973] INFO: [fetch] Row 27/29: a5070489863
[2025-09-04 17:31:20,316] INFO: [fetch] Row 28/29: a5035086403
[2025-09-04 17:31:20,669] INFO: [skip] Row 29/29: missing OpenAlexID
[2025-09-04 17:31:20,670] INFO: [diff] H_index: 0 rows changed; total delta = 0.0
[2025-09-04 17:31:20,671] INFO: [diff] I10_index: 0 rows changed; total delta = 0.0
[2025-09-04 17:31:20,672] INFO: [diff] Works_count: 4 rows changed; total delta = 4.0
[2025-09-04 17:31:20,672] INFO: [diff] Total_citations: 22 rows changed; total delta = 199.0
[2025-09-04 17:31:20,673] INFO: [ok] Wrote: data/roster_with_metrics.csv
